[0.014s] Invoking command in '/home/nyu/nav_ws/build/point_lio': AMENT_PREFIX_PATH=/home/nyu/nav_ws/install/livox_ros_driver2:${AMENT_PREFIX_PATH} CMAKE_PREFIX_PATH=/home/nyu/nav_ws/install/livox_ros_driver2:/opt/ros/humble LD_LIBRARY_PATH=/home/nyu/nav_ws/install/livox_ros_driver2/lib:/usr/lib/x86_64-linux-gnu/gazebo-11/plugins:/opt/ros/humble/opt/rviz_ogre_vendor/lib:/opt/ros/humble/lib/x86_64-linux-gnu:/opt/ros/humble/opt/openvdb_vendor/lib:/opt/ros/humble/lib:/opt/MVS/lib/64:/opt/MVS/lib/32:/opt/MVS/lib/64:/opt/MVS/lib/32 PYTHONPATH=/home/nyu/nav_ws/install/livox_ros_driver2/local/lib/python3.10/dist-packages:${PYTHONPATH} /usr/bin/cmake /home/nyu/nav_ws/src/point_lio_ros2 -DCMAKE_INSTALL_PREFIX=/home/nyu/nav_ws/install/point_lio
[0.022s] -- Current CPU architecture: x86_64
[0.026s] -- Processor number:  16
[0.026s] -- core for MP:  3
[0.026s] -- Found ament_cmake: 1.3.12 (/opt/ros/humble/share/ament_cmake/cmake)
[0.119s] -- Override CMake install command with custom implementation using symlinks instead of copying resources
[0.125s] -- Found rclcpp: 16.0.16 (/opt/ros/humble/share/rclcpp/cmake)
[0.144s] -- Found rosidl_generator_c: 3.1.7 (/opt/ros/humble/share/rosidl_generator_c/cmake)
[0.146s] -- Found rosidl_adapter: 3.1.7 (/opt/ros/humble/share/rosidl_adapter/cmake)
[0.150s] -- Found rosidl_generator_cpp: 3.1.7 (/opt/ros/humble/share/rosidl_generator_cpp/cmake)
[0.156s] -- Using all available rosidl_typesupport_c: rosidl_typesupport_fastrtps_c;rosidl_typesupport_introspection_c
[0.164s] -- Using all available rosidl_typesupport_cpp: rosidl_typesupport_fastrtps_cpp;rosidl_typesupport_introspection_cpp
[0.185s] -- Found rmw_implementation_cmake: 6.1.2 (/opt/ros/humble/share/rmw_implementation_cmake/cmake)
[0.186s] -- Found rmw_fastrtps_cpp: 6.2.9 (/opt/ros/humble/share/rmw_fastrtps_cpp/cmake)
[0.261s] -- Using RMW implementation 'rmw_fastrtps_cpp' as default
[0.294s] -- Found rclpy: 3.3.19 (/opt/ros/humble/share/rclpy/cmake)
[0.294s] -- Found geometry_msgs: 4.9.0 (/opt/ros/humble/share/geometry_msgs/cmake)
[0.302s] -- Found nav_msgs: 4.9.0 (/opt/ros/humble/share/nav_msgs/cmake)
[0.313s] -- Found sensor_msgs: 4.9.0 (/opt/ros/humble/share/sensor_msgs/cmake)
[0.324s] -- Found pcl_ros: 2.4.5 (/opt/ros/humble/share/pcl_ros/cmake)
[0.351s] -- Eigen found (include: /usr/include/eigen3, version: 3.4.0)
[0.373s] -- FLANN found (include: /usr/include, lib: /usr/lib/x86_64-linux-gnu/libflann_cpp.so)
[0.596s] -- OpenNI found (version: 1.5.4.0, include: /usr/include/ni, lib: /usr/lib/libOpenNI.so;libusb::libusb)
[0.601s] -- OpenNI2 found (version: 2.2.0.33, include: /usr/include/openni2, lib: /usr/lib/x86_64-linux-gnu/libOpenNI2.so;libusb::libusb)
[0.727s] -- Eigen found (include: /usr/include/eigen3, version: 3.4.0)
[0.733s] -- OpenNI found (version: 1.5.4.0, include: /usr/include/ni, lib: /usr/lib/libOpenNI.so;libusb::libusb)
[0.738s] -- OpenNI2 found (version: 2.2.0.33, include: /usr/include/openni2, lib: /usr/lib/x86_64-linux-gnu/libOpenNI2.so;libusb::libusb)
[0.847s] -- Found Qhull version 8.0.2
[0.961s] -- OpenNI found (version: 1.5.4.0, include: /usr/include/ni, lib: /usr/lib/libOpenNI.so;libusb::libusb)
[1.096s] -- Found eigen3_cmake_module: 0.1.1 (/opt/ros/humble/share/eigen3_cmake_module/cmake)
[1.097s] -- Ensuring Eigen3 include directory is part of orocos-kdl CMake target
[1.149s] -- Found visualization_msgs: 4.9.0 (/opt/ros/humble/share/visualization_msgs/cmake)
[1.162s] -- Found livox_ros_driver2: 1.0.0 (/home/nyu/nav_ws/install/livox_ros_driver2/share/livox_ros_driver2/cmake)
[1.235s] -- Configuring done
[1.264s] -- Generating done
[1.271s] -- Build files have been written to: /home/nyu/nav_ws/build/point_lio
[1.284s] Invoked command in '/home/nyu/nav_ws/build/point_lio' returned '0': AMENT_PREFIX_PATH=/home/nyu/nav_ws/install/livox_ros_driver2:${AMENT_PREFIX_PATH} CMAKE_PREFIX_PATH=/home/nyu/nav_ws/install/livox_ros_driver2:/opt/ros/humble LD_LIBRARY_PATH=/home/nyu/nav_ws/install/livox_ros_driver2/lib:/usr/lib/x86_64-linux-gnu/gazebo-11/plugins:/opt/ros/humble/opt/rviz_ogre_vendor/lib:/opt/ros/humble/lib/x86_64-linux-gnu:/opt/ros/humble/opt/openvdb_vendor/lib:/opt/ros/humble/lib:/opt/MVS/lib/64:/opt/MVS/lib/32:/opt/MVS/lib/64:/opt/MVS/lib/32 PYTHONPATH=/home/nyu/nav_ws/install/livox_ros_driver2/local/lib/python3.10/dist-packages:${PYTHONPATH} /usr/bin/cmake /home/nyu/nav_ws/src/point_lio_ros2 -DCMAKE_INSTALL_PREFIX=/home/nyu/nav_ws/install/point_lio
[1.286s] Invoking command in '/home/nyu/nav_ws/build/point_lio': AMENT_PREFIX_PATH=/home/nyu/nav_ws/install/livox_ros_driver2:${AMENT_PREFIX_PATH} CMAKE_PREFIX_PATH=/home/nyu/nav_ws/install/livox_ros_driver2:/opt/ros/humble LD_LIBRARY_PATH=/home/nyu/nav_ws/install/livox_ros_driver2/lib:/usr/lib/x86_64-linux-gnu/gazebo-11/plugins:/opt/ros/humble/opt/rviz_ogre_vendor/lib:/opt/ros/humble/lib/x86_64-linux-gnu:/opt/ros/humble/opt/openvdb_vendor/lib:/opt/ros/humble/lib:/opt/MVS/lib/64:/opt/MVS/lib/32:/opt/MVS/lib/64:/opt/MVS/lib/32 PYTHONPATH=/home/nyu/nav_ws/install/livox_ros_driver2/local/lib/python3.10/dist-packages:${PYTHONPATH} /usr/bin/cmake --build /home/nyu/nav_ws/build/point_lio -- -j16 -l16
[1.327s] [35m[1mConsolidate compiler generated dependencies of target pointlio_mapping[0m
[1.355s] [100%] Built target pointlio_mapping
[1.365s] Invoked command in '/home/nyu/nav_ws/build/point_lio' returned '0': AMENT_PREFIX_PATH=/home/nyu/nav_ws/install/livox_ros_driver2:${AMENT_PREFIX_PATH} CMAKE_PREFIX_PATH=/home/nyu/nav_ws/install/livox_ros_driver2:/opt/ros/humble LD_LIBRARY_PATH=/home/nyu/nav_ws/install/livox_ros_driver2/lib:/usr/lib/x86_64-linux-gnu/gazebo-11/plugins:/opt/ros/humble/opt/rviz_ogre_vendor/lib:/opt/ros/humble/lib/x86_64-linux-gnu:/opt/ros/humble/opt/openvdb_vendor/lib:/opt/ros/humble/lib:/opt/MVS/lib/64:/opt/MVS/lib/32:/opt/MVS/lib/64:/opt/MVS/lib/32 PYTHONPATH=/home/nyu/nav_ws/install/livox_ros_driver2/local/lib/python3.10/dist-packages:${PYTHONPATH} /usr/bin/cmake --build /home/nyu/nav_ws/build/point_lio -- -j16 -l16
[1.367s] Invoking command in '/home/nyu/nav_ws/build/point_lio': AMENT_PREFIX_PATH=/home/nyu/nav_ws/install/livox_ros_driver2:${AMENT_PREFIX_PATH} CMAKE_PREFIX_PATH=/home/nyu/nav_ws/install/livox_ros_driver2:/opt/ros/humble LD_LIBRARY_PATH=/home/nyu/nav_ws/install/livox_ros_driver2/lib:/usr/lib/x86_64-linux-gnu/gazebo-11/plugins:/opt/ros/humble/opt/rviz_ogre_vendor/lib:/opt/ros/humble/lib/x86_64-linux-gnu:/opt/ros/humble/opt/openvdb_vendor/lib:/opt/ros/humble/lib:/opt/MVS/lib/64:/opt/MVS/lib/32:/opt/MVS/lib/64:/opt/MVS/lib/32 PYTHONPATH=/home/nyu/nav_ws/install/livox_ros_driver2/local/lib/python3.10/dist-packages:${PYTHONPATH} /usr/bin/cmake --install /home/nyu/nav_ws/build/point_lio
[1.373s] -- Install configuration: ""
[1.373s] -- Execute custom install script
[1.373s] -- Up-to-date symlink: /home/nyu/nav_ws/install/point_lio/lib/point_lio/pointlio_mapping
[1.373s] -- Up-to-date symlink: /home/nyu/nav_ws/install/point_lio/share/point_lio/config/avia.yaml
[1.373s] -- Up-to-date symlink: /home/nyu/nav_ws/install/point_lio/share/point_lio/config/horizon.yaml
[1.373s] -- Up-to-date symlink: /home/nyu/nav_ws/install/point_lio/share/point_lio/config/mid360.yaml
[1.373s] -- Up-to-date symlink: /home/nyu/nav_ws/install/point_lio/share/point_lio/config/ouster64.yaml
[1.374s] -- Up-to-date symlink: /home/nyu/nav_ws/install/point_lio/share/point_lio/config/unilidar_l1.yaml
[1.374s] -- Up-to-date symlink: /home/nyu/nav_ws/install/point_lio/share/point_lio/config/unilidar_l2.yaml
[1.374s] -- Up-to-date symlink: /home/nyu/nav_ws/install/point_lio/share/point_lio/config/unilidar_l2.yaml.backup_20260113_214749
[1.374s] -- Up-to-date symlink: /home/nyu/nav_ws/install/point_lio/share/point_lio/config/unilidar_l2.yaml.backup_20260113_225701
[1.374s] -- Up-to-date symlink: /home/nyu/nav_ws/install/point_lio/share/point_lio/config/unilidar_l2.yaml.backup_before_restore_20260114_003140
[1.374s] -- Up-to-date symlink: /home/nyu/nav_ws/install/point_lio/share/point_lio/config/unilidar_l2.yaml.backup_before_tilt_fix_1768365690
[1.374s] -- Up-to-date symlink: /home/nyu/nav_ws/install/point_lio/share/point_lio/config/unilidar_l2.yaml.backup_extrinsic_R_20260113_224602
[1.374s] -- Up-to-date symlink: /home/nyu/nav_ws/install/point_lio/share/point_lio/config/unilidar_l2.yaml.backup_extrinsic_R_20260114_002748
[1.374s] -- Up-to-date symlink: /home/nyu/nav_ws/install/point_lio/share/point_lio/config/unilidar_l2.yaml.backup_filter
[1.374s] -- Up-to-date symlink: /home/nyu/nav_ws/install/point_lio/share/point_lio/config/unilidar_l2_clean.yaml
[1.374s] -- Up-to-date symlink: /home/nyu/nav_ws/install/point_lio/share/point_lio/config/unilidar_l2_no_imu.yaml
[1.374s] -- Up-to-date symlink: /home/nyu/nav_ws/install/point_lio/share/point_lio/config/velody16.yaml
[1.374s] -- Up-to-date symlink: /home/nyu/nav_ws/install/point_lio/share/point_lio/launch/correct_odom_unilidar_l2.launch.py
[1.374s] -- Up-to-date symlink: /home/nyu/nav_ws/install/point_lio/share/point_lio/launch/gdb_debug_example.launch.py
[1.374s] -- Up-to-date symlink: /home/nyu/nav_ws/install/point_lio/share/point_lio/launch/mapping_avia.launch.py
[1.375s] -- Up-to-date symlink: /home/nyu/nav_ws/install/point_lio/share/point_lio/launch/mapping_horizon.launch.py
[1.375s] -- Up-to-date symlink: /home/nyu/nav_ws/install/point_lio/share/point_lio/launch/mapping_mid360.launch.py
[1.375s] -- Up-to-date symlink: /home/nyu/nav_ws/install/point_lio/share/point_lio/launch/mapping_ouster64.launch.py
[1.375s] -- Up-to-date symlink: /home/nyu/nav_ws/install/point_lio/share/point_lio/launch/mapping_unilidar_l1.launch.py
[1.375s] -- Up-to-date symlink: /home/nyu/nav_ws/install/point_lio/share/point_lio/launch/mapping_unilidar_l2.launch.py
[1.375s] -- Up-to-date symlink: /home/nyu/nav_ws/install/point_lio/share/point_lio/launch/mapping_unilidar_l2_clean.launch.py
[1.375s] -- Up-to-date symlink: /home/nyu/nav_ws/install/point_lio/share/point_lio/launch/mapping_velody16.launch.py
[1.375s] -- Up-to-date symlink: /home/nyu/nav_ws/install/point_lio/share/point_lio/rviz_cfg/loam_livox.rviz
[1.375s] -- Up-to-date symlink: /home/nyu/nav_ws/install/point_lio/share/ament_index/resource_index/package_run_dependencies/point_lio
[1.375s] -- Up-to-date symlink: /home/nyu/nav_ws/install/point_lio/share/ament_index/resource_index/parent_prefix_path/point_lio
[1.375s] -- Up-to-date symlink: /home/nyu/nav_ws/install/point_lio/share/point_lio/environment/ament_prefix_path.sh
[1.375s] -- Up-to-date symlink: /home/nyu/nav_ws/install/point_lio/share/point_lio/environment/ament_prefix_path.dsv
[1.375s] -- Up-to-date symlink: /home/nyu/nav_ws/install/point_lio/share/point_lio/environment/path.sh
[1.375s] -- Up-to-date symlink: /home/nyu/nav_ws/install/point_lio/share/point_lio/environment/path.dsv
[1.375s] -- Up-to-date symlink: /home/nyu/nav_ws/install/point_lio/share/point_lio/local_setup.bash
[1.376s] -- Up-to-date symlink: /home/nyu/nav_ws/install/point_lio/share/point_lio/local_setup.sh
[1.376s] -- Up-to-date symlink: /home/nyu/nav_ws/install/point_lio/share/point_lio/local_setup.zsh
[1.376s] -- Up-to-date symlink: /home/nyu/nav_ws/install/point_lio/share/point_lio/local_setup.dsv
[1.376s] -- Symlinking: /home/nyu/nav_ws/install/point_lio/share/point_lio/package.dsv
[1.384s] -- Up-to-date symlink: /home/nyu/nav_ws/install/point_lio/share/ament_index/resource_index/packages/point_lio
[1.384s] -- Up-to-date symlink: /home/nyu/nav_ws/install/point_lio/share/point_lio/cmake/ament_cmake_export_dependencies-extras.cmake
[1.384s] -- Up-to-date symlink: /home/nyu/nav_ws/install/point_lio/share/point_lio/cmake/point_lioConfig.cmake
[1.384s] -- Up-to-date symlink: /home/nyu/nav_ws/install/point_lio/share/point_lio/cmake/point_lioConfig-version.cmake
[1.384s] -- Up-to-date symlink: /home/nyu/nav_ws/install/point_lio/share/point_lio/package.xml
[1.385s] Invoked command in '/home/nyu/nav_ws/build/point_lio' returned '0': AMENT_PREFIX_PATH=/home/nyu/nav_ws/install/livox_ros_driver2:${AMENT_PREFIX_PATH} CMAKE_PREFIX_PATH=/home/nyu/nav_ws/install/livox_ros_driver2:/opt/ros/humble LD_LIBRARY_PATH=/home/nyu/nav_ws/install/livox_ros_driver2/lib:/usr/lib/x86_64-linux-gnu/gazebo-11/plugins:/opt/ros/humble/opt/rviz_ogre_vendor/lib:/opt/ros/humble/lib/x86_64-linux-gnu:/opt/ros/humble/opt/openvdb_vendor/lib:/opt/ros/humble/lib:/opt/MVS/lib/64:/opt/MVS/lib/32:/opt/MVS/lib/64:/opt/MVS/lib/32 PYTHONPATH=/home/nyu/nav_ws/install/livox_ros_driver2/local/lib/python3.10/dist-packages:${PYTHONPATH} /usr/bin/cmake --install /home/nyu/nav_ws/build/point_lio
