[0.190s] Invoking command in '/home/nyu/nav_ws/build/unitree_lidar_ros2': CMAKE_PREFIX_PATH=${CMAKE_PREFIX_PATH}:/home/nyu/nav_ws/install/map2gazebo:/opt/ros/humble /usr/bin/cmake /home/nyu/nav_ws/src/unilidar_sdk2/unitree_lidar_ros2/src/unitree_lidar_ros2 -DAMENT_CMAKE_SYMLINK_INSTALL=1 -DCMAKE_INSTALL_PREFIX=/home/nyu/nav_ws/install/unitree_lidar_ros2
[0.245s] -- The C compiler identification is GNU 11.4.0
[0.307s] -- The CXX compiler identification is GNU 11.4.0
[0.314s] -- Detecting C compiler ABI info
[0.391s] -- Detecting C compiler ABI info - done
[0.400s] -- Check for working C compiler: /usr/bin/cc - skipped
[0.400s] -- Detecting C compile features
[0.400s] -- Detecting C compile features - done
[0.404s] -- Detecting CXX compiler ABI info
[0.502s] -- Detecting CXX compiler ABI info - done
[0.511s] -- Check for working CXX compiler: /usr/bin/c++ - skipped
[0.512s] -- Detecting CXX compile features
[0.512s] -- Detecting CXX compile features - done
[0.515s] -- Found ament_cmake: 1.3.12 (/opt/ros/humble/share/ament_cmake/cmake)
[0.670s] -- Found Python3: /usr/bin/python3 (found version "3.10.12") found components: Interpreter 
[0.740s] -- Override CMake install command with custom implementation using symlinks instead of copying resources
[0.772s] -- Found rclcpp: 16.0.16 (/opt/ros/humble/share/rclcpp/cmake)
[0.809s] -- Found rosidl_generator_c: 3.1.7 (/opt/ros/humble/share/rosidl_generator_c/cmake)
[0.813s] -- Found rosidl_adapter: 3.1.7 (/opt/ros/humble/share/rosidl_adapter/cmake)
[0.825s] -- Found rosidl_generator_cpp: 3.1.7 (/opt/ros/humble/share/rosidl_generator_cpp/cmake)
[0.844s] -- Using all available rosidl_typesupport_c: rosidl_typesupport_fastrtps_c;rosidl_typesupport_introspection_c
[0.866s] -- Using all available rosidl_typesupport_cpp: rosidl_typesupport_fastrtps_cpp;rosidl_typesupport_introspection_cpp
[0.929s] -- Found rmw_implementation_cmake: 6.1.2 (/opt/ros/humble/share/rmw_implementation_cmake/cmake)
[0.936s] -- Found rmw_fastrtps_cpp: 6.2.9 (/opt/ros/humble/share/rmw_fastrtps_cpp/cmake)
[1.076s] -- Found OpenSSL: /usr/lib/x86_64-linux-gnu/libcrypto.so (found version "3.0.2")  
[1.128s] -- Found FastRTPS: /opt/ros/humble/include  
[1.186s] -- Using RMW implementation 'rmw_fastrtps_cpp' as default
[1.200s] -- Looking for pthread.h
[1.312s] -- Looking for pthread.h - found
[1.312s] -- Performing Test CMAKE_HAVE_LIBC_PTHREAD
[1.413s] -- Performing Test CMAKE_HAVE_LIBC_PTHREAD - Success
[1.414s] -- Found Threads: TRUE  
[1.486s] -- Found geometry_msgs: 4.9.0 (/opt/ros/humble/share/geometry_msgs/cmake)
[1.503s] -- Found pcl_conversions: 2.4.5 (/opt/ros/humble/share/pcl_conversions/cmake)
[1.577s] -- Checking for module 'eigen3'
[1.594s] --   Found eigen3, version 3.4.0
[1.632s] -- Found Eigen: /usr/include/eigen3 (Required is at least version "3.1") 
[1.632s] -- Eigen found (include: /usr/include/eigen3, version: 3.4.0)
[1.670s] -- Checking for module 'flann'
[1.686s] --   Found flann, version 1.9.1
[1.750s] -- Found FLANN: /usr/lib/x86_64-linux-gnu/libflann_cpp.so  
[1.750s] -- FLANN found (include: /usr/include, lib: /usr/lib/x86_64-linux-gnu/libflann_cpp.so)
[2.805s] -- Checking for module 'libusb-1.0'
[2.823s] --   Found libusb-1.0, version 1.0.25
[2.865s] -- Found libusb: /usr/lib/x86_64-linux-gnu/libusb-1.0.so  
[2.866s] -- OpenNI found (version: 1.5.4.0, include: /usr/include/ni, lib: /usr/lib/libOpenNI.so;libusb::libusb)
[2.944s] -- OpenNI2 found (version: 2.2.0.33, include: /usr/include/openni2, lib: /usr/lib/x86_64-linux-gnu/libOpenNI2.so;libusb::libusb)
[3.105s] -- Eigen found (include: /usr/include/eigen3, version: 3.4.0)
[3.110s] -- OpenNI found (version: 1.5.4.0, include: /usr/include/ni, lib: /usr/lib/libOpenNI.so;libusb::libusb)
[3.116s] -- OpenNI2 found (version: 2.2.0.33, include: /usr/include/openni2, lib: /usr/lib/x86_64-linux-gnu/libOpenNI2.so;libusb::libusb)
[3.290s] -- Found Qhull version 8.0.2
[3.470s] -- OpenNI found (version: 1.5.4.0, include: /usr/include/ni, lib: /usr/lib/libOpenNI.so;libusb::libusb)
[3.648s] -- Found PCL_COMMON: /usr/lib/x86_64-linux-gnu/libpcl_common.so  
[3.649s] -- Found PCL_KDTREE: /usr/lib/x86_64-linux-gnu/libpcl_kdtree.so  
[3.650s] -- Found PCL_OCTREE: /usr/lib/x86_64-linux-gnu/libpcl_octree.so  
[3.651s] -- Found PCL_SEARCH: /usr/lib/x86_64-linux-gnu/libpcl_search.so  
[3.652s] -- Found PCL_SAMPLE_CONSENSUS: /usr/lib/x86_64-linux-gnu/libpcl_sample_consensus.so  
[3.653s] -- Found PCL_FILTERS: /usr/lib/x86_64-linux-gnu/libpcl_filters.so  
[3.653s] -- Found PCL_2D: /usr/include/pcl-1.12  
[3.653s] -- Found PCL_GEOMETRY: /usr/include/pcl-1.12  
[3.655s] -- Found PCL_IO: /usr/lib/x86_64-linux-gnu/libpcl_io.so  
[3.656s] -- Found PCL_FEATURES: /usr/lib/x86_64-linux-gnu/libpcl_features.so  
[3.657s] -- Found PCL_ML: /usr/lib/x86_64-linux-gnu/libpcl_ml.so  
[3.658s] -- Found PCL_SEGMENTATION: /usr/lib/x86_64-linux-gnu/libpcl_segmentation.so  
[3.660s] -- Found PCL_VISUALIZATION: /usr/lib/x86_64-linux-gnu/libpcl_visualization.so  
[3.661s] -- Found PCL_SURFACE: /usr/lib/x86_64-linux-gnu/libpcl_surface.so  
[3.662s] -- Found PCL_REGISTRATION: /usr/lib/x86_64-linux-gnu/libpcl_registration.so  
[3.663s] -- Found PCL_KEYPOINTS: /usr/lib/x86_64-linux-gnu/libpcl_keypoints.so  
[3.664s] -- Found PCL_TRACKING: /usr/lib/x86_64-linux-gnu/libpcl_tracking.so  
[3.665s] -- Found PCL_RECOGNITION: /usr/lib/x86_64-linux-gnu/libpcl_recognition.so  
[3.666s] -- Found PCL_STEREO: /usr/lib/x86_64-linux-gnu/libpcl_stereo.so  
[3.667s] -- Found PCL_APPS: /usr/lib/x86_64-linux-gnu/libpcl_apps.so  
[3.668s] -- Found PCL_IN_HAND_SCANNER: /usr/include/pcl-1.12  
[3.669s] -- Found PCL_MODELER: /usr/include/pcl-1.12  
[3.669s] -- Found PCL_POINT_CLOUD_EDITOR: /usr/include/pcl-1.12  
[3.670s] -- Found PCL_OUTOFCORE: /usr/lib/x86_64-linux-gnu/libpcl_outofcore.so  
[3.672s] -- Found PCL_PEOPLE: /usr/lib/x86_64-linux-gnu/libpcl_people.so  
[3.674s] [33mCMake Warning (dev) at CMakeLists.txt:23 (find_package):
[3.674s]   Policy CMP0074 is not set: find_package uses <PackageName>_ROOT variables.
[3.674s]   Run "cmake --help-policy CMP0074" for policy details.  Use the cmake_policy
[3.674s]   command to set the policy and suppress this warning.
[3.674s] 
[3.674s]   CMake variable PCL_ROOT is set to:
[3.674s] 
[3.674s]     /usr
[3.674s] 
[3.674s]   For compatibility, CMake is ignoring the variable.
[3.674s] This warning is for project developers.  Use -Wno-dev to suppress it.
[3.674s] [0m
[3.685s] -- Found tf2_ros: 0.25.17 (/opt/ros/humble/share/tf2_ros/cmake)
[3.895s] -- Configuring done
[3.941s] -- Generating done
[3.954s] -- Build files have been written to: /home/nyu/nav_ws/build/unitree_lidar_ros2
[3.979s] Invoked command in '/home/nyu/nav_ws/build/unitree_lidar_ros2' returned '0': CMAKE_PREFIX_PATH=${CMAKE_PREFIX_PATH}:/home/nyu/nav_ws/install/map2gazebo:/opt/ros/humble /usr/bin/cmake /home/nyu/nav_ws/src/unilidar_sdk2/unitree_lidar_ros2/src/unitree_lidar_ros2 -DAMENT_CMAKE_SYMLINK_INSTALL=1 -DCMAKE_INSTALL_PREFIX=/home/nyu/nav_ws/install/unitree_lidar_ros2
[3.982s] Invoking command in '/home/nyu/nav_ws/build/unitree_lidar_ros2': CMAKE_PREFIX_PATH=${CMAKE_PREFIX_PATH}:/home/nyu/nav_ws/install/map2gazebo:/opt/ros/humble /usr/bin/cmake --build /home/nyu/nav_ws/build/unitree_lidar_ros2 -- -j16 -l16
[4.049s] [ 50%] [32mBuilding CXX object CMakeFiles/unitree_lidar_ros2_node.dir/src/unitree_lidar_ros2_node.cpp.o[0m
[19.684s] [100%] [32m[1mLinking CXX executable unitree_lidar_ros2_node[0m
[20.341s] [100%] Built target unitree_lidar_ros2_node
[20.350s] Invoked command in '/home/nyu/nav_ws/build/unitree_lidar_ros2' returned '0': CMAKE_PREFIX_PATH=${CMAKE_PREFIX_PATH}:/home/nyu/nav_ws/install/map2gazebo:/opt/ros/humble /usr/bin/cmake --build /home/nyu/nav_ws/build/unitree_lidar_ros2 -- -j16 -l16
[20.352s] Invoking command in '/home/nyu/nav_ws/build/unitree_lidar_ros2': CMAKE_PREFIX_PATH=${CMAKE_PREFIX_PATH}:/home/nyu/nav_ws/install/map2gazebo:/opt/ros/humble /usr/bin/cmake --install /home/nyu/nav_ws/build/unitree_lidar_ros2
[20.358s] -- Install configuration: ""
[20.358s] -- Execute custom install script
[20.358s] -- Symlinking: /home/nyu/nav_ws/install/unitree_lidar_ros2/lib/unitree_lidar_ros2/unitree_lidar_ros2_node
[20.365s] -- Symlinking: /home/nyu/nav_ws/install/unitree_lidar_ros2/share/unitree_lidar_ros2/view.rviz
[20.373s] -- Symlinking: /home/nyu/nav_ws/install/unitree_lidar_ros2/share/unitree_lidar_ros2/launch.py
[20.380s] -- Symlinking: /home/nyu/nav_ws/install/unitree_lidar_ros2/share/ament_index/resource_index/package_run_dependencies/unitree_lidar_ros2
[20.387s] -- Symlinking: /home/nyu/nav_ws/install/unitree_lidar_ros2/share/ament_index/resource_index/parent_prefix_path/unitree_lidar_ros2
[20.395s] -- Symlinking: /home/nyu/nav_ws/install/unitree_lidar_ros2/share/unitree_lidar_ros2/environment/ament_prefix_path.sh
[20.402s] -- Symlinking: /home/nyu/nav_ws/install/unitree_lidar_ros2/share/unitree_lidar_ros2/environment/ament_prefix_path.dsv
[20.410s] -- Symlinking: /home/nyu/nav_ws/install/unitree_lidar_ros2/share/unitree_lidar_ros2/environment/path.sh
[20.418s] -- Symlinking: /home/nyu/nav_ws/install/unitree_lidar_ros2/share/unitree_lidar_ros2/environment/path.dsv
[20.426s] -- Symlinking: /home/nyu/nav_ws/install/unitree_lidar_ros2/share/unitree_lidar_ros2/local_setup.bash
[20.433s] -- Symlinking: /home/nyu/nav_ws/install/unitree_lidar_ros2/share/unitree_lidar_ros2/local_setup.sh
[20.443s] -- Symlinking: /home/nyu/nav_ws/install/unitree_lidar_ros2/share/unitree_lidar_ros2/local_setup.zsh
[20.451s] -- Symlinking: /home/nyu/nav_ws/install/unitree_lidar_ros2/share/unitree_lidar_ros2/local_setup.dsv
[20.462s] -- Symlinking: /home/nyu/nav_ws/install/unitree_lidar_ros2/share/unitree_lidar_ros2/package.dsv
[20.470s] -- Symlinking: /home/nyu/nav_ws/install/unitree_lidar_ros2/share/ament_index/resource_index/packages/unitree_lidar_ros2
[20.478s] -- Symlinking: /home/nyu/nav_ws/install/unitree_lidar_ros2/share/unitree_lidar_ros2/cmake/unitree_lidar_ros2Config.cmake
[20.488s] -- Symlinking: /home/nyu/nav_ws/install/unitree_lidar_ros2/share/unitree_lidar_ros2/cmake/unitree_lidar_ros2Config-version.cmake
[20.498s] -- Symlinking: /home/nyu/nav_ws/install/unitree_lidar_ros2/share/unitree_lidar_ros2/package.xml
[20.511s] Invoked command in '/home/nyu/nav_ws/build/unitree_lidar_ros2' returned '0': CMAKE_PREFIX_PATH=${CMAKE_PREFIX_PATH}:/home/nyu/nav_ws/install/map2gazebo:/opt/ros/humble /usr/bin/cmake --install /home/nyu/nav_ws/build/unitree_lidar_ros2
