[0.030s] Invoking command in '/home/nyu/nav_ws/build/icp_registration': AMENT_PREFIX_PATH=/home/nyu/nav_ws/install/livox_ros_driver2:${AMENT_PREFIX_PATH} CMAKE_PREFIX_PATH=/home/nyu/nav_ws/install/livox_ros_driver2:/opt/ros/humble LD_LIBRARY_PATH=/home/nyu/nav_ws/install/livox_ros_driver2/lib:/usr/lib/x86_64-linux-gnu/gazebo-11/plugins:/opt/ros/humble/opt/rviz_ogre_vendor/lib:/opt/ros/humble/lib/x86_64-linux-gnu:/opt/ros/humble/opt/openvdb_vendor/lib:/opt/ros/humble/lib:/opt/MVS/lib/64:/opt/MVS/lib/32:/opt/MVS/lib/64:/opt/MVS/lib/32 PYTHONPATH=/home/nyu/nav_ws/install/livox_ros_driver2/local/lib/python3.10/dist-packages:${PYTHONPATH} /usr/bin/cmake --build /home/nyu/nav_ws/build/icp_registration -- -j16 -l16
[0.078s] [ 50%] Built target icp_registration_node
[0.094s] [100%] Built target icp_registration
[0.103s] Invoked command in '/home/nyu/nav_ws/build/icp_registration' returned '0': AMENT_PREFIX_PATH=/home/nyu/nav_ws/install/livox_ros_driver2:${AMENT_PREFIX_PATH} CMAKE_PREFIX_PATH=/home/nyu/nav_ws/install/livox_ros_driver2:/opt/ros/humble LD_LIBRARY_PATH=/home/nyu/nav_ws/install/livox_ros_driver2/lib:/usr/lib/x86_64-linux-gnu/gazebo-11/plugins:/opt/ros/humble/opt/rviz_ogre_vendor/lib:/opt/ros/humble/lib/x86_64-linux-gnu:/opt/ros/humble/opt/openvdb_vendor/lib:/opt/ros/humble/lib:/opt/MVS/lib/64:/opt/MVS/lib/32:/opt/MVS/lib/64:/opt/MVS/lib/32 PYTHONPATH=/home/nyu/nav_ws/install/livox_ros_driver2/local/lib/python3.10/dist-packages:${PYTHONPATH} /usr/bin/cmake --build /home/nyu/nav_ws/build/icp_registration -- -j16 -l16
[0.105s] Invoking command in '/home/nyu/nav_ws/build/icp_registration': AMENT_PREFIX_PATH=/home/nyu/nav_ws/install/livox_ros_driver2:${AMENT_PREFIX_PATH} CMAKE_PREFIX_PATH=/home/nyu/nav_ws/install/livox_ros_driver2:/opt/ros/humble LD_LIBRARY_PATH=/home/nyu/nav_ws/install/livox_ros_driver2/lib:/usr/lib/x86_64-linux-gnu/gazebo-11/plugins:/opt/ros/humble/opt/rviz_ogre_vendor/lib:/opt/ros/humble/lib/x86_64-linux-gnu:/opt/ros/humble/opt/openvdb_vendor/lib:/opt/ros/humble/lib:/opt/MVS/lib/64:/opt/MVS/lib/32:/opt/MVS/lib/64:/opt/MVS/lib/32 PYTHONPATH=/home/nyu/nav_ws/install/livox_ros_driver2/local/lib/python3.10/dist-packages:${PYTHONPATH} /usr/bin/cmake --install /home/nyu/nav_ws/build/icp_registration
[0.112s] -- Install configuration: ""
[0.112s] -- Execute custom install script
[0.113s] -- Up-to-date symlink: /home/nyu/nav_ws/install/icp_registration/lib/icp_registration/icp_registration_node
[0.113s] -- Up-to-date symlink: /home/nyu/nav_ws/install/icp_registration/include/icp_registration/icp_registration.hpp
[0.113s] -- Up-to-date symlink: /home/nyu/nav_ws/install/icp_registration/share/icp_registration/environment/library_path.sh
[0.113s] -- Up-to-date symlink: /home/nyu/nav_ws/install/icp_registration/share/icp_registration/environment/library_path.dsv
[0.114s] -- Up-to-date symlink: /home/nyu/nav_ws/install/icp_registration/lib/libicp_registration.so
[0.114s] -- Up-to-date symlink: /home/nyu/nav_ws/install/icp_registration/share/icp_registration/launch/icp.launch.py
[0.115s] -- Up-to-date symlink: /home/nyu/nav_ws/install/icp_registration/share/icp_registration/config/icp.yaml
[0.115s] -- Up-to-date symlink: /home/nyu/nav_ws/install/icp_registration/share/ament_index/resource_index/package_run_dependencies/icp_registration
[0.115s] -- Up-to-date symlink: /home/nyu/nav_ws/install/icp_registration/share/ament_index/resource_index/parent_prefix_path/icp_registration
[0.115s] -- Up-to-date symlink: /home/nyu/nav_ws/install/icp_registration/share/icp_registration/environment/ament_prefix_path.sh
[0.116s] -- Up-to-date symlink: /home/nyu/nav_ws/install/icp_registration/share/icp_registration/environment/ament_prefix_path.dsv
[0.116s] -- Up-to-date symlink: /home/nyu/nav_ws/install/icp_registration/share/icp_registration/environment/path.sh
[0.116s] -- Up-to-date symlink: /home/nyu/nav_ws/install/icp_registration/share/icp_registration/environment/path.dsv
[0.116s] -- Up-to-date symlink: /home/nyu/nav_ws/install/icp_registration/share/icp_registration/local_setup.bash
[0.116s] -- Up-to-date symlink: /home/nyu/nav_ws/install/icp_registration/share/icp_registration/local_setup.sh
[0.117s] -- Up-to-date symlink: /home/nyu/nav_ws/install/icp_registration/share/icp_registration/local_setup.zsh
[0.117s] -- Up-to-date symlink: /home/nyu/nav_ws/install/icp_registration/share/icp_registration/local_setup.dsv
[0.117s] -- Symlinking: /home/nyu/nav_ws/install/icp_registration/share/icp_registration/package.dsv
[0.124s] -- Up-to-date symlink: /home/nyu/nav_ws/install/icp_registration/share/ament_index/resource_index/packages/icp_registration
[0.124s] -- Up-to-date symlink: /home/nyu/nav_ws/install/icp_registration/share/ament_index/resource_index/rclcpp_components/icp_registration
[0.125s] -- Up-to-date symlink: /home/nyu/nav_ws/install/icp_registration/share/icp_registration/cmake/ament_cmake_export_dependencies-extras.cmake
[0.125s] -- Up-to-date symlink: /home/nyu/nav_ws/install/icp_registration/share/icp_registration/cmake/ament_cmake_export_include_directories-extras.cmake
[0.125s] -- Up-to-date symlink: /home/nyu/nav_ws/install/icp_registration/share/icp_registration/cmake/ament_cmake_export_libraries-extras.cmake
[0.125s] -- Up-to-date symlink: /home/nyu/nav_ws/install/icp_registration/share/icp_registration/cmake/icp_registrationConfig.cmake
[0.125s] -- Up-to-date symlink: /home/nyu/nav_ws/install/icp_registration/share/icp_registration/cmake/icp_registrationConfig-version.cmake
[0.125s] -- Up-to-date symlink: /home/nyu/nav_ws/install/icp_registration/share/icp_registration/package.xml
[0.129s] Invoked command in '/home/nyu/nav_ws/build/icp_registration' returned '0': AMENT_PREFIX_PATH=/home/nyu/nav_ws/install/livox_ros_driver2:${AMENT_PREFIX_PATH} CMAKE_PREFIX_PATH=/home/nyu/nav_ws/install/livox_ros_driver2:/opt/ros/humble LD_LIBRARY_PATH=/home/nyu/nav_ws/install/livox_ros_driver2/lib:/usr/lib/x86_64-linux-gnu/gazebo-11/plugins:/opt/ros/humble/opt/rviz_ogre_vendor/lib:/opt/ros/humble/lib/x86_64-linux-gnu:/opt/ros/humble/opt/openvdb_vendor/lib:/opt/ros/humble/lib:/opt/MVS/lib/64:/opt/MVS/lib/32:/opt/MVS/lib/64:/opt/MVS/lib/32 PYTHONPATH=/home/nyu/nav_ws/install/livox_ros_driver2/local/lib/python3.10/dist-packages:${PYTHONPATH} /usr/bin/cmake --install /home/nyu/nav_ws/build/icp_registration
