[0.019s] Invoking command in '/home/nyu/nav_ws/src/build/livox_ros_driver2': CMAKE_PREFIX_PATH=/opt/ros/humble /usr/bin/cmake /home/nyu/nav_ws/src/livox_ros_driver2 -DCMAKE_INSTALL_PREFIX=/home/nyu/nav_ws/src/install/livox_ros_driver2
[0.110s] -- The C compiler identification is GNU 11.4.0
[0.192s] -- The CXX compiler identification is GNU 11.4.0
[0.198s] -- Detecting C compiler ABI info
[0.265s] -- Detecting C compiler ABI info - done
[0.271s] -- Check for working C compiler: /usr/bin/cc - skipped
[0.272s] -- Detecting C compile features
[0.273s] -- Detecting C compile features - done
[0.277s] -- Detecting CXX compiler ABI info
[0.362s] -- Detecting CXX compiler ABI info - done
[0.370s] -- Check for working CXX compiler: /usr/bin/c++ - skipped
[0.370s] -- Detecting CXX compile features
[0.371s] -- Detecting CXX compile features - done
[0.373s] -- livox_ros_driver2 version: 1.2.4
[0.374s] -- Found ament_cmake_auto: 1.3.12 (/opt/ros/humble/share/ament_cmake_auto/cmake)
[0.597s] -- Found Python3: /usr/bin/python3 (found version "3.10.12") found components: Interpreter 
[0.802s] -- Using all available rosidl_typesupport_c: rosidl_typesupport_fastrtps_c;rosidl_typesupport_introspection_c
[0.808s] -- Found rosidl_adapter: 3.1.7 (/opt/ros/humble/share/rosidl_adapter/cmake)
[0.853s] -- Using all available rosidl_typesupport_cpp: rosidl_typesupport_fastrtps_cpp;rosidl_typesupport_introspection_cpp
[0.934s] -- Found rmw_implementation_cmake: 6.1.2 (/opt/ros/humble/share/rmw_implementation_cmake/cmake)
[0.936s] -- Found rmw_fastrtps_cpp: 6.2.9 (/opt/ros/humble/share/rmw_fastrtps_cpp/cmake)
[1.039s] -- Found OpenSSL: /usr/lib/x86_64-linux-gnu/libcrypto.so (found version "3.0.2")  
[1.073s] -- Found FastRTPS: /opt/ros/humble/include  
[1.122s] -- Using RMW implementation 'rmw_fastrtps_cpp' as default
[1.133s] -- Looking for pthread.h
[1.247s] -- Looking for pthread.h - found
[1.248s] -- Performing Test CMAKE_HAVE_LIBC_PTHREAD
[1.375s] -- Performing Test CMAKE_HAVE_LIBC_PTHREAD - Success
[1.376s] -- Found Threads: TRUE  
[1.545s] -- Checking for module 'eigen3'
[1.571s] --   Found eigen3, version 3.4.0
[1.644s] -- Found Eigen: /usr/include/eigen3 (Required is at least version "3.1") 
[1.644s] -- Eigen found (include: /usr/include/eigen3, version: 3.4.0)
[1.706s] -- Checking for module 'flann'
[1.728s] --   Found flann, version 1.9.1
[1.782s] -- Found FLANN: /usr/lib/x86_64-linux-gnu/libflann_cpp.so  
[1.783s] -- FLANN found (include: /usr/include, lib: /usr/lib/x86_64-linux-gnu/libflann_cpp.so)
[2.785s] -- Checking for module 'libusb-1.0'
[2.798s] --   Found libusb-1.0, version 1.0.25
[2.838s] -- Found libusb: /usr/lib/x86_64-linux-gnu/libusb-1.0.so  
[2.839s] -- OpenNI found (version: 1.5.4.0, include: /usr/include/ni, lib: /usr/lib/libOpenNI.so;libusb::libusb)
[2.894s] -- OpenNI2 found (version: 2.2.0.33, include: /usr/include/openni2, lib: /usr/lib/x86_64-linux-gnu/libOpenNI2.so;libusb::libusb)
[3.050s] -- Eigen found (include: /usr/include/eigen3, version: 3.4.0)
[3.056s] -- OpenNI found (version: 1.5.4.0, include: /usr/include/ni, lib: /usr/lib/libOpenNI.so;libusb::libusb)
[3.065s] -- OpenNI2 found (version: 2.2.0.33, include: /usr/include/openni2, lib: /usr/lib/x86_64-linux-gnu/libOpenNI2.so;libusb::libusb)
[3.203s] -- Found Qhull version 8.0.2
[3.349s] -- OpenNI found (version: 1.5.4.0, include: /usr/include/ni, lib: /usr/lib/libOpenNI.so;libusb::libusb)
[3.486s] -- Found PCL_COMMON: /usr/lib/x86_64-linux-gnu/libpcl_common.so  
[3.487s] -- Found PCL_KDTREE: /usr/lib/x86_64-linux-gnu/libpcl_kdtree.so  
[3.488s] -- Found PCL_OCTREE: /usr/lib/x86_64-linux-gnu/libpcl_octree.so  
[3.489s] -- Found PCL_SEARCH: /usr/lib/x86_64-linux-gnu/libpcl_search.so  
[3.490s] -- Found PCL_SAMPLE_CONSENSUS: /usr/lib/x86_64-linux-gnu/libpcl_sample_consensus.so  
[3.490s] -- Found PCL_FILTERS: /usr/lib/x86_64-linux-gnu/libpcl_filters.so  
[3.491s] -- Found PCL_2D: /usr/include/pcl-1.12  
[3.491s] -- Found PCL_GEOMETRY: /usr/include/pcl-1.12  
[3.492s] -- Found PCL_IO: /usr/lib/x86_64-linux-gnu/libpcl_io.so  
[3.493s] -- Found PCL_FEATURES: /usr/lib/x86_64-linux-gnu/libpcl_features.so  
[3.494s] -- Found PCL_ML: /usr/lib/x86_64-linux-gnu/libpcl_ml.so  
[3.495s] -- Found PCL_SEGMENTATION: /usr/lib/x86_64-linux-gnu/libpcl_segmentation.so  
[3.495s] -- Found PCL_VISUALIZATION: /usr/lib/x86_64-linux-gnu/libpcl_visualization.so  
[3.496s] -- Found PCL_SURFACE: /usr/lib/x86_64-linux-gnu/libpcl_surface.so  
[3.497s] -- Found PCL_REGISTRATION: /usr/lib/x86_64-linux-gnu/libpcl_registration.so  
[3.498s] -- Found PCL_KEYPOINTS: /usr/lib/x86_64-linux-gnu/libpcl_keypoints.so  
[3.499s] -- Found PCL_TRACKING: /usr/lib/x86_64-linux-gnu/libpcl_tracking.so  
[3.500s] -- Found PCL_RECOGNITION: /usr/lib/x86_64-linux-gnu/libpcl_recognition.so  
[3.501s] -- Found PCL_STEREO: /usr/lib/x86_64-linux-gnu/libpcl_stereo.so  
[3.502s] -- Found PCL_APPS: /usr/lib/x86_64-linux-gnu/libpcl_apps.so  
[3.503s] -- Found PCL_IN_HAND_SCANNER: /usr/include/pcl-1.12  
[3.504s] -- Found PCL_MODELER: /usr/include/pcl-1.12  
[3.505s] -- Found PCL_POINT_CLOUD_EDITOR: /usr/include/pcl-1.12  
[3.507s] -- Found PCL_OUTOFCORE: /usr/lib/x86_64-linux-gnu/libpcl_outofcore.so  
[3.510s] -- Found PCL_PEOPLE: /usr/lib/x86_64-linux-gnu/libpcl_people.so  
[3.549s] -- Found PkgConfig: /usr/bin/pkg-config (found version "0.29.2") 
[3.550s] -- Checking for module 'apr-1'
[3.553s] --   No package 'apr-1' found
[3.790s] -- Found ament_cmake_ros: 0.10.0 (/opt/ros/humble/share/ament_cmake_ros/cmake)
[4.014s] -- Using all available rosidl_typesupport_c: rosidl_typesupport_fastrtps_c;rosidl_typesupport_introspection_c
[4.355s] -- Using all available rosidl_typesupport_cpp: rosidl_typesupport_fastrtps_cpp;rosidl_typesupport_introspection_cpp
[4.384s] -- Found PythonInterp: /usr/bin/python3 (found suitable version "3.10.12", minimum required is "3.6") 
[4.386s] -- Found python_cmake_module: 0.10.0 (/opt/ros/humble/share/python_cmake_module/cmake)
[4.417s] -- Found PythonLibs: /usr/lib/x86_64-linux-gnu/libpython3.10.so (found suitable version "3.10.12", minimum required is "3.5") 
[4.417s] -- Using PYTHON_EXECUTABLE: /usr/bin/python3
[4.417s] -- Using PYTHON_INCLUDE_DIRS: /usr/include/python3.10
[4.417s] -- Using PYTHON_LIBRARIES: /usr/lib/x86_64-linux-gnu/libpython3.10.so
[4.451s] -- Found PythonExtra: .so  
[4.546s] -- Found ament_lint_auto: 0.12.14 (/opt/ros/humble/share/ament_lint_auto/cmake)
[4.583s] -- Added test 'copyright' to check source files copyright and LICENSE
[4.593s] -- Added test 'cppcheck' to perform static code analysis on C / C++ code
[4.594s] -- Configured cppcheck include dirs: /home/nyu/nav_ws/src/livox_ros_driver2/3rdparty;/home/nyu/nav_ws/src/livox_ros_driver2/src
[4.595s] -- Configured cppcheck exclude dirs and/or files: 
[4.602s] -- Added test 'cpplint' to check C / C++ code against the Google style
[4.602s] -- Configured cpplint exclude dirs and/or files: 
[4.605s] -- Added test 'flake8' to check Python code syntax and style conventions
[4.609s] -- Added test 'lint_cmake' to check CMake code style
[4.611s] -- Added test 'pep257' to check Python code against some of the docstring style conventions in PEP 257
[4.617s] -- Added test 'uncrustify' to check C / C++ code style
[4.617s] -- Configured uncrustify additional arguments: 
[4.618s] -- Added test 'xmllint' to check XML markup files
[4.621s] -- Configuring done
[4.629s] [0mCMake Error: The following variables are used in this project, but they are set to NOTFOUND.
[4.629s] Please set them or make sure they are set and tested correctly in the CMake files:
[4.630s] /home/nyu/nav_ws/src/livox_ros_driver2/LIVOX_INTERFACES_INCLUDE_DIRECTORIES
[4.630s]    used as include directory in directory /home/nyu/nav_ws/src/livox_ros_driver2
[4.630s] [0m
[4.734s] -- Generating done
[4.738s] [0mCMake Generate step failed.  Build files cannot be regenerated correctly.[0m
[4.798s] Invoked command in '/home/nyu/nav_ws/src/build/livox_ros_driver2' returned '1': CMAKE_PREFIX_PATH=/opt/ros/humble /usr/bin/cmake /home/nyu/nav_ws/src/livox_ros_driver2 -DCMAKE_INSTALL_PREFIX=/home/nyu/nav_ws/src/install/livox_ros_driver2
