[0.194s] Invoking command in '/home/nyu/nav_ws/build/unitree_lidar_ros2': CMAKE_PREFIX_PATH=${CMAKE_PREFIX_PATH}:/home/nyu/nav_ws/install/map2gazebo:/opt/ros/humble /usr/bin/cmake --build /home/nyu/nav_ws/build/unitree_lidar_ros2 -- -j16 -l16
[0.275s] [100%] Built target unitree_lidar_ros2_node
[0.322s] Invoked command in '/home/nyu/nav_ws/build/unitree_lidar_ros2' returned '0': CMAKE_PREFIX_PATH=${CMAKE_PREFIX_PATH}:/home/nyu/nav_ws/install/map2gazebo:/opt/ros/humble /usr/bin/cmake --build /home/nyu/nav_ws/build/unitree_lidar_ros2 -- -j16 -l16
[0.323s] Invoking command in '/home/nyu/nav_ws/build/unitree_lidar_ros2': CMAKE_PREFIX_PATH=${CMAKE_PREFIX_PATH}:/home/nyu/nav_ws/install/map2gazebo:/opt/ros/humble /usr/bin/cmake --install /home/nyu/nav_ws/build/unitree_lidar_ros2
[0.345s] -- Install configuration: ""
[0.345s] -- Execute custom install script
[0.345s] -- Up-to-date symlink: /home/nyu/nav_ws/install/unitree_lidar_ros2/lib/unitree_lidar_ros2/unitree_lidar_ros2_node
[0.345s] -- Up-to-date symlink: /home/nyu/nav_ws/install/unitree_lidar_ros2/share/unitree_lidar_ros2/view.rviz
[0.345s] -- Up-to-date symlink: /home/nyu/nav_ws/install/unitree_lidar_ros2/share/unitree_lidar_ros2/launch.py
[0.345s] -- Up-to-date symlink: /home/nyu/nav_ws/install/unitree_lidar_ros2/share/ament_index/resource_index/package_run_dependencies/unitree_lidar_ros2
[0.345s] -- Up-to-date symlink: /home/nyu/nav_ws/install/unitree_lidar_ros2/share/ament_index/resource_index/parent_prefix_path/unitree_lidar_ros2
[0.345s] -- Up-to-date symlink: /home/nyu/nav_ws/install/unitree_lidar_ros2/share/unitree_lidar_ros2/environment/ament_prefix_path.sh
[0.345s] -- Up-to-date symlink: /home/nyu/nav_ws/install/unitree_lidar_ros2/share/unitree_lidar_ros2/environment/ament_prefix_path.dsv
[0.345s] -- Up-to-date symlink: /home/nyu/nav_ws/install/unitree_lidar_ros2/share/unitree_lidar_ros2/environment/path.sh
[0.345s] -- Up-to-date symlink: /home/nyu/nav_ws/install/unitree_lidar_ros2/share/unitree_lidar_ros2/environment/path.dsv
[0.345s] -- Up-to-date symlink: /home/nyu/nav_ws/install/unitree_lidar_ros2/share/unitree_lidar_ros2/local_setup.bash
[0.345s] -- Up-to-date symlink: /home/nyu/nav_ws/install/unitree_lidar_ros2/share/unitree_lidar_ros2/local_setup.sh
[0.345s] -- Up-to-date symlink: /home/nyu/nav_ws/install/unitree_lidar_ros2/share/unitree_lidar_ros2/local_setup.zsh
[0.346s] -- Up-to-date symlink: /home/nyu/nav_ws/install/unitree_lidar_ros2/share/unitree_lidar_ros2/local_setup.dsv
[0.346s] -- Symlinking: /home/nyu/nav_ws/install/unitree_lidar_ros2/share/unitree_lidar_ros2/package.dsv
[0.346s] -- Up-to-date symlink: /home/nyu/nav_ws/install/unitree_lidar_ros2/share/ament_index/resource_index/packages/unitree_lidar_ros2
[0.346s] -- Up-to-date symlink: /home/nyu/nav_ws/install/unitree_lidar_ros2/share/unitree_lidar_ros2/cmake/unitree_lidar_ros2Config.cmake
[0.346s] -- Up-to-date symlink: /home/nyu/nav_ws/install/unitree_lidar_ros2/share/unitree_lidar_ros2/cmake/unitree_lidar_ros2Config-version.cmake
[0.346s] -- Up-to-date symlink: /home/nyu/nav_ws/install/unitree_lidar_ros2/share/unitree_lidar_ros2/package.xml
[0.347s] Invoked command in '/home/nyu/nav_ws/build/unitree_lidar_ros2' returned '0': CMAKE_PREFIX_PATH=${CMAKE_PREFIX_PATH}:/home/nyu/nav_ws/install/map2gazebo:/opt/ros/humble /usr/bin/cmake --install /home/nyu/nav_ws/build/unitree_lidar_ros2
