[0.114s] DEBUG:colcon:Command line arguments: ['/usr/bin/colcon', 'build']
[0.114s] DEBUG:colcon:Parsed command line arguments: Namespace(log_base=None, log_level=None, verb_name='build', build_base='build', install_base='install', merge_install=False, symlink_install=False, test_result_base=None, continue_on_error=False, executor='parallel', parallel_workers=16, event_handlers=None, ignore_user_meta=False, metas=['./colcon.meta'], base_paths=['.'], packages_ignore=None, packages_ignore_regex=None, paths=None, packages_up_to=None, packages_up_to_regex=None, packages_above=None, packages_above_and_dependencies=None, packages_above_depth=None, packages_select_by_dep=None, packages_skip_by_dep=None, packages_skip_up_to=None, packages_select_build_failed=False, packages_skip_build_finished=False, packages_select_test_failures=False, packages_skip_test_passed=False, packages_select=None, packages_skip=None, packages_select_regex=None, packages_skip_regex=None, packages_start=None, packages_end=None, allow_overriding=[], cmake_args=None, cmake_target=None, cmake_target_skip_unavailable=False, cmake_clean_cache=False, cmake_clean_first=False, cmake_force_configure=False, ament_cmake_args=None, catkin_cmake_args=None, catkin_skip_building_tests=False, verb_parser=<colcon_defaults.argument_parser.defaults.DefaultArgumentsDecorator object at 0x7407ca027550>, verb_extension=<colcon_core.verb.build.BuildVerb object at 0x7407ca0270d0>, main=<bound method BuildVerb.main of <colcon_core.verb.build.BuildVerb object at 0x7407ca0270d0>>)
[0.229s] Level 1:colcon.colcon_core.package_discovery:discover_packages(colcon_meta) check parameters
[0.229s] Level 1:colcon.colcon_core.package_discovery:discover_packages(recursive) check parameters
[0.229s] Level 1:colcon.colcon_core.package_discovery:discover_packages(ignore) check parameters
[0.229s] Level 1:colcon.colcon_core.package_discovery:discover_packages(path) check parameters
[0.229s] Level 1:colcon.colcon_core.package_discovery:discover_packages(colcon_meta) discover
[0.229s] Level 1:colcon.colcon_core.package_discovery:discover_packages(recursive) discover
[0.229s] INFO:colcon.colcon_core.package_discovery:Crawling recursively for packages in '/home/nyu/nav_ws/src'
[0.229s] Level 1:colcon.colcon_core.package_identification:_identify(.) by extensions ['ignore', 'ignore_ament_install']
[0.229s] Level 1:colcon.colcon_core.package_identification:_identify(.) by extension 'ignore'
[0.229s] Level 1:colcon.colcon_core.package_identification:_identify(.) by extension 'ignore_ament_install'
[0.230s] Level 1:colcon.colcon_core.package_identification:_identify(.) by extensions ['colcon_pkg']
[0.230s] Level 1:colcon.colcon_core.package_identification:_identify(.) by extension 'colcon_pkg'
[0.230s] Level 1:colcon.colcon_core.package_identification:_identify(.) by extensions ['colcon_meta']
[0.230s] Level 1:colcon.colcon_core.package_identification:_identify(.) by extension 'colcon_meta'
[0.230s] Level 1:colcon.colcon_core.package_identification:_identify(.) by extensions ['ros']
[0.230s] Level 1:colcon.colcon_core.package_identification:_identify(.) by extension 'ros'
[0.238s] Level 1:colcon.colcon_core.package_identification:_identify(.) by extensions ['cmake', 'python']
[0.238s] Level 1:colcon.colcon_core.package_identification:_identify(.) by extension 'cmake'
[0.238s] Level 1:colcon.colcon_core.package_identification:_identify(.) by extension 'python'
[0.238s] Level 1:colcon.colcon_core.package_identification:_identify(.) by extensions ['python_setup_py']
[0.239s] Level 1:colcon.colcon_core.package_identification:_identify(.) by extension 'python_setup_py'
[0.239s] Level 1:colcon.colcon_core.package_identification:_identify(build) by extensions ['ignore', 'ignore_ament_install']
[0.239s] Level 1:colcon.colcon_core.package_identification:_identify(build) by extension 'ignore'
[0.239s] Level 1:colcon.colcon_core.package_identification:_identify(build) ignored
[0.239s] Level 1:colcon.colcon_core.package_identification:_identify(install) by extensions ['ignore', 'ignore_ament_install']
[0.239s] Level 1:colcon.colcon_core.package_identification:_identify(install) by extension 'ignore'
[0.239s] Level 1:colcon.colcon_core.package_identification:_identify(install) ignored
[0.239s] Level 1:colcon.colcon_core.package_identification:_identify(livox_ros_driver2) by extensions ['ignore', 'ignore_ament_install']
[0.239s] Level 1:colcon.colcon_core.package_identification:_identify(livox_ros_driver2) by extension 'ignore'
[0.239s] Level 1:colcon.colcon_core.package_identification:_identify(livox_ros_driver2) by extension 'ignore_ament_install'
[0.239s] Level 1:colcon.colcon_core.package_identification:_identify(livox_ros_driver2) by extensions ['colcon_pkg']
[0.239s] Level 1:colcon.colcon_core.package_identification:_identify(livox_ros_driver2) by extension 'colcon_pkg'
[0.239s] Level 1:colcon.colcon_core.package_identification:_identify(livox_ros_driver2) by extensions ['colcon_meta']
[0.239s] Level 1:colcon.colcon_core.package_identification:_identify(livox_ros_driver2) by extension 'colcon_meta'
[0.239s] Level 1:colcon.colcon_core.package_identification:_identify(livox_ros_driver2) by extensions ['ros']
[0.239s] Level 1:colcon.colcon_core.package_identification:_identify(livox_ros_driver2) by extension 'ros'
[0.242s] DEBUG:colcon.colcon_core.package_identification:Package 'livox_ros_driver2' with type 'ros.ament_cmake' and name 'livox_ros_driver2'
[0.243s] Level 1:colcon.colcon_core.package_identification:_identify(log) by extensions ['ignore', 'ignore_ament_install']
[0.243s] Level 1:colcon.colcon_core.package_identification:_identify(log) by extension 'ignore'
[0.243s] Level 1:colcon.colcon_core.package_identification:_identify(log) ignored
[0.243s] Level 1:colcon.colcon_core.package_identification:_identify(pcd2pgm) by extensions ['ignore', 'ignore_ament_install']
[0.243s] Level 1:colcon.colcon_core.package_identification:_identify(pcd2pgm) by extension 'ignore'
[0.243s] Level 1:colcon.colcon_core.package_identification:_identify(pcd2pgm) by extension 'ignore_ament_install'
[0.243s] Level 1:colcon.colcon_core.package_identification:_identify(pcd2pgm) by extensions ['colcon_pkg']
[0.243s] Level 1:colcon.colcon_core.package_identification:_identify(pcd2pgm) by extension 'colcon_pkg'
[0.243s] Level 1:colcon.colcon_core.package_identification:_identify(pcd2pgm) by extensions ['colcon_meta']
[0.243s] Level 1:colcon.colcon_core.package_identification:_identify(pcd2pgm) by extension 'colcon_meta'
[0.243s] Level 1:colcon.colcon_core.package_identification:_identify(pcd2pgm) by extensions ['ros']
[0.243s] Level 1:colcon.colcon_core.package_identification:_identify(pcd2pgm) by extension 'ros'
[0.244s] DEBUG:colcon.colcon_core.package_identification:Package 'pcd2pgm' with type 'ros.ament_cmake' and name 'pcd2pgm'
[0.244s] Level 1:colcon.colcon_core.package_identification:_identify(point_lio_ros2) by extensions ['ignore', 'ignore_ament_install']
[0.244s] Level 1:colcon.colcon_core.package_identification:_identify(point_lio_ros2) by extension 'ignore'
[0.244s] Level 1:colcon.colcon_core.package_identification:_identify(point_lio_ros2) by extension 'ignore_ament_install'
[0.245s] Level 1:colcon.colcon_core.package_identification:_identify(point_lio_ros2) by extensions ['colcon_pkg']
[0.245s] Level 1:colcon.colcon_core.package_identification:_identify(point_lio_ros2) by extension 'colcon_pkg'
[0.245s] Level 1:colcon.colcon_core.package_identification:_identify(point_lio_ros2) by extensions ['colcon_meta']
[0.245s] Level 1:colcon.colcon_core.package_identification:_identify(point_lio_ros2) by extension 'colcon_meta'
[0.245s] Level 1:colcon.colcon_core.package_identification:_identify(point_lio_ros2) by extensions ['ros']
[0.245s] Level 1:colcon.colcon_core.package_identification:_identify(point_lio_ros2) by extension 'ros'
[0.246s] DEBUG:colcon.colcon_core.package_identification:Package 'point_lio_ros2' with type 'ros.ament_cmake' and name 'point_lio'
[0.246s] Level 1:colcon.colcon_core.package_identification:_identify(unilidar_sdk2) by extensions ['ignore', 'ignore_ament_install']
[0.246s] Level 1:colcon.colcon_core.package_identification:_identify(unilidar_sdk2) by extension 'ignore'
[0.246s] Level 1:colcon.colcon_core.package_identification:_identify(unilidar_sdk2) by extension 'ignore_ament_install'
[0.246s] Level 1:colcon.colcon_core.package_identification:_identify(unilidar_sdk2) by extensions ['colcon_pkg']
[0.246s] Level 1:colcon.colcon_core.package_identification:_identify(unilidar_sdk2) by extension 'colcon_pkg'
[0.246s] Level 1:colcon.colcon_core.package_identification:_identify(unilidar_sdk2) by extensions ['colcon_meta']
[0.246s] Level 1:colcon.colcon_core.package_identification:_identify(unilidar_sdk2) by extension 'colcon_meta'
[0.246s] Level 1:colcon.colcon_core.package_identification:_identify(unilidar_sdk2) by extensions ['ros']
[0.246s] Level 1:colcon.colcon_core.package_identification:_identify(unilidar_sdk2) by extension 'ros'
[0.246s] Level 1:colcon.colcon_core.package_identification:_identify(unilidar_sdk2) by extensions ['cmake', 'python']
[0.246s] Level 1:colcon.colcon_core.package_identification:_identify(unilidar_sdk2) by extension 'cmake'
[0.246s] Level 1:colcon.colcon_core.package_identification:_identify(unilidar_sdk2) by extension 'python'
[0.246s] Level 1:colcon.colcon_core.package_identification:_identify(unilidar_sdk2) by extensions ['python_setup_py']
[0.246s] Level 1:colcon.colcon_core.package_identification:_identify(unilidar_sdk2) by extension 'python_setup_py'
[0.246s] Level 1:colcon.colcon_core.package_identification:_identify(unilidar_sdk2/docs) by extensions ['ignore', 'ignore_ament_install']
[0.246s] Level 1:colcon.colcon_core.package_identification:_identify(unilidar_sdk2/docs) by extension 'ignore'
[0.246s] Level 1:colcon.colcon_core.package_identification:_identify(unilidar_sdk2/docs) by extension 'ignore_ament_install'
[0.246s] Level 1:colcon.colcon_core.package_identification:_identify(unilidar_sdk2/docs) by extensions ['colcon_pkg']
[0.246s] Level 1:colcon.colcon_core.package_identification:_identify(unilidar_sdk2/docs) by extension 'colcon_pkg'
[0.247s] Level 1:colcon.colcon_core.package_identification:_identify(unilidar_sdk2/docs) by extensions ['colcon_meta']
[0.247s] Level 1:colcon.colcon_core.package_identification:_identify(unilidar_sdk2/docs) by extension 'colcon_meta'
[0.247s] Level 1:colcon.colcon_core.package_identification:_identify(unilidar_sdk2/docs) by extensions ['ros']
[0.247s] Level 1:colcon.colcon_core.package_identification:_identify(unilidar_sdk2/docs) by extension 'ros'
[0.247s] Level 1:colcon.colcon_core.package_identification:_identify(unilidar_sdk2/docs) by extensions ['cmake', 'python']
[0.247s] Level 1:colcon.colcon_core.package_identification:_identify(unilidar_sdk2/docs) by extension 'cmake'
[0.247s] Level 1:colcon.colcon_core.package_identification:_identify(unilidar_sdk2/docs) by extension 'python'
[0.247s] Level 1:colcon.colcon_core.package_identification:_identify(unilidar_sdk2/docs) by extensions ['python_setup_py']
[0.247s] Level 1:colcon.colcon_core.package_identification:_identify(unilidar_sdk2/docs) by extension 'python_setup_py'
[0.247s] Level 1:colcon.colcon_core.package_identification:_identify(unilidar_sdk2/unitree_lidar_ros2) by extensions ['ignore', 'ignore_ament_install']
[0.247s] Level 1:colcon.colcon_core.package_identification:_identify(unilidar_sdk2/unitree_lidar_ros2) by extension 'ignore'
[0.247s] Level 1:colcon.colcon_core.package_identification:_identify(unilidar_sdk2/unitree_lidar_ros2) by extension 'ignore_ament_install'
[0.247s] Level 1:colcon.colcon_core.package_identification:_identify(unilidar_sdk2/unitree_lidar_ros2) by extensions ['colcon_pkg']
[0.247s] Level 1:colcon.colcon_core.package_identification:_identify(unilidar_sdk2/unitree_lidar_ros2) by extension 'colcon_pkg'
[0.247s] Level 1:colcon.colcon_core.package_identification:_identify(unilidar_sdk2/unitree_lidar_ros2) by extensions ['colcon_meta']
[0.247s] Level 1:colcon.colcon_core.package_identification:_identify(unilidar_sdk2/unitree_lidar_ros2) by extension 'colcon_meta'
[0.248s] Level 1:colcon.colcon_core.package_identification:_identify(unilidar_sdk2/unitree_lidar_ros2) by extensions ['ros']
[0.248s] Level 1:colcon.colcon_core.package_identification:_identify(unilidar_sdk2/unitree_lidar_ros2) by extension 'ros'
[0.248s] Level 1:colcon.colcon_core.package_identification:_identify(unilidar_sdk2/unitree_lidar_ros2) by extensions ['cmake', 'python']
[0.248s] Level 1:colcon.colcon_core.package_identification:_identify(unilidar_sdk2/unitree_lidar_ros2) by extension 'cmake'
[0.248s] Level 1:colcon.colcon_core.package_identification:_identify(unilidar_sdk2/unitree_lidar_ros2) by extension 'python'
[0.248s] Level 1:colcon.colcon_core.package_identification:_identify(unilidar_sdk2/unitree_lidar_ros2) by extensions ['python_setup_py']
[0.248s] Level 1:colcon.colcon_core.package_identification:_identify(unilidar_sdk2/unitree_lidar_ros2) by extension 'python_setup_py'
[0.249s] Level 1:colcon.colcon_core.package_identification:_identify(unilidar_sdk2/unitree_lidar_ros2/src) by extensions ['ignore', 'ignore_ament_install']
[0.249s] Level 1:colcon.colcon_core.package_identification:_identify(unilidar_sdk2/unitree_lidar_ros2/src) by extension 'ignore'
[0.249s] Level 1:colcon.colcon_core.package_identification:_identify(unilidar_sdk2/unitree_lidar_ros2/src) by extension 'ignore_ament_install'
[0.249s] Level 1:colcon.colcon_core.package_identification:_identify(unilidar_sdk2/unitree_lidar_ros2/src) by extensions ['colcon_pkg']
[0.249s] Level 1:colcon.colcon_core.package_identification:_identify(unilidar_sdk2/unitree_lidar_ros2/src) by extension 'colcon_pkg'
[0.249s] Level 1:colcon.colcon_core.package_identification:_identify(unilidar_sdk2/unitree_lidar_ros2/src) by extensions ['colcon_meta']
[0.249s] Level 1:colcon.colcon_core.package_identification:_identify(unilidar_sdk2/unitree_lidar_ros2/src) by extension 'colcon_meta'
[0.249s] Level 1:colcon.colcon_core.package_identification:_identify(unilidar_sdk2/unitree_lidar_ros2/src) by extensions ['ros']
[0.249s] Level 1:colcon.colcon_core.package_identification:_identify(unilidar_sdk2/unitree_lidar_ros2/src) by extension 'ros'
[0.249s] Level 1:colcon.colcon_core.package_identification:_identify(unilidar_sdk2/unitree_lidar_ros2/src) by extensions ['cmake', 'python']
[0.249s] Level 1:colcon.colcon_core.package_identification:_identify(unilidar_sdk2/unitree_lidar_ros2/src) by extension 'cmake'
[0.249s] Level 1:colcon.colcon_core.package_identification:_identify(unilidar_sdk2/unitree_lidar_ros2/src) by extension 'python'
[0.249s] Level 1:colcon.colcon_core.package_identification:_identify(unilidar_sdk2/unitree_lidar_ros2/src) by extensions ['python_setup_py']
[0.249s] Level 1:colcon.colcon_core.package_identification:_identify(unilidar_sdk2/unitree_lidar_ros2/src) by extension 'python_setup_py'
[0.249s] Level 1:colcon.colcon_core.package_identification:_identify(unilidar_sdk2/unitree_lidar_ros2/src/unitree_lidar_ros2) by extensions ['ignore', 'ignore_ament_install']
[0.249s] Level 1:colcon.colcon_core.package_identification:_identify(unilidar_sdk2/unitree_lidar_ros2/src/unitree_lidar_ros2) by extension 'ignore'
[0.249s] Level 1:colcon.colcon_core.package_identification:_identify(unilidar_sdk2/unitree_lidar_ros2/src/unitree_lidar_ros2) by extension 'ignore_ament_install'
[0.250s] Level 1:colcon.colcon_core.package_identification:_identify(unilidar_sdk2/unitree_lidar_ros2/src/unitree_lidar_ros2) by extensions ['colcon_pkg']
[0.250s] Level 1:colcon.colcon_core.package_identification:_identify(unilidar_sdk2/unitree_lidar_ros2/src/unitree_lidar_ros2) by extension 'colcon_pkg'
[0.250s] Level 1:colcon.colcon_core.package_identification:_identify(unilidar_sdk2/unitree_lidar_ros2/src/unitree_lidar_ros2) by extensions ['colcon_meta']
[0.250s] Level 1:colcon.colcon_core.package_identification:_identify(unilidar_sdk2/unitree_lidar_ros2/src/unitree_lidar_ros2) by extension 'colcon_meta'
[0.250s] Level 1:colcon.colcon_core.package_identification:_identify(unilidar_sdk2/unitree_lidar_ros2/src/unitree_lidar_ros2) by extensions ['ros']
[0.250s] Level 1:colcon.colcon_core.package_identification:_identify(unilidar_sdk2/unitree_lidar_ros2/src/unitree_lidar_ros2) by extension 'ros'
[0.251s] DEBUG:colcon.colcon_core.package_identification:Package 'unilidar_sdk2/unitree_lidar_ros2/src/unitree_lidar_ros2' with type 'ros.ament_cmake' and name 'unitree_lidar_ros2'
[0.251s] Level 1:colcon.colcon_core.package_identification:_identify(unilidar_sdk2/unitree_lidar_sdk) by extensions ['ignore', 'ignore_ament_install']
[0.251s] Level 1:colcon.colcon_core.package_identification:_identify(unilidar_sdk2/unitree_lidar_sdk) by extension 'ignore'
[0.251s] Level 1:colcon.colcon_core.package_identification:_identify(unilidar_sdk2/unitree_lidar_sdk) by extension 'ignore_ament_install'
[0.251s] Level 1:colcon.colcon_core.package_identification:_identify(unilidar_sdk2/unitree_lidar_sdk) by extensions ['colcon_pkg']
[0.251s] Level 1:colcon.colcon_core.package_identification:_identify(unilidar_sdk2/unitree_lidar_sdk) by extension 'colcon_pkg'
[0.251s] Level 1:colcon.colcon_core.package_identification:_identify(unilidar_sdk2/unitree_lidar_sdk) by extensions ['colcon_meta']
[0.251s] Level 1:colcon.colcon_core.package_identification:_identify(unilidar_sdk2/unitree_lidar_sdk) by extension 'colcon_meta'
[0.251s] Level 1:colcon.colcon_core.package_identification:_identify(unilidar_sdk2/unitree_lidar_sdk) by extensions ['ros']
[0.251s] Level 1:colcon.colcon_core.package_identification:_identify(unilidar_sdk2/unitree_lidar_sdk) by extension 'ros'
[0.251s] Level 1:colcon.colcon_core.package_identification:_identify(unilidar_sdk2/unitree_lidar_sdk) by extensions ['cmake', 'python']
[0.251s] Level 1:colcon.colcon_core.package_identification:_identify(unilidar_sdk2/unitree_lidar_sdk) by extension 'cmake'
[0.261s] Level 1:colcon.colcon_core.package_identification:_identify(unilidar_sdk2/unitree_lidar_sdk) by extension 'python'
[0.261s] DEBUG:colcon.colcon_core.package_identification:Package 'unilidar_sdk2/unitree_lidar_sdk' with type 'cmake' and name 'unitree_lidar_sdk'
[0.261s] Level 1:colcon.colcon_core.package_discovery:discover_packages(recursive) using defaults
[0.261s] Level 1:colcon.colcon_core.package_discovery:discover_packages(ignore) discover
[0.261s] Level 1:colcon.colcon_core.package_discovery:discover_packages(ignore) using defaults
[0.262s] Level 1:colcon.colcon_core.package_discovery:discover_packages(path) discover
[0.262s] Level 1:colcon.colcon_core.package_discovery:discover_packages(path) using defaults
[0.280s] Level 1:colcon.colcon_core.package_discovery:discover_packages(prefix_path) check parameters
[0.280s] Level 1:colcon.colcon_core.package_discovery:discover_packages(prefix_path) discover
[0.285s] DEBUG:colcon.colcon_installed_package_information.package_discovery:Found 333 installed packages in /opt/ros/humble
[0.297s] Level 1:colcon.colcon_core.package_discovery:discover_packages(prefix_path) using defaults
[0.325s] Level 5:colcon.colcon_core.verb:set package 'livox_ros_driver2' build argument 'cmake_args' from command line to 'None'
[0.325s] Level 5:colcon.colcon_core.verb:set package 'livox_ros_driver2' build argument 'cmake_target' from command line to 'None'
[0.325s] Level 5:colcon.colcon_core.verb:set package 'livox_ros_driver2' build argument 'cmake_target_skip_unavailable' from command line to 'False'
[0.325s] Level 5:colcon.colcon_core.verb:set package 'livox_ros_driver2' build argument 'cmake_clean_cache' from command line to 'False'
[0.325s] Level 5:colcon.colcon_core.verb:set package 'livox_ros_driver2' build argument 'cmake_clean_first' from command line to 'False'
[0.325s] Level 5:colcon.colcon_core.verb:set package 'livox_ros_driver2' build argument 'cmake_force_configure' from command line to 'False'
[0.325s] Level 5:colcon.colcon_core.verb:set package 'livox_ros_driver2' build argument 'ament_cmake_args' from command line to 'None'
[0.325s] Level 5:colcon.colcon_core.verb:set package 'livox_ros_driver2' build argument 'catkin_cmake_args' from command line to 'None'
[0.325s] Level 5:colcon.colcon_core.verb:set package 'livox_ros_driver2' build argument 'catkin_skip_building_tests' from command line to 'False'
[0.325s] DEBUG:colcon.colcon_core.verb:Building package 'livox_ros_driver2' with the following arguments: {'ament_cmake_args': None, 'build_base': '/home/nyu/nav_ws/src/build/livox_ros_driver2', 'catkin_cmake_args': None, 'catkin_skip_building_tests': False, 'cmake_args': None, 'cmake_clean_cache': False, 'cmake_clean_first': False, 'cmake_force_configure': False, 'cmake_target': None, 'cmake_target_skip_unavailable': False, 'install_base': '/home/nyu/nav_ws/src/install/livox_ros_driver2', 'merge_install': False, 'path': '/home/nyu/nav_ws/src/livox_ros_driver2', 'symlink_install': False, 'test_result_base': None}
[0.326s] Level 5:colcon.colcon_core.verb:set package 'pcd2pgm' build argument 'cmake_args' from command line to 'None'
[0.326s] Level 5:colcon.colcon_core.verb:set package 'pcd2pgm' build argument 'cmake_target' from command line to 'None'
[0.326s] Level 5:colcon.colcon_core.verb:set package 'pcd2pgm' build argument 'cmake_target_skip_unavailable' from command line to 'False'
[0.326s] Level 5:colcon.colcon_core.verb:set package 'pcd2pgm' build argument 'cmake_clean_cache' from command line to 'False'
[0.326s] Level 5:colcon.colcon_core.verb:set package 'pcd2pgm' build argument 'cmake_clean_first' from command line to 'False'
[0.326s] Level 5:colcon.colcon_core.verb:set package 'pcd2pgm' build argument 'cmake_force_configure' from command line to 'False'
[0.326s] Level 5:colcon.colcon_core.verb:set package 'pcd2pgm' build argument 'ament_cmake_args' from command line to 'None'
[0.326s] Level 5:colcon.colcon_core.verb:set package 'pcd2pgm' build argument 'catkin_cmake_args' from command line to 'None'
[0.326s] Level 5:colcon.colcon_core.verb:set package 'pcd2pgm' build argument 'catkin_skip_building_tests' from command line to 'False'
[0.326s] DEBUG:colcon.colcon_core.verb:Building package 'pcd2pgm' with the following arguments: {'ament_cmake_args': None, 'build_base': '/home/nyu/nav_ws/src/build/pcd2pgm', 'catkin_cmake_args': None, 'catkin_skip_building_tests': False, 'cmake_args': None, 'cmake_clean_cache': False, 'cmake_clean_first': False, 'cmake_force_configure': False, 'cmake_target': None, 'cmake_target_skip_unavailable': False, 'install_base': '/home/nyu/nav_ws/src/install/pcd2pgm', 'merge_install': False, 'path': '/home/nyu/nav_ws/src/pcd2pgm', 'symlink_install': False, 'test_result_base': None}
[0.326s] Level 5:colcon.colcon_core.verb:set package 'point_lio' build argument 'cmake_args' from command line to 'None'
[0.326s] Level 5:colcon.colcon_core.verb:set package 'point_lio' build argument 'cmake_target' from command line to 'None'
[0.326s] Level 5:colcon.colcon_core.verb:set package 'point_lio' build argument 'cmake_target_skip_unavailable' from command line to 'False'
[0.326s] Level 5:colcon.colcon_core.verb:set package 'point_lio' build argument 'cmake_clean_cache' from command line to 'False'
[0.326s] Level 5:colcon.colcon_core.verb:set package 'point_lio' build argument 'cmake_clean_first' from command line to 'False'
[0.326s] Level 5:colcon.colcon_core.verb:set package 'point_lio' build argument 'cmake_force_configure' from command line to 'False'
[0.326s] Level 5:colcon.colcon_core.verb:set package 'point_lio' build argument 'ament_cmake_args' from command line to 'None'
[0.326s] Level 5:colcon.colcon_core.verb:set package 'point_lio' build argument 'catkin_cmake_args' from command line to 'None'
[0.326s] Level 5:colcon.colcon_core.verb:set package 'point_lio' build argument 'catkin_skip_building_tests' from command line to 'False'
[0.326s] DEBUG:colcon.colcon_core.verb:Building package 'point_lio' with the following arguments: {'ament_cmake_args': None, 'build_base': '/home/nyu/nav_ws/src/build/point_lio', 'catkin_cmake_args': None, 'catkin_skip_building_tests': False, 'cmake_args': None, 'cmake_clean_cache': False, 'cmake_clean_first': False, 'cmake_force_configure': False, 'cmake_target': None, 'cmake_target_skip_unavailable': False, 'install_base': '/home/nyu/nav_ws/src/install/point_lio', 'merge_install': False, 'path': '/home/nyu/nav_ws/src/point_lio_ros2', 'symlink_install': False, 'test_result_base': None}
[0.326s] Level 5:colcon.colcon_core.verb:set package 'unitree_lidar_ros2' build argument 'cmake_args' from command line to 'None'
[0.326s] Level 5:colcon.colcon_core.verb:set package 'unitree_lidar_ros2' build argument 'cmake_target' from command line to 'None'
[0.326s] Level 5:colcon.colcon_core.verb:set package 'unitree_lidar_ros2' build argument 'cmake_target_skip_unavailable' from command line to 'False'
[0.326s] Level 5:colcon.colcon_core.verb:set package 'unitree_lidar_ros2' build argument 'cmake_clean_cache' from command line to 'False'
[0.326s] Level 5:colcon.colcon_core.verb:set package 'unitree_lidar_ros2' build argument 'cmake_clean_first' from command line to 'False'
[0.326s] Level 5:colcon.colcon_core.verb:set package 'unitree_lidar_ros2' build argument 'cmake_force_configure' from command line to 'False'
[0.326s] Level 5:colcon.colcon_core.verb:set package 'unitree_lidar_ros2' build argument 'ament_cmake_args' from command line to 'None'
[0.326s] Level 5:colcon.colcon_core.verb:set package 'unitree_lidar_ros2' build argument 'catkin_cmake_args' from command line to 'None'
[0.326s] Level 5:colcon.colcon_core.verb:set package 'unitree_lidar_ros2' build argument 'catkin_skip_building_tests' from command line to 'False'
[0.326s] DEBUG:colcon.colcon_core.verb:Building package 'unitree_lidar_ros2' with the following arguments: {'ament_cmake_args': None, 'build_base': '/home/nyu/nav_ws/src/build/unitree_lidar_ros2', 'catkin_cmake_args': None, 'catkin_skip_building_tests': False, 'cmake_args': None, 'cmake_clean_cache': False, 'cmake_clean_first': False, 'cmake_force_configure': False, 'cmake_target': None, 'cmake_target_skip_unavailable': False, 'install_base': '/home/nyu/nav_ws/src/install/unitree_lidar_ros2', 'merge_install': False, 'path': '/home/nyu/nav_ws/src/unilidar_sdk2/unitree_lidar_ros2/src/unitree_lidar_ros2', 'symlink_install': False, 'test_result_base': None}
[0.327s] Level 5:colcon.colcon_core.verb:set package 'unitree_lidar_sdk' build argument 'cmake_args' from command line to 'None'
[0.327s] Level 5:colcon.colcon_core.verb:set package 'unitree_lidar_sdk' build argument 'cmake_target' from command line to 'None'
[0.327s] Level 5:colcon.colcon_core.verb:set package 'unitree_lidar_sdk' build argument 'cmake_target_skip_unavailable' from command line to 'False'
[0.327s] Level 5:colcon.colcon_core.verb:set package 'unitree_lidar_sdk' build argument 'cmake_clean_cache' from command line to 'False'
[0.327s] Level 5:colcon.colcon_core.verb:set package 'unitree_lidar_sdk' build argument 'cmake_clean_first' from command line to 'False'
[0.327s] Level 5:colcon.colcon_core.verb:set package 'unitree_lidar_sdk' build argument 'cmake_force_configure' from command line to 'False'
[0.327s] Level 5:colcon.colcon_core.verb:set package 'unitree_lidar_sdk' build argument 'ament_cmake_args' from command line to 'None'
[0.327s] Level 5:colcon.colcon_core.verb:set package 'unitree_lidar_sdk' build argument 'catkin_cmake_args' from command line to 'None'
[0.327s] Level 5:colcon.colcon_core.verb:set package 'unitree_lidar_sdk' build argument 'catkin_skip_building_tests' from command line to 'False'
[0.327s] DEBUG:colcon.colcon_core.verb:Building package 'unitree_lidar_sdk' with the following arguments: {'ament_cmake_args': None, 'build_base': '/home/nyu/nav_ws/src/build/unitree_lidar_sdk', 'catkin_cmake_args': None, 'catkin_skip_building_tests': False, 'cmake_args': None, 'cmake_clean_cache': False, 'cmake_clean_first': False, 'cmake_force_configure': False, 'cmake_target': None, 'cmake_target_skip_unavailable': False, 'install_base': '/home/nyu/nav_ws/src/install/unitree_lidar_sdk', 'merge_install': False, 'path': '/home/nyu/nav_ws/src/unilidar_sdk2/unitree_lidar_sdk', 'symlink_install': False, 'test_result_base': None}
[0.327s] INFO:colcon.colcon_core.executor:Executing jobs using 'parallel' executor
[0.328s] DEBUG:colcon.colcon_parallel_executor.executor.parallel:run_until_complete
[0.328s] INFO:colcon.colcon_ros.task.ament_cmake.build:Building ROS package in '/home/nyu/nav_ws/src/livox_ros_driver2' with build type 'ament_cmake'
[0.328s] INFO:colcon.colcon_cmake.task.cmake.build:Building CMake package in '/home/nyu/nav_ws/src/livox_ros_driver2'
[0.332s] INFO:colcon.colcon_core.plugin_system:Skipping extension 'colcon_core.shell.bat': Not used on non-Windows systems
[0.332s] INFO:colcon.colcon_core.shell:Skip shell extension 'powershell' for command environment: Not usable outside of PowerShell
[0.332s] DEBUG:colcon.colcon_core.shell:Skip shell extension 'dsv' for command environment
[0.335s] INFO:colcon.colcon_ros.task.ament_cmake.build:Building ROS package in '/home/nyu/nav_ws/src/pcd2pgm' with build type 'ament_cmake'
[0.335s] INFO:colcon.colcon_cmake.task.cmake.build:Building CMake package in '/home/nyu/nav_ws/src/pcd2pgm'
[0.335s] INFO:colcon.colcon_core.shell:Skip shell extension 'powershell' for command environment: Not usable outside of PowerShell
[0.335s] DEBUG:colcon.colcon_core.shell:Skip shell extension 'dsv' for command environment
[0.337s] INFO:colcon.colcon_ros.task.ament_cmake.build:Building ROS package in '/home/nyu/nav_ws/src/point_lio_ros2' with build type 'ament_cmake'
[0.337s] INFO:colcon.colcon_cmake.task.cmake.build:Building CMake package in '/home/nyu/nav_ws/src/point_lio_ros2'
[0.338s] INFO:colcon.colcon_core.shell:Skip shell extension 'powershell' for command environment: Not usable outside of PowerShell
[0.338s] DEBUG:colcon.colcon_core.shell:Skip shell extension 'dsv' for command environment
[0.339s] INFO:colcon.colcon_ros.task.ament_cmake.build:Building ROS package in '/home/nyu/nav_ws/src/unilidar_sdk2/unitree_lidar_ros2/src/unitree_lidar_ros2' with build type 'ament_cmake'
[0.339s] INFO:colcon.colcon_cmake.task.cmake.build:Building CMake package in '/home/nyu/nav_ws/src/unilidar_sdk2/unitree_lidar_ros2/src/unitree_lidar_ros2'
[0.340s] INFO:colcon.colcon_core.shell:Skip shell extension 'powershell' for command environment: Not usable outside of PowerShell
[0.340s] DEBUG:colcon.colcon_core.shell:Skip shell extension 'dsv' for command environment
[0.341s] INFO:colcon.colcon_cmake.task.cmake.build:Building CMake package in '/home/nyu/nav_ws/src/unilidar_sdk2/unitree_lidar_sdk'
[0.341s] INFO:colcon.colcon_core.shell:Skip shell extension 'powershell' for command environment: Not usable outside of PowerShell
[0.342s] DEBUG:colcon.colcon_core.shell:Skip shell extension 'dsv' for command environment
[0.347s] DEBUG:colcon.colcon_core.event_handler.log_command:Invoking command in '/home/nyu/nav_ws/src/build/livox_ros_driver2': CMAKE_PREFIX_PATH=/opt/ros/humble /usr/bin/cmake /home/nyu/nav_ws/src/livox_ros_driver2 -DCMAKE_INSTALL_PREFIX=/home/nyu/nav_ws/src/install/livox_ros_driver2
[0.351s] DEBUG:colcon.colcon_core.event_handler.log_command:Invoking command in '/home/nyu/nav_ws/src/build/pcd2pgm': CMAKE_PREFIX_PATH=/opt/ros/humble /usr/bin/cmake /home/nyu/nav_ws/src/pcd2pgm -DCMAKE_INSTALL_PREFIX=/home/nyu/nav_ws/src/install/pcd2pgm
[0.353s] DEBUG:colcon.colcon_core.event_handler.log_command:Invoking command in '/home/nyu/nav_ws/src/build/point_lio': CMAKE_PREFIX_PATH=/opt/ros/humble /usr/bin/cmake /home/nyu/nav_ws/src/point_lio_ros2 -DCMAKE_INSTALL_PREFIX=/home/nyu/nav_ws/src/install/point_lio
[0.356s] DEBUG:colcon.colcon_core.event_handler.log_command:Invoking command in '/home/nyu/nav_ws/src/build/unitree_lidar_ros2': CMAKE_PREFIX_PATH=/opt/ros/humble /usr/bin/cmake /home/nyu/nav_ws/src/unilidar_sdk2/unitree_lidar_ros2/src/unitree_lidar_ros2 -DCMAKE_INSTALL_PREFIX=/home/nyu/nav_ws/src/install/unitree_lidar_ros2
[0.362s] DEBUG:colcon.colcon_core.event_handler.log_command:Invoking command in '/home/nyu/nav_ws/src/build/unitree_lidar_sdk': /usr/bin/cmake /home/nyu/nav_ws/src/unilidar_sdk2/unitree_lidar_sdk -DCMAKE_INSTALL_PREFIX=/home/nyu/nav_ws/src/install/unitree_lidar_sdk
[0.721s] DEBUG:colcon.colcon_core.event_handler.log_command:Invoked command in '/home/nyu/nav_ws/src/build/unitree_lidar_sdk' returned '0': /usr/bin/cmake /home/nyu/nav_ws/src/unilidar_sdk2/unitree_lidar_sdk -DCMAKE_INSTALL_PREFIX=/home/nyu/nav_ws/src/install/unitree_lidar_sdk
[0.723s] DEBUG:colcon.colcon_core.event_handler.log_command:Invoking command in '/home/nyu/nav_ws/src/build/unitree_lidar_sdk': /usr/bin/cmake --build /home/nyu/nav_ws/src/build/unitree_lidar_sdk -- -j16 -l16
[2.099s] DEBUG:colcon.colcon_core.event_handler.log_command:Invoked command in '/home/nyu/nav_ws/src/build/unitree_lidar_sdk' returned '0': /usr/bin/cmake --build /home/nyu/nav_ws/src/build/unitree_lidar_sdk -- -j16 -l16
[2.099s] WARNING:colcon.colcon_cmake.task.cmake.build:Could not run installation step for package 'unitree_lidar_sdk' because it has no 'install' target
[2.099s] Level 1:colcon.colcon_core.environment:create_environment_scripts_only(unitree_lidar_sdk)
[2.106s] Level 1:colcon.colcon_core.environment:checking '/home/nyu/nav_ws/src/install/unitree_lidar_sdk' for CMake module files
[2.108s] Level 1:colcon.colcon_core.environment:checking '/home/nyu/nav_ws/src/install/unitree_lidar_sdk' for CMake config files
[2.108s] Level 1:colcon.colcon_core.environment:checking '/home/nyu/nav_ws/src/install/unitree_lidar_sdk/bin'
[2.109s] Level 1:colcon.colcon_core.environment:checking '/home/nyu/nav_ws/src/install/unitree_lidar_sdk/lib/pkgconfig/unitree_lidar_sdk.pc'
[2.110s] Level 1:colcon.colcon_core.environment:checking '/home/nyu/nav_ws/src/install/unitree_lidar_sdk/lib/python3.10/site-packages'
[2.110s] Level 1:colcon.colcon_core.environment:checking '/home/nyu/nav_ws/src/install/unitree_lidar_sdk/bin'
[2.111s] INFO:colcon.colcon_core.shell:Creating package script '/home/nyu/nav_ws/src/install/unitree_lidar_sdk/share/unitree_lidar_sdk/package.ps1'
[2.113s] INFO:colcon.colcon_core.shell:Creating package descriptor '/home/nyu/nav_ws/src/install/unitree_lidar_sdk/share/unitree_lidar_sdk/package.dsv'
[2.113s] INFO:colcon.colcon_core.shell:Creating package script '/home/nyu/nav_ws/src/install/unitree_lidar_sdk/share/unitree_lidar_sdk/package.sh'
[2.114s] INFO:colcon.colcon_core.shell:Creating package script '/home/nyu/nav_ws/src/install/unitree_lidar_sdk/share/unitree_lidar_sdk/package.bash'
[2.116s] INFO:colcon.colcon_core.shell:Creating package script '/home/nyu/nav_ws/src/install/unitree_lidar_sdk/share/unitree_lidar_sdk/package.zsh'
[2.117s] Level 1:colcon.colcon_core.environment:create_file_with_runtime_dependencies(/home/nyu/nav_ws/src/install/unitree_lidar_sdk/share/colcon-core/packages/unitree_lidar_sdk)
[4.089s] DEBUG:colcon.colcon_core.event_handler.log_command:Invoked command in '/home/nyu/nav_ws/src/build/pcd2pgm' returned '0': CMAKE_PREFIX_PATH=/opt/ros/humble /usr/bin/cmake /home/nyu/nav_ws/src/pcd2pgm -DCMAKE_INSTALL_PREFIX=/home/nyu/nav_ws/src/install/pcd2pgm
[4.092s] DEBUG:colcon.colcon_core.event_handler.log_command:Invoking command in '/home/nyu/nav_ws/src/build/pcd2pgm': CMAKE_PREFIX_PATH=/opt/ros/humble /usr/bin/cmake --build /home/nyu/nav_ws/src/build/pcd2pgm -- -j16 -l16
[4.144s] DEBUG:colcon.colcon_core.event_handler.log_command:Invoked command in '/home/nyu/nav_ws/src/build/unitree_lidar_ros2' returned '0': CMAKE_PREFIX_PATH=/opt/ros/humble /usr/bin/cmake /home/nyu/nav_ws/src/unilidar_sdk2/unitree_lidar_ros2/src/unitree_lidar_ros2 -DCMAKE_INSTALL_PREFIX=/home/nyu/nav_ws/src/install/unitree_lidar_ros2
[4.146s] DEBUG:colcon.colcon_core.event_handler.log_command:Invoking command in '/home/nyu/nav_ws/src/build/unitree_lidar_ros2': CMAKE_PREFIX_PATH=/opt/ros/humble /usr/bin/cmake --build /home/nyu/nav_ws/src/build/unitree_lidar_ros2 -- -j16 -l16
[4.531s] DEBUG:colcon.colcon_core.event_handler.log_command:Invoked command in '/home/nyu/nav_ws/src/build/point_lio' returned '0': CMAKE_PREFIX_PATH=/opt/ros/humble /usr/bin/cmake /home/nyu/nav_ws/src/point_lio_ros2 -DCMAKE_INSTALL_PREFIX=/home/nyu/nav_ws/src/install/point_lio
[4.533s] DEBUG:colcon.colcon_core.event_handler.log_command:Invoking command in '/home/nyu/nav_ws/src/build/point_lio': CMAKE_PREFIX_PATH=/opt/ros/humble /usr/bin/cmake --build /home/nyu/nav_ws/src/build/point_lio -- -j16 -l16
[5.126s] DEBUG:colcon.colcon_core.event_handler.log_command:Invoked command in '/home/nyu/nav_ws/src/build/livox_ros_driver2' returned '1': CMAKE_PREFIX_PATH=/opt/ros/humble /usr/bin/cmake /home/nyu/nav_ws/src/livox_ros_driver2 -DCMAKE_INSTALL_PREFIX=/home/nyu/nav_ws/src/install/livox_ros_driver2
[5.143s] Level 1:colcon.colcon_core.environment:create_environment_scripts_only(livox_ros_driver2)
[5.143s] Level 1:colcon.colcon_core.environment:checking '/home/nyu/nav_ws/src/install/livox_ros_driver2' for CMake module files
[5.143s] Level 1:colcon.colcon_core.environment:checking '/home/nyu/nav_ws/src/install/livox_ros_driver2' for CMake config files
[5.143s] Level 1:colcon.colcon_core.environment:checking '/home/nyu/nav_ws/src/install/livox_ros_driver2/bin'
[5.144s] Level 1:colcon.colcon_core.environment:checking '/home/nyu/nav_ws/src/install/livox_ros_driver2/lib/pkgconfig/livox_ros_driver2.pc'
[5.144s] Level 1:colcon.colcon_core.environment:checking '/home/nyu/nav_ws/src/install/livox_ros_driver2/lib/python3.10/site-packages'
[5.144s] Level 1:colcon.colcon_core.environment:checking '/home/nyu/nav_ws/src/install/livox_ros_driver2/bin'
[5.144s] INFO:colcon.colcon_core.shell:Creating package script '/home/nyu/nav_ws/src/install/livox_ros_driver2/share/livox_ros_driver2/package.ps1'
[5.145s] INFO:colcon.colcon_core.shell:Creating package descriptor '/home/nyu/nav_ws/src/install/livox_ros_driver2/share/livox_ros_driver2/package.dsv'
[5.145s] INFO:colcon.colcon_core.shell:Creating package script '/home/nyu/nav_ws/src/install/livox_ros_driver2/share/livox_ros_driver2/package.sh'
[5.145s] INFO:colcon.colcon_core.shell:Creating package script '/home/nyu/nav_ws/src/install/livox_ros_driver2/share/livox_ros_driver2/package.bash'
[5.146s] INFO:colcon.colcon_core.shell:Creating package script '/home/nyu/nav_ws/src/install/livox_ros_driver2/share/livox_ros_driver2/package.zsh'
[5.146s] Level 1:colcon.colcon_core.environment:create_file_with_runtime_dependencies(/home/nyu/nav_ws/src/install/livox_ros_driver2/share/colcon-core/packages/livox_ros_driver2)
[41.292s] DEBUG:colcon.colcon_parallel_executor.executor.parallel:run_until_complete was interrupted
[41.292s] DEBUG:colcon.colcon_parallel_executor.executor.parallel:run_until_complete again
[41.418s] DEBUG:colcon.colcon_parallel_executor.executor.parallel:run_until_complete finished
[41.418s] DEBUG:colcon.colcon_parallel_executor.executor.parallel:closing loop
[41.418s] DEBUG:colcon.colcon_parallel_executor.executor.parallel:loop closed
[41.418s] DEBUG:colcon.colcon_core.event_reactor:joining thread
[41.425s] INFO:colcon.colcon_core.plugin_system:Skipping extension 'colcon_notification.desktop_notification.terminal_notifier': Not used on non-Darwin systems
[41.425s] INFO:colcon.colcon_core.plugin_system:Skipping extension 'colcon_notification.desktop_notification.win32': Not used on non-Windows systems
[41.425s] INFO:colcon.colcon_notification.desktop_notification:Sending desktop notification using 'notify2'
[41.438s] DEBUG:colcon.colcon_core.event_reactor:joined thread
[41.438s] INFO:colcon.colcon_core.shell:Creating prefix script '/home/nyu/nav_ws/src/install/local_setup.ps1'
[41.440s] INFO:colcon.colcon_core.shell:Creating prefix util module '/home/nyu/nav_ws/src/install/_local_setup_util_ps1.py'
[41.441s] INFO:colcon.colcon_core.shell:Creating prefix chain script '/home/nyu/nav_ws/src/install/setup.ps1'
[41.443s] INFO:colcon.colcon_core.shell:Creating prefix script '/home/nyu/nav_ws/src/install/local_setup.sh'
[41.443s] INFO:colcon.colcon_core.shell:Creating prefix util module '/home/nyu/nav_ws/src/install/_local_setup_util_sh.py'
[41.444s] INFO:colcon.colcon_core.shell:Creating prefix chain script '/home/nyu/nav_ws/src/install/setup.sh'
[41.445s] INFO:colcon.colcon_core.shell:Creating prefix script '/home/nyu/nav_ws/src/install/local_setup.bash'
[41.445s] INFO:colcon.colcon_core.shell:Creating prefix chain script '/home/nyu/nav_ws/src/install/setup.bash'
[41.446s] INFO:colcon.colcon_core.shell:Creating prefix script '/home/nyu/nav_ws/src/install/local_setup.zsh'
[41.446s] INFO:colcon.colcon_core.shell:Creating prefix chain script '/home/nyu/nav_ws/src/install/setup.zsh'
