[0.188s] Invoking command in '/home/nyu/nav_ws/build/pcd2pgm': CMAKE_PREFIX_PATH=${CMAKE_PREFIX_PATH}:/home/nyu/nav_ws/install/map2gazebo:/opt/ros/humble /usr/bin/cmake /home/nyu/nav_ws/src/pcd2pgm -DAMENT_CMAKE_SYMLINK_INSTALL=1 -DCMAKE_INSTALL_PREFIX=/home/nyu/nav_ws/install/pcd2pgm
[0.249s] -- The C compiler identification is GNU 11.4.0
[0.313s] -- The CXX compiler identification is GNU 11.4.0
[0.321s] -- Detecting C compiler ABI info
[0.394s] -- Detecting C compiler ABI info - done
[0.402s] -- Check for working C compiler: /usr/bin/cc - skipped
[0.402s] -- Detecting C compile features
[0.404s] -- Detecting C compile features - done
[0.406s] -- Detecting CXX compiler ABI info
[0.505s] -- Detecting CXX compiler ABI info - done
[0.515s] -- Check for working CXX compiler: /usr/bin/c++ - skipped
[0.515s] -- Detecting CXX compile features
[0.515s] -- Detecting CXX compile features - done
[0.518s] -- Found ament_cmake_auto: 1.3.12 (/opt/ros/humble/share/ament_cmake_auto/cmake)
[0.675s] -- Found Python3: /usr/bin/python3 (found version "3.10.12") found components: Interpreter 
[0.725s] -- Override CMake install command with custom implementation using symlinks instead of copying resources
[0.898s] -- Found rosidl_generator_c: 3.1.7 (/opt/ros/humble/share/rosidl_generator_c/cmake)
[0.904s] -- Found rosidl_adapter: 3.1.7 (/opt/ros/humble/share/rosidl_adapter/cmake)
[0.916s] -- Found rosidl_generator_cpp: 3.1.7 (/opt/ros/humble/share/rosidl_generator_cpp/cmake)
[0.935s] -- Using all available rosidl_typesupport_c: rosidl_typesupport_fastrtps_c;rosidl_typesupport_introspection_c
[0.963s] -- Using all available rosidl_typesupport_cpp: rosidl_typesupport_fastrtps_cpp;rosidl_typesupport_introspection_cpp
[1.033s] -- Found rmw_implementation_cmake: 6.1.2 (/opt/ros/humble/share/rmw_implementation_cmake/cmake)
[1.038s] -- Found rmw_fastrtps_cpp: 6.2.9 (/opt/ros/humble/share/rmw_fastrtps_cpp/cmake)
[1.190s] -- Found OpenSSL: /usr/lib/x86_64-linux-gnu/libcrypto.so (found version "3.0.2")  
[1.234s] -- Found FastRTPS: /opt/ros/humble/include  
[1.289s] -- Using RMW implementation 'rmw_fastrtps_cpp' as default
[1.301s] -- Looking for pthread.h
[1.390s] -- Looking for pthread.h - found
[1.390s] -- Performing Test CMAKE_HAVE_LIBC_PTHREAD
[1.495s] -- Performing Test CMAKE_HAVE_LIBC_PTHREAD - Success
[1.496s] -- Found Threads: TRUE  
[1.719s] -- Checking for module 'eigen3'
[1.739s] --   Found eigen3, version 3.4.0
[1.814s] -- Found Eigen: /usr/include/eigen3 (Required is at least version "3.1") 
[1.814s] -- Eigen found (include: /usr/include/eigen3, version: 3.4.0)
[1.891s] -- Checking for module 'flann'
[1.925s] --   Found flann, version 1.9.1
[1.978s] -- Found FLANN: /usr/lib/x86_64-linux-gnu/libflann_cpp.so  
[1.978s] -- FLANN found (include: /usr/include, lib: /usr/lib/x86_64-linux-gnu/libflann_cpp.so)
[3.002s] -- Checking for module 'libusb-1.0'
[3.019s] --   Found libusb-1.0, version 1.0.25
[3.062s] -- Found libusb: /usr/lib/x86_64-linux-gnu/libusb-1.0.so  
[3.063s] -- OpenNI found (version: 1.5.4.0, include: /usr/include/ni, lib: /usr/lib/libOpenNI.so;libusb::libusb)
[3.133s] -- OpenNI2 found (version: 2.2.0.33, include: /usr/include/openni2, lib: /usr/lib/x86_64-linux-gnu/libOpenNI2.so;libusb::libusb)
[3.316s] -- Eigen found (include: /usr/include/eigen3, version: 3.4.0)
[3.324s] -- OpenNI found (version: 1.5.4.0, include: /usr/include/ni, lib: /usr/lib/libOpenNI.so;libusb::libusb)
[3.332s] -- OpenNI2 found (version: 2.2.0.33, include: /usr/include/openni2, lib: /usr/lib/x86_64-linux-gnu/libOpenNI2.so;libusb::libusb)
[3.508s] -- Found Qhull version 8.0.2
[3.695s] -- OpenNI found (version: 1.5.4.0, include: /usr/include/ni, lib: /usr/lib/libOpenNI.so;libusb::libusb)
[3.873s] -- Found PCL_COMMON: /usr/lib/x86_64-linux-gnu/libpcl_common.so  
[3.874s] -- Found PCL_KDTREE: /usr/lib/x86_64-linux-gnu/libpcl_kdtree.so  
[3.874s] -- Found PCL_OCTREE: /usr/lib/x86_64-linux-gnu/libpcl_octree.so  
[3.875s] -- Found PCL_SEARCH: /usr/lib/x86_64-linux-gnu/libpcl_search.so  
[3.876s] -- Found PCL_SAMPLE_CONSENSUS: /usr/lib/x86_64-linux-gnu/libpcl_sample_consensus.so  
[3.876s] -- Found PCL_FILTERS: /usr/lib/x86_64-linux-gnu/libpcl_filters.so  
[3.876s] -- Found PCL_2D: /usr/include/pcl-1.12  
[3.877s] -- Found PCL_GEOMETRY: /usr/include/pcl-1.12  
[3.877s] -- Found PCL_IO: /usr/lib/x86_64-linux-gnu/libpcl_io.so  
[3.878s] -- Found PCL_FEATURES: /usr/lib/x86_64-linux-gnu/libpcl_features.so  
[3.879s] -- Found PCL_ML: /usr/lib/x86_64-linux-gnu/libpcl_ml.so  
[3.880s] -- Found PCL_SEGMENTATION: /usr/lib/x86_64-linux-gnu/libpcl_segmentation.so  
[3.880s] -- Found PCL_VISUALIZATION: /usr/lib/x86_64-linux-gnu/libpcl_visualization.so  
[3.881s] -- Found PCL_SURFACE: /usr/lib/x86_64-linux-gnu/libpcl_surface.so  
[3.882s] -- Found PCL_REGISTRATION: /usr/lib/x86_64-linux-gnu/libpcl_registration.so  
[3.882s] -- Found PCL_KEYPOINTS: /usr/lib/x86_64-linux-gnu/libpcl_keypoints.so  
[3.883s] -- Found PCL_TRACKING: /usr/lib/x86_64-linux-gnu/libpcl_tracking.so  
[3.884s] -- Found PCL_RECOGNITION: /usr/lib/x86_64-linux-gnu/libpcl_recognition.so  
[3.885s] -- Found PCL_STEREO: /usr/lib/x86_64-linux-gnu/libpcl_stereo.so  
[3.885s] -- Found PCL_APPS: /usr/lib/x86_64-linux-gnu/libpcl_apps.so  
[3.886s] -- Found PCL_IN_HAND_SCANNER: /usr/include/pcl-1.12  
[3.886s] -- Found PCL_MODELER: /usr/include/pcl-1.12  
[3.887s] -- Found PCL_POINT_CLOUD_EDITOR: /usr/include/pcl-1.12  
[3.887s] -- Found PCL_OUTOFCORE: /usr/lib/x86_64-linux-gnu/libpcl_outofcore.so  
[3.888s] -- Found PCL_PEOPLE: /usr/lib/x86_64-linux-gnu/libpcl_people.so  
[3.911s] -- Found eigen3_cmake_module: 0.1.1 (/opt/ros/humble/share/eigen3_cmake_module/cmake)
[3.912s] -- Found Eigen3: TRUE (found version "3.4.0") 
[3.913s] -- Ensuring Eigen3 include directory is part of orocos-kdl CMake target
[3.988s] -- Found ament_lint_auto: 0.12.14 (/opt/ros/humble/share/ament_lint_auto/cmake)
[4.007s] -- Added test 'clang_format' to check C / C++ code style
[4.012s] -- Added test 'clang_tidy' to check C / C++ code style
[4.013s] -- Added test 'black' to check Python code style
[4.013s] -- Added test 'xmllint' to check XML markup files
[4.013s] -- Added test 'copyright' to check source files copyright and LICENSE
[4.014s] -- Configuring done
[4.050s] -- Generating done
[4.060s] -- Build files have been written to: /home/nyu/nav_ws/build/pcd2pgm
[4.087s] Invoked command in '/home/nyu/nav_ws/build/pcd2pgm' returned '0': CMAKE_PREFIX_PATH=${CMAKE_PREFIX_PATH}:/home/nyu/nav_ws/install/map2gazebo:/opt/ros/humble /usr/bin/cmake /home/nyu/nav_ws/src/pcd2pgm -DAMENT_CMAKE_SYMLINK_INSTALL=1 -DCMAKE_INSTALL_PREFIX=/home/nyu/nav_ws/install/pcd2pgm
[4.089s] Invoking command in '/home/nyu/nav_ws/build/pcd2pgm': CMAKE_PREFIX_PATH=${CMAKE_PREFIX_PATH}:/home/nyu/nav_ws/install/map2gazebo:/opt/ros/humble /usr/bin/cmake --build /home/nyu/nav_ws/build/pcd2pgm -- -j16 -l16
[4.167s] [ 25%] [32mBuilding CXX object CMakeFiles/pcd2pgm.dir/src/pcd2pgm.cpp.o[0m
[4.171s] [ 50%] [32mBuilding CXX object CMakeFiles/pcd2pgm_node.dir/rclcpp_components/node_main_pcd2pgm_node.cpp.o[0m
[9.160s] [ 75%] [32m[1mLinking CXX executable pcd2pgm_node[0m
[9.468s] [ 75%] Built target pcd2pgm_node
[18.847s] [100%] [32m[1mLinking CXX shared library libpcd2pgm.so[0m
[20.288s] [100%] Built target pcd2pgm
[20.304s] Invoked command in '/home/nyu/nav_ws/build/pcd2pgm' returned '0': CMAKE_PREFIX_PATH=${CMAKE_PREFIX_PATH}:/home/nyu/nav_ws/install/map2gazebo:/opt/ros/humble /usr/bin/cmake --build /home/nyu/nav_ws/build/pcd2pgm -- -j16 -l16
[20.306s] Invoking command in '/home/nyu/nav_ws/build/pcd2pgm': CMAKE_PREFIX_PATH=${CMAKE_PREFIX_PATH}:/home/nyu/nav_ws/install/map2gazebo:/opt/ros/humble /usr/bin/cmake --install /home/nyu/nav_ws/build/pcd2pgm
[20.315s] -- Install configuration: ""
[20.315s] -- Execute custom install script
[20.316s] -- Symlinking: /home/nyu/nav_ws/install/pcd2pgm/lib/pcd2pgm/pcd2pgm_node
[20.328s] -- Symlinking: /home/nyu/nav_ws/install/pcd2pgm/include/pcd2pgm/pcd2pgm/pcd2pgm.hpp
[20.339s] -- Symlinking: /home/nyu/nav_ws/install/pcd2pgm/share/pcd2pgm/environment/library_path.sh
[20.346s] -- Symlinking: /home/nyu/nav_ws/install/pcd2pgm/share/pcd2pgm/environment/library_path.dsv
[20.356s] -- Symlinking: /home/nyu/nav_ws/install/pcd2pgm/lib/libpcd2pgm.so
[20.367s] -- Symlinking: /home/nyu/nav_ws/install/pcd2pgm/share/pcd2pgm/config/pcd2pgm.yaml
[20.377s] -- Symlinking: /home/nyu/nav_ws/install/pcd2pgm/share/pcd2pgm/config/pcd2pgm.yaml.backup
[20.387s] -- Symlinking: /home/nyu/nav_ws/install/pcd2pgm/share/pcd2pgm/config/pcd2pgm.yaml.backup_before_angle_adjust
[20.398s] -- Symlinking: /home/nyu/nav_ws/install/pcd2pgm/share/pcd2pgm/launch/pcd2pgm_launch.py
[20.409s] -- Symlinking: /home/nyu/nav_ws/install/pcd2pgm/share/pcd2pgm/rviz/pcd2pgm.rviz
[20.420s] -- Symlinking: /home/nyu/nav_ws/install/pcd2pgm/share/ament_index/resource_index/package_run_dependencies/pcd2pgm
[20.432s] -- Symlinking: /home/nyu/nav_ws/install/pcd2pgm/share/ament_index/resource_index/parent_prefix_path/pcd2pgm
[20.442s] -- Symlinking: /home/nyu/nav_ws/install/pcd2pgm/share/pcd2pgm/environment/ament_prefix_path.sh
[20.450s] -- Symlinking: /home/nyu/nav_ws/install/pcd2pgm/share/pcd2pgm/environment/ament_prefix_path.dsv
[20.459s] -- Symlinking: /home/nyu/nav_ws/install/pcd2pgm/share/pcd2pgm/environment/path.sh
[20.469s] -- Symlinking: /home/nyu/nav_ws/install/pcd2pgm/share/pcd2pgm/environment/path.dsv
[20.477s] -- Symlinking: /home/nyu/nav_ws/install/pcd2pgm/share/pcd2pgm/local_setup.bash
[20.485s] -- Symlinking: /home/nyu/nav_ws/install/pcd2pgm/share/pcd2pgm/local_setup.sh
[20.492s] -- Symlinking: /home/nyu/nav_ws/install/pcd2pgm/share/pcd2pgm/local_setup.zsh
[20.499s] -- Symlinking: /home/nyu/nav_ws/install/pcd2pgm/share/pcd2pgm/local_setup.dsv
[20.506s] -- Symlinking: /home/nyu/nav_ws/install/pcd2pgm/share/pcd2pgm/package.dsv
[20.513s] -- Symlinking: /home/nyu/nav_ws/install/pcd2pgm/share/ament_index/resource_index/packages/pcd2pgm
[20.523s] -- Symlinking: /home/nyu/nav_ws/install/pcd2pgm/share/ament_index/resource_index/rclcpp_components/pcd2pgm
[20.531s] -- Symlinking: /home/nyu/nav_ws/install/pcd2pgm/share/pcd2pgm/cmake/ament_cmake_export_dependencies-extras.cmake
[20.540s] -- Symlinking: /home/nyu/nav_ws/install/pcd2pgm/share/pcd2pgm/cmake/ament_cmake_export_include_directories-extras.cmake
[20.549s] -- Symlinking: /home/nyu/nav_ws/install/pcd2pgm/share/pcd2pgm/cmake/ament_cmake_export_libraries-extras.cmake
[20.557s] -- Symlinking: /home/nyu/nav_ws/install/pcd2pgm/share/pcd2pgm/cmake/pcd2pgmConfig.cmake
[20.566s] -- Symlinking: /home/nyu/nav_ws/install/pcd2pgm/share/pcd2pgm/cmake/pcd2pgmConfig-version.cmake
[20.577s] -- Symlinking: /home/nyu/nav_ws/install/pcd2pgm/share/pcd2pgm/package.xml
[20.589s] Invoked command in '/home/nyu/nav_ws/build/pcd2pgm' returned '0': CMAKE_PREFIX_PATH=${CMAKE_PREFIX_PATH}:/home/nyu/nav_ws/install/map2gazebo:/opt/ros/humble /usr/bin/cmake --install /home/nyu/nav_ws/build/pcd2pgm
