[0.020s] Invoking command in '/home/nyu/nav_ws/build/point_lio': CMAKE_PREFIX_PATH=/home/nyu/nav_ws/install/livox_ros_driver2:/home/nyu/nav_ws/install/unitree_lidar_ros2:/home/nyu/nav_ws/install/ros2_livox_simulation:/home/nyu/nav_ws/install/rm_navigation:/home/nyu/nav_ws/install/rm_nav_bringup:/home/nyu/nav_ws/install/pointcloud_to_laserscan:/home/nyu/nav_ws/install/point_lio:/home/nyu/nav_ws/install/pcd2pgm:/home/nyu/nav_ws/install/pb_rm_simulation:/home/nyu/nav_ws/install/icp_registration:/home/nyu/nav_ws/install/fast_lio:/home/nyu/nav_ws/install/linefit_ground_segmentation_ros:/home/nyu/nav_ws/install/linefit_ground_segmentation:/home/nyu/nav_ws/install/imu_complementary_filter:/home/nyu/nav_ws/install/fake_vel_transform:/home/nyu/nav_ws/install/map2gazebo:/opt/ros/humble LD_LIBRARY_PATH=/home/nyu/nav_ws/install/livox_ros_driver2/lib:/home/nyu/nav_ws/install/ros2_livox_simulation/lib:/home/nyu/nav_ws/install/pointcloud_to_laserscan/lib:/home/nyu/nav_ws/install/pcd2pgm/lib:/home/nyu/nav_ws/install/icp_registration/lib:/home/nyu/nav_ws/install/fast_lio/lib:/home/nyu/nav_ws/install/linefit_ground_segmentation/lib:/home/nyu/nav_ws/install/imu_complementary_filter/lib:/home/nyu/nav_ws/install/fake_vel_transform/lib:/usr/lib/x86_64-linux-gnu/gazebo-11/plugins:/opt/ros/humble/opt/rviz_ogre_vendor/lib:/opt/ros/humble/lib/x86_64-linux-gnu:/opt/ros/humble/opt/openvdb_vendor/lib:/opt/ros/humble/lib:/opt/MVS/lib/64:/opt/MVS/lib/32:/opt/MVS/lib/64:/opt/MVS/lib/32 /usr/bin/cmake /home/nyu/nav_ws/src/point_lio_ros2 -DAMENT_CMAKE_SYMLINK_INSTALL=1 -DCMAKE_INSTALL_PREFIX=/home/nyu/nav_ws/install/point_lio
[0.066s] -- The C compiler identification is GNU 11.4.0
[0.124s] -- The CXX compiler identification is GNU 11.4.0
[0.131s] -- Detecting C compiler ABI info
[0.193s] -- Detecting C compiler ABI info - done
[0.198s] -- Check for working C compiler: /usr/bin/cc - skipped
[0.198s] -- Detecting C compile features
[0.199s] -- Detecting C compile features - done
[0.201s] -- Detecting CXX compiler ABI info
[0.268s] -- Detecting CXX compiler ABI info - done
[0.277s] -- Check for working CXX compiler: /usr/bin/c++ - skipped
[0.277s] -- Detecting CXX compile features
[0.278s] -- Detecting CXX compile features - done
[0.279s] -- Current CPU architecture: x86_64
[0.285s] -- Processor number:  16
[0.285s] -- core for MP:  3
[0.288s] -- Found ament_cmake: 1.3.12 (/opt/ros/humble/share/ament_cmake/cmake)
[0.442s] -- Found Python3: /usr/bin/python3 (found version "3.10.12") found components: Interpreter 
[0.494s] -- Override CMake install command with custom implementation using symlinks instead of copying resources
[0.517s] -- Found rclcpp: 16.0.16 (/opt/ros/humble/share/rclcpp/cmake)
[0.550s] -- Found rosidl_generator_c: 3.1.7 (/opt/ros/humble/share/rosidl_generator_c/cmake)
[0.554s] -- Found rosidl_adapter: 3.1.7 (/opt/ros/humble/share/rosidl_adapter/cmake)
[0.561s] -- Found rosidl_generator_cpp: 3.1.7 (/opt/ros/humble/share/rosidl_generator_cpp/cmake)
[0.571s] -- Using all available rosidl_typesupport_c: rosidl_typesupport_fastrtps_c;rosidl_typesupport_introspection_c
[0.585s] -- Using all available rosidl_typesupport_cpp: rosidl_typesupport_fastrtps_cpp;rosidl_typesupport_introspection_cpp
[0.620s] -- Found rmw_implementation_cmake: 6.1.2 (/opt/ros/humble/share/rmw_implementation_cmake/cmake)
[0.623s] -- Found rmw_fastrtps_cpp: 6.2.9 (/opt/ros/humble/share/rmw_fastrtps_cpp/cmake)
[0.702s] -- Found OpenSSL: /usr/lib/x86_64-linux-gnu/libcrypto.so (found version "3.0.2")  
[0.732s] -- Found FastRTPS: /opt/ros/humble/include  
[0.767s] -- Using RMW implementation 'rmw_fastrtps_cpp' as default
[0.776s] -- Looking for pthread.h
[0.839s] -- Looking for pthread.h - found
[0.839s] -- Performing Test CMAKE_HAVE_LIBC_PTHREAD
[0.902s] -- Performing Test CMAKE_HAVE_LIBC_PTHREAD - Success
[0.904s] -- Found Threads: TRUE  
[0.971s] -- Found rclpy: 3.3.19 (/opt/ros/humble/share/rclpy/cmake)
[0.974s] -- Found geometry_msgs: 4.9.0 (/opt/ros/humble/share/geometry_msgs/cmake)
[0.991s] -- Found nav_msgs: 4.9.0 (/opt/ros/humble/share/nav_msgs/cmake)
[1.014s] -- Found sensor_msgs: 4.9.0 (/opt/ros/humble/share/sensor_msgs/cmake)
[1.035s] -- Found pcl_ros: 2.4.5 (/opt/ros/humble/share/pcl_ros/cmake)
[1.088s] -- Checking for module 'eigen3'
[1.102s] --   Found eigen3, version 3.4.0
[1.139s] -- Found Eigen: /usr/include/eigen3 (Required is at least version "3.1") 
[1.139s] -- Eigen found (include: /usr/include/eigen3, version: 3.4.0)
[1.190s] -- Checking for module 'flann'
[1.209s] --   Found flann, version 1.9.1
[1.263s] -- Found FLANN: /usr/lib/x86_64-linux-gnu/libflann_cpp.so  
[1.264s] -- FLANN found (include: /usr/include, lib: /usr/lib/x86_64-linux-gnu/libflann_cpp.so)
[2.546s] -- Checking for module 'libusb-1.0'
[2.567s] --   Found libusb-1.0, version 1.0.25
[2.619s] -- Found libusb: /usr/lib/x86_64-linux-gnu/libusb-1.0.so  
[2.620s] -- OpenNI found (version: 1.5.4.0, include: /usr/include/ni, lib: /usr/lib/libOpenNI.so;libusb::libusb)
[2.703s] -- OpenNI2 found (version: 2.2.0.33, include: /usr/include/openni2, lib: /usr/lib/x86_64-linux-gnu/libOpenNI2.so;libusb::libusb)
[2.885s] -- Eigen found (include: /usr/include/eigen3, version: 3.4.0)
[2.893s] -- OpenNI found (version: 1.5.4.0, include: /usr/include/ni, lib: /usr/lib/libOpenNI.so;libusb::libusb)
[2.900s] -- OpenNI2 found (version: 2.2.0.33, include: /usr/include/openni2, lib: /usr/lib/x86_64-linux-gnu/libOpenNI2.so;libusb::libusb)
[3.081s] -- Found Qhull version 8.0.2
[3.234s] -- OpenNI found (version: 1.5.4.0, include: /usr/include/ni, lib: /usr/lib/libOpenNI.so;libusb::libusb)
[3.373s] -- Found PCL_COMMON: /usr/lib/x86_64-linux-gnu/libpcl_common.so  
[3.374s] -- Found PCL_KDTREE: /usr/lib/x86_64-linux-gnu/libpcl_kdtree.so  
[3.375s] -- Found PCL_OCTREE: /usr/lib/x86_64-linux-gnu/libpcl_octree.so  
[3.376s] -- Found PCL_SEARCH: /usr/lib/x86_64-linux-gnu/libpcl_search.so  
[3.377s] -- Found PCL_SAMPLE_CONSENSUS: /usr/lib/x86_64-linux-gnu/libpcl_sample_consensus.so  
[3.378s] -- Found PCL_FILTERS: /usr/lib/x86_64-linux-gnu/libpcl_filters.so  
[3.379s] -- Found PCL_2D: /usr/include/pcl-1.12  
[3.379s] -- Found PCL_GEOMETRY: /usr/include/pcl-1.12  
[3.380s] -- Found PCL_IO: /usr/lib/x86_64-linux-gnu/libpcl_io.so  
[3.381s] -- Found PCL_FEATURES: /usr/lib/x86_64-linux-gnu/libpcl_features.so  
[3.382s] -- Found PCL_ML: /usr/lib/x86_64-linux-gnu/libpcl_ml.so  
[3.383s] -- Found PCL_SEGMENTATION: /usr/lib/x86_64-linux-gnu/libpcl_segmentation.so  
[3.384s] -- Found PCL_VISUALIZATION: /usr/lib/x86_64-linux-gnu/libpcl_visualization.so  
[3.385s] -- Found PCL_SURFACE: /usr/lib/x86_64-linux-gnu/libpcl_surface.so  
[3.386s] -- Found PCL_REGISTRATION: /usr/lib/x86_64-linux-gnu/libpcl_registration.so  
[3.387s] -- Found PCL_KEYPOINTS: /usr/lib/x86_64-linux-gnu/libpcl_keypoints.so  
[3.388s] -- Found PCL_TRACKING: /usr/lib/x86_64-linux-gnu/libpcl_tracking.so  
[3.389s] -- Found PCL_RECOGNITION: /usr/lib/x86_64-linux-gnu/libpcl_recognition.so  
[3.390s] -- Found PCL_STEREO: /usr/lib/x86_64-linux-gnu/libpcl_stereo.so  
[3.391s] -- Found PCL_APPS: /usr/lib/x86_64-linux-gnu/libpcl_apps.so  
[3.392s] -- Found PCL_IN_HAND_SCANNER: /usr/include/pcl-1.12  
[3.392s] -- Found PCL_MODELER: /usr/include/pcl-1.12  
[3.393s] -- Found PCL_POINT_CLOUD_EDITOR: /usr/include/pcl-1.12  
[3.394s] -- Found PCL_OUTOFCORE: /usr/lib/x86_64-linux-gnu/libpcl_outofcore.so  
[3.394s] -- Found PCL_PEOPLE: /usr/lib/x86_64-linux-gnu/libpcl_people.so  
[3.435s] -- Found eigen3_cmake_module: 0.1.1 (/opt/ros/humble/share/eigen3_cmake_module/cmake)
[3.436s] -- Found Eigen3: TRUE (found version "3.4.0") 
[3.436s] -- Ensuring Eigen3 include directory is part of orocos-kdl CMake target
[3.544s] -- Found visualization_msgs: 4.9.0 (/opt/ros/humble/share/visualization_msgs/cmake)
[3.565s] -- Found livox_ros_driver2: 1.0.0 (/home/nyu/nav_ws/install/livox_ros_driver2/share/livox_ros_driver2/cmake)
[3.913s] -- Found PythonLibs: /usr/lib/x86_64-linux-gnu/libpython3.10.so (found version "3.10.12") 
[4.009s] -- Configuring done
[4.058s] -- Generating done
[4.070s] -- Build files have been written to: /home/nyu/nav_ws/build/point_lio
[4.093s] Invoked command in '/home/nyu/nav_ws/build/point_lio' returned '0': CMAKE_PREFIX_PATH=/home/nyu/nav_ws/install/livox_ros_driver2:/home/nyu/nav_ws/install/unitree_lidar_ros2:/home/nyu/nav_ws/install/ros2_livox_simulation:/home/nyu/nav_ws/install/rm_navigation:/home/nyu/nav_ws/install/rm_nav_bringup:/home/nyu/nav_ws/install/pointcloud_to_laserscan:/home/nyu/nav_ws/install/point_lio:/home/nyu/nav_ws/install/pcd2pgm:/home/nyu/nav_ws/install/pb_rm_simulation:/home/nyu/nav_ws/install/icp_registration:/home/nyu/nav_ws/install/fast_lio:/home/nyu/nav_ws/install/linefit_ground_segmentation_ros:/home/nyu/nav_ws/install/linefit_ground_segmentation:/home/nyu/nav_ws/install/imu_complementary_filter:/home/nyu/nav_ws/install/fake_vel_transform:/home/nyu/nav_ws/install/map2gazebo:/opt/ros/humble LD_LIBRARY_PATH=/home/nyu/nav_ws/install/livox_ros_driver2/lib:/home/nyu/nav_ws/install/ros2_livox_simulation/lib:/home/nyu/nav_ws/install/pointcloud_to_laserscan/lib:/home/nyu/nav_ws/install/pcd2pgm/lib:/home/nyu/nav_ws/install/icp_registration/lib:/home/nyu/nav_ws/install/fast_lio/lib:/home/nyu/nav_ws/install/linefit_ground_segmentation/lib:/home/nyu/nav_ws/install/imu_complementary_filter/lib:/home/nyu/nav_ws/install/fake_vel_transform/lib:/usr/lib/x86_64-linux-gnu/gazebo-11/plugins:/opt/ros/humble/opt/rviz_ogre_vendor/lib:/opt/ros/humble/lib/x86_64-linux-gnu:/opt/ros/humble/opt/openvdb_vendor/lib:/opt/ros/humble/lib:/opt/MVS/lib/64:/opt/MVS/lib/32:/opt/MVS/lib/64:/opt/MVS/lib/32 /usr/bin/cmake /home/nyu/nav_ws/src/point_lio_ros2 -DAMENT_CMAKE_SYMLINK_INSTALL=1 -DCMAKE_INSTALL_PREFIX=/home/nyu/nav_ws/install/point_lio
[4.095s] Invoking command in '/home/nyu/nav_ws/build/point_lio': CMAKE_PREFIX_PATH=/home/nyu/nav_ws/install/livox_ros_driver2:/home/nyu/nav_ws/install/unitree_lidar_ros2:/home/nyu/nav_ws/install/ros2_livox_simulation:/home/nyu/nav_ws/install/rm_navigation:/home/nyu/nav_ws/install/rm_nav_bringup:/home/nyu/nav_ws/install/pointcloud_to_laserscan:/home/nyu/nav_ws/install/point_lio:/home/nyu/nav_ws/install/pcd2pgm:/home/nyu/nav_ws/install/pb_rm_simulation:/home/nyu/nav_ws/install/icp_registration:/home/nyu/nav_ws/install/fast_lio:/home/nyu/nav_ws/install/linefit_ground_segmentation_ros:/home/nyu/nav_ws/install/linefit_ground_segmentation:/home/nyu/nav_ws/install/imu_complementary_filter:/home/nyu/nav_ws/install/fake_vel_transform:/home/nyu/nav_ws/install/map2gazebo:/opt/ros/humble LD_LIBRARY_PATH=/home/nyu/nav_ws/install/livox_ros_driver2/lib:/home/nyu/nav_ws/install/ros2_livox_simulation/lib:/home/nyu/nav_ws/install/pointcloud_to_laserscan/lib:/home/nyu/nav_ws/install/pcd2pgm/lib:/home/nyu/nav_ws/install/icp_registration/lib:/home/nyu/nav_ws/install/fast_lio/lib:/home/nyu/nav_ws/install/linefit_ground_segmentation/lib:/home/nyu/nav_ws/install/imu_complementary_filter/lib:/home/nyu/nav_ws/install/fake_vel_transform/lib:/usr/lib/x86_64-linux-gnu/gazebo-11/plugins:/opt/ros/humble/opt/rviz_ogre_vendor/lib:/opt/ros/humble/lib/x86_64-linux-gnu:/opt/ros/humble/opt/openvdb_vendor/lib:/opt/ros/humble/lib:/opt/MVS/lib/64:/opt/MVS/lib/32:/opt/MVS/lib/64:/opt/MVS/lib/32 /usr/bin/cmake --build /home/nyu/nav_ws/build/point_lio -- -j16 -l16
[4.157s] [ 83%] [32mBuilding CXX object CMakeFiles/pointlio_mapping.dir/src/Estimator.cpp.o[0m
[4.157s] [ 83%] [32mBuilding CXX object CMakeFiles/pointlio_mapping.dir/src/laserMapping.cpp.o[0m
[4.157s] [ 83%] [32mBuilding CXX object CMakeFiles/pointlio_mapping.dir/src/parameters.cpp.o[0m
[4.158s] [ 83%] [32mBuilding CXX object CMakeFiles/pointlio_mapping.dir/include/ikd-Tree/ikd_Tree.cpp.o[0m
[4.158s] [ 83%] [32mBuilding CXX object CMakeFiles/pointlio_mapping.dir/src/preprocess.cpp.o[0m
[48.509s] [100%] [32m[1mLinking CXX executable pointlio_mapping[0m
[49.060s] [100%] Built target pointlio_mapping
[49.070s] Invoked command in '/home/nyu/nav_ws/build/point_lio' returned '0': CMAKE_PREFIX_PATH=/home/nyu/nav_ws/install/livox_ros_driver2:/home/nyu/nav_ws/install/unitree_lidar_ros2:/home/nyu/nav_ws/install/ros2_livox_simulation:/home/nyu/nav_ws/install/rm_navigation:/home/nyu/nav_ws/install/rm_nav_bringup:/home/nyu/nav_ws/install/pointcloud_to_laserscan:/home/nyu/nav_ws/install/point_lio:/home/nyu/nav_ws/install/pcd2pgm:/home/nyu/nav_ws/install/pb_rm_simulation:/home/nyu/nav_ws/install/icp_registration:/home/nyu/nav_ws/install/fast_lio:/home/nyu/nav_ws/install/linefit_ground_segmentation_ros:/home/nyu/nav_ws/install/linefit_ground_segmentation:/home/nyu/nav_ws/install/imu_complementary_filter:/home/nyu/nav_ws/install/fake_vel_transform:/home/nyu/nav_ws/install/map2gazebo:/opt/ros/humble LD_LIBRARY_PATH=/home/nyu/nav_ws/install/livox_ros_driver2/lib:/home/nyu/nav_ws/install/ros2_livox_simulation/lib:/home/nyu/nav_ws/install/pointcloud_to_laserscan/lib:/home/nyu/nav_ws/install/pcd2pgm/lib:/home/nyu/nav_ws/install/icp_registration/lib:/home/nyu/nav_ws/install/fast_lio/lib:/home/nyu/nav_ws/install/linefit_ground_segmentation/lib:/home/nyu/nav_ws/install/imu_complementary_filter/lib:/home/nyu/nav_ws/install/fake_vel_transform/lib:/usr/lib/x86_64-linux-gnu/gazebo-11/plugins:/opt/ros/humble/opt/rviz_ogre_vendor/lib:/opt/ros/humble/lib/x86_64-linux-gnu:/opt/ros/humble/opt/openvdb_vendor/lib:/opt/ros/humble/lib:/opt/MVS/lib/64:/opt/MVS/lib/32:/opt/MVS/lib/64:/opt/MVS/lib/32 /usr/bin/cmake --build /home/nyu/nav_ws/build/point_lio -- -j16 -l16
[49.070s] Invoking command in '/home/nyu/nav_ws/build/point_lio': CMAKE_PREFIX_PATH=/home/nyu/nav_ws/install/livox_ros_driver2:/home/nyu/nav_ws/install/unitree_lidar_ros2:/home/nyu/nav_ws/install/ros2_livox_simulation:/home/nyu/nav_ws/install/rm_navigation:/home/nyu/nav_ws/install/rm_nav_bringup:/home/nyu/nav_ws/install/pointcloud_to_laserscan:/home/nyu/nav_ws/install/point_lio:/home/nyu/nav_ws/install/pcd2pgm:/home/nyu/nav_ws/install/pb_rm_simulation:/home/nyu/nav_ws/install/icp_registration:/home/nyu/nav_ws/install/fast_lio:/home/nyu/nav_ws/install/linefit_ground_segmentation_ros:/home/nyu/nav_ws/install/linefit_ground_segmentation:/home/nyu/nav_ws/install/imu_complementary_filter:/home/nyu/nav_ws/install/fake_vel_transform:/home/nyu/nav_ws/install/map2gazebo:/opt/ros/humble LD_LIBRARY_PATH=/home/nyu/nav_ws/install/livox_ros_driver2/lib:/home/nyu/nav_ws/install/ros2_livox_simulation/lib:/home/nyu/nav_ws/install/pointcloud_to_laserscan/lib:/home/nyu/nav_ws/install/pcd2pgm/lib:/home/nyu/nav_ws/install/icp_registration/lib:/home/nyu/nav_ws/install/fast_lio/lib:/home/nyu/nav_ws/install/linefit_ground_segmentation/lib:/home/nyu/nav_ws/install/imu_complementary_filter/lib:/home/nyu/nav_ws/install/fake_vel_transform/lib:/usr/lib/x86_64-linux-gnu/gazebo-11/plugins:/opt/ros/humble/opt/rviz_ogre_vendor/lib:/opt/ros/humble/lib/x86_64-linux-gnu:/opt/ros/humble/opt/openvdb_vendor/lib:/opt/ros/humble/lib:/opt/MVS/lib/64:/opt/MVS/lib/32:/opt/MVS/lib/64:/opt/MVS/lib/32 /usr/bin/cmake --install /home/nyu/nav_ws/build/point_lio
[49.076s] -- Install configuration: ""
[49.076s] -- Execute custom install script
[49.077s] -- Symlinking: /home/nyu/nav_ws/install/point_lio/lib/point_lio/pointlio_mapping
[49.084s] -- Symlinking: /home/nyu/nav_ws/install/point_lio/share/point_lio/config/avia.yaml
[49.090s] -- Symlinking: /home/nyu/nav_ws/install/point_lio/share/point_lio/config/horizon.yaml
[49.097s] -- Symlinking: /home/nyu/nav_ws/install/point_lio/share/point_lio/config/mid360.yaml
[49.102s] -- Symlinking: /home/nyu/nav_ws/install/point_lio/share/point_lio/config/ouster64.yaml
[49.107s] -- Symlinking: /home/nyu/nav_ws/install/point_lio/share/point_lio/config/unilidar_l1.yaml
[49.115s] -- Symlinking: /home/nyu/nav_ws/install/point_lio/share/point_lio/config/unilidar_l2.yaml
[49.121s] -- Symlinking: /home/nyu/nav_ws/install/point_lio/share/point_lio/config/unilidar_l2.yaml.backup_20260113_214749
[49.129s] -- Symlinking: /home/nyu/nav_ws/install/point_lio/share/point_lio/config/unilidar_l2.yaml.backup_20260113_225701
[49.136s] -- Symlinking: /home/nyu/nav_ws/install/point_lio/share/point_lio/config/unilidar_l2.yaml.backup_before_restore_20260114_003140
[49.141s] -- Symlinking: /home/nyu/nav_ws/install/point_lio/share/point_lio/config/unilidar_l2.yaml.backup_before_tilt_fix_1768365690
[49.148s] -- Symlinking: /home/nyu/nav_ws/install/point_lio/share/point_lio/config/unilidar_l2.yaml.backup_extrinsic_R_20260113_224602
[49.154s] -- Symlinking: /home/nyu/nav_ws/install/point_lio/share/point_lio/config/unilidar_l2.yaml.backup_extrinsic_R_20260114_002748
[49.162s] -- Symlinking: /home/nyu/nav_ws/install/point_lio/share/point_lio/config/unilidar_l2.yaml.backup_filter
[49.169s] -- Symlinking: /home/nyu/nav_ws/install/point_lio/share/point_lio/config/unilidar_l2_clean.yaml
[49.174s] -- Symlinking: /home/nyu/nav_ws/install/point_lio/share/point_lio/config/unilidar_l2_no_imu.yaml
[49.181s] -- Symlinking: /home/nyu/nav_ws/install/point_lio/share/point_lio/config/velody16.yaml
[49.188s] -- Symlinking: /home/nyu/nav_ws/install/point_lio/share/point_lio/launch/correct_odom_unilidar_l2.launch.py
[49.195s] -- Symlinking: /home/nyu/nav_ws/install/point_lio/share/point_lio/launch/gdb_debug_example.launch.py
[49.202s] -- Symlinking: /home/nyu/nav_ws/install/point_lio/share/point_lio/launch/mapping_avia.launch.py
[49.209s] -- Symlinking: /home/nyu/nav_ws/install/point_lio/share/point_lio/launch/mapping_horizon.launch.py
[49.215s] -- Symlinking: /home/nyu/nav_ws/install/point_lio/share/point_lio/launch/mapping_mid360.launch.py
[49.220s] -- Symlinking: /home/nyu/nav_ws/install/point_lio/share/point_lio/launch/mapping_ouster64.launch.py
[49.227s] -- Symlinking: /home/nyu/nav_ws/install/point_lio/share/point_lio/launch/mapping_unilidar_l1.launch.py
[49.234s] -- Symlinking: /home/nyu/nav_ws/install/point_lio/share/point_lio/launch/mapping_unilidar_l2.launch.py
[49.242s] -- Symlinking: /home/nyu/nav_ws/install/point_lio/share/point_lio/launch/mapping_unilidar_l2_clean.launch.py
[49.247s] -- Symlinking: /home/nyu/nav_ws/install/point_lio/share/point_lio/launch/mapping_velody16.launch.py
[49.252s] -- Symlinking: /home/nyu/nav_ws/install/point_lio/share/point_lio/rviz_cfg/loam_livox.rviz
[49.259s] -- Symlinking: /home/nyu/nav_ws/install/point_lio/share/ament_index/resource_index/package_run_dependencies/point_lio
[49.267s] -- Symlinking: /home/nyu/nav_ws/install/point_lio/share/ament_index/resource_index/parent_prefix_path/point_lio
[49.274s] -- Symlinking: /home/nyu/nav_ws/install/point_lio/share/point_lio/environment/ament_prefix_path.sh
[49.279s] -- Symlinking: /home/nyu/nav_ws/install/point_lio/share/point_lio/environment/ament_prefix_path.dsv
[49.285s] -- Symlinking: /home/nyu/nav_ws/install/point_lio/share/point_lio/environment/path.sh
[49.292s] -- Symlinking: /home/nyu/nav_ws/install/point_lio/share/point_lio/environment/path.dsv
[49.299s] -- Symlinking: /home/nyu/nav_ws/install/point_lio/share/point_lio/local_setup.bash
[49.305s] -- Symlinking: /home/nyu/nav_ws/install/point_lio/share/point_lio/local_setup.sh
[49.311s] -- Symlinking: /home/nyu/nav_ws/install/point_lio/share/point_lio/local_setup.zsh
[49.316s] -- Symlinking: /home/nyu/nav_ws/install/point_lio/share/point_lio/local_setup.dsv
[49.324s] -- Symlinking: /home/nyu/nav_ws/install/point_lio/share/point_lio/package.dsv
[49.331s] -- Symlinking: /home/nyu/nav_ws/install/point_lio/share/ament_index/resource_index/packages/point_lio
[49.337s] -- Symlinking: /home/nyu/nav_ws/install/point_lio/share/point_lio/cmake/ament_cmake_export_dependencies-extras.cmake
[49.343s] -- Symlinking: /home/nyu/nav_ws/install/point_lio/share/point_lio/cmake/point_lioConfig.cmake
[49.350s] -- Symlinking: /home/nyu/nav_ws/install/point_lio/share/point_lio/cmake/point_lioConfig-version.cmake
[49.357s] -- Symlinking: /home/nyu/nav_ws/install/point_lio/share/point_lio/package.xml
[49.365s] Invoked command in '/home/nyu/nav_ws/build/point_lio' returned '0': CMAKE_PREFIX_PATH=/home/nyu/nav_ws/install/livox_ros_driver2:/home/nyu/nav_ws/install/unitree_lidar_ros2:/home/nyu/nav_ws/install/ros2_livox_simulation:/home/nyu/nav_ws/install/rm_navigation:/home/nyu/nav_ws/install/rm_nav_bringup:/home/nyu/nav_ws/install/pointcloud_to_laserscan:/home/nyu/nav_ws/install/point_lio:/home/nyu/nav_ws/install/pcd2pgm:/home/nyu/nav_ws/install/pb_rm_simulation:/home/nyu/nav_ws/install/icp_registration:/home/nyu/nav_ws/install/fast_lio:/home/nyu/nav_ws/install/linefit_ground_segmentation_ros:/home/nyu/nav_ws/install/linefit_ground_segmentation:/home/nyu/nav_ws/install/imu_complementary_filter:/home/nyu/nav_ws/install/fake_vel_transform:/home/nyu/nav_ws/install/map2gazebo:/opt/ros/humble LD_LIBRARY_PATH=/home/nyu/nav_ws/install/livox_ros_driver2/lib:/home/nyu/nav_ws/install/ros2_livox_simulation/lib:/home/nyu/nav_ws/install/pointcloud_to_laserscan/lib:/home/nyu/nav_ws/install/pcd2pgm/lib:/home/nyu/nav_ws/install/icp_registration/lib:/home/nyu/nav_ws/install/fast_lio/lib:/home/nyu/nav_ws/install/linefit_ground_segmentation/lib:/home/nyu/nav_ws/install/imu_complementary_filter/lib:/home/nyu/nav_ws/install/fake_vel_transform/lib:/usr/lib/x86_64-linux-gnu/gazebo-11/plugins:/opt/ros/humble/opt/rviz_ogre_vendor/lib:/opt/ros/humble/lib/x86_64-linux-gnu:/opt/ros/humble/opt/openvdb_vendor/lib:/opt/ros/humble/lib:/opt/MVS/lib/64:/opt/MVS/lib/32:/opt/MVS/lib/64:/opt/MVS/lib/32 /usr/bin/cmake --install /home/nyu/nav_ws/build/point_lio
