[0.188s] Invoking command in '/home/nyu/nav_ws/build/pb_rm_simulation': CMAKE_PREFIX_PATH=/opt/ros/humble /usr/bin/cmake /home/nyu/nav_ws/src/pb_rm_simulation/src/rm_simulation/pb_rm_simulation -DCMAKE_INSTALL_PREFIX=/home/nyu/nav_ws/install/pb_rm_simulation
[0.241s] -- The C compiler identification is GNU 11.4.0
[0.304s] -- The CXX compiler identification is GNU 11.4.0
[0.310s] -- Detecting C compiler ABI info
[0.387s] -- Detecting C compiler ABI info - done
[0.397s] -- Check for working C compiler: /usr/bin/cc - skipped
[0.397s] -- Detecting C compile features
[0.398s] -- Detecting C compile features - done
[0.402s] -- Detecting CXX compiler ABI info
[0.485s] -- Detecting CXX compiler ABI info - done
[0.491s] -- Check for working CXX compiler: /usr/bin/c++ - skipped
[0.491s] -- Detecting CXX compile features
[0.491s] -- Detecting CXX compile features - done
[0.494s] -- Found ament_cmake_auto: 1.3.12 (/opt/ros/humble/share/ament_cmake_auto/cmake)
[0.665s] -- Found Python3: /usr/bin/python3 (found version "3.10.12") found components: Interpreter 
[0.785s] -- Found ament_lint_auto: 0.12.14 (/opt/ros/humble/share/ament_lint_auto/cmake)
[0.788s] -- Configuring done
[0.789s] -- Generating done
[0.790s] -- Build files have been written to: /home/nyu/nav_ws/build/pb_rm_simulation
[0.797s] Invoked command in '/home/nyu/nav_ws/build/pb_rm_simulation' returned '0': CMAKE_PREFIX_PATH=/opt/ros/humble /usr/bin/cmake /home/nyu/nav_ws/src/pb_rm_simulation/src/rm_simulation/pb_rm_simulation -DCMAKE_INSTALL_PREFIX=/home/nyu/nav_ws/install/pb_rm_simulation
[0.798s] Invoking command in '/home/nyu/nav_ws/build/pb_rm_simulation': CMAKE_PREFIX_PATH=/opt/ros/humble /usr/bin/cmake --build /home/nyu/nav_ws/build/pb_rm_simulation -- -j16 -l16
[0.867s] Invoked command in '/home/nyu/nav_ws/build/pb_rm_simulation' returned '0': CMAKE_PREFIX_PATH=/opt/ros/humble /usr/bin/cmake --build /home/nyu/nav_ws/build/pb_rm_simulation -- -j16 -l16
[0.878s] Invoking command in '/home/nyu/nav_ws/build/pb_rm_simulation': CMAKE_PREFIX_PATH=/opt/ros/humble /usr/bin/cmake --install /home/nyu/nav_ws/build/pb_rm_simulation
[0.890s] -- Install configuration: ""
[0.890s] -- Installing: /home/nyu/nav_ws/install/pb_rm_simulation/share/pb_rm_simulation/launch
[0.891s] -- Installing: /home/nyu/nav_ws/install/pb_rm_simulation/share/pb_rm_simulation/launch/rm_simulation.launch.py
[0.891s] -- Installing: /home/nyu/nav_ws/install/pb_rm_simulation/share/pb_rm_simulation/launch/__pycache__
[0.891s] -- Installing: /home/nyu/nav_ws/install/pb_rm_simulation/share/pb_rm_simulation/launch/__pycache__/rm_simulation.launch.cpython-310.pyc
[0.891s] -- Installing: /home/nyu/nav_ws/install/pb_rm_simulation/share/pb_rm_simulation/urdf
[0.891s] -- Installing: /home/nyu/nav_ws/install/pb_rm_simulation/share/pb_rm_simulation/urdf/simulation_waking_robot.xacro
[0.891s] -- Installing: /home/nyu/nav_ws/install/pb_rm_simulation/share/pb_rm_simulation/meshes
[0.891s] -- Installing: /home/nyu/nav_ws/install/pb_rm_simulation/share/pb_rm_simulation/meshes/obstacles
[0.891s] -- Installing: /home/nyu/nav_ws/install/pb_rm_simulation/share/pb_rm_simulation/meshes/obstacles/obstacle4
[0.891s] -- Installing: /home/nyu/nav_ws/install/pb_rm_simulation/share/pb_rm_simulation/meshes/obstacles/obstacle4/model.config
[0.891s] -- Installing: /home/nyu/nav_ws/install/pb_rm_simulation/share/pb_rm_simulation/meshes/obstacles/obstacle4/model.sdf
[0.891s] -- Installing: /home/nyu/nav_ws/install/pb_rm_simulation/share/pb_rm_simulation/meshes/obstacles/obstacle1
[0.891s] -- Installing: /home/nyu/nav_ws/install/pb_rm_simulation/share/pb_rm_simulation/meshes/obstacles/obstacle1/model.config
[0.891s] -- Installing: /home/nyu/nav_ws/install/pb_rm_simulation/share/pb_rm_simulation/meshes/obstacles/obstacle1/model.sdf
[0.892s] -- Installing: /home/nyu/nav_ws/install/pb_rm_simulation/share/pb_rm_simulation/meshes/obstacles/obstacle9
[0.892s] -- Installing: /home/nyu/nav_ws/install/pb_rm_simulation/share/pb_rm_simulation/meshes/obstacles/obstacle9/model.config
[0.892s] -- Installing: /home/nyu/nav_ws/install/pb_rm_simulation/share/pb_rm_simulation/meshes/obstacles/obstacle9/model.sdf
[0.892s] -- Installing: /home/nyu/nav_ws/install/pb_rm_simulation/share/pb_rm_simulation/meshes/obstacles/obstacle_plugin
[0.892s] -- Installing: /home/nyu/nav_ws/install/pb_rm_simulation/share/pb_rm_simulation/meshes/obstacles/obstacle_plugin/lib
[0.892s] -- Installing: /home/nyu/nav_ws/install/pb_rm_simulation/share/pb_rm_simulation/meshes/obstacles/obstacle_plugin/lib/libobstacle7.so
[0.893s] -- Installing: /home/nyu/nav_ws/install/pb_rm_simulation/share/pb_rm_simulation/meshes/obstacles/obstacle_plugin/lib/libobstacle11.so
[0.895s] -- Installing: /home/nyu/nav_ws/install/pb_rm_simulation/share/pb_rm_simulation/meshes/obstacles/obstacle_plugin/lib/libobstacles.so
[0.896s] -- Installing: /home/nyu/nav_ws/install/pb_rm_simulation/share/pb_rm_simulation/meshes/obstacles/obstacle_plugin/lib/libobstacle4.so
[0.900s] -- Installing: /home/nyu/nav_ws/install/pb_rm_simulation/share/pb_rm_simulation/meshes/obstacles/obstacle_plugin/lib/libobstacle9.so
[0.901s] -- Installing: /home/nyu/nav_ws/install/pb_rm_simulation/share/pb_rm_simulation/meshes/obstacles/obstacle_plugin/lib/libobstacle10.so
[0.903s] -- Installing: /home/nyu/nav_ws/install/pb_rm_simulation/share/pb_rm_simulation/meshes/obstacles/obstacle_plugin/lib/libobstacle5.so
[0.906s] -- Installing: /home/nyu/nav_ws/install/pb_rm_simulation/share/pb_rm_simulation/meshes/obstacles/obstacle_plugin/lib/libobstacle6.so
[0.908s] -- Installing: /home/nyu/nav_ws/install/pb_rm_simulation/share/pb_rm_simulation/meshes/obstacles/obstacle_plugin/lib/libobstacle3.so
[0.913s] -- Installing: /home/nyu/nav_ws/install/pb_rm_simulation/share/pb_rm_simulation/meshes/obstacles/obstacle_plugin/lib/libobstacle1.so
[0.915s] -- Installing: /home/nyu/nav_ws/install/pb_rm_simulation/share/pb_rm_simulation/meshes/obstacles/obstacle_plugin/lib/libobstacle8.so
[0.923s] -- Installing: /home/nyu/nav_ws/install/pb_rm_simulation/share/pb_rm_simulation/meshes/obstacles/obstacle_plugin/lib/libobstacle12.so
[0.924s] -- Installing: /home/nyu/nav_ws/install/pb_rm_simulation/share/pb_rm_simulation/meshes/obstacles/obstacle_plugin/lib/libobstacle2.so
[0.926s] -- Installing: /home/nyu/nav_ws/install/pb_rm_simulation/share/pb_rm_simulation/meshes/obstacles/obstacle_plugin/obstacle9.cc
[0.926s] -- Installing: /home/nyu/nav_ws/install/pb_rm_simulation/share/pb_rm_simulation/meshes/obstacles/obstacle_plugin/obstacle13.cc
[0.927s] -- Installing: /home/nyu/nav_ws/install/pb_rm_simulation/share/pb_rm_simulation/meshes/obstacles/obstacle_plugin/CMakeLists.txt
[0.927s] -- Installing: /home/nyu/nav_ws/install/pb_rm_simulation/share/pb_rm_simulation/meshes/obstacles/obstacle_plugin/obstacle6.cc
[0.927s] -- Installing: /home/nyu/nav_ws/install/pb_rm_simulation/share/pb_rm_simulation/meshes/obstacles/obstacle_plugin/obstacle3.cc
[0.927s] -- Installing: /home/nyu/nav_ws/install/pb_rm_simulation/share/pb_rm_simulation/meshes/obstacles/obstacle_plugin/obstacle7.cc
[0.927s] -- Installing: /home/nyu/nav_ws/install/pb_rm_simulation/share/pb_rm_simulation/meshes/obstacles/obstacle_plugin/obstacle8.cc
[0.929s] -- Installing: /home/nyu/nav_ws/install/pb_rm_simulation/share/pb_rm_simulation/meshes/obstacles/obstacle_plugin/obstacle11.cc
[0.932s] -- Installing: /home/nyu/nav_ws/install/pb_rm_simulation/share/pb_rm_simulation/meshes/obstacles/obstacle_plugin/obstacle2.cc
[0.932s] -- Installing: /home/nyu/nav_ws/install/pb_rm_simulation/share/pb_rm_simulation/meshes/obstacles/obstacle_plugin/obstacle4.cc
[0.932s] -- Installing: /home/nyu/nav_ws/install/pb_rm_simulation/share/pb_rm_simulation/meshes/obstacles/obstacle_plugin/obstacle1.cc
[0.932s] -- Installing: /home/nyu/nav_ws/install/pb_rm_simulation/share/pb_rm_simulation/meshes/obstacles/obstacle_plugin/obstacle10.cc
[0.932s] -- Installing: /home/nyu/nav_ws/install/pb_rm_simulation/share/pb_rm_simulation/meshes/obstacles/obstacle_plugin/obstacles.cc
[0.932s] -- Installing: /home/nyu/nav_ws/install/pb_rm_simulation/share/pb_rm_simulation/meshes/obstacles/obstacle_plugin/obstacle12.cc
[0.932s] -- Installing: /home/nyu/nav_ws/install/pb_rm_simulation/share/pb_rm_simulation/meshes/obstacles/obstacle_plugin/obstacle5.cc
[0.932s] -- Installing: /home/nyu/nav_ws/install/pb_rm_simulation/share/pb_rm_simulation/meshes/obstacles/obstacle3
[0.932s] -- Installing: /home/nyu/nav_ws/install/pb_rm_simulation/share/pb_rm_simulation/meshes/obstacles/obstacle3/model.config
[0.933s] -- Installing: /home/nyu/nav_ws/install/pb_rm_simulation/share/pb_rm_simulation/meshes/obstacles/obstacle3/model.sdf
[0.933s] -- Installing: /home/nyu/nav_ws/install/pb_rm_simulation/share/pb_rm_simulation/meshes/obstacles/obstacle5
[0.933s] -- Installing: /home/nyu/nav_ws/install/pb_rm_simulation/share/pb_rm_simulation/meshes/obstacles/obstacle5/model.config
[0.933s] -- Installing: /home/nyu/nav_ws/install/pb_rm_simulation/share/pb_rm_simulation/meshes/obstacles/obstacle5/model.sdf
[0.933s] -- Installing: /home/nyu/nav_ws/install/pb_rm_simulation/share/pb_rm_simulation/meshes/obstacles/obstacle12
[0.933s] -- Installing: /home/nyu/nav_ws/install/pb_rm_simulation/share/pb_rm_simulation/meshes/obstacles/obstacle12/model.config
[0.934s] -- Installing: /home/nyu/nav_ws/install/pb_rm_simulation/share/pb_rm_simulation/meshes/obstacles/obstacle12/model.sdf
[0.934s] -- Installing: /home/nyu/nav_ws/install/pb_rm_simulation/share/pb_rm_simulation/meshes/obstacles/obstacle10
[0.934s] -- Installing: /home/nyu/nav_ws/install/pb_rm_simulation/share/pb_rm_simulation/meshes/obstacles/obstacle10/model.config
[0.935s] -- Installing: /home/nyu/nav_ws/install/pb_rm_simulation/share/pb_rm_simulation/meshes/obstacles/obstacle10/model.sdf
[0.935s] -- Installing: /home/nyu/nav_ws/install/pb_rm_simulation/share/pb_rm_simulation/meshes/obstacles/obstacle2
[0.935s] -- Installing: /home/nyu/nav_ws/install/pb_rm_simulation/share/pb_rm_simulation/meshes/obstacles/obstacle2/model.config
[0.935s] -- Installing: /home/nyu/nav_ws/install/pb_rm_simulation/share/pb_rm_simulation/meshes/obstacles/obstacle2/model.sdf
[0.935s] -- Installing: /home/nyu/nav_ws/install/pb_rm_simulation/share/pb_rm_simulation/meshes/obstacles/obstacle6
[0.935s] -- Installing: /home/nyu/nav_ws/install/pb_rm_simulation/share/pb_rm_simulation/meshes/obstacles/obstacle6/model.config
[0.935s] -- Installing: /home/nyu/nav_ws/install/pb_rm_simulation/share/pb_rm_simulation/meshes/obstacles/obstacle6/model.sdf
[0.935s] -- Installing: /home/nyu/nav_ws/install/pb_rm_simulation/share/pb_rm_simulation/meshes/obstacles/obstacle11
[0.936s] -- Installing: /home/nyu/nav_ws/install/pb_rm_simulation/share/pb_rm_simulation/meshes/obstacles/obstacle11/model.config
[0.936s] -- Installing: /home/nyu/nav_ws/install/pb_rm_simulation/share/pb_rm_simulation/meshes/obstacles/obstacle11/model.sdf
[0.936s] -- Installing: /home/nyu/nav_ws/install/pb_rm_simulation/share/pb_rm_simulation/meshes/obstacles/obstacle7
[0.936s] -- Installing: /home/nyu/nav_ws/install/pb_rm_simulation/share/pb_rm_simulation/meshes/obstacles/obstacle7/model.config
[0.936s] -- Installing: /home/nyu/nav_ws/install/pb_rm_simulation/share/pb_rm_simulation/meshes/obstacles/obstacle7/model.sdf
[0.937s] -- Installing: /home/nyu/nav_ws/install/pb_rm_simulation/share/pb_rm_simulation/meshes/obstacles/obstacle8
[0.937s] -- Installing: /home/nyu/nav_ws/install/pb_rm_simulation/share/pb_rm_simulation/meshes/obstacles/obstacle8/model.config
[0.938s] -- Installing: /home/nyu/nav_ws/install/pb_rm_simulation/share/pb_rm_simulation/meshes/obstacles/obstacle8/model.sdf
[0.938s] -- Installing: /home/nyu/nav_ws/install/pb_rm_simulation/share/pb_rm_simulation/meshes/mid360.stl
[0.944s] -- Installing: /home/nyu/nav_ws/install/pb_rm_simulation/share/pb_rm_simulation/meshes/RMUL2024_world
[0.944s] -- Installing: /home/nyu/nav_ws/install/pb_rm_simulation/share/pb_rm_simulation/meshes/RMUL2024_world/meshes
[0.944s] -- Installing: /home/nyu/nav_ws/install/pb_rm_simulation/share/pb_rm_simulation/meshes/RMUL2024_world/meshes/RMUL_2024.stl
[0.976s] -- Installing: /home/nyu/nav_ws/install/pb_rm_simulation/share/pb_rm_simulation/meshes/RMUC2024_world
[0.976s] -- Installing: /home/nyu/nav_ws/install/pb_rm_simulation/share/pb_rm_simulation/meshes/RMUC2024_world/model.config
[0.978s] -- Installing: /home/nyu/nav_ws/install/pb_rm_simulation/share/pb_rm_simulation/meshes/RMUC2024_world/model.sdf
[0.981s] -- Installing: /home/nyu/nav_ws/install/pb_rm_simulation/share/pb_rm_simulation/meshes/RMUC2024_world/meshes
[0.982s] -- Installing: /home/nyu/nav_ws/install/pb_rm_simulation/share/pb_rm_simulation/meshes/RMUC2024_world/meshes/RMUC_2024.stl
[0.984s] -- Installing: /home/nyu/nav_ws/install/pb_rm_simulation/share/pb_rm_simulation/world
[0.984s] -- Installing: /home/nyu/nav_ws/install/pb_rm_simulation/share/pb_rm_simulation/world/RMUL2024_world
[0.984s] -- Installing: /home/nyu/nav_ws/install/pb_rm_simulation/share/pb_rm_simulation/world/RMUL2024_world/model.config
[0.984s] -- Installing: /home/nyu/nav_ws/install/pb_rm_simulation/share/pb_rm_simulation/world/RMUL2024_world/RMUL2024_world.world
[0.984s] -- Installing: /home/nyu/nav_ws/install/pb_rm_simulation/share/pb_rm_simulation/world/RMUL2024_world/model.sdf
[0.985s] -- Installing: /home/nyu/nav_ws/install/pb_rm_simulation/share/pb_rm_simulation/world/RMUL2024_world/RMUL2024_world_dynamic_obstacles.world
[0.985s] -- Installing: /home/nyu/nav_ws/install/pb_rm_simulation/share/pb_rm_simulation/world/RMUC2024_world
[0.985s] -- Installing: /home/nyu/nav_ws/install/pb_rm_simulation/share/pb_rm_simulation/world/RMUC2024_world/RMUC2024_world.world
[0.985s] -- Installing: /home/nyu/nav_ws/install/pb_rm_simulation/share/pb_rm_simulation/rviz
[0.985s] -- Installing: /home/nyu/nav_ws/install/pb_rm_simulation/share/pb_rm_simulation/rviz/rviz2.rviz
[0.985s] -- Installing: /home/nyu/nav_ws/install/pb_rm_simulation/share/ament_index/resource_index/package_run_dependencies/pb_rm_simulation
[0.986s] -- Installing: /home/nyu/nav_ws/install/pb_rm_simulation/share/ament_index/resource_index/parent_prefix_path/pb_rm_simulation
[0.986s] -- Installing: /home/nyu/nav_ws/install/pb_rm_simulation/share/pb_rm_simulation/environment/ament_prefix_path.sh
[0.986s] -- Installing: /home/nyu/nav_ws/install/pb_rm_simulation/share/pb_rm_simulation/environment/ament_prefix_path.dsv
[0.986s] -- Installing: /home/nyu/nav_ws/install/pb_rm_simulation/share/pb_rm_simulation/environment/path.sh
[0.986s] -- Installing: /home/nyu/nav_ws/install/pb_rm_simulation/share/pb_rm_simulation/environment/path.dsv
[0.986s] -- Installing: /home/nyu/nav_ws/install/pb_rm_simulation/share/pb_rm_simulation/local_setup.bash
[0.987s] -- Installing: /home/nyu/nav_ws/install/pb_rm_simulation/share/pb_rm_simulation/local_setup.sh
[0.987s] -- Installing: /home/nyu/nav_ws/install/pb_rm_simulation/share/pb_rm_simulation/local_setup.zsh
[0.987s] -- Installing: /home/nyu/nav_ws/install/pb_rm_simulation/share/pb_rm_simulation/local_setup.dsv
[0.987s] -- Installing: /home/nyu/nav_ws/install/pb_rm_simulation/share/pb_rm_simulation/package.dsv
[0.987s] -- Installing: /home/nyu/nav_ws/install/pb_rm_simulation/share/ament_index/resource_index/packages/pb_rm_simulation
[0.987s] -- Installing: /home/nyu/nav_ws/install/pb_rm_simulation/share/pb_rm_simulation/cmake/ament_cmake_export_dependencies-extras.cmake
[0.988s] -- Installing: /home/nyu/nav_ws/install/pb_rm_simulation/share/pb_rm_simulation/cmake/pb_rm_simulationConfig.cmake
[0.988s] -- Installing: /home/nyu/nav_ws/install/pb_rm_simulation/share/pb_rm_simulation/cmake/pb_rm_simulationConfig-version.cmake
[0.988s] -- Installing: /home/nyu/nav_ws/install/pb_rm_simulation/share/pb_rm_simulation/package.xml
[0.992s] Invoked command in '/home/nyu/nav_ws/build/pb_rm_simulation' returned '0': CMAKE_PREFIX_PATH=/opt/ros/humble /usr/bin/cmake --install /home/nyu/nav_ws/build/pb_rm_simulation
