[35m[1mConsolidate compiler generated dependencies of target unitree_lidar_ros2_node[0m
[100%] Built target unitree_lidar_ros2_node
-- Install configuration: ""
-- Installing: /home/nyu/nav_ws/src/install/unitree_lidar_ros2/lib/unitree_lidar_ros2/unitree_lidar_ros2_node
-- Set runtime path of "/home/nyu/nav_ws/src/install/unitree_lidar_ros2/lib/unitree_lidar_ros2/unitree_lidar_ros2_node" to ""
-- Installing: /home/nyu/nav_ws/src/install/unitree_lidar_ros2/share/unitree_lidar_ros2/view.rviz
-- Installing: /home/nyu/nav_ws/src/install/unitree_lidar_ros2/share/unitree_lidar_ros2/launch.py
-- Installing: /home/nyu/nav_ws/src/install/unitree_lidar_ros2/share/ament_index/resource_index/package_run_dependencies/unitree_lidar_ros2
-- Installing: /home/nyu/nav_ws/src/install/unitree_lidar_ros2/share/ament_index/resource_index/parent_prefix_path/unitree_lidar_ros2
-- Installing: /home/nyu/nav_ws/src/install/unitree_lidar_ros2/share/unitree_lidar_ros2/environment/ament_prefix_path.sh
-- Installing: /home/nyu/nav_ws/src/install/unitree_lidar_ros2/share/unitree_lidar_ros2/environment/ament_prefix_path.dsv
-- Installing: /home/nyu/nav_ws/src/install/unitree_lidar_ros2/share/unitree_lidar_ros2/environment/path.sh
-- Installing: /home/nyu/nav_ws/src/install/unitree_lidar_ros2/share/unitree_lidar_ros2/environment/path.dsv
-- Installing: /home/nyu/nav_ws/src/install/unitree_lidar_ros2/share/unitree_lidar_ros2/local_setup.bash
-- Installing: /home/nyu/nav_ws/src/install/unitree_lidar_ros2/share/unitree_lidar_ros2/local_setup.sh
-- Installing: /home/nyu/nav_ws/src/install/unitree_lidar_ros2/share/unitree_lidar_ros2/local_setup.zsh
-- Installing: /home/nyu/nav_ws/src/install/unitree_lidar_ros2/share/unitree_lidar_ros2/local_setup.dsv
-- Installing: /home/nyu/nav_ws/src/install/unitree_lidar_ros2/share/unitree_lidar_ros2/package.dsv
-- Installing: /home/nyu/nav_ws/src/install/unitree_lidar_ros2/share/ament_index/resource_index/packages/unitree_lidar_ros2
-- Installing: /home/nyu/nav_ws/src/install/unitree_lidar_ros2/share/unitree_lidar_ros2/cmake/unitree_lidar_ros2Config.cmake
-- Installing: /home/nyu/nav_ws/src/install/unitree_lidar_ros2/share/unitree_lidar_ros2/cmake/unitree_lidar_ros2Config-version.cmake
-- Installing: /home/nyu/nav_ws/src/install/unitree_lidar_ros2/share/unitree_lidar_ros2/package.xml
