[0.213s] Invoking command in '/home/nyu/nav_ws/src/build/unitree_lidar_ros2': CMAKE_PREFIX_PATH=/opt/ros/humble /usr/bin/cmake --build /home/nyu/nav_ws/src/build/unitree_lidar_ros2 -- -j16 -l16
[0.264s] [35m[1mConsolidate compiler generated dependencies of target unitree_lidar_ros2_node[0m
[0.296s] [100%] Built target unitree_lidar_ros2_node
[0.320s] Invoked command in '/home/nyu/nav_ws/src/build/unitree_lidar_ros2' returned '0': CMAKE_PREFIX_PATH=/opt/ros/humble /usr/bin/cmake --build /home/nyu/nav_ws/src/build/unitree_lidar_ros2 -- -j16 -l16
[0.322s] Invoking command in '/home/nyu/nav_ws/src/build/unitree_lidar_ros2': CMAKE_PREFIX_PATH=/opt/ros/humble /usr/bin/cmake --install /home/nyu/nav_ws/src/build/unitree_lidar_ros2
[0.335s] -- Install configuration: ""
[0.335s] -- Installing: /home/nyu/nav_ws/src/install/unitree_lidar_ros2/lib/unitree_lidar_ros2/unitree_lidar_ros2_node
[0.337s] -- Set runtime path of "/home/nyu/nav_ws/src/install/unitree_lidar_ros2/lib/unitree_lidar_ros2/unitree_lidar_ros2_node" to ""
[0.337s] -- Installing: /home/nyu/nav_ws/src/install/unitree_lidar_ros2/share/unitree_lidar_ros2/view.rviz
[0.337s] -- Installing: /home/nyu/nav_ws/src/install/unitree_lidar_ros2/share/unitree_lidar_ros2/launch.py
[0.338s] -- Installing: /home/nyu/nav_ws/src/install/unitree_lidar_ros2/share/ament_index/resource_index/package_run_dependencies/unitree_lidar_ros2
[0.339s] -- Installing: /home/nyu/nav_ws/src/install/unitree_lidar_ros2/share/ament_index/resource_index/parent_prefix_path/unitree_lidar_ros2
[0.339s] -- Installing: /home/nyu/nav_ws/src/install/unitree_lidar_ros2/share/unitree_lidar_ros2/environment/ament_prefix_path.sh
[0.339s] -- Installing: /home/nyu/nav_ws/src/install/unitree_lidar_ros2/share/unitree_lidar_ros2/environment/ament_prefix_path.dsv
[0.339s] -- Installing: /home/nyu/nav_ws/src/install/unitree_lidar_ros2/share/unitree_lidar_ros2/environment/path.sh
[0.339s] -- Installing: /home/nyu/nav_ws/src/install/unitree_lidar_ros2/share/unitree_lidar_ros2/environment/path.dsv
[0.340s] -- Installing: /home/nyu/nav_ws/src/install/unitree_lidar_ros2/share/unitree_lidar_ros2/local_setup.bash
[0.340s] -- Installing: /home/nyu/nav_ws/src/install/unitree_lidar_ros2/share/unitree_lidar_ros2/local_setup.sh
[0.341s] -- Installing: /home/nyu/nav_ws/src/install/unitree_lidar_ros2/share/unitree_lidar_ros2/local_setup.zsh
[0.341s] -- Installing: /home/nyu/nav_ws/src/install/unitree_lidar_ros2/share/unitree_lidar_ros2/local_setup.dsv
[0.342s] -- Installing: /home/nyu/nav_ws/src/install/unitree_lidar_ros2/share/unitree_lidar_ros2/package.dsv
[0.342s] -- Installing: /home/nyu/nav_ws/src/install/unitree_lidar_ros2/share/ament_index/resource_index/packages/unitree_lidar_ros2
[0.342s] -- Installing: /home/nyu/nav_ws/src/install/unitree_lidar_ros2/share/unitree_lidar_ros2/cmake/unitree_lidar_ros2Config.cmake
[0.342s] -- Installing: /home/nyu/nav_ws/src/install/unitree_lidar_ros2/share/unitree_lidar_ros2/cmake/unitree_lidar_ros2Config-version.cmake
[0.342s] -- Installing: /home/nyu/nav_ws/src/install/unitree_lidar_ros2/share/unitree_lidar_ros2/package.xml
[0.362s] Invoked command in '/home/nyu/nav_ws/src/build/unitree_lidar_ros2' returned '0': CMAKE_PREFIX_PATH=/opt/ros/humble /usr/bin/cmake --install /home/nyu/nav_ws/src/build/unitree_lidar_ros2
