[0.011s] Invoking command in '/home/nyu/nav_ws/build/fast_lio': AMENT_PREFIX_PATH=/home/nyu/nav_ws/install/livox_ros_driver2:${AMENT_PREFIX_PATH} CMAKE_PREFIX_PATH=/home/nyu/nav_ws/install/livox_ros_driver2:/opt/ros/humble LD_LIBRARY_PATH=/home/nyu/nav_ws/install/livox_ros_driver2/lib:/usr/lib/x86_64-linux-gnu/gazebo-11/plugins:/opt/ros/humble/opt/rviz_ogre_vendor/lib:/opt/ros/humble/lib/x86_64-linux-gnu:/opt/ros/humble/opt/openvdb_vendor/lib:/opt/ros/humble/lib:/opt/MVS/lib/64:/opt/MVS/lib/32:/opt/MVS/lib/64:/opt/MVS/lib/32 PYTHONPATH=/home/nyu/nav_ws/install/livox_ros_driver2/local/lib/python3.10/dist-packages:${PYTHONPATH} /usr/bin/cmake --build /home/nyu/nav_ws/build/fast_lio -- -j16 -l16
[0.055s] [  2%] Built target fast_lio__cpp
[0.060s] [ 11%] Built target fast_lio__rosidl_generator_c
[0.062s] [ 11%] Built target ament_cmake_python_symlink_fast_lio
[0.077s] [ 25%] Built target fast_lio__rosidl_typesupport_introspection_cpp
[0.078s] [ 28%] Built target fast_lio__rosidl_typesupport_c
[0.080s] [ 45%] Built target fast_lio__rosidl_typesupport_fastrtps_cpp
[0.080s] [ 45%] Built target fast_lio__rosidl_typesupport_cpp
[0.081s] [ 54%] Built target fast_lio__rosidl_typesupport_fastrtps_c
[0.083s] [ 62%] Built target fast_lio__rosidl_typesupport_introspection_c
[0.100s] [ 62%] Built target fast_lio
[0.115s] [ 65%] Built target fast_lio__py
[0.118s] [ 77%] Built target fastlio_mapping
[0.134s] [ 82%] Built target fast_lio__rosidl_generator_py
[0.150s] [ 88%] Built target fast_lio__rosidl_typesupport_fastrtps_c__pyext
[0.152s] [ 94%] Built target fast_lio__rosidl_typesupport_c__pyext
[0.157s] [100%] Built target fast_lio__rosidl_typesupport_introspection_c__pyext
[0.216s] running egg_info
[0.216s] writing fast_lio.egg-info/PKG-INFO
[0.216s] writing dependency_links to fast_lio.egg-info/dependency_links.txt
[0.216s] writing top-level names to fast_lio.egg-info/top_level.txt
[0.217s] reading manifest file 'fast_lio.egg-info/SOURCES.txt'
[0.218s] writing manifest file 'fast_lio.egg-info/SOURCES.txt'
[0.234s] [100%] Built target ament_cmake_python_build_fast_lio_egg
[0.243s] Invoked command in '/home/nyu/nav_ws/build/fast_lio' returned '0': AMENT_PREFIX_PATH=/home/nyu/nav_ws/install/livox_ros_driver2:${AMENT_PREFIX_PATH} CMAKE_PREFIX_PATH=/home/nyu/nav_ws/install/livox_ros_driver2:/opt/ros/humble LD_LIBRARY_PATH=/home/nyu/nav_ws/install/livox_ros_driver2/lib:/usr/lib/x86_64-linux-gnu/gazebo-11/plugins:/opt/ros/humble/opt/rviz_ogre_vendor/lib:/opt/ros/humble/lib/x86_64-linux-gnu:/opt/ros/humble/opt/openvdb_vendor/lib:/opt/ros/humble/lib:/opt/MVS/lib/64:/opt/MVS/lib/32:/opt/MVS/lib/64:/opt/MVS/lib/32 PYTHONPATH=/home/nyu/nav_ws/install/livox_ros_driver2/local/lib/python3.10/dist-packages:${PYTHONPATH} /usr/bin/cmake --build /home/nyu/nav_ws/build/fast_lio -- -j16 -l16
[0.245s] Invoking command in '/home/nyu/nav_ws/build/fast_lio': AMENT_PREFIX_PATH=/home/nyu/nav_ws/install/livox_ros_driver2:${AMENT_PREFIX_PATH} CMAKE_PREFIX_PATH=/home/nyu/nav_ws/install/livox_ros_driver2:/opt/ros/humble LD_LIBRARY_PATH=/home/nyu/nav_ws/install/livox_ros_driver2/lib:/usr/lib/x86_64-linux-gnu/gazebo-11/plugins:/opt/ros/humble/opt/rviz_ogre_vendor/lib:/opt/ros/humble/lib/x86_64-linux-gnu:/opt/ros/humble/opt/openvdb_vendor/lib:/opt/ros/humble/lib:/opt/MVS/lib/64:/opt/MVS/lib/32:/opt/MVS/lib/64:/opt/MVS/lib/32 PYTHONPATH=/home/nyu/nav_ws/install/livox_ros_driver2/local/lib/python3.10/dist-packages:${PYTHONPATH} /usr/bin/cmake --install /home/nyu/nav_ws/build/fast_lio
[0.252s] -- Install configuration: "Release"
[0.253s] -- Execute custom install script
[0.253s] -- Up-to-date symlink: /home/nyu/nav_ws/install/fast_lio/share/ament_index/resource_index/rosidl_interfaces/fast_lio
[0.254s] -- Up-to-date symlink: /home/nyu/nav_ws/install/fast_lio/include/fast_lio/fast_lio/msg/detail/pose6_d__functions.h
[0.254s] -- Up-to-date symlink: /home/nyu/nav_ws/install/fast_lio/include/fast_lio/fast_lio/msg/detail/pose6_d__struct.h
[0.254s] -- Up-to-date symlink: /home/nyu/nav_ws/install/fast_lio/include/fast_lio/fast_lio/msg/detail/pose6_d__type_support.h
[0.254s] -- Up-to-date symlink: /home/nyu/nav_ws/install/fast_lio/include/fast_lio/fast_lio/msg/pose6_d.h
[0.254s] -- Up-to-date symlink: /home/nyu/nav_ws/install/fast_lio/include/fast_lio/fast_lio/msg/rosidl_generator_c__visibility_control.h
[0.255s] -- Up-to-date symlink: /home/nyu/nav_ws/install/fast_lio/share/fast_lio/environment/library_path.sh
[0.255s] -- Up-to-date symlink: /home/nyu/nav_ws/install/fast_lio/share/fast_lio/environment/library_path.dsv
[0.255s] -- Up-to-date symlink: /home/nyu/nav_ws/install/fast_lio/include/fast_lio/fast_lio/msg/detail/pose6_d__rosidl_typesupport_fastrtps_c.h
[0.255s] -- Up-to-date symlink: /home/nyu/nav_ws/install/fast_lio/include/fast_lio/fast_lio/msg/rosidl_typesupport_fastrtps_c__visibility_control.h
[0.256s] -- Up-to-date symlink: /home/nyu/nav_ws/install/fast_lio/include/fast_lio/fast_lio/msg/detail/pose6_d__builder.hpp
[0.256s] -- Up-to-date symlink: /home/nyu/nav_ws/install/fast_lio/include/fast_lio/fast_lio/msg/detail/pose6_d__struct.hpp
[0.256s] -- Up-to-date symlink: /home/nyu/nav_ws/install/fast_lio/include/fast_lio/fast_lio/msg/detail/pose6_d__traits.hpp
[0.256s] -- Up-to-date symlink: /home/nyu/nav_ws/install/fast_lio/include/fast_lio/fast_lio/msg/detail/pose6_d__type_support.hpp
[0.256s] -- Up-to-date symlink: /home/nyu/nav_ws/install/fast_lio/include/fast_lio/fast_lio/msg/pose6_d.hpp
[0.256s] -- Up-to-date symlink: /home/nyu/nav_ws/install/fast_lio/include/fast_lio/fast_lio/msg/rosidl_generator_cpp__visibility_control.hpp
[0.257s] -- Up-to-date symlink: /home/nyu/nav_ws/install/fast_lio/include/fast_lio/fast_lio/msg/detail/pose6_d__rosidl_typesupport_fastrtps_cpp.hpp
[0.257s] -- Up-to-date symlink: /home/nyu/nav_ws/install/fast_lio/include/fast_lio/fast_lio/msg/rosidl_typesupport_fastrtps_cpp__visibility_control.h
[0.257s] -- Up-to-date symlink: /home/nyu/nav_ws/install/fast_lio/include/fast_lio/fast_lio/msg/detail/pose6_d__rosidl_typesupport_introspection_c.h
[0.257s] -- Up-to-date symlink: /home/nyu/nav_ws/install/fast_lio/include/fast_lio/fast_lio/msg/rosidl_typesupport_introspection_c__visibility_control.h
[0.258s] -- Up-to-date symlink: /home/nyu/nav_ws/install/fast_lio/include/fast_lio/fast_lio/msg/detail/pose6_d__rosidl_typesupport_introspection_cpp.hpp
[0.258s] -- Up-to-date symlink: /home/nyu/nav_ws/install/fast_lio/share/fast_lio/environment/pythonpath.sh
[0.258s] -- Up-to-date symlink: /home/nyu/nav_ws/install/fast_lio/share/fast_lio/environment/pythonpath.dsv
[0.258s] -- Up-to-date symlink: /home/nyu/nav_ws/install/fast_lio/local/lib/python3.10/dist-packages/fast_lio-0.0.0-py3.10.egg-info/PKG-INFO
[0.258s] -- Up-to-date symlink: /home/nyu/nav_ws/install/fast_lio/local/lib/python3.10/dist-packages/fast_lio-0.0.0-py3.10.egg-info/SOURCES.txt
[0.259s] -- Up-to-date symlink: /home/nyu/nav_ws/install/fast_lio/local/lib/python3.10/dist-packages/fast_lio-0.0.0-py3.10.egg-info/dependency_links.txt
[0.259s] -- Up-to-date symlink: /home/nyu/nav_ws/install/fast_lio/local/lib/python3.10/dist-packages/fast_lio-0.0.0-py3.10.egg-info/top_level.txt
[0.259s] -- Up-to-date symlink: /home/nyu/nav_ws/install/fast_lio/local/lib/python3.10/dist-packages/fast_lio/__init__.py
[0.259s] -- Up-to-date symlink: /home/nyu/nav_ws/install/fast_lio/local/lib/python3.10/dist-packages/fast_lio/_fast_lio_s.ep.rosidl_typesupport_c.c
[0.260s] -- Up-to-date symlink: /home/nyu/nav_ws/install/fast_lio/local/lib/python3.10/dist-packages/fast_lio/_fast_lio_s.ep.rosidl_typesupport_fastrtps_c.c
[0.260s] -- Up-to-date symlink: /home/nyu/nav_ws/install/fast_lio/local/lib/python3.10/dist-packages/fast_lio/_fast_lio_s.ep.rosidl_typesupport_introspection_c.c
[0.260s] -- Up-to-date symlink: /home/nyu/nav_ws/install/fast_lio/local/lib/python3.10/dist-packages/fast_lio/fast_lio_s__rosidl_typesupport_c.cpython-310-x86_64-linux-gnu.so
[0.260s] -- Up-to-date symlink: /home/nyu/nav_ws/install/fast_lio/local/lib/python3.10/dist-packages/fast_lio/fast_lio_s__rosidl_typesupport_fastrtps_c.cpython-310-x86_64-linux-gnu.so
[0.260s] -- Up-to-date symlink: /home/nyu/nav_ws/install/fast_lio/local/lib/python3.10/dist-packages/fast_lio/fast_lio_s__rosidl_typesupport_introspection_c.cpython-310-x86_64-linux-gnu.so
[0.260s] -- Up-to-date symlink: /home/nyu/nav_ws/install/fast_lio/local/lib/python3.10/dist-packages/fast_lio/libfast_lio__rosidl_generator_py.so
[0.261s] -- Up-to-date symlink: /home/nyu/nav_ws/install/fast_lio/local/lib/python3.10/dist-packages/fast_lio/msg/__init__.py
[0.261s] -- Up-to-date symlink: /home/nyu/nav_ws/install/fast_lio/local/lib/python3.10/dist-packages/fast_lio/msg/_pose6_d.py
[0.261s] -- Up-to-date symlink: /home/nyu/nav_ws/install/fast_lio/local/lib/python3.10/dist-packages/fast_lio/msg/_pose6_d_s.c
[0.261s] -- Up-to-date symlink: /home/nyu/nav_ws/install/fast_lio/local/lib/python3.10/dist-packages/fast_lio/fast_lio_s__rosidl_typesupport_fastrtps_c.cpython-310-x86_64-linux-gnu.so
[0.261s] -- Up-to-date symlink: /home/nyu/nav_ws/install/fast_lio/local/lib/python3.10/dist-packages/fast_lio/fast_lio_s__rosidl_typesupport_introspection_c.cpython-310-x86_64-linux-gnu.so
[0.262s] -- Up-to-date symlink: /home/nyu/nav_ws/install/fast_lio/local/lib/python3.10/dist-packages/fast_lio/fast_lio_s__rosidl_typesupport_c.cpython-310-x86_64-linux-gnu.so
[0.262s] -- Up-to-date symlink: /home/nyu/nav_ws/install/fast_lio/share/fast_lio/msg/Pose6D.idl
[0.262s] -- Up-to-date symlink: /home/nyu/nav_ws/install/fast_lio/share/fast_lio/msg/Pose6D.msg
[0.262s] -- Up-to-date symlink: /home/nyu/nav_ws/install/fast_lio/lib/fast_lio/fastlio_mapping
[0.263s] -- Up-to-date symlink: /home/nyu/nav_ws/install/fast_lio/share/fast_lio/config/avia.yaml
[0.263s] -- Up-to-date symlink: /home/nyu/nav_ws/install/fast_lio/share/fast_lio/config/horizon.yaml
[0.263s] -- Up-to-date symlink: /home/nyu/nav_ws/install/fast_lio/share/fast_lio/config/mid360.yaml
[0.263s] -- Up-to-date symlink: /home/nyu/nav_ws/install/fast_lio/share/fast_lio/config/ouster64.yaml
[0.263s] -- Up-to-date symlink: /home/nyu/nav_ws/install/fast_lio/share/fast_lio/config/velodyne.yaml
[0.263s] -- Up-to-date symlink: /home/nyu/nav_ws/install/fast_lio/share/fast_lio/launch/gdb_debug_example.launch
[0.263s] -- Up-to-date symlink: /home/nyu/nav_ws/install/fast_lio/share/fast_lio/launch/mapping.launch.py
[0.264s] -- Up-to-date symlink: /home/nyu/nav_ws/install/fast_lio/share/fast_lio/rviz/fastlio.rviz
[0.264s] -- Up-to-date symlink: /home/nyu/nav_ws/install/fast_lio/share/ament_index/resource_index/package_run_dependencies/fast_lio
[0.264s] -- Up-to-date symlink: /home/nyu/nav_ws/install/fast_lio/share/ament_index/resource_index/parent_prefix_path/fast_lio
[0.264s] -- Up-to-date symlink: /home/nyu/nav_ws/install/fast_lio/share/fast_lio/environment/ament_prefix_path.sh
[0.264s] -- Up-to-date symlink: /home/nyu/nav_ws/install/fast_lio/share/fast_lio/environment/ament_prefix_path.dsv
[0.264s] -- Up-to-date symlink: /home/nyu/nav_ws/install/fast_lio/share/fast_lio/environment/path.sh
[0.264s] -- Up-to-date symlink: /home/nyu/nav_ws/install/fast_lio/share/fast_lio/environment/path.dsv
[0.264s] -- Up-to-date symlink: /home/nyu/nav_ws/install/fast_lio/share/fast_lio/local_setup.bash
[0.264s] -- Up-to-date symlink: /home/nyu/nav_ws/install/fast_lio/share/fast_lio/local_setup.sh
[0.264s] -- Up-to-date symlink: /home/nyu/nav_ws/install/fast_lio/share/fast_lio/local_setup.zsh
[0.265s] -- Up-to-date symlink: /home/nyu/nav_ws/install/fast_lio/share/fast_lio/local_setup.dsv
[0.265s] -- Symlinking: /home/nyu/nav_ws/install/fast_lio/share/fast_lio/package.dsv
[0.271s] -- Up-to-date symlink: /home/nyu/nav_ws/install/fast_lio/share/ament_index/resource_index/packages/fast_lio
[0.271s] -- Up-to-date symlink: /home/nyu/nav_ws/install/fast_lio/share/fast_lio/cmake/rosidl_cmake-extras.cmake
[0.271s] -- Up-to-date symlink: /home/nyu/nav_ws/install/fast_lio/share/fast_lio/cmake/ament_cmake_export_include_directories-extras.cmake
[0.271s] -- Up-to-date symlink: /home/nyu/nav_ws/install/fast_lio/share/fast_lio/cmake/ament_cmake_export_libraries-extras.cmake
[0.271s] -- Up-to-date symlink: /home/nyu/nav_ws/install/fast_lio/share/fast_lio/cmake/ament_cmake_export_targets-extras.cmake
[0.271s] -- Up-to-date symlink: /home/nyu/nav_ws/install/fast_lio/share/fast_lio/cmake/rosidl_cmake_export_typesupport_targets-extras.cmake
[0.271s] -- Up-to-date symlink: /home/nyu/nav_ws/install/fast_lio/share/fast_lio/cmake/ament_cmake_export_dependencies-extras.cmake
[0.271s] -- Up-to-date symlink: /home/nyu/nav_ws/install/fast_lio/share/fast_lio/cmake/rosidl_cmake_export_typesupport_libraries-extras.cmake
[0.272s] -- Up-to-date symlink: /home/nyu/nav_ws/install/fast_lio/share/fast_lio/cmake/fast_lioConfig.cmake
[0.272s] -- Up-to-date symlink: /home/nyu/nav_ws/install/fast_lio/share/fast_lio/cmake/fast_lioConfig-version.cmake
[0.272s] -- Up-to-date symlink: /home/nyu/nav_ws/install/fast_lio/share/fast_lio/package.xml
[0.272s] -- Up-to-date: /home/nyu/nav_ws/install/fast_lio/lib/libfast_lio__rosidl_generator_c.so
[0.272s] -- Up-to-date: /home/nyu/nav_ws/install/fast_lio/lib/libfast_lio__rosidl_typesupport_fastrtps_c.so
[0.272s] -- Up-to-date: /home/nyu/nav_ws/install/fast_lio/lib/libfast_lio__rosidl_typesupport_fastrtps_cpp.so
[0.273s] -- Up-to-date: /home/nyu/nav_ws/install/fast_lio/lib/libfast_lio__rosidl_typesupport_introspection_c.so
[0.273s] -- Up-to-date: /home/nyu/nav_ws/install/fast_lio/lib/libfast_lio__rosidl_typesupport_c.so
[0.273s] -- Up-to-date: /home/nyu/nav_ws/install/fast_lio/lib/libfast_lio__rosidl_typesupport_introspection_cpp.so
[0.273s] -- Up-to-date: /home/nyu/nav_ws/install/fast_lio/lib/libfast_lio__rosidl_typesupport_cpp.so
[0.293s] Listing '/home/nyu/nav_ws/install/fast_lio/local/lib/python3.10/dist-packages/fast_lio'...
[0.293s] Listing '/home/nyu/nav_ws/install/fast_lio/local/lib/python3.10/dist-packages/fast_lio/msg'...
[0.296s] -- Up-to-date: /home/nyu/nav_ws/install/fast_lio/lib/libfast_lio__rosidl_generator_py.so
[0.297s] -- Up-to-date: /home/nyu/nav_ws/install/fast_lio/share/fast_lio/cmake/export_fast_lio__rosidl_generator_cExport.cmake
[0.297s] -- Up-to-date: /home/nyu/nav_ws/install/fast_lio/share/fast_lio/cmake/export_fast_lio__rosidl_generator_cExport-release.cmake
[0.297s] -- Up-to-date: /home/nyu/nav_ws/install/fast_lio/share/fast_lio/cmake/export_fast_lio__rosidl_typesupport_fastrtps_cExport.cmake
[0.297s] -- Up-to-date: /home/nyu/nav_ws/install/fast_lio/share/fast_lio/cmake/export_fast_lio__rosidl_typesupport_fastrtps_cExport-release.cmake
[0.297s] -- Up-to-date: /home/nyu/nav_ws/install/fast_lio/share/fast_lio/cmake/export_fast_lio__rosidl_generator_cppExport.cmake
[0.297s] -- Up-to-date: /home/nyu/nav_ws/install/fast_lio/share/fast_lio/cmake/export_fast_lio__rosidl_typesupport_fastrtps_cppExport.cmake
[0.297s] -- Up-to-date: /home/nyu/nav_ws/install/fast_lio/share/fast_lio/cmake/export_fast_lio__rosidl_typesupport_fastrtps_cppExport-release.cmake
[0.298s] -- Up-to-date: /home/nyu/nav_ws/install/fast_lio/share/fast_lio/cmake/fast_lio__rosidl_typesupport_introspection_cExport.cmake
[0.298s] -- Up-to-date: /home/nyu/nav_ws/install/fast_lio/share/fast_lio/cmake/fast_lio__rosidl_typesupport_introspection_cExport-release.cmake
[0.298s] -- Up-to-date: /home/nyu/nav_ws/install/fast_lio/share/fast_lio/cmake/fast_lio__rosidl_typesupport_cExport.cmake
[0.298s] -- Up-to-date: /home/nyu/nav_ws/install/fast_lio/share/fast_lio/cmake/fast_lio__rosidl_typesupport_cExport-release.cmake
[0.298s] -- Up-to-date: /home/nyu/nav_ws/install/fast_lio/share/fast_lio/cmake/fast_lio__rosidl_typesupport_introspection_cppExport.cmake
[0.298s] -- Up-to-date: /home/nyu/nav_ws/install/fast_lio/share/fast_lio/cmake/fast_lio__rosidl_typesupport_introspection_cppExport-release.cmake
[0.298s] -- Up-to-date: /home/nyu/nav_ws/install/fast_lio/share/fast_lio/cmake/fast_lio__rosidl_typesupport_cppExport.cmake
[0.298s] -- Up-to-date: /home/nyu/nav_ws/install/fast_lio/share/fast_lio/cmake/fast_lio__rosidl_typesupport_cppExport-release.cmake
[0.298s] -- Up-to-date: /home/nyu/nav_ws/install/fast_lio/share/fast_lio/cmake/export_fast_lio__rosidl_generator_pyExport.cmake
[0.298s] -- Up-to-date: /home/nyu/nav_ws/install/fast_lio/share/fast_lio/cmake/export_fast_lio__rosidl_generator_pyExport-release.cmake
[0.300s] Invoked command in '/home/nyu/nav_ws/build/fast_lio' returned '0': AMENT_PREFIX_PATH=/home/nyu/nav_ws/install/livox_ros_driver2:${AMENT_PREFIX_PATH} CMAKE_PREFIX_PATH=/home/nyu/nav_ws/install/livox_ros_driver2:/opt/ros/humble LD_LIBRARY_PATH=/home/nyu/nav_ws/install/livox_ros_driver2/lib:/usr/lib/x86_64-linux-gnu/gazebo-11/plugins:/opt/ros/humble/opt/rviz_ogre_vendor/lib:/opt/ros/humble/lib/x86_64-linux-gnu:/opt/ros/humble/opt/openvdb_vendor/lib:/opt/ros/humble/lib:/opt/MVS/lib/64:/opt/MVS/lib/32:/opt/MVS/lib/64:/opt/MVS/lib/32 PYTHONPATH=/home/nyu/nav_ws/install/livox_ros_driver2/local/lib/python3.10/dist-packages:${PYTHONPATH} /usr/bin/cmake --install /home/nyu/nav_ws/build/fast_lio
