[0.027s] Invoking command in '/home/nyu/nav_ws/src/build/livox_ros_driver2': CMAKE_PREFIX_PATH=/opt/ros/humble /usr/bin/cmake /home/nyu/nav_ws/src/livox_ros_driver2 -DCMAKE_INSTALL_PREFIX=/home/nyu/nav_ws/src/install/livox_ros_driver2
[0.227s] -- livox_ros_driver2 version: 1.2.4
[0.227s] -- Found ament_cmake_auto: 1.3.12 (/opt/ros/humble/share/ament_cmake_auto/cmake)
[0.228s] -- Using all available rosidl_typesupport_c: rosidl_typesupport_fastrtps_c;rosidl_typesupport_introspection_c
[0.228s] -- Found rosidl_adapter: 3.1.7 (/opt/ros/humble/share/rosidl_adapter/cmake)
[0.244s] -- Using all available rosidl_typesupport_cpp: rosidl_typesupport_fastrtps_cpp;rosidl_typesupport_introspection_cpp
[0.338s] -- Found rmw_implementation_cmake: 6.1.2 (/opt/ros/humble/share/rmw_implementation_cmake/cmake)
[0.338s] -- Found rmw_fastrtps_cpp: 6.2.9 (/opt/ros/humble/share/rmw_fastrtps_cpp/cmake)
[0.431s] -- Using RMW implementation 'rmw_fastrtps_cpp' as default
[0.544s] -- Eigen found (include: /usr/include/eigen3, version: 3.4.0)
[0.568s] -- FLANN found (include: /usr/include, lib: /usr/lib/x86_64-linux-gnu/libflann_cpp.so)
[0.869s] -- OpenNI found (version: 1.5.4.0, include: /usr/include/ni, lib: /usr/lib/libOpenNI.so;libusb::libusb)
[0.876s] -- OpenNI2 found (version: 2.2.0.33, include: /usr/include/openni2, lib: /usr/lib/x86_64-linux-gnu/libOpenNI2.so;libusb::libusb)
[1.012s] -- Eigen found (include: /usr/include/eigen3, version: 3.4.0)
[1.020s] -- OpenNI found (version: 1.5.4.0, include: /usr/include/ni, lib: /usr/lib/libOpenNI.so;libusb::libusb)
[1.026s] -- OpenNI2 found (version: 2.2.0.33, include: /usr/include/openni2, lib: /usr/lib/x86_64-linux-gnu/libOpenNI2.so;libusb::libusb)
[1.152s] -- Found Qhull version 8.0.2
[1.288s] -- OpenNI found (version: 1.5.4.0, include: /usr/include/ni, lib: /usr/lib/libOpenNI.so;libusb::libusb)
[1.449s] -- Checking for module 'apr-1'
[1.451s] --   No package 'apr-1' found
[1.633s] -- Found ament_cmake_ros: 0.10.0 (/opt/ros/humble/share/ament_cmake_ros/cmake)
[1.836s] -- Using all available rosidl_typesupport_c: rosidl_typesupport_fastrtps_c;rosidl_typesupport_introspection_c
[2.103s] -- Using all available rosidl_typesupport_cpp: rosidl_typesupport_fastrtps_cpp;rosidl_typesupport_introspection_cpp
[2.125s] -- Found python_cmake_module: 0.10.0 (/opt/ros/humble/share/python_cmake_module/cmake)
[2.145s] -- Using PYTHON_EXECUTABLE: /usr/bin/python3
[2.145s] -- Using PYTHON_INCLUDE_DIRS: /usr/include/python3.10
[2.146s] -- Using PYTHON_LIBRARIES: /usr/lib/x86_64-linux-gnu/libpython3.10.so
[2.180s] -- Found ament_lint_auto: 0.12.14 (/opt/ros/humble/share/ament_lint_auto/cmake)
[2.186s] -- Added test 'copyright' to check source files copyright and LICENSE
[2.189s] -- Added test 'cppcheck' to perform static code analysis on C / C++ code
[2.189s] -- Configured cppcheck include dirs: /home/nyu/nav_ws/src/livox_ros_driver2/3rdparty;/home/nyu/nav_ws/src/livox_ros_driver2/src
[2.190s] -- Configured cppcheck exclude dirs and/or files: 
[2.193s] -- Added test 'cpplint' to check C / C++ code against the Google style
[2.193s] -- Configured cpplint exclude dirs and/or files: 
[2.194s] -- Added test 'flake8' to check Python code syntax and style conventions
[2.195s] -- Added test 'lint_cmake' to check CMake code style
[2.195s] -- Added test 'pep257' to check Python code against some of the docstring style conventions in PEP 257
[2.199s] -- Added test 'uncrustify' to check C / C++ code style
[2.199s] -- Configured uncrustify additional arguments: 
[2.199s] -- Added test 'xmllint' to check XML markup files
[2.201s] -- Configuring done
[2.204s] [0mCMake Error: The following variables are used in this project, but they are set to NOTFOUND.
[2.204s] Please set them or make sure they are set and tested correctly in the CMake files:
[2.204s] /home/nyu/nav_ws/src/livox_ros_driver2/LIVOX_INTERFACES_INCLUDE_DIRECTORIES
[2.204s]    used as include directory in directory /home/nyu/nav_ws/src/livox_ros_driver2
[2.204s] [0m
[2.246s] -- Generating done
[2.248s] [0mCMake Generate step failed.  Build files cannot be regenerated correctly.[0m
[2.269s] Invoked command in '/home/nyu/nav_ws/src/build/livox_ros_driver2' returned '1': CMAKE_PREFIX_PATH=/opt/ros/humble /usr/bin/cmake /home/nyu/nav_ws/src/livox_ros_driver2 -DCMAKE_INSTALL_PREFIX=/home/nyu/nav_ws/src/install/livox_ros_driver2
