[0.057s] Invoking command in '/home/nyu/nav_ws/build/ros2_livox_simulation': AMENT_PREFIX_PATH=/home/nyu/nav_ws/install/livox_ros_driver2:${AMENT_PREFIX_PATH} CMAKE_PREFIX_PATH=/home/nyu/nav_ws/install/livox_ros_driver2:/opt/ros/humble LD_LIBRARY_PATH=/home/nyu/nav_ws/install/livox_ros_driver2/lib:/usr/lib/x86_64-linux-gnu/gazebo-11/plugins:/opt/ros/humble/opt/rviz_ogre_vendor/lib:/opt/ros/humble/lib/x86_64-linux-gnu:/opt/ros/humble/opt/openvdb_vendor/lib:/opt/ros/humble/lib:/opt/MVS/lib/64:/opt/MVS/lib/32:/opt/MVS/lib/64:/opt/MVS/lib/32 PYTHONPATH=/home/nyu/nav_ws/install/livox_ros_driver2/local/lib/python3.10/dist-packages:${PYTHONPATH} /usr/bin/cmake --build /home/nyu/nav_ws/build/ros2_livox_simulation -- -j16 -l16
[0.121s] [100%] Built target ros2_livox
[0.132s] Invoked command in '/home/nyu/nav_ws/build/ros2_livox_simulation' returned '0': AMENT_PREFIX_PATH=/home/nyu/nav_ws/install/livox_ros_driver2:${AMENT_PREFIX_PATH} CMAKE_PREFIX_PATH=/home/nyu/nav_ws/install/livox_ros_driver2:/opt/ros/humble LD_LIBRARY_PATH=/home/nyu/nav_ws/install/livox_ros_driver2/lib:/usr/lib/x86_64-linux-gnu/gazebo-11/plugins:/opt/ros/humble/opt/rviz_ogre_vendor/lib:/opt/ros/humble/lib/x86_64-linux-gnu:/opt/ros/humble/opt/openvdb_vendor/lib:/opt/ros/humble/lib:/opt/MVS/lib/64:/opt/MVS/lib/32:/opt/MVS/lib/64:/opt/MVS/lib/32 PYTHONPATH=/home/nyu/nav_ws/install/livox_ros_driver2/local/lib/python3.10/dist-packages:${PYTHONPATH} /usr/bin/cmake --build /home/nyu/nav_ws/build/ros2_livox_simulation -- -j16 -l16
[0.135s] Invoking command in '/home/nyu/nav_ws/build/ros2_livox_simulation': AMENT_PREFIX_PATH=/home/nyu/nav_ws/install/livox_ros_driver2:${AMENT_PREFIX_PATH} CMAKE_PREFIX_PATH=/home/nyu/nav_ws/install/livox_ros_driver2:/opt/ros/humble LD_LIBRARY_PATH=/home/nyu/nav_ws/install/livox_ros_driver2/lib:/usr/lib/x86_64-linux-gnu/gazebo-11/plugins:/opt/ros/humble/opt/rviz_ogre_vendor/lib:/opt/ros/humble/lib/x86_64-linux-gnu:/opt/ros/humble/opt/openvdb_vendor/lib:/opt/ros/humble/lib:/opt/MVS/lib/64:/opt/MVS/lib/32:/opt/MVS/lib/64:/opt/MVS/lib/32 PYTHONPATH=/home/nyu/nav_ws/install/livox_ros_driver2/local/lib/python3.10/dist-packages:${PYTHONPATH} /usr/bin/cmake --install /home/nyu/nav_ws/build/ros2_livox_simulation
[0.140s] -- Install configuration: ""
[0.140s] -- Execute custom install script
[0.142s] -- Up-to-date symlink: /home/nyu/nav_ws/install/ros2_livox_simulation/include/ros2_livox/csv_reader.hpp
[0.142s] -- Up-to-date symlink: /home/nyu/nav_ws/install/ros2_livox_simulation/include/ros2_livox/livox_ode_multiray_shape.h
[0.142s] -- Up-to-date symlink: /home/nyu/nav_ws/install/ros2_livox_simulation/include/ros2_livox/livox_points_plugin.h
[0.143s] -- Up-to-date symlink: /home/nyu/nav_ws/install/ros2_livox_simulation/share/ros2_livox_simulation/environment/library_path.sh
[0.143s] -- Up-to-date symlink: /home/nyu/nav_ws/install/ros2_livox_simulation/share/ros2_livox_simulation/environment/library_path.dsv
[0.143s] -- Up-to-date symlink: /home/nyu/nav_ws/install/ros2_livox_simulation/lib/libros2_livox.so
[0.143s] -- Up-to-date symlink: /home/nyu/nav_ws/install/ros2_livox_simulation/share/ros2_livox_simulation/scan_mode/mid360.csv
[0.143s] -- Up-to-date symlink: /home/nyu/nav_ws/install/ros2_livox_simulation/share/ros2_livox_simulation/urdf/mid360.xacro
[0.143s] -- Up-to-date symlink: /home/nyu/nav_ws/install/ros2_livox_simulation/share/ament_index/resource_index/package_run_dependencies/ros2_livox_simulation
[0.143s] -- Up-to-date symlink: /home/nyu/nav_ws/install/ros2_livox_simulation/share/ament_index/resource_index/parent_prefix_path/ros2_livox_simulation
[0.143s] -- Up-to-date symlink: /home/nyu/nav_ws/install/ros2_livox_simulation/share/ros2_livox_simulation/environment/ament_prefix_path.sh
[0.143s] -- Up-to-date symlink: /home/nyu/nav_ws/install/ros2_livox_simulation/share/ros2_livox_simulation/environment/ament_prefix_path.dsv
[0.143s] -- Up-to-date symlink: /home/nyu/nav_ws/install/ros2_livox_simulation/share/ros2_livox_simulation/environment/path.sh
[0.143s] -- Up-to-date symlink: /home/nyu/nav_ws/install/ros2_livox_simulation/share/ros2_livox_simulation/environment/path.dsv
[0.143s] -- Up-to-date symlink: /home/nyu/nav_ws/install/ros2_livox_simulation/share/ros2_livox_simulation/local_setup.bash
[0.143s] -- Up-to-date symlink: /home/nyu/nav_ws/install/ros2_livox_simulation/share/ros2_livox_simulation/local_setup.sh
[0.143s] -- Up-to-date symlink: /home/nyu/nav_ws/install/ros2_livox_simulation/share/ros2_livox_simulation/local_setup.zsh
[0.144s] -- Up-to-date symlink: /home/nyu/nav_ws/install/ros2_livox_simulation/share/ros2_livox_simulation/local_setup.dsv
[0.144s] -- Symlinking: /home/nyu/nav_ws/install/ros2_livox_simulation/share/ros2_livox_simulation/package.dsv
[0.152s] -- Up-to-date symlink: /home/nyu/nav_ws/install/ros2_livox_simulation/share/ament_index/resource_index/packages/ros2_livox_simulation
[0.152s] -- Up-to-date symlink: /home/nyu/nav_ws/install/ros2_livox_simulation/share/ros2_livox_simulation/cmake/ament_cmake_export_dependencies-extras.cmake
[0.152s] -- Up-to-date symlink: /home/nyu/nav_ws/install/ros2_livox_simulation/share/ros2_livox_simulation/cmake/ament_cmake_export_include_directories-extras.cmake
[0.152s] -- Up-to-date symlink: /home/nyu/nav_ws/install/ros2_livox_simulation/share/ros2_livox_simulation/cmake/ament_cmake_export_libraries-extras.cmake
[0.152s] -- Up-to-date symlink: /home/nyu/nav_ws/install/ros2_livox_simulation/share/ros2_livox_simulation/cmake/ros2_livox_simulationConfig.cmake
[0.152s] -- Up-to-date symlink: /home/nyu/nav_ws/install/ros2_livox_simulation/share/ros2_livox_simulation/cmake/ros2_livox_simulationConfig-version.cmake
[0.152s] -- Up-to-date symlink: /home/nyu/nav_ws/install/ros2_livox_simulation/share/ros2_livox_simulation/package.xml
[0.170s] Invoked command in '/home/nyu/nav_ws/build/ros2_livox_simulation' returned '0': AMENT_PREFIX_PATH=/home/nyu/nav_ws/install/livox_ros_driver2:${AMENT_PREFIX_PATH} CMAKE_PREFIX_PATH=/home/nyu/nav_ws/install/livox_ros_driver2:/opt/ros/humble LD_LIBRARY_PATH=/home/nyu/nav_ws/install/livox_ros_driver2/lib:/usr/lib/x86_64-linux-gnu/gazebo-11/plugins:/opt/ros/humble/opt/rviz_ogre_vendor/lib:/opt/ros/humble/lib/x86_64-linux-gnu:/opt/ros/humble/opt/openvdb_vendor/lib:/opt/ros/humble/lib:/opt/MVS/lib/64:/opt/MVS/lib/32:/opt/MVS/lib/64:/opt/MVS/lib/32 PYTHONPATH=/home/nyu/nav_ws/install/livox_ros_driver2/local/lib/python3.10/dist-packages:${PYTHONPATH} /usr/bin/cmake --install /home/nyu/nav_ws/build/ros2_livox_simulation
