[0.182s] Invoking command in '/home/nyu/nav_ws/build/rm_navigation': CMAKE_PREFIX_PATH=/opt/ros/humble /usr/bin/cmake /home/nyu/nav_ws/src/pb_rm_simulation/src/rm_navigation/rm_navigation -DCMAKE_INSTALL_PREFIX=/home/nyu/nav_ws/install/rm_navigation
[0.195s] -- Found ament_cmake_auto: 1.3.12 (/opt/ros/humble/share/ament_cmake_auto/cmake)
[0.332s] -- Override CMake install command with custom implementation using symlinks instead of copying resources
[0.340s] -- Found ament_lint_auto: 0.12.14 (/opt/ros/humble/share/ament_lint_auto/cmake)
[0.402s] -- Added test 'flake8' to check Python code syntax and style conventions
[0.403s] -- Added test 'lint_cmake' to check CMake code style
[0.403s] -- Added test 'pep257' to check Python code against some of the docstring style conventions in PEP 257
[0.404s] -- Added test 'xmllint' to check XML markup files
[0.405s] -- Configuring done
[0.408s] -- Generating done
[0.410s] -- Build files have been written to: /home/nyu/nav_ws/build/rm_navigation
[0.416s] Invoked command in '/home/nyu/nav_ws/build/rm_navigation' returned '0': CMAKE_PREFIX_PATH=/opt/ros/humble /usr/bin/cmake /home/nyu/nav_ws/src/pb_rm_simulation/src/rm_navigation/rm_navigation -DCMAKE_INSTALL_PREFIX=/home/nyu/nav_ws/install/rm_navigation
[0.418s] Invoking command in '/home/nyu/nav_ws/build/rm_navigation': CMAKE_PREFIX_PATH=/opt/ros/humble /usr/bin/cmake --build /home/nyu/nav_ws/build/rm_navigation -- -j16 -l16
[0.464s] Invoked command in '/home/nyu/nav_ws/build/rm_navigation' returned '0': CMAKE_PREFIX_PATH=/opt/ros/humble /usr/bin/cmake --build /home/nyu/nav_ws/build/rm_navigation -- -j16 -l16
[0.465s] Invoking command in '/home/nyu/nav_ws/build/rm_navigation': CMAKE_PREFIX_PATH=/opt/ros/humble /usr/bin/cmake --install /home/nyu/nav_ws/build/rm_navigation
[0.470s] -- Install configuration: ""
[0.470s] -- Execute custom install script
[0.470s] -- Up-to-date symlink: /home/nyu/nav_ws/install/rm_navigation/share/rm_navigation/params/mapper_params_online_async.yaml
[0.470s] -- Up-to-date symlink: /home/nyu/nav_ws/install/rm_navigation/share/rm_navigation/params/nav2_params.yaml
[0.471s] -- Up-to-date symlink: /home/nyu/nav_ws/install/rm_navigation/share/rm_navigation/rviz/nav2.rviz
[0.471s] -- Up-to-date symlink: /home/nyu/nav_ws/install/rm_navigation/share/rm_navigation/launch/bringup_rm_navigation.py
[0.471s] -- Up-to-date symlink: /home/nyu/nav_ws/install/rm_navigation/share/rm_navigation/launch/localization_amcl_launch.py
[0.471s] -- Up-to-date symlink: /home/nyu/nav_ws/install/rm_navigation/share/rm_navigation/launch/map_server_launch.py
[0.471s] -- Up-to-date symlink: /home/nyu/nav_ws/install/rm_navigation/share/rm_navigation/launch/navigation_launch.py
[0.471s] -- Up-to-date symlink: /home/nyu/nav_ws/install/rm_navigation/share/rm_navigation/launch/rviz_launch.py
[0.471s] -- Up-to-date symlink: /home/nyu/nav_ws/install/rm_navigation/share/ament_index/resource_index/package_run_dependencies/rm_navigation
[0.471s] -- Up-to-date symlink: /home/nyu/nav_ws/install/rm_navigation/share/ament_index/resource_index/parent_prefix_path/rm_navigation
[0.471s] -- Up-to-date symlink: /home/nyu/nav_ws/install/rm_navigation/share/rm_navigation/environment/ament_prefix_path.sh
[0.471s] -- Up-to-date symlink: /home/nyu/nav_ws/install/rm_navigation/share/rm_navigation/environment/ament_prefix_path.dsv
[0.472s] -- Up-to-date symlink: /home/nyu/nav_ws/install/rm_navigation/share/rm_navigation/environment/path.sh
[0.472s] -- Up-to-date symlink: /home/nyu/nav_ws/install/rm_navigation/share/rm_navigation/environment/path.dsv
[0.472s] -- Up-to-date symlink: /home/nyu/nav_ws/install/rm_navigation/share/rm_navigation/local_setup.bash
[0.472s] -- Up-to-date symlink: /home/nyu/nav_ws/install/rm_navigation/share/rm_navigation/local_setup.sh
[0.472s] -- Up-to-date symlink: /home/nyu/nav_ws/install/rm_navigation/share/rm_navigation/local_setup.zsh
[0.472s] -- Up-to-date symlink: /home/nyu/nav_ws/install/rm_navigation/share/rm_navigation/local_setup.dsv
[0.472s] -- Symlinking: /home/nyu/nav_ws/install/rm_navigation/share/rm_navigation/package.dsv
[0.479s] -- Up-to-date symlink: /home/nyu/nav_ws/install/rm_navigation/share/ament_index/resource_index/packages/rm_navigation
[0.479s] -- Up-to-date symlink: /home/nyu/nav_ws/install/rm_navigation/share/rm_navigation/cmake/rm_navigationConfig.cmake
[0.479s] -- Up-to-date symlink: /home/nyu/nav_ws/install/rm_navigation/share/rm_navigation/cmake/rm_navigationConfig-version.cmake
[0.479s] -- Up-to-date symlink: /home/nyu/nav_ws/install/rm_navigation/share/rm_navigation/package.xml
[0.481s] Invoked command in '/home/nyu/nav_ws/build/rm_navigation' returned '0': CMAKE_PREFIX_PATH=/opt/ros/humble /usr/bin/cmake --install /home/nyu/nav_ws/build/rm_navigation
