[0.014s] Invoking command in '/home/nyu/nav_ws/build/icp_registration': CMAKE_PREFIX_PATH=/home/nyu/nav_ws/install/livox_ros_driver2:/home/nyu/nav_ws/install/unitree_lidar_ros2:/home/nyu/nav_ws/install/ros2_livox_simulation:/home/nyu/nav_ws/install/rm_navigation:/home/nyu/nav_ws/install/rm_nav_bringup:/home/nyu/nav_ws/install/pointcloud_to_laserscan:/home/nyu/nav_ws/install/point_lio:/home/nyu/nav_ws/install/pcd2pgm:/home/nyu/nav_ws/install/pb_rm_simulation:/home/nyu/nav_ws/install/icp_registration:/home/nyu/nav_ws/install/fast_lio:/home/nyu/nav_ws/install/linefit_ground_segmentation_ros:/home/nyu/nav_ws/install/linefit_ground_segmentation:/home/nyu/nav_ws/install/imu_complementary_filter:/home/nyu/nav_ws/install/fake_vel_transform:/home/nyu/nav_ws/install/map2gazebo:/opt/ros/humble LD_LIBRARY_PATH=/home/nyu/nav_ws/install/livox_ros_driver2/lib:/home/nyu/nav_ws/install/ros2_livox_simulation/lib:/home/nyu/nav_ws/install/pointcloud_to_laserscan/lib:/home/nyu/nav_ws/install/pcd2pgm/lib:/home/nyu/nav_ws/install/icp_registration/lib:/home/nyu/nav_ws/install/fast_lio/lib:/home/nyu/nav_ws/install/linefit_ground_segmentation/lib:/home/nyu/nav_ws/install/imu_complementary_filter/lib:/home/nyu/nav_ws/install/fake_vel_transform/lib:/usr/lib/x86_64-linux-gnu/gazebo-11/plugins:/opt/ros/humble/opt/rviz_ogre_vendor/lib:/opt/ros/humble/lib/x86_64-linux-gnu:/opt/ros/humble/opt/openvdb_vendor/lib:/opt/ros/humble/lib:/opt/MVS/lib/64:/opt/MVS/lib/32:/opt/MVS/lib/64:/opt/MVS/lib/32 /usr/bin/cmake --build /home/nyu/nav_ws/build/icp_registration -- -j16 -l16
[0.078s] [ 50%] Built target icp_registration_node
[0.089s] [100%] Built target icp_registration
[0.097s] Invoked command in '/home/nyu/nav_ws/build/icp_registration' returned '0': CMAKE_PREFIX_PATH=/home/nyu/nav_ws/install/livox_ros_driver2:/home/nyu/nav_ws/install/unitree_lidar_ros2:/home/nyu/nav_ws/install/ros2_livox_simulation:/home/nyu/nav_ws/install/rm_navigation:/home/nyu/nav_ws/install/rm_nav_bringup:/home/nyu/nav_ws/install/pointcloud_to_laserscan:/home/nyu/nav_ws/install/point_lio:/home/nyu/nav_ws/install/pcd2pgm:/home/nyu/nav_ws/install/pb_rm_simulation:/home/nyu/nav_ws/install/icp_registration:/home/nyu/nav_ws/install/fast_lio:/home/nyu/nav_ws/install/linefit_ground_segmentation_ros:/home/nyu/nav_ws/install/linefit_ground_segmentation:/home/nyu/nav_ws/install/imu_complementary_filter:/home/nyu/nav_ws/install/fake_vel_transform:/home/nyu/nav_ws/install/map2gazebo:/opt/ros/humble LD_LIBRARY_PATH=/home/nyu/nav_ws/install/livox_ros_driver2/lib:/home/nyu/nav_ws/install/ros2_livox_simulation/lib:/home/nyu/nav_ws/install/pointcloud_to_laserscan/lib:/home/nyu/nav_ws/install/pcd2pgm/lib:/home/nyu/nav_ws/install/icp_registration/lib:/home/nyu/nav_ws/install/fast_lio/lib:/home/nyu/nav_ws/install/linefit_ground_segmentation/lib:/home/nyu/nav_ws/install/imu_complementary_filter/lib:/home/nyu/nav_ws/install/fake_vel_transform/lib:/usr/lib/x86_64-linux-gnu/gazebo-11/plugins:/opt/ros/humble/opt/rviz_ogre_vendor/lib:/opt/ros/humble/lib/x86_64-linux-gnu:/opt/ros/humble/opt/openvdb_vendor/lib:/opt/ros/humble/lib:/opt/MVS/lib/64:/opt/MVS/lib/32:/opt/MVS/lib/64:/opt/MVS/lib/32 /usr/bin/cmake --build /home/nyu/nav_ws/build/icp_registration -- -j16 -l16
[0.099s] Invoking command in '/home/nyu/nav_ws/build/icp_registration': CMAKE_PREFIX_PATH=/home/nyu/nav_ws/install/livox_ros_driver2:/home/nyu/nav_ws/install/unitree_lidar_ros2:/home/nyu/nav_ws/install/ros2_livox_simulation:/home/nyu/nav_ws/install/rm_navigation:/home/nyu/nav_ws/install/rm_nav_bringup:/home/nyu/nav_ws/install/pointcloud_to_laserscan:/home/nyu/nav_ws/install/point_lio:/home/nyu/nav_ws/install/pcd2pgm:/home/nyu/nav_ws/install/pb_rm_simulation:/home/nyu/nav_ws/install/icp_registration:/home/nyu/nav_ws/install/fast_lio:/home/nyu/nav_ws/install/linefit_ground_segmentation_ros:/home/nyu/nav_ws/install/linefit_ground_segmentation:/home/nyu/nav_ws/install/imu_complementary_filter:/home/nyu/nav_ws/install/fake_vel_transform:/home/nyu/nav_ws/install/map2gazebo:/opt/ros/humble LD_LIBRARY_PATH=/home/nyu/nav_ws/install/livox_ros_driver2/lib:/home/nyu/nav_ws/install/ros2_livox_simulation/lib:/home/nyu/nav_ws/install/pointcloud_to_laserscan/lib:/home/nyu/nav_ws/install/pcd2pgm/lib:/home/nyu/nav_ws/install/icp_registration/lib:/home/nyu/nav_ws/install/fast_lio/lib:/home/nyu/nav_ws/install/linefit_ground_segmentation/lib:/home/nyu/nav_ws/install/imu_complementary_filter/lib:/home/nyu/nav_ws/install/fake_vel_transform/lib:/usr/lib/x86_64-linux-gnu/gazebo-11/plugins:/opt/ros/humble/opt/rviz_ogre_vendor/lib:/opt/ros/humble/lib/x86_64-linux-gnu:/opt/ros/humble/opt/openvdb_vendor/lib:/opt/ros/humble/lib:/opt/MVS/lib/64:/opt/MVS/lib/32:/opt/MVS/lib/64:/opt/MVS/lib/32 /usr/bin/cmake --install /home/nyu/nav_ws/build/icp_registration
[0.107s] -- Install configuration: ""
[0.107s] -- Execute custom install script
[0.108s] -- Up-to-date symlink: /home/nyu/nav_ws/install/icp_registration/lib/icp_registration/icp_registration_node
[0.108s] -- Up-to-date symlink: /home/nyu/nav_ws/install/icp_registration/include/icp_registration/icp_registration.hpp
[0.108s] -- Up-to-date symlink: /home/nyu/nav_ws/install/icp_registration/share/icp_registration/environment/library_path.sh
[0.108s] -- Up-to-date symlink: /home/nyu/nav_ws/install/icp_registration/share/icp_registration/environment/library_path.dsv
[0.109s] -- Up-to-date symlink: /home/nyu/nav_ws/install/icp_registration/lib/libicp_registration.so
[0.109s] -- Up-to-date symlink: /home/nyu/nav_ws/install/icp_registration/share/icp_registration/launch/icp.launch.py
[0.109s] -- Up-to-date symlink: /home/nyu/nav_ws/install/icp_registration/share/icp_registration/config/icp.yaml
[0.110s] -- Up-to-date symlink: /home/nyu/nav_ws/install/icp_registration/share/ament_index/resource_index/package_run_dependencies/icp_registration
[0.110s] -- Up-to-date symlink: /home/nyu/nav_ws/install/icp_registration/share/ament_index/resource_index/parent_prefix_path/icp_registration
[0.110s] -- Up-to-date symlink: /home/nyu/nav_ws/install/icp_registration/share/icp_registration/environment/ament_prefix_path.sh
[0.110s] -- Up-to-date symlink: /home/nyu/nav_ws/install/icp_registration/share/icp_registration/environment/ament_prefix_path.dsv
[0.110s] -- Up-to-date symlink: /home/nyu/nav_ws/install/icp_registration/share/icp_registration/environment/path.sh
[0.110s] -- Up-to-date symlink: /home/nyu/nav_ws/install/icp_registration/share/icp_registration/environment/path.dsv
[0.110s] -- Up-to-date symlink: /home/nyu/nav_ws/install/icp_registration/share/icp_registration/local_setup.bash
[0.111s] -- Up-to-date symlink: /home/nyu/nav_ws/install/icp_registration/share/icp_registration/local_setup.sh
[0.111s] -- Up-to-date symlink: /home/nyu/nav_ws/install/icp_registration/share/icp_registration/local_setup.zsh
[0.111s] -- Up-to-date symlink: /home/nyu/nav_ws/install/icp_registration/share/icp_registration/local_setup.dsv
[0.111s] -- Symlinking: /home/nyu/nav_ws/install/icp_registration/share/icp_registration/package.dsv
[0.121s] -- Up-to-date symlink: /home/nyu/nav_ws/install/icp_registration/share/ament_index/resource_index/packages/icp_registration
[0.121s] -- Up-to-date symlink: /home/nyu/nav_ws/install/icp_registration/share/ament_index/resource_index/rclcpp_components/icp_registration
[0.121s] -- Up-to-date symlink: /home/nyu/nav_ws/install/icp_registration/share/icp_registration/cmake/ament_cmake_export_dependencies-extras.cmake
[0.121s] -- Up-to-date symlink: /home/nyu/nav_ws/install/icp_registration/share/icp_registration/cmake/ament_cmake_export_include_directories-extras.cmake
[0.121s] -- Up-to-date symlink: /home/nyu/nav_ws/install/icp_registration/share/icp_registration/cmake/ament_cmake_export_libraries-extras.cmake
[0.121s] -- Up-to-date symlink: /home/nyu/nav_ws/install/icp_registration/share/icp_registration/cmake/icp_registrationConfig.cmake
[0.121s] -- Up-to-date symlink: /home/nyu/nav_ws/install/icp_registration/share/icp_registration/cmake/icp_registrationConfig-version.cmake
[0.121s] -- Up-to-date symlink: /home/nyu/nav_ws/install/icp_registration/share/icp_registration/package.xml
[0.140s] Invoked command in '/home/nyu/nav_ws/build/icp_registration' returned '0': CMAKE_PREFIX_PATH=/home/nyu/nav_ws/install/livox_ros_driver2:/home/nyu/nav_ws/install/unitree_lidar_ros2:/home/nyu/nav_ws/install/ros2_livox_simulation:/home/nyu/nav_ws/install/rm_navigation:/home/nyu/nav_ws/install/rm_nav_bringup:/home/nyu/nav_ws/install/pointcloud_to_laserscan:/home/nyu/nav_ws/install/point_lio:/home/nyu/nav_ws/install/pcd2pgm:/home/nyu/nav_ws/install/pb_rm_simulation:/home/nyu/nav_ws/install/icp_registration:/home/nyu/nav_ws/install/fast_lio:/home/nyu/nav_ws/install/linefit_ground_segmentation_ros:/home/nyu/nav_ws/install/linefit_ground_segmentation:/home/nyu/nav_ws/install/imu_complementary_filter:/home/nyu/nav_ws/install/fake_vel_transform:/home/nyu/nav_ws/install/map2gazebo:/opt/ros/humble LD_LIBRARY_PATH=/home/nyu/nav_ws/install/livox_ros_driver2/lib:/home/nyu/nav_ws/install/ros2_livox_simulation/lib:/home/nyu/nav_ws/install/pointcloud_to_laserscan/lib:/home/nyu/nav_ws/install/pcd2pgm/lib:/home/nyu/nav_ws/install/icp_registration/lib:/home/nyu/nav_ws/install/fast_lio/lib:/home/nyu/nav_ws/install/linefit_ground_segmentation/lib:/home/nyu/nav_ws/install/imu_complementary_filter/lib:/home/nyu/nav_ws/install/fake_vel_transform/lib:/usr/lib/x86_64-linux-gnu/gazebo-11/plugins:/opt/ros/humble/opt/rviz_ogre_vendor/lib:/opt/ros/humble/lib/x86_64-linux-gnu:/opt/ros/humble/opt/openvdb_vendor/lib:/opt/ros/humble/lib:/opt/MVS/lib/64:/opt/MVS/lib/32:/opt/MVS/lib/64:/opt/MVS/lib/32 /usr/bin/cmake --install /home/nyu/nav_ws/build/icp_registration
