[0.014s] Invoking command in '/home/nyu/nav_ws/build/fast_lio': AMENT_PREFIX_PATH=/home/nyu/nav_ws/install/livox_ros_driver2:${AMENT_PREFIX_PATH} CMAKE_PREFIX_PATH=/home/nyu/nav_ws/install/livox_ros_driver2:/opt/ros/humble LD_LIBRARY_PATH=/home/nyu/nav_ws/install/livox_ros_driver2/lib:/usr/lib/x86_64-linux-gnu/gazebo-11/plugins:/opt/ros/humble/opt/rviz_ogre_vendor/lib:/opt/ros/humble/lib/x86_64-linux-gnu:/opt/ros/humble/opt/openvdb_vendor/lib:/opt/ros/humble/lib:/opt/MVS/lib/64:/opt/MVS/lib/32:/opt/MVS/lib/64:/opt/MVS/lib/32 PYTHONPATH=/home/nyu/nav_ws/install/livox_ros_driver2/local/lib/python3.10/dist-packages:${PYTHONPATH} /usr/bin/cmake /home/nyu/nav_ws/src/FAST_LIO -DCMAKE_INSTALL_PREFIX=/home/nyu/nav_ws/install/fast_lio
[0.025s] [0mCurrent CPU archtecture: x86_64[0m
[0.028s] [0mProcesser number:  16[0m
[0.028s] [0mcore for MP: 3[0m
[0.032s] -- Found PythonLibs: /usr/lib/x86_64-linux-gnu/libpython3.10.so (found version "3.10.12") 
[0.032s] -- Found ament_cmake: 1.3.12 (/opt/ros/humble/share/ament_cmake/cmake)
[0.129s] -- Override CMake install command with custom implementation using symlinks instead of copying resources
[0.135s] -- Found rclcpp: 16.0.16 (/opt/ros/humble/share/rclcpp/cmake)
[0.164s] -- Found rosidl_generator_c: 3.1.7 (/opt/ros/humble/share/rosidl_generator_c/cmake)
[0.167s] -- Found rosidl_adapter: 3.1.7 (/opt/ros/humble/share/rosidl_adapter/cmake)
[0.172s] -- Found rosidl_generator_cpp: 3.1.7 (/opt/ros/humble/share/rosidl_generator_cpp/cmake)
[0.181s] -- Using all available rosidl_typesupport_c: rosidl_typesupport_fastrtps_c;rosidl_typesupport_introspection_c
[0.193s] -- Using all available rosidl_typesupport_cpp: rosidl_typesupport_fastrtps_cpp;rosidl_typesupport_introspection_cpp
[0.225s] -- Found rmw_implementation_cmake: 6.1.2 (/opt/ros/humble/share/rmw_implementation_cmake/cmake)
[0.226s] -- Found rmw_fastrtps_cpp: 6.2.9 (/opt/ros/humble/share/rmw_fastrtps_cpp/cmake)
[0.323s] -- Using RMW implementation 'rmw_fastrtps_cpp' as default
[0.359s] -- Found rclcpp_components: 16.0.16 (/opt/ros/humble/share/rclcpp_components/cmake)
[0.371s] -- Found geometry_msgs: 4.9.0 (/opt/ros/humble/share/geometry_msgs/cmake)
[0.379s] -- Found nav_msgs: 4.9.0 (/opt/ros/humble/share/nav_msgs/cmake)
[0.390s] -- Found sensor_msgs: 4.9.0 (/opt/ros/humble/share/sensor_msgs/cmake)
[0.400s] -- Found std_srvs: 4.9.0 (/opt/ros/humble/share/std_srvs/cmake)
[0.406s] -- Found visualization_msgs: 4.9.0 (/opt/ros/humble/share/visualization_msgs/cmake)
[0.418s] -- Found pcl_ros: 2.4.5 (/opt/ros/humble/share/pcl_ros/cmake)
[0.446s] -- Eigen found (include: /usr/include/eigen3, version: 3.4.0)
[0.468s] -- FLANN found (include: /usr/include, lib: /usr/lib/x86_64-linux-gnu/libflann_cpp.so)
[0.708s] -- OpenNI found (version: 1.5.4.0, include: /usr/include/ni, lib: /usr/lib/libOpenNI.so;libusb::libusb)
[0.713s] -- OpenNI2 found (version: 2.2.0.33, include: /usr/include/openni2, lib: /usr/lib/x86_64-linux-gnu/libOpenNI2.so;libusb::libusb)
[0.834s] -- Eigen found (include: /usr/include/eigen3, version: 3.4.0)
[0.839s] -- OpenNI found (version: 1.5.4.0, include: /usr/include/ni, lib: /usr/lib/libOpenNI.so;libusb::libusb)
[0.845s] -- OpenNI2 found (version: 2.2.0.33, include: /usr/include/openni2, lib: /usr/lib/x86_64-linux-gnu/libOpenNI2.so;libusb::libusb)
[0.952s] -- Found Qhull version 8.0.2
[1.061s] -- OpenNI found (version: 1.5.4.0, include: /usr/include/ni, lib: /usr/lib/libOpenNI.so;libusb::libusb)
[1.189s] -- Found eigen3_cmake_module: 0.1.1 (/opt/ros/humble/share/eigen3_cmake_module/cmake)
[1.190s] -- Ensuring Eigen3 include directory is part of orocos-kdl CMake target
[1.233s] -- Found livox_ros_driver2: 1.0.0 (/home/nyu/nav_ws/install/livox_ros_driver2/share/livox_ros_driver2/cmake)
[1.246s] -- Found rosidl_default_generators: 1.2.0 (/opt/ros/humble/share/rosidl_default_generators/cmake)
[1.252s] [33mCMake Warning (dev) at CMakeLists.txt:81 (find_package):
[1.252s]   Policy CMP0074 is not set: find_package uses <PackageName>_ROOT variables.
[1.253s]   Run "cmake --help-policy CMP0074" for policy details.  Use the cmake_policy
[1.253s]   command to set the policy and suppress this warning.
[1.253s] 
[1.253s]   CMake variable PCL_ROOT is set to:
[1.253s] 
[1.253s]     /usr
[1.253s] 
[1.253s]   For compatibility, CMake is ignoring the variable.
[1.253s] This warning is for project developers.  Use -Wno-dev to suppress it.
[1.253s] [0m
[1.258s] [0mEigen:/usr/include/eigen3[0m
[1.258s] -- PCL: /usr/include/pcl-1.12
[1.437s] -- Found ament_cmake_ros: 0.10.0 (/opt/ros/humble/share/ament_cmake_ros/cmake)
[1.651s] -- Using all available rosidl_typesupport_c: rosidl_typesupport_fastrtps_c;rosidl_typesupport_introspection_c
[1.737s] -- Using all available rosidl_typesupport_cpp: rosidl_typesupport_fastrtps_cpp;rosidl_typesupport_introspection_cpp
[1.753s] -- Found python_cmake_module: 0.10.0 (/opt/ros/humble/share/python_cmake_module/cmake)
[1.768s] -- Found PythonLibs: /usr/lib/x86_64-linux-gnu/libpython3.10.so (found suitable version "3.10.12", minimum required is "3.5") 
[1.768s] -- Using PYTHON_EXECUTABLE: /usr/bin/python3
[1.768s] -- Using PYTHON_INCLUDE_DIRS: /usr/include/python3.10
[1.768s] -- Using PYTHON_LIBRARIES: /usr/lib/x86_64-linux-gnu/libpython3.10.so
[1.786s] -- Configuring done
[1.821s] -- Generating done
[1.832s] -- Build files have been written to: /home/nyu/nav_ws/build/fast_lio
[1.844s] Invoked command in '/home/nyu/nav_ws/build/fast_lio' returned '0': AMENT_PREFIX_PATH=/home/nyu/nav_ws/install/livox_ros_driver2:${AMENT_PREFIX_PATH} CMAKE_PREFIX_PATH=/home/nyu/nav_ws/install/livox_ros_driver2:/opt/ros/humble LD_LIBRARY_PATH=/home/nyu/nav_ws/install/livox_ros_driver2/lib:/usr/lib/x86_64-linux-gnu/gazebo-11/plugins:/opt/ros/humble/opt/rviz_ogre_vendor/lib:/opt/ros/humble/lib/x86_64-linux-gnu:/opt/ros/humble/opt/openvdb_vendor/lib:/opt/ros/humble/lib:/opt/MVS/lib/64:/opt/MVS/lib/32:/opt/MVS/lib/64:/opt/MVS/lib/32 PYTHONPATH=/home/nyu/nav_ws/install/livox_ros_driver2/local/lib/python3.10/dist-packages:${PYTHONPATH} /usr/bin/cmake /home/nyu/nav_ws/src/FAST_LIO -DCMAKE_INSTALL_PREFIX=/home/nyu/nav_ws/install/fast_lio
[1.845s] Invoking command in '/home/nyu/nav_ws/build/fast_lio': AMENT_PREFIX_PATH=/home/nyu/nav_ws/install/livox_ros_driver2:${AMENT_PREFIX_PATH} CMAKE_PREFIX_PATH=/home/nyu/nav_ws/install/livox_ros_driver2:/opt/ros/humble LD_LIBRARY_PATH=/home/nyu/nav_ws/install/livox_ros_driver2/lib:/usr/lib/x86_64-linux-gnu/gazebo-11/plugins:/opt/ros/humble/opt/rviz_ogre_vendor/lib:/opt/ros/humble/lib/x86_64-linux-gnu:/opt/ros/humble/opt/openvdb_vendor/lib:/opt/ros/humble/lib:/opt/MVS/lib/64:/opt/MVS/lib/32:/opt/MVS/lib/64:/opt/MVS/lib/32 PYTHONPATH=/home/nyu/nav_ws/install/livox_ros_driver2/local/lib/python3.10/dist-packages:${PYTHONPATH} /usr/bin/cmake --build /home/nyu/nav_ws/build/fast_lio -- -j16 -l16
[1.877s] [35m[1mConsolidate compiler generated dependencies of target fast_lio__rosidl_generator_c[0m
[1.884s] [  2%] Built target fast_lio__cpp
[1.885s] [ 11%] Built target fast_lio__rosidl_generator_c
[1.894s] [ 11%] Built target ament_cmake_python_symlink_fast_lio
[1.895s] [35m[1mConsolidate compiler generated dependencies of target fast_lio__rosidl_typesupport_introspection_c[0m
[1.895s] [35m[1mConsolidate compiler generated dependencies of target fast_lio__rosidl_typesupport_introspection_cpp[0m
[1.897s] [35m[1mConsolidate compiler generated dependencies of target fast_lio__rosidl_typesupport_cpp[0m
[1.897s] [35m[1mConsolidate compiler generated dependencies of target fast_lio__rosidl_typesupport_fastrtps_cpp[0m
[1.900s] [35m[1mConsolidate compiler generated dependencies of target fast_lio__rosidl_typesupport_fastrtps_c[0m
[1.900s] [35m[1mConsolidate compiler generated dependencies of target fast_lio__rosidl_typesupport_c[0m
[1.911s] [ 20%] Built target fast_lio__rosidl_typesupport_introspection_cpp
[1.913s] [ 28%] Built target fast_lio__rosidl_typesupport_introspection_c
[1.914s] [ 37%] Built target fast_lio__rosidl_typesupport_fastrtps_cpp
[1.916s] [ 45%] Built target fast_lio__rosidl_typesupport_fastrtps_c
[1.917s] [ 54%] Built target fast_lio__rosidl_typesupport_cpp
[1.917s] [ 62%] Built target fast_lio__rosidl_typesupport_c
[1.929s] [35m[1mConsolidate compiler generated dependencies of target fastlio_mapping[0m
[1.933s] [ 62%] Built target fast_lio
[1.949s] [ 65%] Built target fast_lio__py
[1.949s] [ 77%] Built target fastlio_mapping
[1.956s] [35m[1mConsolidate compiler generated dependencies of target fast_lio__rosidl_generator_py[0m
[1.966s] [ 82%] Built target fast_lio__rosidl_generator_py
[1.975s] [35m[1mConsolidate compiler generated dependencies of target fast_lio__rosidl_typesupport_c__pyext[0m
[1.975s] [35m[1mConsolidate compiler generated dependencies of target fast_lio__rosidl_typesupport_introspection_c__pyext[0m
[1.975s] [35m[1mConsolidate compiler generated dependencies of target fast_lio__rosidl_typesupport_fastrtps_c__pyext[0m
[1.985s] [ 88%] Built target fast_lio__rosidl_typesupport_fastrtps_c__pyext
[1.986s] [100%] Built target fast_lio__rosidl_typesupport_c__pyext
[1.986s] [100%] Built target fast_lio__rosidl_typesupport_introspection_c__pyext
[2.040s] running egg_info
[2.040s] writing fast_lio.egg-info/PKG-INFO
[2.040s] writing dependency_links to fast_lio.egg-info/dependency_links.txt
[2.040s] writing top-level names to fast_lio.egg-info/top_level.txt
[2.041s] reading manifest file 'fast_lio.egg-info/SOURCES.txt'
[2.041s] writing manifest file 'fast_lio.egg-info/SOURCES.txt'
[2.058s] [100%] Built target ament_cmake_python_build_fast_lio_egg
[2.067s] Invoked command in '/home/nyu/nav_ws/build/fast_lio' returned '0': AMENT_PREFIX_PATH=/home/nyu/nav_ws/install/livox_ros_driver2:${AMENT_PREFIX_PATH} CMAKE_PREFIX_PATH=/home/nyu/nav_ws/install/livox_ros_driver2:/opt/ros/humble LD_LIBRARY_PATH=/home/nyu/nav_ws/install/livox_ros_driver2/lib:/usr/lib/x86_64-linux-gnu/gazebo-11/plugins:/opt/ros/humble/opt/rviz_ogre_vendor/lib:/opt/ros/humble/lib/x86_64-linux-gnu:/opt/ros/humble/opt/openvdb_vendor/lib:/opt/ros/humble/lib:/opt/MVS/lib/64:/opt/MVS/lib/32:/opt/MVS/lib/64:/opt/MVS/lib/32 PYTHONPATH=/home/nyu/nav_ws/install/livox_ros_driver2/local/lib/python3.10/dist-packages:${PYTHONPATH} /usr/bin/cmake --build /home/nyu/nav_ws/build/fast_lio -- -j16 -l16
[2.069s] Invoking command in '/home/nyu/nav_ws/build/fast_lio': AMENT_PREFIX_PATH=/home/nyu/nav_ws/install/livox_ros_driver2:${AMENT_PREFIX_PATH} CMAKE_PREFIX_PATH=/home/nyu/nav_ws/install/livox_ros_driver2:/opt/ros/humble LD_LIBRARY_PATH=/home/nyu/nav_ws/install/livox_ros_driver2/lib:/usr/lib/x86_64-linux-gnu/gazebo-11/plugins:/opt/ros/humble/opt/rviz_ogre_vendor/lib:/opt/ros/humble/lib/x86_64-linux-gnu:/opt/ros/humble/opt/openvdb_vendor/lib:/opt/ros/humble/lib:/opt/MVS/lib/64:/opt/MVS/lib/32:/opt/MVS/lib/64:/opt/MVS/lib/32 PYTHONPATH=/home/nyu/nav_ws/install/livox_ros_driver2/local/lib/python3.10/dist-packages:${PYTHONPATH} /usr/bin/cmake --install /home/nyu/nav_ws/build/fast_lio
[2.074s] -- Install configuration: "Release"
[2.074s] -- Execute custom install script
[2.074s] -- Up-to-date symlink: /home/nyu/nav_ws/install/fast_lio/share/ament_index/resource_index/rosidl_interfaces/fast_lio
[2.075s] -- Up-to-date symlink: /home/nyu/nav_ws/install/fast_lio/include/fast_lio/fast_lio/msg/detail/pose6_d__functions.h
[2.075s] -- Up-to-date symlink: /home/nyu/nav_ws/install/fast_lio/include/fast_lio/fast_lio/msg/detail/pose6_d__struct.h
[2.075s] -- Up-to-date symlink: /home/nyu/nav_ws/install/fast_lio/include/fast_lio/fast_lio/msg/detail/pose6_d__type_support.h
[2.075s] -- Up-to-date symlink: /home/nyu/nav_ws/install/fast_lio/include/fast_lio/fast_lio/msg/pose6_d.h
[2.075s] -- Up-to-date symlink: /home/nyu/nav_ws/install/fast_lio/include/fast_lio/fast_lio/msg/rosidl_generator_c__visibility_control.h
[2.075s] -- Up-to-date symlink: /home/nyu/nav_ws/install/fast_lio/share/fast_lio/environment/library_path.sh
[2.075s] -- Up-to-date symlink: /home/nyu/nav_ws/install/fast_lio/share/fast_lio/environment/library_path.dsv
[2.075s] -- Up-to-date symlink: /home/nyu/nav_ws/install/fast_lio/include/fast_lio/fast_lio/msg/detail/pose6_d__rosidl_typesupport_fastrtps_c.h
[2.075s] -- Up-to-date symlink: /home/nyu/nav_ws/install/fast_lio/include/fast_lio/fast_lio/msg/rosidl_typesupport_fastrtps_c__visibility_control.h
[2.075s] -- Up-to-date symlink: /home/nyu/nav_ws/install/fast_lio/include/fast_lio/fast_lio/msg/detail/pose6_d__builder.hpp
[2.075s] -- Up-to-date symlink: /home/nyu/nav_ws/install/fast_lio/include/fast_lio/fast_lio/msg/detail/pose6_d__struct.hpp
[2.075s] -- Up-to-date symlink: /home/nyu/nav_ws/install/fast_lio/include/fast_lio/fast_lio/msg/detail/pose6_d__traits.hpp
[2.075s] -- Up-to-date symlink: /home/nyu/nav_ws/install/fast_lio/include/fast_lio/fast_lio/msg/detail/pose6_d__type_support.hpp
[2.076s] -- Up-to-date symlink: /home/nyu/nav_ws/install/fast_lio/include/fast_lio/fast_lio/msg/pose6_d.hpp
[2.076s] -- Up-to-date symlink: /home/nyu/nav_ws/install/fast_lio/include/fast_lio/fast_lio/msg/rosidl_generator_cpp__visibility_control.hpp
[2.076s] -- Up-to-date symlink: /home/nyu/nav_ws/install/fast_lio/include/fast_lio/fast_lio/msg/detail/pose6_d__rosidl_typesupport_fastrtps_cpp.hpp
[2.076s] -- Up-to-date symlink: /home/nyu/nav_ws/install/fast_lio/include/fast_lio/fast_lio/msg/rosidl_typesupport_fastrtps_cpp__visibility_control.h
[2.076s] -- Up-to-date symlink: /home/nyu/nav_ws/install/fast_lio/include/fast_lio/fast_lio/msg/detail/pose6_d__rosidl_typesupport_introspection_c.h
[2.076s] -- Up-to-date symlink: /home/nyu/nav_ws/install/fast_lio/include/fast_lio/fast_lio/msg/rosidl_typesupport_introspection_c__visibility_control.h
[2.076s] -- Up-to-date symlink: /home/nyu/nav_ws/install/fast_lio/include/fast_lio/fast_lio/msg/detail/pose6_d__rosidl_typesupport_introspection_cpp.hpp
[2.076s] -- Up-to-date symlink: /home/nyu/nav_ws/install/fast_lio/share/fast_lio/environment/pythonpath.sh
[2.076s] -- Up-to-date symlink: /home/nyu/nav_ws/install/fast_lio/share/fast_lio/environment/pythonpath.dsv
[2.076s] -- Up-to-date symlink: /home/nyu/nav_ws/install/fast_lio/local/lib/python3.10/dist-packages/fast_lio-0.0.0-py3.10.egg-info/PKG-INFO
[2.076s] -- Up-to-date symlink: /home/nyu/nav_ws/install/fast_lio/local/lib/python3.10/dist-packages/fast_lio-0.0.0-py3.10.egg-info/SOURCES.txt
[2.077s] -- Up-to-date symlink: /home/nyu/nav_ws/install/fast_lio/local/lib/python3.10/dist-packages/fast_lio-0.0.0-py3.10.egg-info/dependency_links.txt
[2.077s] -- Up-to-date symlink: /home/nyu/nav_ws/install/fast_lio/local/lib/python3.10/dist-packages/fast_lio-0.0.0-py3.10.egg-info/top_level.txt
[2.077s] -- Up-to-date symlink: /home/nyu/nav_ws/install/fast_lio/local/lib/python3.10/dist-packages/fast_lio/__init__.py
[2.077s] -- Up-to-date symlink: /home/nyu/nav_ws/install/fast_lio/local/lib/python3.10/dist-packages/fast_lio/_fast_lio_s.ep.rosidl_typesupport_c.c
[2.077s] -- Up-to-date symlink: /home/nyu/nav_ws/install/fast_lio/local/lib/python3.10/dist-packages/fast_lio/_fast_lio_s.ep.rosidl_typesupport_fastrtps_c.c
[2.077s] -- Up-to-date symlink: /home/nyu/nav_ws/install/fast_lio/local/lib/python3.10/dist-packages/fast_lio/_fast_lio_s.ep.rosidl_typesupport_introspection_c.c
[2.077s] -- Up-to-date symlink: /home/nyu/nav_ws/install/fast_lio/local/lib/python3.10/dist-packages/fast_lio/fast_lio_s__rosidl_typesupport_c.cpython-310-x86_64-linux-gnu.so
[2.077s] -- Up-to-date symlink: /home/nyu/nav_ws/install/fast_lio/local/lib/python3.10/dist-packages/fast_lio/fast_lio_s__rosidl_typesupport_fastrtps_c.cpython-310-x86_64-linux-gnu.so
[2.077s] -- Up-to-date symlink: /home/nyu/nav_ws/install/fast_lio/local/lib/python3.10/dist-packages/fast_lio/fast_lio_s__rosidl_typesupport_introspection_c.cpython-310-x86_64-linux-gnu.so
[2.077s] -- Up-to-date symlink: /home/nyu/nav_ws/install/fast_lio/local/lib/python3.10/dist-packages/fast_lio/libfast_lio__rosidl_generator_py.so
[2.077s] -- Up-to-date symlink: /home/nyu/nav_ws/install/fast_lio/local/lib/python3.10/dist-packages/fast_lio/msg/__init__.py
[2.077s] -- Up-to-date symlink: /home/nyu/nav_ws/install/fast_lio/local/lib/python3.10/dist-packages/fast_lio/msg/_pose6_d.py
[2.077s] -- Up-to-date symlink: /home/nyu/nav_ws/install/fast_lio/local/lib/python3.10/dist-packages/fast_lio/msg/_pose6_d_s.c
[2.078s] -- Up-to-date symlink: /home/nyu/nav_ws/install/fast_lio/local/lib/python3.10/dist-packages/fast_lio/fast_lio_s__rosidl_typesupport_fastrtps_c.cpython-310-x86_64-linux-gnu.so
[2.078s] -- Up-to-date symlink: /home/nyu/nav_ws/install/fast_lio/local/lib/python3.10/dist-packages/fast_lio/fast_lio_s__rosidl_typesupport_introspection_c.cpython-310-x86_64-linux-gnu.so
[2.078s] -- Up-to-date symlink: /home/nyu/nav_ws/install/fast_lio/local/lib/python3.10/dist-packages/fast_lio/fast_lio_s__rosidl_typesupport_c.cpython-310-x86_64-linux-gnu.so
[2.078s] -- Up-to-date symlink: /home/nyu/nav_ws/install/fast_lio/share/fast_lio/msg/Pose6D.idl
[2.078s] -- Up-to-date symlink: /home/nyu/nav_ws/install/fast_lio/share/fast_lio/msg/Pose6D.msg
[2.079s] -- Up-to-date symlink: /home/nyu/nav_ws/install/fast_lio/lib/fast_lio/fastlio_mapping
[2.079s] -- Up-to-date symlink: /home/nyu/nav_ws/install/fast_lio/share/fast_lio/config/avia.yaml
[2.079s] -- Up-to-date symlink: /home/nyu/nav_ws/install/fast_lio/share/fast_lio/config/horizon.yaml
[2.079s] -- Up-to-date symlink: /home/nyu/nav_ws/install/fast_lio/share/fast_lio/config/mid360.yaml
[2.079s] -- Up-to-date symlink: /home/nyu/nav_ws/install/fast_lio/share/fast_lio/config/ouster64.yaml
[2.079s] -- Up-to-date symlink: /home/nyu/nav_ws/install/fast_lio/share/fast_lio/config/velodyne.yaml
[2.079s] -- Up-to-date symlink: /home/nyu/nav_ws/install/fast_lio/share/fast_lio/launch/gdb_debug_example.launch
[2.079s] -- Up-to-date symlink: /home/nyu/nav_ws/install/fast_lio/share/fast_lio/launch/mapping.launch.py
[2.079s] -- Up-to-date symlink: /home/nyu/nav_ws/install/fast_lio/share/fast_lio/rviz/fastlio.rviz
[2.079s] -- Up-to-date symlink: /home/nyu/nav_ws/install/fast_lio/share/ament_index/resource_index/package_run_dependencies/fast_lio
[2.079s] -- Up-to-date symlink: /home/nyu/nav_ws/install/fast_lio/share/ament_index/resource_index/parent_prefix_path/fast_lio
[2.079s] -- Up-to-date symlink: /home/nyu/nav_ws/install/fast_lio/share/fast_lio/environment/ament_prefix_path.sh
[2.080s] -- Up-to-date symlink: /home/nyu/nav_ws/install/fast_lio/share/fast_lio/environment/ament_prefix_path.dsv
[2.080s] -- Up-to-date symlink: /home/nyu/nav_ws/install/fast_lio/share/fast_lio/environment/path.sh
[2.080s] -- Up-to-date symlink: /home/nyu/nav_ws/install/fast_lio/share/fast_lio/environment/path.dsv
[2.080s] -- Up-to-date symlink: /home/nyu/nav_ws/install/fast_lio/share/fast_lio/local_setup.bash
[2.080s] -- Up-to-date symlink: /home/nyu/nav_ws/install/fast_lio/share/fast_lio/local_setup.sh
[2.080s] -- Up-to-date symlink: /home/nyu/nav_ws/install/fast_lio/share/fast_lio/local_setup.zsh
[2.080s] -- Up-to-date symlink: /home/nyu/nav_ws/install/fast_lio/share/fast_lio/local_setup.dsv
[2.080s] -- Symlinking: /home/nyu/nav_ws/install/fast_lio/share/fast_lio/package.dsv
[2.086s] -- Up-to-date symlink: /home/nyu/nav_ws/install/fast_lio/share/ament_index/resource_index/packages/fast_lio
[2.086s] -- Up-to-date symlink: /home/nyu/nav_ws/install/fast_lio/share/fast_lio/cmake/rosidl_cmake-extras.cmake
[2.086s] -- Up-to-date symlink: /home/nyu/nav_ws/install/fast_lio/share/fast_lio/cmake/ament_cmake_export_include_directories-extras.cmake
[2.086s] -- Up-to-date symlink: /home/nyu/nav_ws/install/fast_lio/share/fast_lio/cmake/ament_cmake_export_libraries-extras.cmake
[2.086s] -- Up-to-date symlink: /home/nyu/nav_ws/install/fast_lio/share/fast_lio/cmake/ament_cmake_export_targets-extras.cmake
[2.086s] -- Up-to-date symlink: /home/nyu/nav_ws/install/fast_lio/share/fast_lio/cmake/rosidl_cmake_export_typesupport_targets-extras.cmake
[2.086s] -- Up-to-date symlink: /home/nyu/nav_ws/install/fast_lio/share/fast_lio/cmake/ament_cmake_export_dependencies-extras.cmake
[2.086s] -- Up-to-date symlink: /home/nyu/nav_ws/install/fast_lio/share/fast_lio/cmake/rosidl_cmake_export_typesupport_libraries-extras.cmake
[2.086s] -- Up-to-date symlink: /home/nyu/nav_ws/install/fast_lio/share/fast_lio/cmake/fast_lioConfig.cmake
[2.086s] -- Up-to-date symlink: /home/nyu/nav_ws/install/fast_lio/share/fast_lio/cmake/fast_lioConfig-version.cmake
[2.086s] -- Up-to-date symlink: /home/nyu/nav_ws/install/fast_lio/share/fast_lio/package.xml
[2.087s] -- Up-to-date: /home/nyu/nav_ws/install/fast_lio/lib/libfast_lio__rosidl_generator_c.so
[2.087s] -- Up-to-date: /home/nyu/nav_ws/install/fast_lio/lib/libfast_lio__rosidl_typesupport_fastrtps_c.so
[2.087s] -- Up-to-date: /home/nyu/nav_ws/install/fast_lio/lib/libfast_lio__rosidl_typesupport_fastrtps_cpp.so
[2.087s] -- Up-to-date: /home/nyu/nav_ws/install/fast_lio/lib/libfast_lio__rosidl_typesupport_introspection_c.so
[2.087s] -- Up-to-date: /home/nyu/nav_ws/install/fast_lio/lib/libfast_lio__rosidl_typesupport_c.so
[2.087s] -- Up-to-date: /home/nyu/nav_ws/install/fast_lio/lib/libfast_lio__rosidl_typesupport_introspection_cpp.so
[2.087s] -- Up-to-date: /home/nyu/nav_ws/install/fast_lio/lib/libfast_lio__rosidl_typesupport_cpp.so
[2.107s] Listing '/home/nyu/nav_ws/install/fast_lio/local/lib/python3.10/dist-packages/fast_lio'...
[2.107s] Compiling '/home/nyu/nav_ws/install/fast_lio/local/lib/python3.10/dist-packages/fast_lio/__init__.py'...
[2.107s] Listing '/home/nyu/nav_ws/install/fast_lio/local/lib/python3.10/dist-packages/fast_lio/msg'...
[2.110s] -- Up-to-date: /home/nyu/nav_ws/install/fast_lio/lib/libfast_lio__rosidl_generator_py.so
[2.110s] -- Up-to-date: /home/nyu/nav_ws/install/fast_lio/share/fast_lio/cmake/export_fast_lio__rosidl_generator_cExport.cmake
[2.110s] -- Up-to-date: /home/nyu/nav_ws/install/fast_lio/share/fast_lio/cmake/export_fast_lio__rosidl_generator_cExport-release.cmake
[2.110s] -- Up-to-date: /home/nyu/nav_ws/install/fast_lio/share/fast_lio/cmake/export_fast_lio__rosidl_typesupport_fastrtps_cExport.cmake
[2.110s] -- Up-to-date: /home/nyu/nav_ws/install/fast_lio/share/fast_lio/cmake/export_fast_lio__rosidl_typesupport_fastrtps_cExport-release.cmake
[2.110s] -- Up-to-date: /home/nyu/nav_ws/install/fast_lio/share/fast_lio/cmake/export_fast_lio__rosidl_generator_cppExport.cmake
[2.110s] -- Up-to-date: /home/nyu/nav_ws/install/fast_lio/share/fast_lio/cmake/export_fast_lio__rosidl_typesupport_fastrtps_cppExport.cmake
[2.110s] -- Up-to-date: /home/nyu/nav_ws/install/fast_lio/share/fast_lio/cmake/export_fast_lio__rosidl_typesupport_fastrtps_cppExport-release.cmake
[2.110s] -- Up-to-date: /home/nyu/nav_ws/install/fast_lio/share/fast_lio/cmake/fast_lio__rosidl_typesupport_introspection_cExport.cmake
[2.110s] -- Up-to-date: /home/nyu/nav_ws/install/fast_lio/share/fast_lio/cmake/fast_lio__rosidl_typesupport_introspection_cExport-release.cmake
[2.110s] -- Up-to-date: /home/nyu/nav_ws/install/fast_lio/share/fast_lio/cmake/fast_lio__rosidl_typesupport_cExport.cmake
[2.110s] -- Up-to-date: /home/nyu/nav_ws/install/fast_lio/share/fast_lio/cmake/fast_lio__rosidl_typesupport_cExport-release.cmake
[2.110s] -- Up-to-date: /home/nyu/nav_ws/install/fast_lio/share/fast_lio/cmake/fast_lio__rosidl_typesupport_introspection_cppExport.cmake
[2.110s] -- Up-to-date: /home/nyu/nav_ws/install/fast_lio/share/fast_lio/cmake/fast_lio__rosidl_typesupport_introspection_cppExport-release.cmake
[2.110s] -- Up-to-date: /home/nyu/nav_ws/install/fast_lio/share/fast_lio/cmake/fast_lio__rosidl_typesupport_cppExport.cmake
[2.110s] -- Up-to-date: /home/nyu/nav_ws/install/fast_lio/share/fast_lio/cmake/fast_lio__rosidl_typesupport_cppExport-release.cmake
[2.110s] -- Up-to-date: /home/nyu/nav_ws/install/fast_lio/share/fast_lio/cmake/export_fast_lio__rosidl_generator_pyExport.cmake
[2.110s] -- Up-to-date: /home/nyu/nav_ws/install/fast_lio/share/fast_lio/cmake/export_fast_lio__rosidl_generator_pyExport-release.cmake
[2.112s] Invoked command in '/home/nyu/nav_ws/build/fast_lio' returned '0': AMENT_PREFIX_PATH=/home/nyu/nav_ws/install/livox_ros_driver2:${AMENT_PREFIX_PATH} CMAKE_PREFIX_PATH=/home/nyu/nav_ws/install/livox_ros_driver2:/opt/ros/humble LD_LIBRARY_PATH=/home/nyu/nav_ws/install/livox_ros_driver2/lib:/usr/lib/x86_64-linux-gnu/gazebo-11/plugins:/opt/ros/humble/opt/rviz_ogre_vendor/lib:/opt/ros/humble/lib/x86_64-linux-gnu:/opt/ros/humble/opt/openvdb_vendor/lib:/opt/ros/humble/lib:/opt/MVS/lib/64:/opt/MVS/lib/32:/opt/MVS/lib/64:/opt/MVS/lib/32 PYTHONPATH=/home/nyu/nav_ws/install/livox_ros_driver2/local/lib/python3.10/dist-packages:${PYTHONPATH} /usr/bin/cmake --install /home/nyu/nav_ws/build/fast_lio
