[0.033s] Invoking command in '/home/nyu/nav_ws/build/linefit_ground_segmentation': CMAKE_PREFIX_PATH=${CMAKE_PREFIX_PATH}:/home/nyu/nav_ws/install/map2gazebo:/opt/ros/humble /usr/bin/cmake --build /home/nyu/nav_ws/build/linefit_ground_segmentation -- -j16 -l16
[0.222s] [100%] Built target linefit_ground_segmentation
[0.231s] Invoked command in '/home/nyu/nav_ws/build/linefit_ground_segmentation' returned '0': CMAKE_PREFIX_PATH=${CMAKE_PREFIX_PATH}:/home/nyu/nav_ws/install/map2gazebo:/opt/ros/humble /usr/bin/cmake --build /home/nyu/nav_ws/build/linefit_ground_segmentation -- -j16 -l16
[0.242s] Invoking command in '/home/nyu/nav_ws/build/linefit_ground_segmentation': CMAKE_PREFIX_PATH=${CMAKE_PREFIX_PATH}:/home/nyu/nav_ws/install/map2gazebo:/opt/ros/humble /usr/bin/cmake --install /home/nyu/nav_ws/build/linefit_ground_segmentation
[0.251s] -- Install configuration: ""
[0.254s] -- Execute custom install script
[0.259s] -- Up-to-date symlink: /home/nyu/nav_ws/install/linefit_ground_segmentation/include/ground_segmentation/bin.h
[0.260s] -- Up-to-date symlink: /home/nyu/nav_ws/install/linefit_ground_segmentation/include/ground_segmentation/ground_segmentation.h
[0.260s] -- Up-to-date symlink: /home/nyu/nav_ws/install/linefit_ground_segmentation/include/ground_segmentation/segment.h
[0.260s] -- Up-to-date symlink: /home/nyu/nav_ws/install/linefit_ground_segmentation/include/ground_segmentation/typedefs.h
[0.260s] -- Up-to-date symlink: /home/nyu/nav_ws/install/linefit_ground_segmentation/include/ground_segmentation/viewer.h
[0.260s] -- Up-to-date symlink: /home/nyu/nav_ws/install/linefit_ground_segmentation/share/linefit_ground_segmentation/environment/library_path.sh
[0.260s] -- Up-to-date symlink: /home/nyu/nav_ws/install/linefit_ground_segmentation/share/linefit_ground_segmentation/environment/library_path.dsv
[0.260s] -- Up-to-date symlink: /home/nyu/nav_ws/install/linefit_ground_segmentation/lib/liblinefit_ground_segmentation.so
[0.260s] -- Up-to-date symlink: /home/nyu/nav_ws/install/linefit_ground_segmentation/share/ament_index/resource_index/package_run_dependencies/linefit_ground_segmentation
[0.262s] -- Up-to-date symlink: /home/nyu/nav_ws/install/linefit_ground_segmentation/share/ament_index/resource_index/parent_prefix_path/linefit_ground_segmentation
[0.262s] -- Up-to-date symlink: /home/nyu/nav_ws/install/linefit_ground_segmentation/share/linefit_ground_segmentation/environment/ament_prefix_path.sh
[0.262s] -- Up-to-date symlink: /home/nyu/nav_ws/install/linefit_ground_segmentation/share/linefit_ground_segmentation/environment/ament_prefix_path.dsv
[0.262s] -- Up-to-date symlink: /home/nyu/nav_ws/install/linefit_ground_segmentation/share/linefit_ground_segmentation/environment/path.sh
[0.262s] -- Up-to-date symlink: /home/nyu/nav_ws/install/linefit_ground_segmentation/share/linefit_ground_segmentation/environment/path.dsv
[0.262s] -- Up-to-date symlink: /home/nyu/nav_ws/install/linefit_ground_segmentation/share/linefit_ground_segmentation/local_setup.bash
[0.262s] -- Up-to-date symlink: /home/nyu/nav_ws/install/linefit_ground_segmentation/share/linefit_ground_segmentation/local_setup.sh
[0.262s] -- Up-to-date symlink: /home/nyu/nav_ws/install/linefit_ground_segmentation/share/linefit_ground_segmentation/local_setup.zsh
[0.262s] -- Up-to-date symlink: /home/nyu/nav_ws/install/linefit_ground_segmentation/share/linefit_ground_segmentation/local_setup.dsv
[0.262s] -- Symlinking: /home/nyu/nav_ws/install/linefit_ground_segmentation/share/linefit_ground_segmentation/package.dsv
[0.275s] -- Up-to-date symlink: /home/nyu/nav_ws/install/linefit_ground_segmentation/share/ament_index/resource_index/packages/linefit_ground_segmentation
[0.275s] -- Up-to-date symlink: /home/nyu/nav_ws/install/linefit_ground_segmentation/share/linefit_ground_segmentation/cmake/ament_cmake_export_dependencies-extras.cmake
[0.275s] -- Up-to-date symlink: /home/nyu/nav_ws/install/linefit_ground_segmentation/share/linefit_ground_segmentation/cmake/ament_cmake_export_include_directories-extras.cmake
[0.275s] -- Up-to-date symlink: /home/nyu/nav_ws/install/linefit_ground_segmentation/share/linefit_ground_segmentation/cmake/ament_cmake_export_libraries-extras.cmake
[0.275s] -- Up-to-date symlink: /home/nyu/nav_ws/install/linefit_ground_segmentation/share/linefit_ground_segmentation/cmake/linefit_ground_segmentationConfig.cmake
[0.275s] -- Up-to-date symlink: /home/nyu/nav_ws/install/linefit_ground_segmentation/share/linefit_ground_segmentation/cmake/linefit_ground_segmentationConfig-version.cmake
[0.275s] -- Up-to-date symlink: /home/nyu/nav_ws/install/linefit_ground_segmentation/share/linefit_ground_segmentation/package.xml
[0.288s] Invoked command in '/home/nyu/nav_ws/build/linefit_ground_segmentation' returned '0': CMAKE_PREFIX_PATH=${CMAKE_PREFIX_PATH}:/home/nyu/nav_ws/install/map2gazebo:/opt/ros/humble /usr/bin/cmake --install /home/nyu/nav_ws/build/linefit_ground_segmentation
