[0.038s] Invoking command in '/home/nyu/nav_ws/build/fake_vel_transform': CMAKE_PREFIX_PATH=${CMAKE_PREFIX_PATH}:/home/nyu/nav_ws/install/map2gazebo:/opt/ros/humble /usr/bin/cmake --build /home/nyu/nav_ws/build/fake_vel_transform -- -j16 -l16
[0.249s] [ 50%] Built target fake_vel_transform_node
[0.249s] [100%] Built target fake_vel_transform
[0.264s] Invoked command in '/home/nyu/nav_ws/build/fake_vel_transform' returned '0': CMAKE_PREFIX_PATH=${CMAKE_PREFIX_PATH}:/home/nyu/nav_ws/install/map2gazebo:/opt/ros/humble /usr/bin/cmake --build /home/nyu/nav_ws/build/fake_vel_transform -- -j16 -l16
[0.266s] Invoking command in '/home/nyu/nav_ws/build/fake_vel_transform': CMAKE_PREFIX_PATH=${CMAKE_PREFIX_PATH}:/home/nyu/nav_ws/install/map2gazebo:/opt/ros/humble /usr/bin/cmake --install /home/nyu/nav_ws/build/fake_vel_transform
[0.277s] -- Install configuration: ""
[0.278s] -- Execute custom install script
[0.278s] -- Up-to-date symlink: /home/nyu/nav_ws/install/fake_vel_transform/lib/fake_vel_transform/fake_vel_transform_node
[0.279s] -- Up-to-date symlink: /home/nyu/nav_ws/install/fake_vel_transform/include/fake_vel_transform/fake_vel_transform.hpp
[0.279s] -- Up-to-date symlink: /home/nyu/nav_ws/install/fake_vel_transform/share/fake_vel_transform/environment/library_path.sh
[0.279s] -- Up-to-date symlink: /home/nyu/nav_ws/install/fake_vel_transform/share/fake_vel_transform/environment/library_path.dsv
[0.281s] -- Up-to-date symlink: /home/nyu/nav_ws/install/fake_vel_transform/lib/libfake_vel_transform.so
[0.283s] -- Up-to-date symlink: /home/nyu/nav_ws/install/fake_vel_transform/share/fake_vel_transform/launch/fake_vel_transform.launch.py
[0.284s] -- Up-to-date symlink: /home/nyu/nav_ws/install/fake_vel_transform/share/ament_index/resource_index/package_run_dependencies/fake_vel_transform
[0.284s] -- Up-to-date symlink: /home/nyu/nav_ws/install/fake_vel_transform/share/ament_index/resource_index/parent_prefix_path/fake_vel_transform
[0.284s] -- Up-to-date symlink: /home/nyu/nav_ws/install/fake_vel_transform/share/fake_vel_transform/environment/ament_prefix_path.sh
[0.284s] -- Up-to-date symlink: /home/nyu/nav_ws/install/fake_vel_transform/share/fake_vel_transform/environment/ament_prefix_path.dsv
[0.284s] -- Up-to-date symlink: /home/nyu/nav_ws/install/fake_vel_transform/share/fake_vel_transform/environment/path.sh
[0.284s] -- Up-to-date symlink: /home/nyu/nav_ws/install/fake_vel_transform/share/fake_vel_transform/environment/path.dsv
[0.284s] -- Up-to-date symlink: /home/nyu/nav_ws/install/fake_vel_transform/share/fake_vel_transform/local_setup.bash
[0.284s] -- Up-to-date symlink: /home/nyu/nav_ws/install/fake_vel_transform/share/fake_vel_transform/local_setup.sh
[0.284s] -- Up-to-date symlink: /home/nyu/nav_ws/install/fake_vel_transform/share/fake_vel_transform/local_setup.zsh
[0.284s] -- Up-to-date symlink: /home/nyu/nav_ws/install/fake_vel_transform/share/fake_vel_transform/local_setup.dsv
[0.285s] -- Symlinking: /home/nyu/nav_ws/install/fake_vel_transform/share/fake_vel_transform/package.dsv
[0.295s] -- Up-to-date symlink: /home/nyu/nav_ws/install/fake_vel_transform/share/ament_index/resource_index/packages/fake_vel_transform
[0.295s] -- Up-to-date symlink: /home/nyu/nav_ws/install/fake_vel_transform/share/ament_index/resource_index/rclcpp_components/fake_vel_transform
[0.296s] -- Up-to-date symlink: /home/nyu/nav_ws/install/fake_vel_transform/share/fake_vel_transform/cmake/ament_cmake_export_dependencies-extras.cmake
[0.296s] -- Up-to-date symlink: /home/nyu/nav_ws/install/fake_vel_transform/share/fake_vel_transform/cmake/ament_cmake_export_include_directories-extras.cmake
[0.296s] -- Up-to-date symlink: /home/nyu/nav_ws/install/fake_vel_transform/share/fake_vel_transform/cmake/ament_cmake_export_libraries-extras.cmake
[0.297s] -- Up-to-date symlink: /home/nyu/nav_ws/install/fake_vel_transform/share/fake_vel_transform/cmake/fake_vel_transformConfig.cmake
[0.297s] -- Up-to-date symlink: /home/nyu/nav_ws/install/fake_vel_transform/share/fake_vel_transform/cmake/fake_vel_transformConfig-version.cmake
[0.297s] -- Up-to-date symlink: /home/nyu/nav_ws/install/fake_vel_transform/share/fake_vel_transform/package.xml
[0.337s] Invoked command in '/home/nyu/nav_ws/build/fake_vel_transform' returned '0': CMAKE_PREFIX_PATH=${CMAKE_PREFIX_PATH}:/home/nyu/nav_ws/install/map2gazebo:/opt/ros/humble /usr/bin/cmake --install /home/nyu/nav_ws/build/fake_vel_transform
