[0.020s] Invoking command in '/home/nyu/nav_ws/build/icp_registration': AMENT_PREFIX_PATH=/home/nyu/nav_ws/install/livox_ros_driver2:${AMENT_PREFIX_PATH} CMAKE_PREFIX_PATH=/home/nyu/nav_ws/install/livox_ros_driver2:/opt/ros/humble LD_LIBRARY_PATH=/home/nyu/nav_ws/install/livox_ros_driver2/lib:${LD_LIBRARY_PATH} PYTHONPATH=/home/nyu/nav_ws/install/livox_ros_driver2/local/lib/python3.10/dist-packages:${PYTHONPATH} /usr/bin/cmake /home/nyu/nav_ws/src/pb_rm_simulation/src/rm_localization/icp_registration -DCMAKE_INSTALL_PREFIX=/home/nyu/nav_ws/install/icp_registration
[0.082s] -- The C compiler identification is GNU 11.4.0
[0.145s] -- The CXX compiler identification is GNU 11.4.0
[0.152s] -- Detecting C compiler ABI info
[0.228s] -- Detecting C compiler ABI info - done
[0.237s] -- Check for working C compiler: /usr/bin/cc - skipped
[0.237s] -- Detecting C compile features
[0.238s] -- Detecting C compile features - done
[0.241s] -- Detecting CXX compiler ABI info
[0.330s] -- Detecting CXX compiler ABI info - done
[0.339s] -- Check for working CXX compiler: /usr/bin/c++ - skipped
[0.339s] -- Detecting CXX compile features
[0.340s] -- Detecting CXX compile features - done
[0.343s] -- Found ament_cmake_auto: 1.3.12 (/opt/ros/humble/share/ament_cmake_auto/cmake)
[0.490s] -- Found Python3: /usr/bin/python3 (found version "3.10.12") found components: Interpreter 
[0.610s] -- Checking for module 'eigen3'
[0.623s] --   Found eigen3, version 3.4.0
[0.654s] -- Found Eigen: /usr/include/eigen3 (Required is at least version "3.1") 
[0.654s] -- Eigen found (include: /usr/include/eigen3, version: 3.4.0)
[0.685s] -- Checking for module 'flann'
[0.696s] --   Found flann, version 1.9.1
[0.743s] -- Found FLANN: /usr/lib/x86_64-linux-gnu/libflann_cpp.so  
[0.743s] -- FLANN found (include: /usr/include, lib: /usr/lib/x86_64-linux-gnu/libflann_cpp.so)
[1.792s] -- Checking for module 'libusb-1.0'
[1.809s] --   Found libusb-1.0, version 1.0.25
[1.850s] -- Found libusb: /usr/lib/x86_64-linux-gnu/libusb-1.0.so  
[1.851s] -- OpenNI found (version: 1.5.4.0, include: /usr/include/ni, lib: /usr/lib/libOpenNI.so;libusb::libusb)
[1.920s] -- OpenNI2 found (version: 2.2.0.33, include: /usr/include/openni2, lib: /usr/lib/x86_64-linux-gnu/libOpenNI2.so;libusb::libusb)
[2.085s] -- Eigen found (include: /usr/include/eigen3, version: 3.4.0)
[2.090s] -- OpenNI found (version: 1.5.4.0, include: /usr/include/ni, lib: /usr/lib/libOpenNI.so;libusb::libusb)
[2.096s] -- OpenNI2 found (version: 2.2.0.33, include: /usr/include/openni2, lib: /usr/lib/x86_64-linux-gnu/libOpenNI2.so;libusb::libusb)
[2.278s] -- Found Qhull version 8.0.2
[2.433s] -- OpenNI found (version: 1.5.4.0, include: /usr/include/ni, lib: /usr/lib/libOpenNI.so;libusb::libusb)
[2.582s] -- Found PCL_COMMON: /usr/lib/x86_64-linux-gnu/libpcl_common.so  
[2.583s] -- Found PCL_KDTREE: /usr/lib/x86_64-linux-gnu/libpcl_kdtree.so  
[2.584s] -- Found PCL_OCTREE: /usr/lib/x86_64-linux-gnu/libpcl_octree.so  
[2.584s] -- Found PCL_SEARCH: /usr/lib/x86_64-linux-gnu/libpcl_search.so  
[2.585s] -- Found PCL_SAMPLE_CONSENSUS: /usr/lib/x86_64-linux-gnu/libpcl_sample_consensus.so  
[2.586s] -- Found PCL_FILTERS: /usr/lib/x86_64-linux-gnu/libpcl_filters.so  
[2.586s] -- Found PCL_2D: /usr/include/pcl-1.12  
[2.586s] -- Found PCL_GEOMETRY: /usr/include/pcl-1.12  
[2.587s] -- Found PCL_IO: /usr/lib/x86_64-linux-gnu/libpcl_io.so  
[2.588s] -- Found PCL_FEATURES: /usr/lib/x86_64-linux-gnu/libpcl_features.so  
[2.589s] -- Found PCL_ML: /usr/lib/x86_64-linux-gnu/libpcl_ml.so  
[2.590s] -- Found PCL_SEGMENTATION: /usr/lib/x86_64-linux-gnu/libpcl_segmentation.so  
[2.591s] -- Found PCL_VISUALIZATION: /usr/lib/x86_64-linux-gnu/libpcl_visualization.so  
[2.592s] -- Found PCL_SURFACE: /usr/lib/x86_64-linux-gnu/libpcl_surface.so  
[2.592s] -- Found PCL_REGISTRATION: /usr/lib/x86_64-linux-gnu/libpcl_registration.so  
[2.593s] -- Found PCL_KEYPOINTS: /usr/lib/x86_64-linux-gnu/libpcl_keypoints.so  
[2.594s] -- Found PCL_TRACKING: /usr/lib/x86_64-linux-gnu/libpcl_tracking.so  
[2.595s] -- Found PCL_RECOGNITION: /usr/lib/x86_64-linux-gnu/libpcl_recognition.so  
[2.596s] -- Found PCL_STEREO: /usr/lib/x86_64-linux-gnu/libpcl_stereo.so  
[2.596s] -- Found PCL_APPS: /usr/lib/x86_64-linux-gnu/libpcl_apps.so  
[2.597s] -- Found PCL_IN_HAND_SCANNER: /usr/include/pcl-1.12  
[2.597s] -- Found PCL_MODELER: /usr/include/pcl-1.12  
[2.598s] -- Found PCL_POINT_CLOUD_EDITOR: /usr/include/pcl-1.12  
[2.599s] -- Found PCL_OUTOFCORE: /usr/lib/x86_64-linux-gnu/libpcl_outofcore.so  
[2.599s] -- Found PCL_PEOPLE: /usr/lib/x86_64-linux-gnu/libpcl_people.so  
[2.687s] -- Found rosidl_generator_c: 3.1.7 (/opt/ros/humble/share/rosidl_generator_c/cmake)
[2.691s] -- Found rosidl_adapter: 3.1.7 (/opt/ros/humble/share/rosidl_adapter/cmake)
[2.698s] -- Found rosidl_generator_cpp: 3.1.7 (/opt/ros/humble/share/rosidl_generator_cpp/cmake)
[2.708s] -- Using all available rosidl_typesupport_c: rosidl_typesupport_fastrtps_c;rosidl_typesupport_introspection_c
[2.721s] -- Using all available rosidl_typesupport_cpp: rosidl_typesupport_fastrtps_cpp;rosidl_typesupport_introspection_cpp
[2.756s] -- Found rmw_implementation_cmake: 6.1.2 (/opt/ros/humble/share/rmw_implementation_cmake/cmake)
[2.758s] -- Found rmw_fastrtps_cpp: 6.2.9 (/opt/ros/humble/share/rmw_fastrtps_cpp/cmake)
[2.837s] -- Found OpenSSL: /usr/lib/x86_64-linux-gnu/libcrypto.so (found version "3.0.2")  
[2.868s] -- Found FastRTPS: /opt/ros/humble/include  
[2.917s] -- Using RMW implementation 'rmw_fastrtps_cpp' as default
[2.930s] -- Found Threads: TRUE  
[3.168s] -- Found eigen3_cmake_module: 0.1.1 (/opt/ros/humble/share/eigen3_cmake_module/cmake)
[3.169s] -- Found Eigen3: TRUE (found version "3.4.0") 
[3.169s] -- Ensuring Eigen3 include directory is part of orocos-kdl CMake target
[3.202s] -- Found ament_lint_auto: 0.12.14 (/opt/ros/humble/share/ament_lint_auto/cmake)
[3.214s] [0mIn this package, headers install destination is set to `include` by ament_auto_package. It is recommended to install `include/icp_registration` instead and will be the default behavior of ament_auto_package from ROS 2 Kilted Kaiju. On distributions before Kilted, ament_auto_package behaves the same way when you use USE_SCOPED_HEADER_INSTALL_DIR option.[0m
[3.217s] -- Added test 'cppcheck' to perform static code analysis on C / C++ code
[3.217s] -- Configured cppcheck include dirs: /home/nyu/nav_ws/src/pb_rm_simulation/src/rm_localization/icp_registration/include
[3.217s] -- Configured cppcheck exclude dirs and/or files: 
[3.217s] -- Added test 'flake8' to check Python code syntax and style conventions
[3.217s] -- Added test 'lint_cmake' to check CMake code style
[3.218s] -- Added test 'pep257' to check Python code against some of the docstring style conventions in PEP 257
[3.218s] -- Added test 'uncrustify' to check C / C++ code style
[3.218s] -- Configured uncrustify additional arguments: 
[3.219s] -- Added test 'xmllint' to check XML markup files
[3.221s] -- Configuring done
[3.252s] -- Generating done
[3.261s] -- Build files have been written to: /home/nyu/nav_ws/build/icp_registration
[3.285s] Invoked command in '/home/nyu/nav_ws/build/icp_registration' returned '0': AMENT_PREFIX_PATH=/home/nyu/nav_ws/install/livox_ros_driver2:${AMENT_PREFIX_PATH} CMAKE_PREFIX_PATH=/home/nyu/nav_ws/install/livox_ros_driver2:/opt/ros/humble LD_LIBRARY_PATH=/home/nyu/nav_ws/install/livox_ros_driver2/lib:${LD_LIBRARY_PATH} PYTHONPATH=/home/nyu/nav_ws/install/livox_ros_driver2/local/lib/python3.10/dist-packages:${PYTHONPATH} /usr/bin/cmake /home/nyu/nav_ws/src/pb_rm_simulation/src/rm_localization/icp_registration -DCMAKE_INSTALL_PREFIX=/home/nyu/nav_ws/install/icp_registration
[3.287s] Invoking command in '/home/nyu/nav_ws/build/icp_registration': AMENT_PREFIX_PATH=/home/nyu/nav_ws/install/livox_ros_driver2:${AMENT_PREFIX_PATH} CMAKE_PREFIX_PATH=/home/nyu/nav_ws/install/livox_ros_driver2:/opt/ros/humble LD_LIBRARY_PATH=/home/nyu/nav_ws/install/livox_ros_driver2/lib:${LD_LIBRARY_PATH} PYTHONPATH=/home/nyu/nav_ws/install/livox_ros_driver2/local/lib/python3.10/dist-packages:${PYTHONPATH} /usr/bin/cmake --build /home/nyu/nav_ws/build/icp_registration -- -j16 -l16
[3.333s] [ 25%] [32mBuilding CXX object CMakeFiles/icp_registration_node.dir/rclcpp_components/node_main_icp_registration_node.cpp.o[0m
[3.344s] [ 50%] [32mBuilding CXX object CMakeFiles/icp_registration.dir/src/icp_registration.cpp.o[0m
[8.618s] [ 75%] [32m[1mLinking CXX executable icp_registration_node[0m
[8.970s] [ 75%] Built target icp_registration_node
[34.278s] [100%] [32m[1mLinking CXX shared library libicp_registration.so[0m
[36.677s] [100%] Built target icp_registration
[36.691s] Invoked command in '/home/nyu/nav_ws/build/icp_registration' returned '0': AMENT_PREFIX_PATH=/home/nyu/nav_ws/install/livox_ros_driver2:${AMENT_PREFIX_PATH} CMAKE_PREFIX_PATH=/home/nyu/nav_ws/install/livox_ros_driver2:/opt/ros/humble LD_LIBRARY_PATH=/home/nyu/nav_ws/install/livox_ros_driver2/lib:${LD_LIBRARY_PATH} PYTHONPATH=/home/nyu/nav_ws/install/livox_ros_driver2/local/lib/python3.10/dist-packages:${PYTHONPATH} /usr/bin/cmake --build /home/nyu/nav_ws/build/icp_registration -- -j16 -l16
[36.692s] Invoking command in '/home/nyu/nav_ws/build/icp_registration': AMENT_PREFIX_PATH=/home/nyu/nav_ws/install/livox_ros_driver2:${AMENT_PREFIX_PATH} CMAKE_PREFIX_PATH=/home/nyu/nav_ws/install/livox_ros_driver2:/opt/ros/humble LD_LIBRARY_PATH=/home/nyu/nav_ws/install/livox_ros_driver2/lib:${LD_LIBRARY_PATH} PYTHONPATH=/home/nyu/nav_ws/install/livox_ros_driver2/local/lib/python3.10/dist-packages:${PYTHONPATH} /usr/bin/cmake --install /home/nyu/nav_ws/build/icp_registration
[36.697s] -- Install configuration: ""
[36.697s] -- Installing: /home/nyu/nav_ws/install/icp_registration/lib/icp_registration/icp_registration_node
[36.698s] -- Set runtime path of "/home/nyu/nav_ws/install/icp_registration/lib/icp_registration/icp_registration_node" to ""
[36.698s] -- Installing: /home/nyu/nav_ws/install/icp_registration/include
[36.698s] -- Installing: /home/nyu/nav_ws/install/icp_registration/include/icp_registration
[36.698s] -- Installing: /home/nyu/nav_ws/install/icp_registration/include/icp_registration/icp_registration.hpp
[36.698s] -- Installing: /home/nyu/nav_ws/install/icp_registration/share/icp_registration/environment/library_path.sh
[36.698s] -- Installing: /home/nyu/nav_ws/install/icp_registration/share/icp_registration/environment/library_path.dsv
[36.698s] -- Installing: /home/nyu/nav_ws/install/icp_registration/lib/libicp_registration.so
[36.708s] -- Set runtime path of "/home/nyu/nav_ws/install/icp_registration/lib/libicp_registration.so" to ""
[36.708s] -- Installing: /home/nyu/nav_ws/install/icp_registration/share/icp_registration/launch
[36.708s] -- Installing: /home/nyu/nav_ws/install/icp_registration/share/icp_registration/launch/icp.launch.py
[36.708s] -- Installing: /home/nyu/nav_ws/install/icp_registration/share/icp_registration/config
[36.708s] -- Installing: /home/nyu/nav_ws/install/icp_registration/share/icp_registration/config/icp.yaml
[36.708s] -- Installing: /home/nyu/nav_ws/install/icp_registration/share/ament_index/resource_index/package_run_dependencies/icp_registration
[36.709s] -- Installing: /home/nyu/nav_ws/install/icp_registration/share/ament_index/resource_index/parent_prefix_path/icp_registration
[36.709s] -- Installing: /home/nyu/nav_ws/install/icp_registration/share/icp_registration/environment/ament_prefix_path.sh
[36.709s] -- Installing: /home/nyu/nav_ws/install/icp_registration/share/icp_registration/environment/ament_prefix_path.dsv
[36.709s] -- Installing: /home/nyu/nav_ws/install/icp_registration/share/icp_registration/environment/path.sh
[36.709s] -- Installing: /home/nyu/nav_ws/install/icp_registration/share/icp_registration/environment/path.dsv
[36.709s] -- Installing: /home/nyu/nav_ws/install/icp_registration/share/icp_registration/local_setup.bash
[36.709s] -- Installing: /home/nyu/nav_ws/install/icp_registration/share/icp_registration/local_setup.sh
[36.709s] -- Installing: /home/nyu/nav_ws/install/icp_registration/share/icp_registration/local_setup.zsh
[36.709s] -- Installing: /home/nyu/nav_ws/install/icp_registration/share/icp_registration/local_setup.dsv
[36.709s] -- Installing: /home/nyu/nav_ws/install/icp_registration/share/icp_registration/package.dsv
[36.709s] -- Installing: /home/nyu/nav_ws/install/icp_registration/share/ament_index/resource_index/packages/icp_registration
[36.709s] -- Installing: /home/nyu/nav_ws/install/icp_registration/share/ament_index/resource_index/rclcpp_components/icp_registration
[36.709s] -- Installing: /home/nyu/nav_ws/install/icp_registration/share/icp_registration/cmake/ament_cmake_export_dependencies-extras.cmake
[36.709s] -- Installing: /home/nyu/nav_ws/install/icp_registration/share/icp_registration/cmake/ament_cmake_export_include_directories-extras.cmake
[36.709s] -- Installing: /home/nyu/nav_ws/install/icp_registration/share/icp_registration/cmake/ament_cmake_export_libraries-extras.cmake
[36.709s] -- Installing: /home/nyu/nav_ws/install/icp_registration/share/icp_registration/cmake/icp_registrationConfig.cmake
[36.709s] -- Installing: /home/nyu/nav_ws/install/icp_registration/share/icp_registration/cmake/icp_registrationConfig-version.cmake
[36.709s] -- Installing: /home/nyu/nav_ws/install/icp_registration/share/icp_registration/package.xml
[36.711s] Invoked command in '/home/nyu/nav_ws/build/icp_registration' returned '0': AMENT_PREFIX_PATH=/home/nyu/nav_ws/install/livox_ros_driver2:${AMENT_PREFIX_PATH} CMAKE_PREFIX_PATH=/home/nyu/nav_ws/install/livox_ros_driver2:/opt/ros/humble LD_LIBRARY_PATH=/home/nyu/nav_ws/install/livox_ros_driver2/lib:${LD_LIBRARY_PATH} PYTHONPATH=/home/nyu/nav_ws/install/livox_ros_driver2/local/lib/python3.10/dist-packages:${PYTHONPATH} /usr/bin/cmake --install /home/nyu/nav_ws/build/icp_registration
