[0.188s] Invoking command in '/home/nyu/nav_ws/build/pointcloud_to_laserscan': CMAKE_PREFIX_PATH=${CMAKE_PREFIX_PATH}:/home/nyu/nav_ws/install/map2gazebo:/opt/ros/humble /usr/bin/cmake /home/nyu/nav_ws/src/pb_rm_simulation/src/rm_perception/pointcloud_to_laserscan -DAMENT_CMAKE_SYMLINK_INSTALL=1 -DCMAKE_INSTALL_PREFIX=/home/nyu/nav_ws/install/pointcloud_to_laserscan
[0.244s] -- The C compiler identification is GNU 11.4.0
[0.309s] -- The CXX compiler identification is GNU 11.4.0
[0.317s] -- Detecting C compiler ABI info
[0.397s] -- Detecting C compiler ABI info - done
[0.404s] -- Check for working C compiler: /usr/bin/cc - skipped
[0.404s] -- Detecting C compile features
[0.404s] -- Detecting C compile features - done
[0.407s] -- Detecting CXX compiler ABI info
[0.477s] -- Detecting CXX compiler ABI info - done
[0.486s] -- Check for working CXX compiler: /usr/bin/c++ - skipped
[0.486s] -- Detecting CXX compile features
[0.487s] -- Detecting CXX compile features - done
[0.489s] -- Found ament_cmake_auto: 1.3.12 (/opt/ros/humble/share/ament_cmake_auto/cmake)
[0.637s] -- Found Python3: /usr/bin/python3 (found version "3.10.12") found components: Interpreter 
[0.688s] -- Override CMake install command with custom implementation using symlinks instead of copying resources
[0.800s] -- Found rosidl_generator_c: 3.1.7 (/opt/ros/humble/share/rosidl_generator_c/cmake)
[0.804s] -- Found rosidl_adapter: 3.1.7 (/opt/ros/humble/share/rosidl_adapter/cmake)
[0.812s] -- Found rosidl_generator_cpp: 3.1.7 (/opt/ros/humble/share/rosidl_generator_cpp/cmake)
[0.825s] -- Using all available rosidl_typesupport_c: rosidl_typesupport_fastrtps_c;rosidl_typesupport_introspection_c
[0.841s] -- Using all available rosidl_typesupport_cpp: rosidl_typesupport_fastrtps_cpp;rosidl_typesupport_introspection_cpp
[0.905s] -- Found rmw_implementation_cmake: 6.1.2 (/opt/ros/humble/share/rmw_implementation_cmake/cmake)
[0.909s] -- Found rmw_fastrtps_cpp: 6.2.9 (/opt/ros/humble/share/rmw_fastrtps_cpp/cmake)
[1.049s] -- Found OpenSSL: /usr/lib/x86_64-linux-gnu/libcrypto.so (found version "3.0.2")  
[1.099s] -- Found FastRTPS: /opt/ros/humble/include  
[1.162s] -- Using RMW implementation 'rmw_fastrtps_cpp' as default
[1.174s] -- Looking for pthread.h
[1.296s] -- Looking for pthread.h - found
[1.296s] -- Performing Test CMAKE_HAVE_LIBC_PTHREAD
[1.373s] -- Performing Test CMAKE_HAVE_LIBC_PTHREAD - Success
[1.374s] -- Found Threads: TRUE  
[1.593s] -- Found ament_lint_auto: 0.12.14 (/opt/ros/humble/share/ament_lint_auto/cmake)
[1.605s] [0mIn this package, headers install destination is set to `include` by ament_auto_package. It is recommended to install `include/pointcloud_to_laserscan` instead and will be the default behavior of ament_auto_package from ROS 2 Kilted Kaiju. On distributions before Kilted, ament_auto_package behaves the same way when you use USE_SCOPED_HEADER_INSTALL_DIR option.[0m
[1.611s] -- Added test 'cppcheck' to perform static code analysis on C / C++ code
[1.611s] -- Configured cppcheck include dirs: /home/nyu/nav_ws/src/pb_rm_simulation/src/rm_perception/pointcloud_to_laserscan/include
[1.611s] -- Configured cppcheck exclude dirs and/or files: 
[1.613s] -- Added test 'cpplint' to check C / C++ code against the Google style
[1.613s] -- Configured cpplint exclude dirs and/or files: 
[1.617s] -- Added test 'flake8' to check Python code syntax and style conventions
[1.617s] -- Added test 'lint_cmake' to check CMake code style
[1.617s] -- Added test 'pep257' to check Python code against some of the docstring style conventions in PEP 257
[1.617s] -- Added test 'uncrustify' to check C / C++ code style
[1.617s] -- Configured uncrustify additional arguments: 
[1.618s] -- Added test 'xmllint' to check XML markup files
[1.622s] -- Configuring done
[1.668s] -- Generating done
[1.684s] -- Build files have been written to: /home/nyu/nav_ws/build/pointcloud_to_laserscan
[1.696s] Invoked command in '/home/nyu/nav_ws/build/pointcloud_to_laserscan' returned '0': CMAKE_PREFIX_PATH=${CMAKE_PREFIX_PATH}:/home/nyu/nav_ws/install/map2gazebo:/opt/ros/humble /usr/bin/cmake /home/nyu/nav_ws/src/pb_rm_simulation/src/rm_perception/pointcloud_to_laserscan -DAMENT_CMAKE_SYMLINK_INSTALL=1 -DCMAKE_INSTALL_PREFIX=/home/nyu/nav_ws/install/pointcloud_to_laserscan
[1.703s] Invoking command in '/home/nyu/nav_ws/build/pointcloud_to_laserscan': CMAKE_PREFIX_PATH=${CMAKE_PREFIX_PATH}:/home/nyu/nav_ws/install/map2gazebo:/opt/ros/humble /usr/bin/cmake --build /home/nyu/nav_ws/build/pointcloud_to_laserscan -- -j16 -l16
[1.774s] [ 10%] [32mBuilding CXX object CMakeFiles/laserscan_to_pointcloud.dir/src/laserscan_to_pointcloud_node.cpp.o[0m
[1.779s] [ 20%] [32mBuilding CXX object CMakeFiles/laserscan_to_pointcloud_node.dir/rclcpp_components/node_main_laserscan_to_pointcloud_node.cpp.o[0m
[1.792s] [ 30%] [32mBuilding CXX object CMakeFiles/pointcloud_to_laserscan_node.dir/rclcpp_components/node_main_pointcloud_to_laserscan_node.cpp.o[0m
[6.339s] [ 40%] [32m[1mLinking CXX executable pointcloud_to_laserscan_node[0m
[6.619s] [ 40%] Built target pointcloud_to_laserscan_node
[6.647s] [ 50%] [32m[1mLinking CXX executable laserscan_to_pointcloud_node[0m
[6.939s] [ 50%] Built target laserscan_to_pointcloud_node
[19.090s] [ 60%] [32m[1mLinking CXX shared library liblaserscan_to_pointcloud.so[0m
[19.375s] [ 60%] Built target laserscan_to_pointcloud
[19.400s] [ 70%] [32mBuilding CXX object CMakeFiles/pointcloud_to_laserscan.dir/src/pointcloud_to_laserscan_node.cpp.o[0m
[37.869s] [ 80%] [32m[1mLinking CXX shared library libpointcloud_to_laserscan.so[0m
[38.088s] [ 80%] Built target pointcloud_to_laserscan
[38.113s] [ 90%] [32mBuilding CXX object CMakeFiles/dummy_pointcloud_publisher.dir/src/dummy_pointcloud_publisher.cpp.o[0m
[42.758s] [100%] [32m[1mLinking CXX executable dummy_pointcloud_publisher[0m
[42.916s] [100%] Built target dummy_pointcloud_publisher
[42.929s] Invoked command in '/home/nyu/nav_ws/build/pointcloud_to_laserscan' returned '0': CMAKE_PREFIX_PATH=${CMAKE_PREFIX_PATH}:/home/nyu/nav_ws/install/map2gazebo:/opt/ros/humble /usr/bin/cmake --build /home/nyu/nav_ws/build/pointcloud_to_laserscan -- -j16 -l16
[42.930s] Invoking command in '/home/nyu/nav_ws/build/pointcloud_to_laserscan': CMAKE_PREFIX_PATH=${CMAKE_PREFIX_PATH}:/home/nyu/nav_ws/install/map2gazebo:/opt/ros/humble /usr/bin/cmake --install /home/nyu/nav_ws/build/pointcloud_to_laserscan
[42.938s] -- Install configuration: ""
[42.939s] -- Execute custom install script
[42.939s] -- Symlinking: /home/nyu/nav_ws/install/pointcloud_to_laserscan/lib/pointcloud_to_laserscan/laserscan_to_pointcloud_node
[42.948s] -- Symlinking: /home/nyu/nav_ws/install/pointcloud_to_laserscan/lib/pointcloud_to_laserscan/pointcloud_to_laserscan_node
[42.958s] -- Symlinking: /home/nyu/nav_ws/install/pointcloud_to_laserscan/include/pointcloud_to_laserscan/laserscan_to_pointcloud_node.hpp
[42.966s] -- Symlinking: /home/nyu/nav_ws/install/pointcloud_to_laserscan/include/pointcloud_to_laserscan/pointcloud_to_laserscan_node.hpp
[42.976s] -- Symlinking: /home/nyu/nav_ws/install/pointcloud_to_laserscan/include/pointcloud_to_laserscan/visibility_control.h
[42.985s] -- Symlinking: /home/nyu/nav_ws/install/pointcloud_to_laserscan/share/pointcloud_to_laserscan/environment/library_path.sh
[42.995s] -- Symlinking: /home/nyu/nav_ws/install/pointcloud_to_laserscan/share/pointcloud_to_laserscan/environment/library_path.dsv
[43.005s] -- Symlinking: /home/nyu/nav_ws/install/pointcloud_to_laserscan/lib/liblaserscan_to_pointcloud.so
[43.014s] -- Symlinking: /home/nyu/nav_ws/install/pointcloud_to_laserscan/lib/libpointcloud_to_laserscan.so
[43.023s] -- Symlinking: /home/nyu/nav_ws/install/pointcloud_to_laserscan/lib/pointcloud_to_laserscan/dummy_pointcloud_publisher
[43.032s] -- Symlinking: /home/nyu/nav_ws/install/pointcloud_to_laserscan/share/pointcloud_to_laserscan/launch/pointcloud_to_laserscan_launch.py
[43.041s] -- Symlinking: /home/nyu/nav_ws/install/pointcloud_to_laserscan/share/pointcloud_to_laserscan/launch/sample_laserscan_to_pointcloud_launch.py
[43.049s] -- Symlinking: /home/nyu/nav_ws/install/pointcloud_to_laserscan/share/pointcloud_to_laserscan/launch/sample_pointcloud_to_laserscan_launch.py
[43.058s] -- Symlinking: /home/nyu/nav_ws/install/pointcloud_to_laserscan/share/ament_index/resource_index/package_run_dependencies/pointcloud_to_laserscan
[43.065s] -- Symlinking: /home/nyu/nav_ws/install/pointcloud_to_laserscan/share/ament_index/resource_index/parent_prefix_path/pointcloud_to_laserscan
[43.074s] -- Symlinking: /home/nyu/nav_ws/install/pointcloud_to_laserscan/share/pointcloud_to_laserscan/environment/ament_prefix_path.sh
[43.083s] -- Symlinking: /home/nyu/nav_ws/install/pointcloud_to_laserscan/share/pointcloud_to_laserscan/environment/ament_prefix_path.dsv
[43.092s] -- Symlinking: /home/nyu/nav_ws/install/pointcloud_to_laserscan/share/pointcloud_to_laserscan/environment/path.sh
[43.100s] -- Symlinking: /home/nyu/nav_ws/install/pointcloud_to_laserscan/share/pointcloud_to_laserscan/environment/path.dsv
[43.109s] -- Symlinking: /home/nyu/nav_ws/install/pointcloud_to_laserscan/share/pointcloud_to_laserscan/local_setup.bash
[43.116s] -- Symlinking: /home/nyu/nav_ws/install/pointcloud_to_laserscan/share/pointcloud_to_laserscan/local_setup.sh
[43.126s] -- Symlinking: /home/nyu/nav_ws/install/pointcloud_to_laserscan/share/pointcloud_to_laserscan/local_setup.zsh
[43.135s] -- Symlinking: /home/nyu/nav_ws/install/pointcloud_to_laserscan/share/pointcloud_to_laserscan/local_setup.dsv
[43.145s] -- Symlinking: /home/nyu/nav_ws/install/pointcloud_to_laserscan/share/pointcloud_to_laserscan/package.dsv
[43.154s] -- Symlinking: /home/nyu/nav_ws/install/pointcloud_to_laserscan/share/ament_index/resource_index/packages/pointcloud_to_laserscan
[43.163s] -- Symlinking: /home/nyu/nav_ws/install/pointcloud_to_laserscan/share/ament_index/resource_index/rclcpp_components/pointcloud_to_laserscan
[43.172s] -- Symlinking: /home/nyu/nav_ws/install/pointcloud_to_laserscan/share/pointcloud_to_laserscan/cmake/ament_cmake_export_dependencies-extras.cmake
[43.180s] -- Symlinking: /home/nyu/nav_ws/install/pointcloud_to_laserscan/share/pointcloud_to_laserscan/cmake/ament_cmake_export_include_directories-extras.cmake
[43.189s] -- Symlinking: /home/nyu/nav_ws/install/pointcloud_to_laserscan/share/pointcloud_to_laserscan/cmake/ament_cmake_export_libraries-extras.cmake
[43.196s] -- Symlinking: /home/nyu/nav_ws/install/pointcloud_to_laserscan/share/pointcloud_to_laserscan/cmake/pointcloud_to_laserscanConfig.cmake
[43.205s] -- Symlinking: /home/nyu/nav_ws/install/pointcloud_to_laserscan/share/pointcloud_to_laserscan/cmake/pointcloud_to_laserscanConfig-version.cmake
[43.213s] -- Symlinking: /home/nyu/nav_ws/install/pointcloud_to_laserscan/share/pointcloud_to_laserscan/package.xml
[43.224s] Invoked command in '/home/nyu/nav_ws/build/pointcloud_to_laserscan' returned '0': CMAKE_PREFIX_PATH=${CMAKE_PREFIX_PATH}:/home/nyu/nav_ws/install/map2gazebo:/opt/ros/humble /usr/bin/cmake --install /home/nyu/nav_ws/build/pointcloud_to_laserscan
