[0.010s] Invoking command in '/home/nyu/nav_ws/build/linefit_ground_segmentation_ros': AMENT_PREFIX_PATH=/home/nyu/nav_ws/install/linefit_ground_segmentation:${AMENT_PREFIX_PATH} CMAKE_PREFIX_PATH=/home/nyu/nav_ws/install/linefit_ground_segmentation:/opt/ros/humble LD_LIBRARY_PATH=/home/nyu/nav_ws/install/linefit_ground_segmentation/lib:${LD_LIBRARY_PATH} /usr/bin/cmake /home/nyu/nav_ws/src/pb_rm_simulation/src/rm_perception/linefit_ground_segementation_ros2/linefit_ground_segmentation_ros -DCMAKE_INSTALL_PREFIX=/home/nyu/nav_ws/install/linefit_ground_segmentation_ros
[0.069s] -- The C compiler identification is GNU 11.4.0
[0.126s] -- The CXX compiler identification is GNU 11.4.0
[0.133s] -- Detecting C compiler ABI info
[0.203s] -- Detecting C compiler ABI info - done
[0.211s] -- Check for working C compiler: /usr/bin/cc - skipped
[0.211s] -- Detecting C compile features
[0.212s] -- Detecting C compile features - done
[0.215s] -- Detecting CXX compiler ABI info
[0.296s] -- Detecting CXX compiler ABI info - done
[0.304s] -- Check for working CXX compiler: /usr/bin/c++ - skipped
[0.304s] -- Detecting CXX compile features
[0.304s] -- Detecting CXX compile features - done
[0.307s] -- Found ament_cmake_auto: 1.3.12 (/opt/ros/humble/share/ament_cmake_auto/cmake)
[0.466s] -- Found Python3: /usr/bin/python3 (found version "3.10.12") found components: Interpreter 
[0.675s] -- Found rosidl_generator_c: 3.1.7 (/opt/ros/humble/share/rosidl_generator_c/cmake)
[0.681s] -- Found rosidl_adapter: 3.1.7 (/opt/ros/humble/share/rosidl_adapter/cmake)
[0.689s] -- Found rosidl_generator_cpp: 3.1.7 (/opt/ros/humble/share/rosidl_generator_cpp/cmake)
[0.702s] -- Using all available rosidl_typesupport_c: rosidl_typesupport_fastrtps_c;rosidl_typesupport_introspection_c
[0.719s] -- Using all available rosidl_typesupport_cpp: rosidl_typesupport_fastrtps_cpp;rosidl_typesupport_introspection_cpp
[0.768s] -- Found rmw_implementation_cmake: 6.1.2 (/opt/ros/humble/share/rmw_implementation_cmake/cmake)
[0.771s] -- Found rmw_fastrtps_cpp: 6.2.9 (/opt/ros/humble/share/rmw_fastrtps_cpp/cmake)
[0.862s] -- Found OpenSSL: /usr/lib/x86_64-linux-gnu/libcrypto.so (found version "3.0.2")  
[0.892s] -- Found FastRTPS: /opt/ros/humble/include  
[0.937s] -- Using RMW implementation 'rmw_fastrtps_cpp' as default
[0.946s] -- Looking for pthread.h
[1.020s] -- Looking for pthread.h - found
[1.020s] -- Performing Test CMAKE_HAVE_LIBC_PTHREAD
[1.100s] -- Performing Test CMAKE_HAVE_LIBC_PTHREAD - Success
[1.102s] -- Found Threads: TRUE  
[1.352s] -- Checking for module 'eigen3'
[1.367s] --   Found eigen3, version 3.4.0
[1.403s] -- Found Eigen: /usr/include/eigen3 (Required is at least version "3.1") 
[1.403s] -- Eigen found (include: /usr/include/eigen3, version: 3.4.0)
[1.441s] -- Checking for module 'flann'
[1.454s] --   Found flann, version 1.9.1
[1.496s] -- Found FLANN: /usr/lib/x86_64-linux-gnu/libflann_cpp.so  
[1.496s] -- FLANN found (include: /usr/include, lib: /usr/lib/x86_64-linux-gnu/libflann_cpp.so)
[2.416s] -- Checking for module 'libusb-1.0'
[2.431s] --   Found libusb-1.0, version 1.0.25
[2.469s] -- Found libusb: /usr/lib/x86_64-linux-gnu/libusb-1.0.so  
[2.471s] -- OpenNI found (version: 1.5.4.0, include: /usr/include/ni, lib: /usr/lib/libOpenNI.so;libusb::libusb)
[2.531s] -- OpenNI2 found (version: 2.2.0.33, include: /usr/include/openni2, lib: /usr/lib/x86_64-linux-gnu/libOpenNI2.so;libusb::libusb)
[2.725s] -- Eigen found (include: /usr/include/eigen3, version: 3.4.0)
[2.733s] -- OpenNI found (version: 1.5.4.0, include: /usr/include/ni, lib: /usr/lib/libOpenNI.so;libusb::libusb)
[2.741s] -- OpenNI2 found (version: 2.2.0.33, include: /usr/include/openni2, lib: /usr/lib/x86_64-linux-gnu/libOpenNI2.so;libusb::libusb)
[2.880s] -- Found Qhull version 8.0.2
[3.016s] -- OpenNI found (version: 1.5.4.0, include: /usr/include/ni, lib: /usr/lib/libOpenNI.so;libusb::libusb)
[3.145s] -- Found PCL_COMMON: /usr/lib/x86_64-linux-gnu/libpcl_common.so  
[3.147s] -- Found PCL_KDTREE: /usr/lib/x86_64-linux-gnu/libpcl_kdtree.so  
[3.147s] -- Found PCL_OCTREE: /usr/lib/x86_64-linux-gnu/libpcl_octree.so  
[3.148s] -- Found PCL_SEARCH: /usr/lib/x86_64-linux-gnu/libpcl_search.so  
[3.149s] -- Found PCL_SAMPLE_CONSENSUS: /usr/lib/x86_64-linux-gnu/libpcl_sample_consensus.so  
[3.150s] -- Found PCL_FILTERS: /usr/lib/x86_64-linux-gnu/libpcl_filters.so  
[3.150s] -- Found PCL_2D: /usr/include/pcl-1.12  
[3.150s] -- Found PCL_GEOMETRY: /usr/include/pcl-1.12  
[3.151s] -- Found PCL_IO: /usr/lib/x86_64-linux-gnu/libpcl_io.so  
[3.152s] -- Found PCL_FEATURES: /usr/lib/x86_64-linux-gnu/libpcl_features.so  
[3.152s] -- Found PCL_ML: /usr/lib/x86_64-linux-gnu/libpcl_ml.so  
[3.153s] -- Found PCL_SEGMENTATION: /usr/lib/x86_64-linux-gnu/libpcl_segmentation.so  
[3.154s] -- Found PCL_VISUALIZATION: /usr/lib/x86_64-linux-gnu/libpcl_visualization.so  
[3.155s] -- Found PCL_SURFACE: /usr/lib/x86_64-linux-gnu/libpcl_surface.so  
[3.155s] -- Found PCL_REGISTRATION: /usr/lib/x86_64-linux-gnu/libpcl_registration.so  
[3.156s] -- Found PCL_KEYPOINTS: /usr/lib/x86_64-linux-gnu/libpcl_keypoints.so  
[3.157s] -- Found PCL_TRACKING: /usr/lib/x86_64-linux-gnu/libpcl_tracking.so  
[3.158s] -- Found PCL_RECOGNITION: /usr/lib/x86_64-linux-gnu/libpcl_recognition.so  
[3.159s] -- Found PCL_STEREO: /usr/lib/x86_64-linux-gnu/libpcl_stereo.so  
[3.160s] -- Found PCL_APPS: /usr/lib/x86_64-linux-gnu/libpcl_apps.so  
[3.160s] -- Found PCL_IN_HAND_SCANNER: /usr/include/pcl-1.12  
[3.161s] -- Found PCL_MODELER: /usr/include/pcl-1.12  
[3.161s] -- Found PCL_POINT_CLOUD_EDITOR: /usr/include/pcl-1.12  
[3.162s] -- Found PCL_OUTOFCORE: /usr/lib/x86_64-linux-gnu/libpcl_outofcore.so  
[3.163s] -- Found PCL_PEOPLE: /usr/lib/x86_64-linux-gnu/libpcl_people.so  
[3.180s] -- Found eigen3_cmake_module: 0.1.1 (/opt/ros/humble/share/eigen3_cmake_module/cmake)
[3.181s] -- Found Eigen3: TRUE (found version "3.4.0") 
[3.182s] -- Ensuring Eigen3 include directory is part of orocos-kdl CMake target
[3.199s] -- Configuring done
[3.244s] -- Generating done
[3.257s] -- Build files have been written to: /home/nyu/nav_ws/build/linefit_ground_segmentation_ros
[3.278s] Invoked command in '/home/nyu/nav_ws/build/linefit_ground_segmentation_ros' returned '0': AMENT_PREFIX_PATH=/home/nyu/nav_ws/install/linefit_ground_segmentation:${AMENT_PREFIX_PATH} CMAKE_PREFIX_PATH=/home/nyu/nav_ws/install/linefit_ground_segmentation:/opt/ros/humble LD_LIBRARY_PATH=/home/nyu/nav_ws/install/linefit_ground_segmentation/lib:${LD_LIBRARY_PATH} /usr/bin/cmake /home/nyu/nav_ws/src/pb_rm_simulation/src/rm_perception/linefit_ground_segementation_ros2/linefit_ground_segmentation_ros -DCMAKE_INSTALL_PREFIX=/home/nyu/nav_ws/install/linefit_ground_segmentation_ros
[3.280s] Invoking command in '/home/nyu/nav_ws/build/linefit_ground_segmentation_ros': AMENT_PREFIX_PATH=/home/nyu/nav_ws/install/linefit_ground_segmentation:${AMENT_PREFIX_PATH} CMAKE_PREFIX_PATH=/home/nyu/nav_ws/install/linefit_ground_segmentation:/opt/ros/humble LD_LIBRARY_PATH=/home/nyu/nav_ws/install/linefit_ground_segmentation/lib:${LD_LIBRARY_PATH} /usr/bin/cmake --build /home/nyu/nav_ws/build/linefit_ground_segmentation_ros -- -j16 -l16
[3.322s] [ 25%] [32mBuilding CXX object CMakeFiles/ground_segmentation_test_node.dir/src/ground_segmentation_test_node.cc.o[0m
[3.329s] [ 50%] [32mBuilding CXX object CMakeFiles/ground_segmentation_node.dir/src/ground_segmentation_node.cc.o[0m
[16.127s] [ 75%] [32m[1mLinking CXX executable ground_segmentation_test_node[0m
[16.816s] [ 75%] Built target ground_segmentation_test_node
[28.753s] [100%] [32m[1mLinking CXX executable ground_segmentation_node[0m
[29.357s] [100%] Built target ground_segmentation_node
[29.368s] Invoked command in '/home/nyu/nav_ws/build/linefit_ground_segmentation_ros' returned '0': AMENT_PREFIX_PATH=/home/nyu/nav_ws/install/linefit_ground_segmentation:${AMENT_PREFIX_PATH} CMAKE_PREFIX_PATH=/home/nyu/nav_ws/install/linefit_ground_segmentation:/opt/ros/humble LD_LIBRARY_PATH=/home/nyu/nav_ws/install/linefit_ground_segmentation/lib:${LD_LIBRARY_PATH} /usr/bin/cmake --build /home/nyu/nav_ws/build/linefit_ground_segmentation_ros -- -j16 -l16
[29.370s] Invoking command in '/home/nyu/nav_ws/build/linefit_ground_segmentation_ros': AMENT_PREFIX_PATH=/home/nyu/nav_ws/install/linefit_ground_segmentation:${AMENT_PREFIX_PATH} CMAKE_PREFIX_PATH=/home/nyu/nav_ws/install/linefit_ground_segmentation:/opt/ros/humble LD_LIBRARY_PATH=/home/nyu/nav_ws/install/linefit_ground_segmentation/lib:${LD_LIBRARY_PATH} /usr/bin/cmake --install /home/nyu/nav_ws/build/linefit_ground_segmentation_ros
[29.378s] -- Install configuration: ""
[29.378s] -- Installing: /home/nyu/nav_ws/install/linefit_ground_segmentation_ros/lib/linefit_ground_segmentation_ros/ground_segmentation_node
[29.379s] -- Set runtime path of "/home/nyu/nav_ws/install/linefit_ground_segmentation_ros/lib/linefit_ground_segmentation_ros/ground_segmentation_node" to ""
[29.379s] -- Installing: /home/nyu/nav_ws/install/linefit_ground_segmentation_ros/lib/linefit_ground_segmentation_ros/ground_segmentation_test_node
[29.379s] -- Set runtime path of "/home/nyu/nav_ws/install/linefit_ground_segmentation_ros/lib/linefit_ground_segmentation_ros/ground_segmentation_test_node" to ""
[29.379s] -- Installing: /home/nyu/nav_ws/install/linefit_ground_segmentation_ros/share/linefit_ground_segmentation_ros/launch
[29.379s] -- Installing: /home/nyu/nav_ws/install/linefit_ground_segmentation_ros/share/linefit_ground_segmentation_ros/launch/segmentation_params.yaml
[29.380s] -- Installing: /home/nyu/nav_ws/install/linefit_ground_segmentation_ros/share/linefit_ground_segmentation_ros/launch/test.launch.py
[29.380s] -- Installing: /home/nyu/nav_ws/install/linefit_ground_segmentation_ros/share/linefit_ground_segmentation_ros/launch/segmentation.launch.py
[29.380s] -- Installing: /home/nyu/nav_ws/install/linefit_ground_segmentation_ros/share/ament_index/resource_index/package_run_dependencies/linefit_ground_segmentation_ros
[29.380s] -- Installing: /home/nyu/nav_ws/install/linefit_ground_segmentation_ros/share/ament_index/resource_index/parent_prefix_path/linefit_ground_segmentation_ros
[29.380s] -- Installing: /home/nyu/nav_ws/install/linefit_ground_segmentation_ros/share/linefit_ground_segmentation_ros/environment/ament_prefix_path.sh
[29.380s] -- Installing: /home/nyu/nav_ws/install/linefit_ground_segmentation_ros/share/linefit_ground_segmentation_ros/environment/ament_prefix_path.dsv
[29.380s] -- Installing: /home/nyu/nav_ws/install/linefit_ground_segmentation_ros/share/linefit_ground_segmentation_ros/environment/path.sh
[29.380s] -- Installing: /home/nyu/nav_ws/install/linefit_ground_segmentation_ros/share/linefit_ground_segmentation_ros/environment/path.dsv
[29.381s] -- Installing: /home/nyu/nav_ws/install/linefit_ground_segmentation_ros/share/linefit_ground_segmentation_ros/local_setup.bash
[29.381s] -- Installing: /home/nyu/nav_ws/install/linefit_ground_segmentation_ros/share/linefit_ground_segmentation_ros/local_setup.sh
[29.381s] -- Installing: /home/nyu/nav_ws/install/linefit_ground_segmentation_ros/share/linefit_ground_segmentation_ros/local_setup.zsh
[29.381s] -- Installing: /home/nyu/nav_ws/install/linefit_ground_segmentation_ros/share/linefit_ground_segmentation_ros/local_setup.dsv
[29.381s] -- Installing: /home/nyu/nav_ws/install/linefit_ground_segmentation_ros/share/linefit_ground_segmentation_ros/package.dsv
[29.381s] -- Installing: /home/nyu/nav_ws/install/linefit_ground_segmentation_ros/share/ament_index/resource_index/packages/linefit_ground_segmentation_ros
[29.381s] -- Installing: /home/nyu/nav_ws/install/linefit_ground_segmentation_ros/share/linefit_ground_segmentation_ros/cmake/ament_cmake_export_dependencies-extras.cmake
[29.381s] -- Installing: /home/nyu/nav_ws/install/linefit_ground_segmentation_ros/share/linefit_ground_segmentation_ros/cmake/linefit_ground_segmentation_rosConfig.cmake
[29.381s] -- Installing: /home/nyu/nav_ws/install/linefit_ground_segmentation_ros/share/linefit_ground_segmentation_ros/cmake/linefit_ground_segmentation_rosConfig-version.cmake
[29.382s] -- Installing: /home/nyu/nav_ws/install/linefit_ground_segmentation_ros/share/linefit_ground_segmentation_ros/package.xml
[29.384s] Invoked command in '/home/nyu/nav_ws/build/linefit_ground_segmentation_ros' returned '0': AMENT_PREFIX_PATH=/home/nyu/nav_ws/install/linefit_ground_segmentation:${AMENT_PREFIX_PATH} CMAKE_PREFIX_PATH=/home/nyu/nav_ws/install/linefit_ground_segmentation:/opt/ros/humble LD_LIBRARY_PATH=/home/nyu/nav_ws/install/linefit_ground_segmentation/lib:${LD_LIBRARY_PATH} /usr/bin/cmake --install /home/nyu/nav_ws/build/linefit_ground_segmentation_ros
