[0.204s] Invoking command in '/home/nyu/nav_ws/build/rm_nav_bringup': CMAKE_PREFIX_PATH=/opt/ros/humble /usr/bin/cmake /home/nyu/nav_ws/src/pb_rm_simulation/src/rm_nav_bringup -DCMAKE_INSTALL_PREFIX=/home/nyu/nav_ws/install/rm_nav_bringup
[0.265s] -- The C compiler identification is GNU 11.4.0
[0.327s] -- The CXX compiler identification is GNU 11.4.0
[0.332s] -- Detecting C compiler ABI info
[0.399s] -- Detecting C compiler ABI info - done
[0.408s] -- Check for working C compiler: /usr/bin/cc - skipped
[0.409s] -- Detecting C compile features
[0.409s] -- Detecting C compile features - done
[0.413s] -- Detecting CXX compiler ABI info
[0.501s] -- Detecting CXX compiler ABI info - done
[0.512s] -- Check for working CXX compiler: /usr/bin/c++ - skipped
[0.513s] -- Detecting CXX compile features
[0.513s] -- Detecting CXX compile features - done
[0.517s] -- Found ament_cmake_auto: 1.3.12 (/opt/ros/humble/share/ament_cmake_auto/cmake)
[0.687s] -- Found Python3: /usr/bin/python3 (found version "3.10.12") found components: Interpreter 
[0.769s] -- Found ament_lint_auto: 0.12.14 (/opt/ros/humble/share/ament_lint_auto/cmake)
[0.851s] -- Configuring done
[0.852s] -- Generating done
[0.854s] -- Build files have been written to: /home/nyu/nav_ws/build/rm_nav_bringup
[0.875s] Invoked command in '/home/nyu/nav_ws/build/rm_nav_bringup' returned '0': CMAKE_PREFIX_PATH=/opt/ros/humble /usr/bin/cmake /home/nyu/nav_ws/src/pb_rm_simulation/src/rm_nav_bringup -DCMAKE_INSTALL_PREFIX=/home/nyu/nav_ws/install/rm_nav_bringup
[0.876s] Invoking command in '/home/nyu/nav_ws/build/rm_nav_bringup': CMAKE_PREFIX_PATH=/opt/ros/humble /usr/bin/cmake --build /home/nyu/nav_ws/build/rm_nav_bringup -- -j16 -l16
[1.018s] Invoked command in '/home/nyu/nav_ws/build/rm_nav_bringup' returned '0': CMAKE_PREFIX_PATH=/opt/ros/humble /usr/bin/cmake --build /home/nyu/nav_ws/build/rm_nav_bringup -- -j16 -l16
[1.019s] Invoking command in '/home/nyu/nav_ws/build/rm_nav_bringup': CMAKE_PREFIX_PATH=/opt/ros/humble /usr/bin/cmake --install /home/nyu/nav_ws/build/rm_nav_bringup
[1.031s] -- Install configuration: ""
[1.033s] -- Installing: /home/nyu/nav_ws/install/rm_nav_bringup/share/rm_nav_bringup/launch
[1.034s] -- Installing: /home/nyu/nav_ws/install/rm_nav_bringup/share/rm_nav_bringup/launch/bringup_sim.launch.py
[1.046s] -- Installing: /home/nyu/nav_ws/install/rm_nav_bringup/share/rm_nav_bringup/launch/bringup_real.launch.py
[1.046s] -- Installing: /home/nyu/nav_ws/install/rm_nav_bringup/share/rm_nav_bringup/config
[1.046s] -- Installing: /home/nyu/nav_ws/install/rm_nav_bringup/share/rm_nav_bringup/config/reality
[1.046s] -- Installing: /home/nyu/nav_ws/install/rm_nav_bringup/share/rm_nav_bringup/config/reality/icp_registration_real.yaml
[1.047s] -- Installing: /home/nyu/nav_ws/install/rm_nav_bringup/share/rm_nav_bringup/config/reality/segmentation_real.yaml
[1.047s] -- Installing: /home/nyu/nav_ws/install/rm_nav_bringup/share/rm_nav_bringup/config/reality/nav2_params_real.yaml
[1.047s] -- Installing: /home/nyu/nav_ws/install/rm_nav_bringup/share/rm_nav_bringup/config/reality/measurement_params_real.yaml
[1.047s] -- Installing: /home/nyu/nav_ws/install/rm_nav_bringup/share/rm_nav_bringup/config/reality/fastlio_mid360_real.yaml
[1.047s] -- Installing: /home/nyu/nav_ws/install/rm_nav_bringup/share/rm_nav_bringup/config/reality/mapper_params_online_async_real.yaml
[1.048s] -- Installing: /home/nyu/nav_ws/install/rm_nav_bringup/share/rm_nav_bringup/config/reality/pointlio_mid360_real.yaml
[1.048s] -- Installing: /home/nyu/nav_ws/install/rm_nav_bringup/share/rm_nav_bringup/config/reality/mapper_params_localization_real.yaml
[1.048s] -- Installing: /home/nyu/nav_ws/install/rm_nav_bringup/share/rm_nav_bringup/config/reality/MID360_config.json
[1.048s] -- Installing: /home/nyu/nav_ws/install/rm_nav_bringup/share/rm_nav_bringup/config/simulation
[1.049s] -- Installing: /home/nyu/nav_ws/install/rm_nav_bringup/share/rm_nav_bringup/config/simulation/nav2_params_sim.yaml
[1.049s] -- Installing: /home/nyu/nav_ws/install/rm_nav_bringup/share/rm_nav_bringup/config/simulation/measurement_params_sim.yaml
[1.049s] -- Installing: /home/nyu/nav_ws/install/rm_nav_bringup/share/rm_nav_bringup/config/simulation/mapper_params_localization_sim.yaml
[1.049s] -- Installing: /home/nyu/nav_ws/install/rm_nav_bringup/share/rm_nav_bringup/config/simulation/fastlio_mid360_sim.yaml
[1.049s] -- Installing: /home/nyu/nav_ws/install/rm_nav_bringup/share/rm_nav_bringup/config/simulation/mapper_params_online_async_sim.yaml
[1.049s] -- Installing: /home/nyu/nav_ws/install/rm_nav_bringup/share/rm_nav_bringup/config/simulation/segmentation_sim.yaml
[1.049s] -- Installing: /home/nyu/nav_ws/install/rm_nav_bringup/share/rm_nav_bringup/config/simulation/pointlio_mid360_sim.yaml
[1.049s] -- Installing: /home/nyu/nav_ws/install/rm_nav_bringup/share/rm_nav_bringup/config/simulation/icp_registration_sim.yaml
[1.049s] -- Installing: /home/nyu/nav_ws/install/rm_nav_bringup/share/rm_nav_bringup/map
[1.049s] -- Installing: /home/nyu/nav_ws/install/rm_nav_bringup/share/rm_nav_bringup/map/RMUC.posegraph
[1.067s] -- Installing: /home/nyu/nav_ws/install/rm_nav_bringup/share/rm_nav_bringup/map/RMUL.pgm
[1.067s] -- Installing: /home/nyu/nav_ws/install/rm_nav_bringup/share/rm_nav_bringup/map/RMUL.yaml
[1.067s] -- Installing: /home/nyu/nav_ws/install/rm_nav_bringup/share/rm_nav_bringup/map/RMUL.posegraph
[1.089s] -- Installing: /home/nyu/nav_ws/install/rm_nav_bringup/share/rm_nav_bringup/map/RMUL.data
[1.096s] -- Installing: /home/nyu/nav_ws/install/rm_nav_bringup/share/rm_nav_bringup/map/RMUC.data
[1.110s] -- Installing: /home/nyu/nav_ws/install/rm_nav_bringup/share/rm_nav_bringup/map/RMUC.yaml
[1.111s] -- Installing: /home/nyu/nav_ws/install/rm_nav_bringup/share/rm_nav_bringup/map/RMUC.pgm
[1.114s] -- Installing: /home/nyu/nav_ws/install/rm_nav_bringup/share/rm_nav_bringup/PCD
[1.114s] -- Installing: /home/nyu/nav_ws/install/rm_nav_bringup/share/rm_nav_bringup/PCD/RMUC.pcd
[1.146s] -- Installing: /home/nyu/nav_ws/install/rm_nav_bringup/share/rm_nav_bringup/PCD/RMUL.pcd
[1.207s] -- Installing: /home/nyu/nav_ws/install/rm_nav_bringup/share/rm_nav_bringup/rviz
[1.207s] -- Installing: /home/nyu/nav_ws/install/rm_nav_bringup/share/rm_nav_bringup/rviz/pointlio.rviz
[1.207s] -- Installing: /home/nyu/nav_ws/install/rm_nav_bringup/share/rm_nav_bringup/rviz/fastlio.rviz
[1.207s] -- Installing: /home/nyu/nav_ws/install/rm_nav_bringup/share/rm_nav_bringup/urdf
[1.208s] -- Installing: /home/nyu/nav_ws/install/rm_nav_bringup/share/rm_nav_bringup/urdf/sentry_robot_sim.xacro
[1.208s] -- Installing: /home/nyu/nav_ws/install/rm_nav_bringup/share/rm_nav_bringup/urdf/sentry_robot_real.xacro
[1.208s] -- Installing: /home/nyu/nav_ws/install/rm_nav_bringup/share/ament_index/resource_index/package_run_dependencies/rm_nav_bringup
[1.208s] -- Installing: /home/nyu/nav_ws/install/rm_nav_bringup/share/ament_index/resource_index/parent_prefix_path/rm_nav_bringup
[1.208s] -- Installing: /home/nyu/nav_ws/install/rm_nav_bringup/share/rm_nav_bringup/environment/ament_prefix_path.sh
[1.208s] -- Installing: /home/nyu/nav_ws/install/rm_nav_bringup/share/rm_nav_bringup/environment/ament_prefix_path.dsv
[1.208s] -- Installing: /home/nyu/nav_ws/install/rm_nav_bringup/share/rm_nav_bringup/environment/path.sh
[1.208s] -- Installing: /home/nyu/nav_ws/install/rm_nav_bringup/share/rm_nav_bringup/environment/path.dsv
[1.208s] -- Installing: /home/nyu/nav_ws/install/rm_nav_bringup/share/rm_nav_bringup/local_setup.bash
[1.209s] -- Installing: /home/nyu/nav_ws/install/rm_nav_bringup/share/rm_nav_bringup/local_setup.sh
[1.209s] -- Installing: /home/nyu/nav_ws/install/rm_nav_bringup/share/rm_nav_bringup/local_setup.zsh
[1.209s] -- Installing: /home/nyu/nav_ws/install/rm_nav_bringup/share/rm_nav_bringup/local_setup.dsv
[1.209s] -- Installing: /home/nyu/nav_ws/install/rm_nav_bringup/share/rm_nav_bringup/package.dsv
[1.209s] -- Installing: /home/nyu/nav_ws/install/rm_nav_bringup/share/ament_index/resource_index/packages/rm_nav_bringup
[1.210s] -- Installing: /home/nyu/nav_ws/install/rm_nav_bringup/share/rm_nav_bringup/cmake/rm_nav_bringupConfig.cmake
[1.210s] -- Installing: /home/nyu/nav_ws/install/rm_nav_bringup/share/rm_nav_bringup/cmake/rm_nav_bringupConfig-version.cmake
[1.210s] -- Installing: /home/nyu/nav_ws/install/rm_nav_bringup/share/rm_nav_bringup/package.xml
[1.214s] Invoked command in '/home/nyu/nav_ws/build/rm_nav_bringup' returned '0': CMAKE_PREFIX_PATH=/opt/ros/humble /usr/bin/cmake --install /home/nyu/nav_ws/build/rm_nav_bringup
