[0.011s] Invoking command in '/home/nyu/nav_ws/build/fast_lio': CMAKE_PREFIX_PATH=/home/nyu/nav_ws/install/livox_ros_driver2:/home/nyu/nav_ws/install/unitree_lidar_ros2:/home/nyu/nav_ws/install/ros2_livox_simulation:/home/nyu/nav_ws/install/rm_navigation:/home/nyu/nav_ws/install/rm_nav_bringup:/home/nyu/nav_ws/install/pointcloud_to_laserscan:/home/nyu/nav_ws/install/point_lio:/home/nyu/nav_ws/install/pcd2pgm:/home/nyu/nav_ws/install/pb_rm_simulation:/home/nyu/nav_ws/install/icp_registration:/home/nyu/nav_ws/install/fast_lio:/home/nyu/nav_ws/install/linefit_ground_segmentation_ros:/home/nyu/nav_ws/install/linefit_ground_segmentation:/home/nyu/nav_ws/install/imu_complementary_filter:/home/nyu/nav_ws/install/fake_vel_transform:/home/nyu/nav_ws/install/map2gazebo:/opt/ros/humble LD_LIBRARY_PATH=/home/nyu/nav_ws/install/livox_ros_driver2/lib:/home/nyu/nav_ws/install/ros2_livox_simulation/lib:/home/nyu/nav_ws/install/pointcloud_to_laserscan/lib:/home/nyu/nav_ws/install/pcd2pgm/lib:/home/nyu/nav_ws/install/icp_registration/lib:/home/nyu/nav_ws/install/fast_lio/lib:/home/nyu/nav_ws/install/linefit_ground_segmentation/lib:/home/nyu/nav_ws/install/imu_complementary_filter/lib:/home/nyu/nav_ws/install/fake_vel_transform/lib:/usr/lib/x86_64-linux-gnu/gazebo-11/plugins:/opt/ros/humble/opt/rviz_ogre_vendor/lib:/opt/ros/humble/lib/x86_64-linux-gnu:/opt/ros/humble/opt/openvdb_vendor/lib:/opt/ros/humble/lib:/opt/MVS/lib/64:/opt/MVS/lib/32:/opt/MVS/lib/64:/opt/MVS/lib/32 /usr/bin/cmake /home/nyu/nav_ws/src/FAST_LIO -DAMENT_CMAKE_SYMLINK_INSTALL=1 -DCMAKE_INSTALL_PREFIX=/home/nyu/nav_ws/install/fast_lio
[0.022s] [0mCurrent CPU archtecture: x86_64[0m
[0.025s] [0mProcesser number:  16[0m
[0.025s] [0mcore for MP: 3[0m
[0.029s] -- Found PythonLibs: /usr/lib/x86_64-linux-gnu/libpython3.10.so (found version "3.10.12") 
[0.029s] -- Found ament_cmake: 1.3.12 (/opt/ros/humble/share/ament_cmake/cmake)
[0.103s] -- Override CMake install command with custom implementation using symlinks instead of copying resources
[0.106s] -- Found rclcpp: 16.0.16 (/opt/ros/humble/share/rclcpp/cmake)
[0.123s] -- Found rosidl_generator_c: 3.1.7 (/opt/ros/humble/share/rosidl_generator_c/cmake)
[0.124s] -- Found rosidl_adapter: 3.1.7 (/opt/ros/humble/share/rosidl_adapter/cmake)
[0.127s] -- Found rosidl_generator_cpp: 3.1.7 (/opt/ros/humble/share/rosidl_generator_cpp/cmake)
[0.133s] -- Using all available rosidl_typesupport_c: rosidl_typesupport_fastrtps_c;rosidl_typesupport_introspection_c
[0.140s] -- Using all available rosidl_typesupport_cpp: rosidl_typesupport_fastrtps_cpp;rosidl_typesupport_introspection_cpp
[0.158s] -- Found rmw_implementation_cmake: 6.1.2 (/opt/ros/humble/share/rmw_implementation_cmake/cmake)
[0.159s] -- Found rmw_fastrtps_cpp: 6.2.9 (/opt/ros/humble/share/rmw_fastrtps_cpp/cmake)
[0.222s] -- Using RMW implementation 'rmw_fastrtps_cpp' as default
[0.249s] -- Found rclcpp_components: 16.0.16 (/opt/ros/humble/share/rclcpp_components/cmake)
[0.258s] -- Found geometry_msgs: 4.9.0 (/opt/ros/humble/share/geometry_msgs/cmake)
[0.265s] -- Found nav_msgs: 4.9.0 (/opt/ros/humble/share/nav_msgs/cmake)
[0.273s] -- Found sensor_msgs: 4.9.0 (/opt/ros/humble/share/sensor_msgs/cmake)
[0.282s] -- Found std_srvs: 4.9.0 (/opt/ros/humble/share/std_srvs/cmake)
[0.287s] -- Found visualization_msgs: 4.9.0 (/opt/ros/humble/share/visualization_msgs/cmake)
[0.296s] -- Found pcl_ros: 2.4.5 (/opt/ros/humble/share/pcl_ros/cmake)
[0.319s] -- Eigen found (include: /usr/include/eigen3, version: 3.4.0)
[0.341s] -- FLANN found (include: /usr/include, lib: /usr/lib/x86_64-linux-gnu/libflann_cpp.so)
[0.544s] -- OpenNI found (version: 1.5.4.0, include: /usr/include/ni, lib: /usr/lib/libOpenNI.so;libusb::libusb)
[0.548s] -- OpenNI2 found (version: 2.2.0.33, include: /usr/include/openni2, lib: /usr/lib/x86_64-linux-gnu/libOpenNI2.so;libusb::libusb)
[0.645s] -- Eigen found (include: /usr/include/eigen3, version: 3.4.0)
[0.649s] -- OpenNI found (version: 1.5.4.0, include: /usr/include/ni, lib: /usr/lib/libOpenNI.so;libusb::libusb)
[0.654s] -- OpenNI2 found (version: 2.2.0.33, include: /usr/include/openni2, lib: /usr/lib/x86_64-linux-gnu/libOpenNI2.so;libusb::libusb)
[0.743s] -- Found Qhull version 8.0.2
[0.837s] -- OpenNI found (version: 1.5.4.0, include: /usr/include/ni, lib: /usr/lib/libOpenNI.so;libusb::libusb)
[0.938s] -- Found eigen3_cmake_module: 0.1.1 (/opt/ros/humble/share/eigen3_cmake_module/cmake)
[0.939s] -- Ensuring Eigen3 include directory is part of orocos-kdl CMake target
[0.972s] -- Found livox_ros_driver2: 1.0.0 (/home/nyu/nav_ws/install/livox_ros_driver2/share/livox_ros_driver2/cmake)
[0.982s] -- Found rosidl_default_generators: 1.2.0 (/opt/ros/humble/share/rosidl_default_generators/cmake)
[0.987s] [33mCMake Warning (dev) at CMakeLists.txt:81 (find_package):
[0.987s]   Policy CMP0074 is not set: find_package uses <PackageName>_ROOT variables.
[0.987s]   Run "cmake --help-policy CMP0074" for policy details.  Use the cmake_policy
[0.987s]   command to set the policy and suppress this warning.
[0.987s] 
[0.987s]   CMake variable PCL_ROOT is set to:
[0.987s] 
[0.987s]     /usr
[0.987s] 
[0.987s]   For compatibility, CMake is ignoring the variable.
[0.987s] This warning is for project developers.  Use -Wno-dev to suppress it.
[0.987s] [0m
[0.991s] -- PCL: /usr/include/pcl-1.12
[0.992s] [0mEigen:/usr/include/eigen3[0m
[1.145s] -- Found ament_cmake_ros: 0.10.0 (/opt/ros/humble/share/ament_cmake_ros/cmake)
[1.349s] -- Using all available rosidl_typesupport_c: rosidl_typesupport_fastrtps_c;rosidl_typesupport_introspection_c
[1.426s] -- Using all available rosidl_typesupport_cpp: rosidl_typesupport_fastrtps_cpp;rosidl_typesupport_introspection_cpp
[1.443s] -- Found python_cmake_module: 0.10.0 (/opt/ros/humble/share/python_cmake_module/cmake)
[1.457s] -- Found PythonLibs: /usr/lib/x86_64-linux-gnu/libpython3.10.so (found suitable version "3.10.12", minimum required is "3.5") 
[1.457s] -- Using PYTHON_EXECUTABLE: /usr/bin/python3
[1.457s] -- Using PYTHON_INCLUDE_DIRS: /usr/include/python3.10
[1.457s] -- Using PYTHON_LIBRARIES: /usr/lib/x86_64-linux-gnu/libpython3.10.so
[1.481s] -- Configuring done
[1.515s] -- Generating done
[1.524s] -- Build files have been written to: /home/nyu/nav_ws/build/fast_lio
[1.535s] Invoked command in '/home/nyu/nav_ws/build/fast_lio' returned '0': CMAKE_PREFIX_PATH=/home/nyu/nav_ws/install/livox_ros_driver2:/home/nyu/nav_ws/install/unitree_lidar_ros2:/home/nyu/nav_ws/install/ros2_livox_simulation:/home/nyu/nav_ws/install/rm_navigation:/home/nyu/nav_ws/install/rm_nav_bringup:/home/nyu/nav_ws/install/pointcloud_to_laserscan:/home/nyu/nav_ws/install/point_lio:/home/nyu/nav_ws/install/pcd2pgm:/home/nyu/nav_ws/install/pb_rm_simulation:/home/nyu/nav_ws/install/icp_registration:/home/nyu/nav_ws/install/fast_lio:/home/nyu/nav_ws/install/linefit_ground_segmentation_ros:/home/nyu/nav_ws/install/linefit_ground_segmentation:/home/nyu/nav_ws/install/imu_complementary_filter:/home/nyu/nav_ws/install/fake_vel_transform:/home/nyu/nav_ws/install/map2gazebo:/opt/ros/humble LD_LIBRARY_PATH=/home/nyu/nav_ws/install/livox_ros_driver2/lib:/home/nyu/nav_ws/install/ros2_livox_simulation/lib:/home/nyu/nav_ws/install/pointcloud_to_laserscan/lib:/home/nyu/nav_ws/install/pcd2pgm/lib:/home/nyu/nav_ws/install/icp_registration/lib:/home/nyu/nav_ws/install/fast_lio/lib:/home/nyu/nav_ws/install/linefit_ground_segmentation/lib:/home/nyu/nav_ws/install/imu_complementary_filter/lib:/home/nyu/nav_ws/install/fake_vel_transform/lib:/usr/lib/x86_64-linux-gnu/gazebo-11/plugins:/opt/ros/humble/opt/rviz_ogre_vendor/lib:/opt/ros/humble/lib/x86_64-linux-gnu:/opt/ros/humble/opt/openvdb_vendor/lib:/opt/ros/humble/lib:/opt/MVS/lib/64:/opt/MVS/lib/32:/opt/MVS/lib/64:/opt/MVS/lib/32 /usr/bin/cmake /home/nyu/nav_ws/src/FAST_LIO -DAMENT_CMAKE_SYMLINK_INSTALL=1 -DCMAKE_INSTALL_PREFIX=/home/nyu/nav_ws/install/fast_lio
[1.536s] Invoking command in '/home/nyu/nav_ws/build/fast_lio': CMAKE_PREFIX_PATH=/home/nyu/nav_ws/install/livox_ros_driver2:/home/nyu/nav_ws/install/unitree_lidar_ros2:/home/nyu/nav_ws/install/ros2_livox_simulation:/home/nyu/nav_ws/install/rm_navigation:/home/nyu/nav_ws/install/rm_nav_bringup:/home/nyu/nav_ws/install/pointcloud_to_laserscan:/home/nyu/nav_ws/install/point_lio:/home/nyu/nav_ws/install/pcd2pgm:/home/nyu/nav_ws/install/pb_rm_simulation:/home/nyu/nav_ws/install/icp_registration:/home/nyu/nav_ws/install/fast_lio:/home/nyu/nav_ws/install/linefit_ground_segmentation_ros:/home/nyu/nav_ws/install/linefit_ground_segmentation:/home/nyu/nav_ws/install/imu_complementary_filter:/home/nyu/nav_ws/install/fake_vel_transform:/home/nyu/nav_ws/install/map2gazebo:/opt/ros/humble LD_LIBRARY_PATH=/home/nyu/nav_ws/install/livox_ros_driver2/lib:/home/nyu/nav_ws/install/ros2_livox_simulation/lib:/home/nyu/nav_ws/install/pointcloud_to_laserscan/lib:/home/nyu/nav_ws/install/pcd2pgm/lib:/home/nyu/nav_ws/install/icp_registration/lib:/home/nyu/nav_ws/install/fast_lio/lib:/home/nyu/nav_ws/install/linefit_ground_segmentation/lib:/home/nyu/nav_ws/install/imu_complementary_filter/lib:/home/nyu/nav_ws/install/fake_vel_transform/lib:/usr/lib/x86_64-linux-gnu/gazebo-11/plugins:/opt/ros/humble/opt/rviz_ogre_vendor/lib:/opt/ros/humble/lib/x86_64-linux-gnu:/opt/ros/humble/opt/openvdb_vendor/lib:/opt/ros/humble/lib:/opt/MVS/lib/64:/opt/MVS/lib/32:/opt/MVS/lib/64:/opt/MVS/lib/32 /usr/bin/cmake --build /home/nyu/nav_ws/build/fast_lio -- -j16 -l16
[1.571s] [35m[1mConsolidate compiler generated dependencies of target fast_lio__rosidl_generator_c[0m
[1.580s] [  2%] Built target fast_lio__cpp
[1.581s] [ 11%] Built target fast_lio__rosidl_generator_c
[1.588s] [ 11%] Built target ament_cmake_python_symlink_fast_lio
[1.590s] [35m[1mConsolidate compiler generated dependencies of target fast_lio__rosidl_typesupport_fastrtps_cpp[0m
[1.591s] [35m[1mConsolidate compiler generated dependencies of target fast_lio__rosidl_typesupport_introspection_cpp[0m
[1.591s] [35m[1mConsolidate compiler generated dependencies of target fast_lio__rosidl_typesupport_c[0m
[1.592s] [35m[1mConsolidate compiler generated dependencies of target fast_lio__rosidl_typesupport_introspection_c[0m
[1.592s] [35m[1mConsolidate compiler generated dependencies of target fast_lio__rosidl_typesupport_cpp[0m
[1.594s] [35m[1mConsolidate compiler generated dependencies of target fast_lio__rosidl_typesupport_fastrtps_c[0m
[1.605s] [ 28%] Built target fast_lio__rosidl_typesupport_c
[1.605s] [ 28%] Built target fast_lio__rosidl_typesupport_introspection_cpp
[1.608s] [ 37%] Built target fast_lio__rosidl_typesupport_fastrtps_cpp
[1.608s] [ 45%] Built target fast_lio__rosidl_typesupport_introspection_c
[1.610s] [ 54%] Built target fast_lio__rosidl_typesupport_fastrtps_c
[1.610s] [ 62%] Built target fast_lio__rosidl_typesupport_cpp
[1.622s] [35m[1mConsolidate compiler generated dependencies of target fastlio_mapping[0m
[1.627s] [ 62%] Built target fast_lio
[1.643s] [ 65%] Built target fast_lio__py
[1.648s] [ 77%] Built target fastlio_mapping
[1.652s] [35m[1mConsolidate compiler generated dependencies of target fast_lio__rosidl_generator_py[0m
[1.663s] [ 82%] Built target fast_lio__rosidl_generator_py
[1.673s] [35m[1mConsolidate compiler generated dependencies of target fast_lio__rosidl_typesupport_c__pyext[0m
[1.673s] [35m[1mConsolidate compiler generated dependencies of target fast_lio__rosidl_typesupport_fastrtps_c__pyext[0m
[1.673s] [35m[1mConsolidate compiler generated dependencies of target fast_lio__rosidl_typesupport_introspection_c__pyext[0m
[1.684s] [ 88%] Built target fast_lio__rosidl_typesupport_introspection_c__pyext
[1.684s] [ 94%] Built target fast_lio__rosidl_typesupport_fastrtps_c__pyext
[1.685s] [100%] Built target fast_lio__rosidl_typesupport_c__pyext
[1.736s] running egg_info
[1.736s] writing fast_lio.egg-info/PKG-INFO
[1.737s] writing dependency_links to fast_lio.egg-info/dependency_links.txt
[1.737s] writing top-level names to fast_lio.egg-info/top_level.txt
[1.738s] reading manifest file 'fast_lio.egg-info/SOURCES.txt'
[1.738s] writing manifest file 'fast_lio.egg-info/SOURCES.txt'
[1.757s] [100%] Built target ament_cmake_python_build_fast_lio_egg
[1.765s] Invoked command in '/home/nyu/nav_ws/build/fast_lio' returned '0': CMAKE_PREFIX_PATH=/home/nyu/nav_ws/install/livox_ros_driver2:/home/nyu/nav_ws/install/unitree_lidar_ros2:/home/nyu/nav_ws/install/ros2_livox_simulation:/home/nyu/nav_ws/install/rm_navigation:/home/nyu/nav_ws/install/rm_nav_bringup:/home/nyu/nav_ws/install/pointcloud_to_laserscan:/home/nyu/nav_ws/install/point_lio:/home/nyu/nav_ws/install/pcd2pgm:/home/nyu/nav_ws/install/pb_rm_simulation:/home/nyu/nav_ws/install/icp_registration:/home/nyu/nav_ws/install/fast_lio:/home/nyu/nav_ws/install/linefit_ground_segmentation_ros:/home/nyu/nav_ws/install/linefit_ground_segmentation:/home/nyu/nav_ws/install/imu_complementary_filter:/home/nyu/nav_ws/install/fake_vel_transform:/home/nyu/nav_ws/install/map2gazebo:/opt/ros/humble LD_LIBRARY_PATH=/home/nyu/nav_ws/install/livox_ros_driver2/lib:/home/nyu/nav_ws/install/ros2_livox_simulation/lib:/home/nyu/nav_ws/install/pointcloud_to_laserscan/lib:/home/nyu/nav_ws/install/pcd2pgm/lib:/home/nyu/nav_ws/install/icp_registration/lib:/home/nyu/nav_ws/install/fast_lio/lib:/home/nyu/nav_ws/install/linefit_ground_segmentation/lib:/home/nyu/nav_ws/install/imu_complementary_filter/lib:/home/nyu/nav_ws/install/fake_vel_transform/lib:/usr/lib/x86_64-linux-gnu/gazebo-11/plugins:/opt/ros/humble/opt/rviz_ogre_vendor/lib:/opt/ros/humble/lib/x86_64-linux-gnu:/opt/ros/humble/opt/openvdb_vendor/lib:/opt/ros/humble/lib:/opt/MVS/lib/64:/opt/MVS/lib/32:/opt/MVS/lib/64:/opt/MVS/lib/32 /usr/bin/cmake --build /home/nyu/nav_ws/build/fast_lio -- -j16 -l16
[1.774s] Invoking command in '/home/nyu/nav_ws/build/fast_lio': CMAKE_PREFIX_PATH=/home/nyu/nav_ws/install/livox_ros_driver2:/home/nyu/nav_ws/install/unitree_lidar_ros2:/home/nyu/nav_ws/install/ros2_livox_simulation:/home/nyu/nav_ws/install/rm_navigation:/home/nyu/nav_ws/install/rm_nav_bringup:/home/nyu/nav_ws/install/pointcloud_to_laserscan:/home/nyu/nav_ws/install/point_lio:/home/nyu/nav_ws/install/pcd2pgm:/home/nyu/nav_ws/install/pb_rm_simulation:/home/nyu/nav_ws/install/icp_registration:/home/nyu/nav_ws/install/fast_lio:/home/nyu/nav_ws/install/linefit_ground_segmentation_ros:/home/nyu/nav_ws/install/linefit_ground_segmentation:/home/nyu/nav_ws/install/imu_complementary_filter:/home/nyu/nav_ws/install/fake_vel_transform:/home/nyu/nav_ws/install/map2gazebo:/opt/ros/humble LD_LIBRARY_PATH=/home/nyu/nav_ws/install/livox_ros_driver2/lib:/home/nyu/nav_ws/install/ros2_livox_simulation/lib:/home/nyu/nav_ws/install/pointcloud_to_laserscan/lib:/home/nyu/nav_ws/install/pcd2pgm/lib:/home/nyu/nav_ws/install/icp_registration/lib:/home/nyu/nav_ws/install/fast_lio/lib:/home/nyu/nav_ws/install/linefit_ground_segmentation/lib:/home/nyu/nav_ws/install/imu_complementary_filter/lib:/home/nyu/nav_ws/install/fake_vel_transform/lib:/usr/lib/x86_64-linux-gnu/gazebo-11/plugins:/opt/ros/humble/opt/rviz_ogre_vendor/lib:/opt/ros/humble/lib/x86_64-linux-gnu:/opt/ros/humble/opt/openvdb_vendor/lib:/opt/ros/humble/lib:/opt/MVS/lib/64:/opt/MVS/lib/32:/opt/MVS/lib/64:/opt/MVS/lib/32 /usr/bin/cmake --install /home/nyu/nav_ws/build/fast_lio
[1.780s] -- Install configuration: "Release"
[1.780s] -- Execute custom install script
[1.780s] -- Up-to-date symlink: /home/nyu/nav_ws/install/fast_lio/share/ament_index/resource_index/rosidl_interfaces/fast_lio
[1.781s] -- Up-to-date symlink: /home/nyu/nav_ws/install/fast_lio/include/fast_lio/fast_lio/msg/detail/pose6_d__functions.h
[1.781s] -- Up-to-date symlink: /home/nyu/nav_ws/install/fast_lio/include/fast_lio/fast_lio/msg/detail/pose6_d__struct.h
[1.781s] -- Up-to-date symlink: /home/nyu/nav_ws/install/fast_lio/include/fast_lio/fast_lio/msg/detail/pose6_d__type_support.h
[1.781s] -- Up-to-date symlink: /home/nyu/nav_ws/install/fast_lio/include/fast_lio/fast_lio/msg/pose6_d.h
[1.781s] -- Up-to-date symlink: /home/nyu/nav_ws/install/fast_lio/include/fast_lio/fast_lio/msg/rosidl_generator_c__visibility_control.h
[1.781s] -- Up-to-date symlink: /home/nyu/nav_ws/install/fast_lio/share/fast_lio/environment/library_path.sh
[1.781s] -- Up-to-date symlink: /home/nyu/nav_ws/install/fast_lio/share/fast_lio/environment/library_path.dsv
[1.781s] -- Up-to-date symlink: /home/nyu/nav_ws/install/fast_lio/include/fast_lio/fast_lio/msg/detail/pose6_d__rosidl_typesupport_fastrtps_c.h
[1.781s] -- Up-to-date symlink: /home/nyu/nav_ws/install/fast_lio/include/fast_lio/fast_lio/msg/rosidl_typesupport_fastrtps_c__visibility_control.h
[1.782s] -- Up-to-date symlink: /home/nyu/nav_ws/install/fast_lio/include/fast_lio/fast_lio/msg/detail/pose6_d__builder.hpp
[1.782s] -- Up-to-date symlink: /home/nyu/nav_ws/install/fast_lio/include/fast_lio/fast_lio/msg/detail/pose6_d__struct.hpp
[1.782s] -- Up-to-date symlink: /home/nyu/nav_ws/install/fast_lio/include/fast_lio/fast_lio/msg/detail/pose6_d__traits.hpp
[1.782s] -- Up-to-date symlink: /home/nyu/nav_ws/install/fast_lio/include/fast_lio/fast_lio/msg/detail/pose6_d__type_support.hpp
[1.782s] -- Up-to-date symlink: /home/nyu/nav_ws/install/fast_lio/include/fast_lio/fast_lio/msg/pose6_d.hpp
[1.782s] -- Up-to-date symlink: /home/nyu/nav_ws/install/fast_lio/include/fast_lio/fast_lio/msg/rosidl_generator_cpp__visibility_control.hpp
[1.782s] -- Up-to-date symlink: /home/nyu/nav_ws/install/fast_lio/include/fast_lio/fast_lio/msg/detail/pose6_d__rosidl_typesupport_fastrtps_cpp.hpp
[1.782s] -- Up-to-date symlink: /home/nyu/nav_ws/install/fast_lio/include/fast_lio/fast_lio/msg/rosidl_typesupport_fastrtps_cpp__visibility_control.h
[1.782s] -- Up-to-date symlink: /home/nyu/nav_ws/install/fast_lio/include/fast_lio/fast_lio/msg/detail/pose6_d__rosidl_typesupport_introspection_c.h
[1.782s] -- Up-to-date symlink: /home/nyu/nav_ws/install/fast_lio/include/fast_lio/fast_lio/msg/rosidl_typesupport_introspection_c__visibility_control.h
[1.782s] -- Up-to-date symlink: /home/nyu/nav_ws/install/fast_lio/include/fast_lio/fast_lio/msg/detail/pose6_d__rosidl_typesupport_introspection_cpp.hpp
[1.782s] -- Up-to-date symlink: /home/nyu/nav_ws/install/fast_lio/share/fast_lio/environment/pythonpath.sh
[1.783s] -- Up-to-date symlink: /home/nyu/nav_ws/install/fast_lio/share/fast_lio/environment/pythonpath.dsv
[1.783s] -- Up-to-date symlink: /home/nyu/nav_ws/install/fast_lio/local/lib/python3.10/dist-packages/fast_lio-0.0.0-py3.10.egg-info/PKG-INFO
[1.783s] -- Up-to-date symlink: /home/nyu/nav_ws/install/fast_lio/local/lib/python3.10/dist-packages/fast_lio-0.0.0-py3.10.egg-info/SOURCES.txt
[1.783s] -- Up-to-date symlink: /home/nyu/nav_ws/install/fast_lio/local/lib/python3.10/dist-packages/fast_lio-0.0.0-py3.10.egg-info/dependency_links.txt
[1.783s] -- Up-to-date symlink: /home/nyu/nav_ws/install/fast_lio/local/lib/python3.10/dist-packages/fast_lio-0.0.0-py3.10.egg-info/top_level.txt
[1.783s] -- Up-to-date symlink: /home/nyu/nav_ws/install/fast_lio/local/lib/python3.10/dist-packages/fast_lio/__init__.py
[1.783s] -- Up-to-date symlink: /home/nyu/nav_ws/install/fast_lio/local/lib/python3.10/dist-packages/fast_lio/_fast_lio_s.ep.rosidl_typesupport_c.c
[1.783s] -- Up-to-date symlink: /home/nyu/nav_ws/install/fast_lio/local/lib/python3.10/dist-packages/fast_lio/_fast_lio_s.ep.rosidl_typesupport_fastrtps_c.c
[1.783s] -- Up-to-date symlink: /home/nyu/nav_ws/install/fast_lio/local/lib/python3.10/dist-packages/fast_lio/_fast_lio_s.ep.rosidl_typesupport_introspection_c.c
[1.783s] -- Up-to-date symlink: /home/nyu/nav_ws/install/fast_lio/local/lib/python3.10/dist-packages/fast_lio/fast_lio_s__rosidl_typesupport_c.cpython-310-x86_64-linux-gnu.so
[1.783s] -- Up-to-date symlink: /home/nyu/nav_ws/install/fast_lio/local/lib/python3.10/dist-packages/fast_lio/fast_lio_s__rosidl_typesupport_fastrtps_c.cpython-310-x86_64-linux-gnu.so
[1.783s] -- Up-to-date symlink: /home/nyu/nav_ws/install/fast_lio/local/lib/python3.10/dist-packages/fast_lio/fast_lio_s__rosidl_typesupport_introspection_c.cpython-310-x86_64-linux-gnu.so
[1.783s] -- Up-to-date symlink: /home/nyu/nav_ws/install/fast_lio/local/lib/python3.10/dist-packages/fast_lio/libfast_lio__rosidl_generator_py.so
[1.783s] -- Up-to-date symlink: /home/nyu/nav_ws/install/fast_lio/local/lib/python3.10/dist-packages/fast_lio/msg/__init__.py
[1.783s] -- Up-to-date symlink: /home/nyu/nav_ws/install/fast_lio/local/lib/python3.10/dist-packages/fast_lio/msg/_pose6_d.py
[1.783s] -- Up-to-date symlink: /home/nyu/nav_ws/install/fast_lio/local/lib/python3.10/dist-packages/fast_lio/msg/_pose6_d_s.c
[1.784s] -- Up-to-date symlink: /home/nyu/nav_ws/install/fast_lio/local/lib/python3.10/dist-packages/fast_lio/fast_lio_s__rosidl_typesupport_fastrtps_c.cpython-310-x86_64-linux-gnu.so
[1.784s] -- Up-to-date symlink: /home/nyu/nav_ws/install/fast_lio/local/lib/python3.10/dist-packages/fast_lio/fast_lio_s__rosidl_typesupport_introspection_c.cpython-310-x86_64-linux-gnu.so
[1.784s] -- Up-to-date symlink: /home/nyu/nav_ws/install/fast_lio/local/lib/python3.10/dist-packages/fast_lio/fast_lio_s__rosidl_typesupport_c.cpython-310-x86_64-linux-gnu.so
[1.784s] -- Up-to-date symlink: /home/nyu/nav_ws/install/fast_lio/share/fast_lio/msg/Pose6D.idl
[1.784s] -- Up-to-date symlink: /home/nyu/nav_ws/install/fast_lio/share/fast_lio/msg/Pose6D.msg
[1.784s] -- Up-to-date symlink: /home/nyu/nav_ws/install/fast_lio/lib/fast_lio/fastlio_mapping
[1.784s] -- Up-to-date symlink: /home/nyu/nav_ws/install/fast_lio/share/fast_lio/config/avia.yaml
[1.784s] -- Up-to-date symlink: /home/nyu/nav_ws/install/fast_lio/share/fast_lio/config/horizon.yaml
[1.784s] -- Up-to-date symlink: /home/nyu/nav_ws/install/fast_lio/share/fast_lio/config/mid360.yaml
[1.784s] -- Up-to-date symlink: /home/nyu/nav_ws/install/fast_lio/share/fast_lio/config/ouster64.yaml
[1.784s] -- Up-to-date symlink: /home/nyu/nav_ws/install/fast_lio/share/fast_lio/config/velodyne.yaml
[1.785s] -- Up-to-date symlink: /home/nyu/nav_ws/install/fast_lio/share/fast_lio/launch/gdb_debug_example.launch
[1.785s] -- Up-to-date symlink: /home/nyu/nav_ws/install/fast_lio/share/fast_lio/launch/mapping.launch.py
[1.785s] -- Up-to-date symlink: /home/nyu/nav_ws/install/fast_lio/share/fast_lio/rviz/fastlio.rviz
[1.785s] -- Up-to-date symlink: /home/nyu/nav_ws/install/fast_lio/share/ament_index/resource_index/package_run_dependencies/fast_lio
[1.785s] -- Up-to-date symlink: /home/nyu/nav_ws/install/fast_lio/share/ament_index/resource_index/parent_prefix_path/fast_lio
[1.785s] -- Up-to-date symlink: /home/nyu/nav_ws/install/fast_lio/share/fast_lio/environment/ament_prefix_path.sh
[1.785s] -- Up-to-date symlink: /home/nyu/nav_ws/install/fast_lio/share/fast_lio/environment/ament_prefix_path.dsv
[1.785s] -- Up-to-date symlink: /home/nyu/nav_ws/install/fast_lio/share/fast_lio/environment/path.sh
[1.785s] -- Up-to-date symlink: /home/nyu/nav_ws/install/fast_lio/share/fast_lio/environment/path.dsv
[1.785s] -- Up-to-date symlink: /home/nyu/nav_ws/install/fast_lio/share/fast_lio/local_setup.bash
[1.785s] -- Up-to-date symlink: /home/nyu/nav_ws/install/fast_lio/share/fast_lio/local_setup.sh
[1.785s] -- Up-to-date symlink: /home/nyu/nav_ws/install/fast_lio/share/fast_lio/local_setup.zsh
[1.785s] -- Up-to-date symlink: /home/nyu/nav_ws/install/fast_lio/share/fast_lio/local_setup.dsv
[1.785s] -- Symlinking: /home/nyu/nav_ws/install/fast_lio/share/fast_lio/package.dsv
[1.793s] -- Up-to-date symlink: /home/nyu/nav_ws/install/fast_lio/share/ament_index/resource_index/packages/fast_lio
[1.793s] -- Up-to-date symlink: /home/nyu/nav_ws/install/fast_lio/share/fast_lio/cmake/rosidl_cmake-extras.cmake
[1.793s] -- Up-to-date symlink: /home/nyu/nav_ws/install/fast_lio/share/fast_lio/cmake/ament_cmake_export_include_directories-extras.cmake
[1.794s] -- Up-to-date symlink: /home/nyu/nav_ws/install/fast_lio/share/fast_lio/cmake/ament_cmake_export_libraries-extras.cmake
[1.794s] -- Up-to-date symlink: /home/nyu/nav_ws/install/fast_lio/share/fast_lio/cmake/ament_cmake_export_targets-extras.cmake
[1.794s] -- Up-to-date symlink: /home/nyu/nav_ws/install/fast_lio/share/fast_lio/cmake/rosidl_cmake_export_typesupport_targets-extras.cmake
[1.794s] -- Up-to-date symlink: /home/nyu/nav_ws/install/fast_lio/share/fast_lio/cmake/ament_cmake_export_dependencies-extras.cmake
[1.794s] -- Up-to-date symlink: /home/nyu/nav_ws/install/fast_lio/share/fast_lio/cmake/rosidl_cmake_export_typesupport_libraries-extras.cmake
[1.794s] -- Up-to-date symlink: /home/nyu/nav_ws/install/fast_lio/share/fast_lio/cmake/fast_lioConfig.cmake
[1.794s] -- Up-to-date symlink: /home/nyu/nav_ws/install/fast_lio/share/fast_lio/cmake/fast_lioConfig-version.cmake
[1.794s] -- Up-to-date symlink: /home/nyu/nav_ws/install/fast_lio/share/fast_lio/package.xml
[1.794s] -- Up-to-date: /home/nyu/nav_ws/install/fast_lio/lib/libfast_lio__rosidl_generator_c.so
[1.794s] -- Up-to-date: /home/nyu/nav_ws/install/fast_lio/lib/libfast_lio__rosidl_typesupport_fastrtps_c.so
[1.794s] -- Up-to-date: /home/nyu/nav_ws/install/fast_lio/lib/libfast_lio__rosidl_typesupport_fastrtps_cpp.so
[1.794s] -- Up-to-date: /home/nyu/nav_ws/install/fast_lio/lib/libfast_lio__rosidl_typesupport_introspection_c.so
[1.794s] -- Up-to-date: /home/nyu/nav_ws/install/fast_lio/lib/libfast_lio__rosidl_typesupport_c.so
[1.795s] -- Up-to-date: /home/nyu/nav_ws/install/fast_lio/lib/libfast_lio__rosidl_typesupport_introspection_cpp.so
[1.795s] -- Up-to-date: /home/nyu/nav_ws/install/fast_lio/lib/libfast_lio__rosidl_typesupport_cpp.so
[1.818s] Listing '/home/nyu/nav_ws/install/fast_lio/local/lib/python3.10/dist-packages/fast_lio'...
[1.818s] Compiling '/home/nyu/nav_ws/install/fast_lio/local/lib/python3.10/dist-packages/fast_lio/__init__.py'...
[1.818s] Listing '/home/nyu/nav_ws/install/fast_lio/local/lib/python3.10/dist-packages/fast_lio/msg'...
[1.820s] -- Up-to-date: /home/nyu/nav_ws/install/fast_lio/lib/libfast_lio__rosidl_generator_py.so
[1.820s] -- Up-to-date: /home/nyu/nav_ws/install/fast_lio/share/fast_lio/cmake/export_fast_lio__rosidl_generator_cExport.cmake
[1.820s] -- Up-to-date: /home/nyu/nav_ws/install/fast_lio/share/fast_lio/cmake/export_fast_lio__rosidl_generator_cExport-release.cmake
[1.820s] -- Up-to-date: /home/nyu/nav_ws/install/fast_lio/share/fast_lio/cmake/export_fast_lio__rosidl_typesupport_fastrtps_cExport.cmake
[1.820s] -- Up-to-date: /home/nyu/nav_ws/install/fast_lio/share/fast_lio/cmake/export_fast_lio__rosidl_typesupport_fastrtps_cExport-release.cmake
[1.820s] -- Up-to-date: /home/nyu/nav_ws/install/fast_lio/share/fast_lio/cmake/export_fast_lio__rosidl_generator_cppExport.cmake
[1.820s] -- Up-to-date: /home/nyu/nav_ws/install/fast_lio/share/fast_lio/cmake/export_fast_lio__rosidl_typesupport_fastrtps_cppExport.cmake
[1.821s] -- Up-to-date: /home/nyu/nav_ws/install/fast_lio/share/fast_lio/cmake/export_fast_lio__rosidl_typesupport_fastrtps_cppExport-release.cmake
[1.821s] -- Up-to-date: /home/nyu/nav_ws/install/fast_lio/share/fast_lio/cmake/fast_lio__rosidl_typesupport_introspection_cExport.cmake
[1.821s] -- Up-to-date: /home/nyu/nav_ws/install/fast_lio/share/fast_lio/cmake/fast_lio__rosidl_typesupport_introspection_cExport-release.cmake
[1.821s] -- Up-to-date: /home/nyu/nav_ws/install/fast_lio/share/fast_lio/cmake/fast_lio__rosidl_typesupport_cExport.cmake
[1.821s] -- Up-to-date: /home/nyu/nav_ws/install/fast_lio/share/fast_lio/cmake/fast_lio__rosidl_typesupport_cExport-release.cmake
[1.821s] -- Up-to-date: /home/nyu/nav_ws/install/fast_lio/share/fast_lio/cmake/fast_lio__rosidl_typesupport_introspection_cppExport.cmake
[1.821s] -- Up-to-date: /home/nyu/nav_ws/install/fast_lio/share/fast_lio/cmake/fast_lio__rosidl_typesupport_introspection_cppExport-release.cmake
[1.821s] -- Up-to-date: /home/nyu/nav_ws/install/fast_lio/share/fast_lio/cmake/fast_lio__rosidl_typesupport_cppExport.cmake
[1.821s] -- Up-to-date: /home/nyu/nav_ws/install/fast_lio/share/fast_lio/cmake/fast_lio__rosidl_typesupport_cppExport-release.cmake
[1.821s] -- Up-to-date: /home/nyu/nav_ws/install/fast_lio/share/fast_lio/cmake/export_fast_lio__rosidl_generator_pyExport.cmake
[1.821s] -- Up-to-date: /home/nyu/nav_ws/install/fast_lio/share/fast_lio/cmake/export_fast_lio__rosidl_generator_pyExport-release.cmake
[1.822s] Invoked command in '/home/nyu/nav_ws/build/fast_lio' returned '0': CMAKE_PREFIX_PATH=/home/nyu/nav_ws/install/livox_ros_driver2:/home/nyu/nav_ws/install/unitree_lidar_ros2:/home/nyu/nav_ws/install/ros2_livox_simulation:/home/nyu/nav_ws/install/rm_navigation:/home/nyu/nav_ws/install/rm_nav_bringup:/home/nyu/nav_ws/install/pointcloud_to_laserscan:/home/nyu/nav_ws/install/point_lio:/home/nyu/nav_ws/install/pcd2pgm:/home/nyu/nav_ws/install/pb_rm_simulation:/home/nyu/nav_ws/install/icp_registration:/home/nyu/nav_ws/install/fast_lio:/home/nyu/nav_ws/install/linefit_ground_segmentation_ros:/home/nyu/nav_ws/install/linefit_ground_segmentation:/home/nyu/nav_ws/install/imu_complementary_filter:/home/nyu/nav_ws/install/fake_vel_transform:/home/nyu/nav_ws/install/map2gazebo:/opt/ros/humble LD_LIBRARY_PATH=/home/nyu/nav_ws/install/livox_ros_driver2/lib:/home/nyu/nav_ws/install/ros2_livox_simulation/lib:/home/nyu/nav_ws/install/pointcloud_to_laserscan/lib:/home/nyu/nav_ws/install/pcd2pgm/lib:/home/nyu/nav_ws/install/icp_registration/lib:/home/nyu/nav_ws/install/fast_lio/lib:/home/nyu/nav_ws/install/linefit_ground_segmentation/lib:/home/nyu/nav_ws/install/imu_complementary_filter/lib:/home/nyu/nav_ws/install/fake_vel_transform/lib:/usr/lib/x86_64-linux-gnu/gazebo-11/plugins:/opt/ros/humble/opt/rviz_ogre_vendor/lib:/opt/ros/humble/lib/x86_64-linux-gnu:/opt/ros/humble/opt/openvdb_vendor/lib:/opt/ros/humble/lib:/opt/MVS/lib/64:/opt/MVS/lib/32:/opt/MVS/lib/64:/opt/MVS/lib/32 /usr/bin/cmake --install /home/nyu/nav_ws/build/fast_lio
