[0.092s] DEBUG:colcon:Command line arguments: ['/usr/bin/colcon', 'build']
[0.092s] DEBUG:colcon:Parsed command line arguments: Namespace(log_base=None, log_level=None, verb_name='build', build_base='build', install_base='install', merge_install=False, symlink_install=False, test_result_base=None, continue_on_error=False, executor='parallel', parallel_workers=16, event_handlers=None, ignore_user_meta=False, metas=['./colcon.meta'], base_paths=['.'], packages_ignore=None, packages_ignore_regex=None, paths=None, packages_up_to=None, packages_up_to_regex=None, packages_above=None, packages_above_and_dependencies=None, packages_above_depth=None, packages_select_by_dep=None, packages_skip_by_dep=None, packages_skip_up_to=None, packages_select_build_failed=False, packages_skip_build_finished=False, packages_select_test_failures=False, packages_skip_test_passed=False, packages_select=None, packages_skip=None, packages_select_regex=None, packages_skip_regex=None, packages_start=None, packages_end=None, allow_overriding=[], cmake_args=None, cmake_target=None, cmake_target_skip_unavailable=False, cmake_clean_cache=False, cmake_clean_first=False, cmake_force_configure=False, ament_cmake_args=None, catkin_cmake_args=None, catkin_skip_building_tests=False, verb_parser=<colcon_defaults.argument_parser.defaults.DefaultArgumentsDecorator object at 0x79eb8252b550>, verb_extension=<colcon_core.verb.build.BuildVerb object at 0x79eb8252b0d0>, main=<bound method BuildVerb.main of <colcon_core.verb.build.BuildVerb object at 0x79eb8252b0d0>>)
[0.203s] Level 1:colcon.colcon_core.package_discovery:discover_packages(colcon_meta) check parameters
[0.203s] Level 1:colcon.colcon_core.package_discovery:discover_packages(recursive) check parameters
[0.203s] Level 1:colcon.colcon_core.package_discovery:discover_packages(ignore) check parameters
[0.203s] Level 1:colcon.colcon_core.package_discovery:discover_packages(path) check parameters
[0.203s] Level 1:colcon.colcon_core.package_discovery:discover_packages(colcon_meta) discover
[0.203s] Level 1:colcon.colcon_core.package_discovery:discover_packages(recursive) discover
[0.203s] INFO:colcon.colcon_core.package_discovery:Crawling recursively for packages in '/home/nyu/nav_ws/src'
[0.203s] Level 1:colcon.colcon_core.package_identification:_identify(.) by extensions ['ignore', 'ignore_ament_install']
[0.204s] Level 1:colcon.colcon_core.package_identification:_identify(.) by extension 'ignore'
[0.204s] Level 1:colcon.colcon_core.package_identification:_identify(.) by extension 'ignore_ament_install'
[0.204s] Level 1:colcon.colcon_core.package_identification:_identify(.) by extensions ['colcon_pkg']
[0.204s] Level 1:colcon.colcon_core.package_identification:_identify(.) by extension 'colcon_pkg'
[0.204s] Level 1:colcon.colcon_core.package_identification:_identify(.) by extensions ['colcon_meta']
[0.204s] Level 1:colcon.colcon_core.package_identification:_identify(.) by extension 'colcon_meta'
[0.204s] Level 1:colcon.colcon_core.package_identification:_identify(.) by extensions ['ros']
[0.204s] Level 1:colcon.colcon_core.package_identification:_identify(.) by extension 'ros'
[0.214s] Level 1:colcon.colcon_core.package_identification:_identify(.) by extensions ['cmake', 'python']
[0.214s] Level 1:colcon.colcon_core.package_identification:_identify(.) by extension 'cmake'
[0.214s] Level 1:colcon.colcon_core.package_identification:_identify(.) by extension 'python'
[0.214s] Level 1:colcon.colcon_core.package_identification:_identify(.) by extensions ['python_setup_py']
[0.214s] Level 1:colcon.colcon_core.package_identification:_identify(.) by extension 'python_setup_py'
[0.214s] Level 1:colcon.colcon_core.package_identification:_identify(build) by extensions ['ignore', 'ignore_ament_install']
[0.214s] Level 1:colcon.colcon_core.package_identification:_identify(build) by extension 'ignore'
[0.214s] Level 1:colcon.colcon_core.package_identification:_identify(build) ignored
[0.214s] Level 1:colcon.colcon_core.package_identification:_identify(install) by extensions ['ignore', 'ignore_ament_install']
[0.214s] Level 1:colcon.colcon_core.package_identification:_identify(install) by extension 'ignore'
[0.214s] Level 1:colcon.colcon_core.package_identification:_identify(install) ignored
[0.215s] Level 1:colcon.colcon_core.package_identification:_identify(livox_ros_driver2) by extensions ['ignore', 'ignore_ament_install']
[0.215s] Level 1:colcon.colcon_core.package_identification:_identify(livox_ros_driver2) by extension 'ignore'
[0.215s] Level 1:colcon.colcon_core.package_identification:_identify(livox_ros_driver2) by extension 'ignore_ament_install'
[0.215s] Level 1:colcon.colcon_core.package_identification:_identify(livox_ros_driver2) by extensions ['colcon_pkg']
[0.215s] Level 1:colcon.colcon_core.package_identification:_identify(livox_ros_driver2) by extension 'colcon_pkg'
[0.215s] Level 1:colcon.colcon_core.package_identification:_identify(livox_ros_driver2) by extensions ['colcon_meta']
[0.215s] Level 1:colcon.colcon_core.package_identification:_identify(livox_ros_driver2) by extension 'colcon_meta'
[0.215s] Level 1:colcon.colcon_core.package_identification:_identify(livox_ros_driver2) by extensions ['ros']
[0.215s] Level 1:colcon.colcon_core.package_identification:_identify(livox_ros_driver2) by extension 'ros'
[0.217s] DEBUG:colcon.colcon_core.package_identification:Package 'livox_ros_driver2' with type 'ros.ament_cmake' and name 'livox_ros_driver2'
[0.217s] Level 1:colcon.colcon_core.package_identification:_identify(log) by extensions ['ignore', 'ignore_ament_install']
[0.217s] Level 1:colcon.colcon_core.package_identification:_identify(log) by extension 'ignore'
[0.218s] Level 1:colcon.colcon_core.package_identification:_identify(log) ignored
[0.218s] Level 1:colcon.colcon_core.package_identification:_identify(map2gazebo) by extensions ['ignore', 'ignore_ament_install']
[0.218s] Level 1:colcon.colcon_core.package_identification:_identify(map2gazebo) by extension 'ignore'
[0.218s] Level 1:colcon.colcon_core.package_identification:_identify(map2gazebo) by extension 'ignore_ament_install'
[0.218s] Level 1:colcon.colcon_core.package_identification:_identify(map2gazebo) by extensions ['colcon_pkg']
[0.218s] Level 1:colcon.colcon_core.package_identification:_identify(map2gazebo) by extension 'colcon_pkg'
[0.218s] Level 1:colcon.colcon_core.package_identification:_identify(map2gazebo) by extensions ['colcon_meta']
[0.218s] Level 1:colcon.colcon_core.package_identification:_identify(map2gazebo) by extension 'colcon_meta'
[0.218s] Level 1:colcon.colcon_core.package_identification:_identify(map2gazebo) by extensions ['ros']
[0.218s] Level 1:colcon.colcon_core.package_identification:_identify(map2gazebo) by extension 'ros'
[0.218s] DEBUG:colcon.colcon_core.package_identification:Package 'map2gazebo' with type 'ros.ament_python' and name 'map2gazebo'
[0.219s] Level 1:colcon.colcon_core.package_identification:_identify(pcd2pgm) by extensions ['ignore', 'ignore_ament_install']
[0.219s] Level 1:colcon.colcon_core.package_identification:_identify(pcd2pgm) by extension 'ignore'
[0.219s] Level 1:colcon.colcon_core.package_identification:_identify(pcd2pgm) by extension 'ignore_ament_install'
[0.219s] Level 1:colcon.colcon_core.package_identification:_identify(pcd2pgm) by extensions ['colcon_pkg']
[0.219s] Level 1:colcon.colcon_core.package_identification:_identify(pcd2pgm) by extension 'colcon_pkg'
[0.219s] Level 1:colcon.colcon_core.package_identification:_identify(pcd2pgm) by extensions ['colcon_meta']
[0.219s] Level 1:colcon.colcon_core.package_identification:_identify(pcd2pgm) by extension 'colcon_meta'
[0.219s] Level 1:colcon.colcon_core.package_identification:_identify(pcd2pgm) by extensions ['ros']
[0.219s] Level 1:colcon.colcon_core.package_identification:_identify(pcd2pgm) by extension 'ros'
[0.219s] DEBUG:colcon.colcon_core.package_identification:Package 'pcd2pgm' with type 'ros.ament_cmake' and name 'pcd2pgm'
[0.220s] Level 1:colcon.colcon_core.package_identification:_identify(point_lio_ros2) by extensions ['ignore', 'ignore_ament_install']
[0.220s] Level 1:colcon.colcon_core.package_identification:_identify(point_lio_ros2) by extension 'ignore'
[0.220s] Level 1:colcon.colcon_core.package_identification:_identify(point_lio_ros2) by extension 'ignore_ament_install'
[0.220s] Level 1:colcon.colcon_core.package_identification:_identify(point_lio_ros2) by extensions ['colcon_pkg']
[0.220s] Level 1:colcon.colcon_core.package_identification:_identify(point_lio_ros2) by extension 'colcon_pkg'
[0.220s] Level 1:colcon.colcon_core.package_identification:_identify(point_lio_ros2) by extensions ['colcon_meta']
[0.220s] Level 1:colcon.colcon_core.package_identification:_identify(point_lio_ros2) by extension 'colcon_meta'
[0.220s] Level 1:colcon.colcon_core.package_identification:_identify(point_lio_ros2) by extensions ['ros']
[0.220s] Level 1:colcon.colcon_core.package_identification:_identify(point_lio_ros2) by extension 'ros'
[0.221s] DEBUG:colcon.colcon_core.package_identification:Package 'point_lio_ros2' with type 'ros.ament_cmake' and name 'point_lio'
[0.221s] Level 1:colcon.colcon_core.package_identification:_identify(unilidar_sdk2) by extensions ['ignore', 'ignore_ament_install']
[0.221s] Level 1:colcon.colcon_core.package_identification:_identify(unilidar_sdk2) by extension 'ignore'
[0.221s] Level 1:colcon.colcon_core.package_identification:_identify(unilidar_sdk2) by extension 'ignore_ament_install'
[0.221s] Level 1:colcon.colcon_core.package_identification:_identify(unilidar_sdk2) by extensions ['colcon_pkg']
[0.221s] Level 1:colcon.colcon_core.package_identification:_identify(unilidar_sdk2) by extension 'colcon_pkg'
[0.221s] Level 1:colcon.colcon_core.package_identification:_identify(unilidar_sdk2) by extensions ['colcon_meta']
[0.221s] Level 1:colcon.colcon_core.package_identification:_identify(unilidar_sdk2) by extension 'colcon_meta'
[0.221s] Level 1:colcon.colcon_core.package_identification:_identify(unilidar_sdk2) by extensions ['ros']
[0.221s] Level 1:colcon.colcon_core.package_identification:_identify(unilidar_sdk2) by extension 'ros'
[0.221s] Level 1:colcon.colcon_core.package_identification:_identify(unilidar_sdk2) by extensions ['cmake', 'python']
[0.221s] Level 1:colcon.colcon_core.package_identification:_identify(unilidar_sdk2) by extension 'cmake'
[0.221s] Level 1:colcon.colcon_core.package_identification:_identify(unilidar_sdk2) by extension 'python'
[0.221s] Level 1:colcon.colcon_core.package_identification:_identify(unilidar_sdk2) by extensions ['python_setup_py']
[0.221s] Level 1:colcon.colcon_core.package_identification:_identify(unilidar_sdk2) by extension 'python_setup_py'
[0.221s] Level 1:colcon.colcon_core.package_identification:_identify(unilidar_sdk2/docs) by extensions ['ignore', 'ignore_ament_install']
[0.221s] Level 1:colcon.colcon_core.package_identification:_identify(unilidar_sdk2/docs) by extension 'ignore'
[0.221s] Level 1:colcon.colcon_core.package_identification:_identify(unilidar_sdk2/docs) by extension 'ignore_ament_install'
[0.221s] Level 1:colcon.colcon_core.package_identification:_identify(unilidar_sdk2/docs) by extensions ['colcon_pkg']
[0.221s] Level 1:colcon.colcon_core.package_identification:_identify(unilidar_sdk2/docs) by extension 'colcon_pkg'
[0.221s] Level 1:colcon.colcon_core.package_identification:_identify(unilidar_sdk2/docs) by extensions ['colcon_meta']
[0.221s] Level 1:colcon.colcon_core.package_identification:_identify(unilidar_sdk2/docs) by extension 'colcon_meta'
[0.221s] Level 1:colcon.colcon_core.package_identification:_identify(unilidar_sdk2/docs) by extensions ['ros']
[0.221s] Level 1:colcon.colcon_core.package_identification:_identify(unilidar_sdk2/docs) by extension 'ros'
[0.221s] Level 1:colcon.colcon_core.package_identification:_identify(unilidar_sdk2/docs) by extensions ['cmake', 'python']
[0.221s] Level 1:colcon.colcon_core.package_identification:_identify(unilidar_sdk2/docs) by extension 'cmake'
[0.221s] Level 1:colcon.colcon_core.package_identification:_identify(unilidar_sdk2/docs) by extension 'python'
[0.221s] Level 1:colcon.colcon_core.package_identification:_identify(unilidar_sdk2/docs) by extensions ['python_setup_py']
[0.221s] Level 1:colcon.colcon_core.package_identification:_identify(unilidar_sdk2/docs) by extension 'python_setup_py'
[0.221s] Level 1:colcon.colcon_core.package_identification:_identify(unilidar_sdk2/unitree_lidar_ros2) by extensions ['ignore', 'ignore_ament_install']
[0.221s] Level 1:colcon.colcon_core.package_identification:_identify(unilidar_sdk2/unitree_lidar_ros2) by extension 'ignore'
[0.221s] Level 1:colcon.colcon_core.package_identification:_identify(unilidar_sdk2/unitree_lidar_ros2) by extension 'ignore_ament_install'
[0.221s] Level 1:colcon.colcon_core.package_identification:_identify(unilidar_sdk2/unitree_lidar_ros2) by extensions ['colcon_pkg']
[0.221s] Level 1:colcon.colcon_core.package_identification:_identify(unilidar_sdk2/unitree_lidar_ros2) by extension 'colcon_pkg'
[0.221s] Level 1:colcon.colcon_core.package_identification:_identify(unilidar_sdk2/unitree_lidar_ros2) by extensions ['colcon_meta']
[0.221s] Level 1:colcon.colcon_core.package_identification:_identify(unilidar_sdk2/unitree_lidar_ros2) by extension 'colcon_meta'
[0.222s] Level 1:colcon.colcon_core.package_identification:_identify(unilidar_sdk2/unitree_lidar_ros2) by extensions ['ros']
[0.222s] Level 1:colcon.colcon_core.package_identification:_identify(unilidar_sdk2/unitree_lidar_ros2) by extension 'ros'
[0.222s] Level 1:colcon.colcon_core.package_identification:_identify(unilidar_sdk2/unitree_lidar_ros2) by extensions ['cmake', 'python']
[0.222s] Level 1:colcon.colcon_core.package_identification:_identify(unilidar_sdk2/unitree_lidar_ros2) by extension 'cmake'
[0.222s] Level 1:colcon.colcon_core.package_identification:_identify(unilidar_sdk2/unitree_lidar_ros2) by extension 'python'
[0.222s] Level 1:colcon.colcon_core.package_identification:_identify(unilidar_sdk2/unitree_lidar_ros2) by extensions ['python_setup_py']
[0.222s] Level 1:colcon.colcon_core.package_identification:_identify(unilidar_sdk2/unitree_lidar_ros2) by extension 'python_setup_py'
[0.222s] Level 1:colcon.colcon_core.package_identification:_identify(unilidar_sdk2/unitree_lidar_ros2/src) by extensions ['ignore', 'ignore_ament_install']
[0.222s] Level 1:colcon.colcon_core.package_identification:_identify(unilidar_sdk2/unitree_lidar_ros2/src) by extension 'ignore'
[0.222s] Level 1:colcon.colcon_core.package_identification:_identify(unilidar_sdk2/unitree_lidar_ros2/src) by extension 'ignore_ament_install'
[0.222s] Level 1:colcon.colcon_core.package_identification:_identify(unilidar_sdk2/unitree_lidar_ros2/src) by extensions ['colcon_pkg']
[0.222s] Level 1:colcon.colcon_core.package_identification:_identify(unilidar_sdk2/unitree_lidar_ros2/src) by extension 'colcon_pkg'
[0.222s] Level 1:colcon.colcon_core.package_identification:_identify(unilidar_sdk2/unitree_lidar_ros2/src) by extensions ['colcon_meta']
[0.222s] Level 1:colcon.colcon_core.package_identification:_identify(unilidar_sdk2/unitree_lidar_ros2/src) by extension 'colcon_meta'
[0.222s] Level 1:colcon.colcon_core.package_identification:_identify(unilidar_sdk2/unitree_lidar_ros2/src) by extensions ['ros']
[0.222s] Level 1:colcon.colcon_core.package_identification:_identify(unilidar_sdk2/unitree_lidar_ros2/src) by extension 'ros'
[0.222s] Level 1:colcon.colcon_core.package_identification:_identify(unilidar_sdk2/unitree_lidar_ros2/src) by extensions ['cmake', 'python']
[0.222s] Level 1:colcon.colcon_core.package_identification:_identify(unilidar_sdk2/unitree_lidar_ros2/src) by extension 'cmake'
[0.222s] Level 1:colcon.colcon_core.package_identification:_identify(unilidar_sdk2/unitree_lidar_ros2/src) by extension 'python'
[0.222s] Level 1:colcon.colcon_core.package_identification:_identify(unilidar_sdk2/unitree_lidar_ros2/src) by extensions ['python_setup_py']
[0.222s] Level 1:colcon.colcon_core.package_identification:_identify(unilidar_sdk2/unitree_lidar_ros2/src) by extension 'python_setup_py'
[0.222s] Level 1:colcon.colcon_core.package_identification:_identify(unilidar_sdk2/unitree_lidar_ros2/src/unitree_lidar_ros2) by extensions ['ignore', 'ignore_ament_install']
[0.222s] Level 1:colcon.colcon_core.package_identification:_identify(unilidar_sdk2/unitree_lidar_ros2/src/unitree_lidar_ros2) by extension 'ignore'
[0.222s] Level 1:colcon.colcon_core.package_identification:_identify(unilidar_sdk2/unitree_lidar_ros2/src/unitree_lidar_ros2) by extension 'ignore_ament_install'
[0.222s] Level 1:colcon.colcon_core.package_identification:_identify(unilidar_sdk2/unitree_lidar_ros2/src/unitree_lidar_ros2) by extensions ['colcon_pkg']
[0.222s] Level 1:colcon.colcon_core.package_identification:_identify(unilidar_sdk2/unitree_lidar_ros2/src/unitree_lidar_ros2) by extension 'colcon_pkg'
[0.222s] Level 1:colcon.colcon_core.package_identification:_identify(unilidar_sdk2/unitree_lidar_ros2/src/unitree_lidar_ros2) by extensions ['colcon_meta']
[0.222s] Level 1:colcon.colcon_core.package_identification:_identify(unilidar_sdk2/unitree_lidar_ros2/src/unitree_lidar_ros2) by extension 'colcon_meta'
[0.222s] Level 1:colcon.colcon_core.package_identification:_identify(unilidar_sdk2/unitree_lidar_ros2/src/unitree_lidar_ros2) by extensions ['ros']
[0.222s] Level 1:colcon.colcon_core.package_identification:_identify(unilidar_sdk2/unitree_lidar_ros2/src/unitree_lidar_ros2) by extension 'ros'
[0.223s] DEBUG:colcon.colcon_core.package_identification:Package 'unilidar_sdk2/unitree_lidar_ros2/src/unitree_lidar_ros2' with type 'ros.ament_cmake' and name 'unitree_lidar_ros2'
[0.223s] Level 1:colcon.colcon_core.package_identification:_identify(unilidar_sdk2/unitree_lidar_sdk) by extensions ['ignore', 'ignore_ament_install']
[0.223s] Level 1:colcon.colcon_core.package_identification:_identify(unilidar_sdk2/unitree_lidar_sdk) by extension 'ignore'
[0.223s] Level 1:colcon.colcon_core.package_identification:_identify(unilidar_sdk2/unitree_lidar_sdk) by extension 'ignore_ament_install'
[0.223s] Level 1:colcon.colcon_core.package_identification:_identify(unilidar_sdk2/unitree_lidar_sdk) by extensions ['colcon_pkg']
[0.223s] Level 1:colcon.colcon_core.package_identification:_identify(unilidar_sdk2/unitree_lidar_sdk) by extension 'colcon_pkg'
[0.223s] Level 1:colcon.colcon_core.package_identification:_identify(unilidar_sdk2/unitree_lidar_sdk) by extensions ['colcon_meta']
[0.223s] Level 1:colcon.colcon_core.package_identification:_identify(unilidar_sdk2/unitree_lidar_sdk) by extension 'colcon_meta'
[0.223s] Level 1:colcon.colcon_core.package_identification:_identify(unilidar_sdk2/unitree_lidar_sdk) by extensions ['ros']
[0.223s] Level 1:colcon.colcon_core.package_identification:_identify(unilidar_sdk2/unitree_lidar_sdk) by extension 'ros'
[0.223s] Level 1:colcon.colcon_core.package_identification:_identify(unilidar_sdk2/unitree_lidar_sdk) by extensions ['cmake', 'python']
[0.223s] Level 1:colcon.colcon_core.package_identification:_identify(unilidar_sdk2/unitree_lidar_sdk) by extension 'cmake'
[0.226s] Level 1:colcon.colcon_core.package_identification:_identify(unilidar_sdk2/unitree_lidar_sdk) by extension 'python'
[0.226s] DEBUG:colcon.colcon_core.package_identification:Package 'unilidar_sdk2/unitree_lidar_sdk' with type 'cmake' and name 'unitree_lidar_sdk'
[0.226s] Level 1:colcon.colcon_core.package_discovery:discover_packages(recursive) using defaults
[0.226s] Level 1:colcon.colcon_core.package_discovery:discover_packages(ignore) discover
[0.226s] Level 1:colcon.colcon_core.package_discovery:discover_packages(ignore) using defaults
[0.226s] Level 1:colcon.colcon_core.package_discovery:discover_packages(path) discover
[0.226s] Level 1:colcon.colcon_core.package_discovery:discover_packages(path) using defaults
[0.242s] Level 1:colcon.colcon_core.package_discovery:discover_packages(prefix_path) check parameters
[0.242s] Level 1:colcon.colcon_core.package_discovery:discover_packages(prefix_path) discover
[0.243s] DEBUG:colcon.colcon_installed_package_information.package_discovery:Found 2 installed packages in /home/nyu/nav_ws/src/install
[0.244s] DEBUG:colcon.colcon_installed_package_information.package_discovery:Found 333 installed packages in /opt/ros/humble
[0.255s] Level 1:colcon.colcon_core.package_discovery:discover_packages(prefix_path) using defaults
[0.281s] Level 5:colcon.colcon_core.verb:set package 'livox_ros_driver2' build argument 'cmake_args' from command line to 'None'
[0.281s] Level 5:colcon.colcon_core.verb:set package 'livox_ros_driver2' build argument 'cmake_target' from command line to 'None'
[0.281s] Level 5:colcon.colcon_core.verb:set package 'livox_ros_driver2' build argument 'cmake_target_skip_unavailable' from command line to 'False'
[0.281s] Level 5:colcon.colcon_core.verb:set package 'livox_ros_driver2' build argument 'cmake_clean_cache' from command line to 'False'
[0.281s] Level 5:colcon.colcon_core.verb:set package 'livox_ros_driver2' build argument 'cmake_clean_first' from command line to 'False'
[0.281s] Level 5:colcon.colcon_core.verb:set package 'livox_ros_driver2' build argument 'cmake_force_configure' from command line to 'False'
[0.281s] Level 5:colcon.colcon_core.verb:set package 'livox_ros_driver2' build argument 'ament_cmake_args' from command line to 'None'
[0.281s] Level 5:colcon.colcon_core.verb:set package 'livox_ros_driver2' build argument 'catkin_cmake_args' from command line to 'None'
[0.281s] Level 5:colcon.colcon_core.verb:set package 'livox_ros_driver2' build argument 'catkin_skip_building_tests' from command line to 'False'
[0.281s] DEBUG:colcon.colcon_core.verb:Building package 'livox_ros_driver2' with the following arguments: {'ament_cmake_args': None, 'build_base': '/home/nyu/nav_ws/src/build/livox_ros_driver2', 'catkin_cmake_args': None, 'catkin_skip_building_tests': False, 'cmake_args': None, 'cmake_clean_cache': False, 'cmake_clean_first': False, 'cmake_force_configure': False, 'cmake_target': None, 'cmake_target_skip_unavailable': False, 'install_base': '/home/nyu/nav_ws/src/install/livox_ros_driver2', 'merge_install': False, 'path': '/home/nyu/nav_ws/src/livox_ros_driver2', 'symlink_install': False, 'test_result_base': None}
[0.282s] Level 5:colcon.colcon_core.verb:set package 'map2gazebo' build argument 'cmake_args' from command line to 'None'
[0.282s] Level 5:colcon.colcon_core.verb:set package 'map2gazebo' build argument 'cmake_target' from command line to 'None'
[0.282s] Level 5:colcon.colcon_core.verb:set package 'map2gazebo' build argument 'cmake_target_skip_unavailable' from command line to 'False'
[0.282s] Level 5:colcon.colcon_core.verb:set package 'map2gazebo' build argument 'cmake_clean_cache' from command line to 'False'
[0.282s] Level 5:colcon.colcon_core.verb:set package 'map2gazebo' build argument 'cmake_clean_first' from command line to 'False'
[0.282s] Level 5:colcon.colcon_core.verb:set package 'map2gazebo' build argument 'cmake_force_configure' from command line to 'False'
[0.282s] Level 5:colcon.colcon_core.verb:set package 'map2gazebo' build argument 'ament_cmake_args' from command line to 'None'
[0.282s] Level 5:colcon.colcon_core.verb:set package 'map2gazebo' build argument 'catkin_cmake_args' from command line to 'None'
[0.282s] Level 5:colcon.colcon_core.verb:set package 'map2gazebo' build argument 'catkin_skip_building_tests' from command line to 'False'
[0.282s] DEBUG:colcon.colcon_core.verb:Building package 'map2gazebo' with the following arguments: {'ament_cmake_args': None, 'build_base': '/home/nyu/nav_ws/src/build/map2gazebo', 'catkin_cmake_args': None, 'catkin_skip_building_tests': False, 'cmake_args': None, 'cmake_clean_cache': False, 'cmake_clean_first': False, 'cmake_force_configure': False, 'cmake_target': None, 'cmake_target_skip_unavailable': False, 'install_base': '/home/nyu/nav_ws/src/install/map2gazebo', 'merge_install': False, 'path': '/home/nyu/nav_ws/src/map2gazebo', 'symlink_install': False, 'test_result_base': None}
[0.282s] Level 5:colcon.colcon_core.verb:set package 'pcd2pgm' build argument 'cmake_args' from command line to 'None'
[0.282s] Level 5:colcon.colcon_core.verb:set package 'pcd2pgm' build argument 'cmake_target' from command line to 'None'
[0.282s] Level 5:colcon.colcon_core.verb:set package 'pcd2pgm' build argument 'cmake_target_skip_unavailable' from command line to 'False'
[0.282s] Level 5:colcon.colcon_core.verb:set package 'pcd2pgm' build argument 'cmake_clean_cache' from command line to 'False'
[0.282s] Level 5:colcon.colcon_core.verb:set package 'pcd2pgm' build argument 'cmake_clean_first' from command line to 'False'
[0.282s] Level 5:colcon.colcon_core.verb:set package 'pcd2pgm' build argument 'cmake_force_configure' from command line to 'False'
[0.282s] Level 5:colcon.colcon_core.verb:set package 'pcd2pgm' build argument 'ament_cmake_args' from command line to 'None'
[0.282s] Level 5:colcon.colcon_core.verb:set package 'pcd2pgm' build argument 'catkin_cmake_args' from command line to 'None'
[0.282s] Level 5:colcon.colcon_core.verb:set package 'pcd2pgm' build argument 'catkin_skip_building_tests' from command line to 'False'
[0.282s] DEBUG:colcon.colcon_core.verb:Building package 'pcd2pgm' with the following arguments: {'ament_cmake_args': None, 'build_base': '/home/nyu/nav_ws/src/build/pcd2pgm', 'catkin_cmake_args': None, 'catkin_skip_building_tests': False, 'cmake_args': None, 'cmake_clean_cache': False, 'cmake_clean_first': False, 'cmake_force_configure': False, 'cmake_target': None, 'cmake_target_skip_unavailable': False, 'install_base': '/home/nyu/nav_ws/src/install/pcd2pgm', 'merge_install': False, 'path': '/home/nyu/nav_ws/src/pcd2pgm', 'symlink_install': False, 'test_result_base': None}
[0.282s] Level 5:colcon.colcon_core.verb:set package 'point_lio' build argument 'cmake_args' from command line to 'None'
[0.282s] Level 5:colcon.colcon_core.verb:set package 'point_lio' build argument 'cmake_target' from command line to 'None'
[0.282s] Level 5:colcon.colcon_core.verb:set package 'point_lio' build argument 'cmake_target_skip_unavailable' from command line to 'False'
[0.282s] Level 5:colcon.colcon_core.verb:set package 'point_lio' build argument 'cmake_clean_cache' from command line to 'False'
[0.282s] Level 5:colcon.colcon_core.verb:set package 'point_lio' build argument 'cmake_clean_first' from command line to 'False'
[0.282s] Level 5:colcon.colcon_core.verb:set package 'point_lio' build argument 'cmake_force_configure' from command line to 'False'
[0.282s] Level 5:colcon.colcon_core.verb:set package 'point_lio' build argument 'ament_cmake_args' from command line to 'None'
[0.282s] Level 5:colcon.colcon_core.verb:set package 'point_lio' build argument 'catkin_cmake_args' from command line to 'None'
[0.282s] Level 5:colcon.colcon_core.verb:set package 'point_lio' build argument 'catkin_skip_building_tests' from command line to 'False'
[0.283s] DEBUG:colcon.colcon_core.verb:Building package 'point_lio' with the following arguments: {'ament_cmake_args': None, 'build_base': '/home/nyu/nav_ws/src/build/point_lio', 'catkin_cmake_args': None, 'catkin_skip_building_tests': False, 'cmake_args': None, 'cmake_clean_cache': False, 'cmake_clean_first': False, 'cmake_force_configure': False, 'cmake_target': None, 'cmake_target_skip_unavailable': False, 'install_base': '/home/nyu/nav_ws/src/install/point_lio', 'merge_install': False, 'path': '/home/nyu/nav_ws/src/point_lio_ros2', 'symlink_install': False, 'test_result_base': None}
[0.283s] Level 5:colcon.colcon_core.verb:set package 'unitree_lidar_ros2' build argument 'cmake_args' from command line to 'None'
[0.283s] Level 5:colcon.colcon_core.verb:set package 'unitree_lidar_ros2' build argument 'cmake_target' from command line to 'None'
[0.283s] Level 5:colcon.colcon_core.verb:set package 'unitree_lidar_ros2' build argument 'cmake_target_skip_unavailable' from command line to 'False'
[0.283s] Level 5:colcon.colcon_core.verb:set package 'unitree_lidar_ros2' build argument 'cmake_clean_cache' from command line to 'False'
[0.283s] Level 5:colcon.colcon_core.verb:set package 'unitree_lidar_ros2' build argument 'cmake_clean_first' from command line to 'False'
[0.283s] Level 5:colcon.colcon_core.verb:set package 'unitree_lidar_ros2' build argument 'cmake_force_configure' from command line to 'False'
[0.283s] Level 5:colcon.colcon_core.verb:set package 'unitree_lidar_ros2' build argument 'ament_cmake_args' from command line to 'None'
[0.283s] Level 5:colcon.colcon_core.verb:set package 'unitree_lidar_ros2' build argument 'catkin_cmake_args' from command line to 'None'
[0.283s] Level 5:colcon.colcon_core.verb:set package 'unitree_lidar_ros2' build argument 'catkin_skip_building_tests' from command line to 'False'
[0.283s] DEBUG:colcon.colcon_core.verb:Building package 'unitree_lidar_ros2' with the following arguments: {'ament_cmake_args': None, 'build_base': '/home/nyu/nav_ws/src/build/unitree_lidar_ros2', 'catkin_cmake_args': None, 'catkin_skip_building_tests': False, 'cmake_args': None, 'cmake_clean_cache': False, 'cmake_clean_first': False, 'cmake_force_configure': False, 'cmake_target': None, 'cmake_target_skip_unavailable': False, 'install_base': '/home/nyu/nav_ws/src/install/unitree_lidar_ros2', 'merge_install': False, 'path': '/home/nyu/nav_ws/src/unilidar_sdk2/unitree_lidar_ros2/src/unitree_lidar_ros2', 'symlink_install': False, 'test_result_base': None}
[0.283s] Level 5:colcon.colcon_core.verb:set package 'unitree_lidar_sdk' build argument 'cmake_args' from command line to 'None'
[0.283s] Level 5:colcon.colcon_core.verb:set package 'unitree_lidar_sdk' build argument 'cmake_target' from command line to 'None'
[0.283s] Level 5:colcon.colcon_core.verb:set package 'unitree_lidar_sdk' build argument 'cmake_target_skip_unavailable' from command line to 'False'
[0.283s] Level 5:colcon.colcon_core.verb:set package 'unitree_lidar_sdk' build argument 'cmake_clean_cache' from command line to 'False'
[0.283s] Level 5:colcon.colcon_core.verb:set package 'unitree_lidar_sdk' build argument 'cmake_clean_first' from command line to 'False'
[0.283s] Level 5:colcon.colcon_core.verb:set package 'unitree_lidar_sdk' build argument 'cmake_force_configure' from command line to 'False'
[0.283s] Level 5:colcon.colcon_core.verb:set package 'unitree_lidar_sdk' build argument 'ament_cmake_args' from command line to 'None'
[0.283s] Level 5:colcon.colcon_core.verb:set package 'unitree_lidar_sdk' build argument 'catkin_cmake_args' from command line to 'None'
[0.283s] Level 5:colcon.colcon_core.verb:set package 'unitree_lidar_sdk' build argument 'catkin_skip_building_tests' from command line to 'False'
[0.283s] DEBUG:colcon.colcon_core.verb:Building package 'unitree_lidar_sdk' with the following arguments: {'ament_cmake_args': None, 'build_base': '/home/nyu/nav_ws/src/build/unitree_lidar_sdk', 'catkin_cmake_args': None, 'catkin_skip_building_tests': False, 'cmake_args': None, 'cmake_clean_cache': False, 'cmake_clean_first': False, 'cmake_force_configure': False, 'cmake_target': None, 'cmake_target_skip_unavailable': False, 'install_base': '/home/nyu/nav_ws/src/install/unitree_lidar_sdk', 'merge_install': False, 'path': '/home/nyu/nav_ws/src/unilidar_sdk2/unitree_lidar_sdk', 'symlink_install': False, 'test_result_base': None}
[0.284s] INFO:colcon.colcon_core.executor:Executing jobs using 'parallel' executor
[0.284s] DEBUG:colcon.colcon_parallel_executor.executor.parallel:run_until_complete
[0.285s] INFO:colcon.colcon_ros.task.ament_cmake.build:Building ROS package in '/home/nyu/nav_ws/src/livox_ros_driver2' with build type 'ament_cmake'
[0.285s] INFO:colcon.colcon_cmake.task.cmake.build:Building CMake package in '/home/nyu/nav_ws/src/livox_ros_driver2'
[0.286s] INFO:colcon.colcon_core.plugin_system:Skipping extension 'colcon_core.shell.bat': Not used on non-Windows systems
[0.287s] INFO:colcon.colcon_core.shell:Skip shell extension 'powershell' for command environment: Not usable outside of PowerShell
[0.287s] DEBUG:colcon.colcon_core.shell:Skip shell extension 'dsv' for command environment
[0.290s] INFO:colcon.colcon_ros.task.ament_python.build:Building ROS package in '/home/nyu/nav_ws/src/map2gazebo' with build type 'ament_python'
[0.290s] Level 1:colcon.colcon_core.shell:create_environment_hook('map2gazebo', 'ament_prefix_path')
[0.290s] INFO:colcon.colcon_core.shell:Creating environment hook '/home/nyu/nav_ws/src/install/map2gazebo/share/map2gazebo/hook/ament_prefix_path.ps1'
[0.291s] INFO:colcon.colcon_core.shell:Creating environment descriptor '/home/nyu/nav_ws/src/install/map2gazebo/share/map2gazebo/hook/ament_prefix_path.dsv'
[0.291s] INFO:colcon.colcon_core.shell:Creating environment hook '/home/nyu/nav_ws/src/install/map2gazebo/share/map2gazebo/hook/ament_prefix_path.sh'
[0.292s] INFO:colcon.colcon_core.shell:Skip shell extension 'powershell' for command environment: Not usable outside of PowerShell
[0.292s] DEBUG:colcon.colcon_core.shell:Skip shell extension 'dsv' for command environment
[0.293s] INFO:colcon.colcon_ros.task.ament_cmake.build:Building ROS package in '/home/nyu/nav_ws/src/pcd2pgm' with build type 'ament_cmake'
[0.294s] INFO:colcon.colcon_cmake.task.cmake.build:Building CMake package in '/home/nyu/nav_ws/src/pcd2pgm'
[0.294s] INFO:colcon.colcon_core.shell:Skip shell extension 'powershell' for command environment: Not usable outside of PowerShell
[0.294s] DEBUG:colcon.colcon_core.shell:Skip shell extension 'dsv' for command environment
[0.295s] INFO:colcon.colcon_ros.task.ament_cmake.build:Building ROS package in '/home/nyu/nav_ws/src/point_lio_ros2' with build type 'ament_cmake'
[0.296s] INFO:colcon.colcon_cmake.task.cmake.build:Building CMake package in '/home/nyu/nav_ws/src/point_lio_ros2'
[0.296s] INFO:colcon.colcon_core.shell:Skip shell extension 'powershell' for command environment: Not usable outside of PowerShell
[0.296s] DEBUG:colcon.colcon_core.shell:Skip shell extension 'dsv' for command environment
[0.299s] INFO:colcon.colcon_ros.task.ament_cmake.build:Building ROS package in '/home/nyu/nav_ws/src/unilidar_sdk2/unitree_lidar_ros2/src/unitree_lidar_ros2' with build type 'ament_cmake'
[0.299s] INFO:colcon.colcon_cmake.task.cmake.build:Building CMake package in '/home/nyu/nav_ws/src/unilidar_sdk2/unitree_lidar_ros2/src/unitree_lidar_ros2'
[0.299s] INFO:colcon.colcon_core.shell:Skip shell extension 'powershell' for command environment: Not usable outside of PowerShell
[0.299s] DEBUG:colcon.colcon_core.shell:Skip shell extension 'dsv' for command environment
[0.302s] INFO:colcon.colcon_cmake.task.cmake.build:Building CMake package in '/home/nyu/nav_ws/src/unilidar_sdk2/unitree_lidar_sdk'
[0.303s] INFO:colcon.colcon_core.shell:Skip shell extension 'powershell' for command environment: Not usable outside of PowerShell
[0.303s] DEBUG:colcon.colcon_core.shell:Skip shell extension 'dsv' for command environment
[0.312s] DEBUG:colcon.colcon_core.event_handler.log_command:Invoking command in '/home/nyu/nav_ws/src/build/livox_ros_driver2': CMAKE_PREFIX_PATH=/opt/ros/humble /usr/bin/cmake /home/nyu/nav_ws/src/livox_ros_driver2 -DCMAKE_INSTALL_PREFIX=/home/nyu/nav_ws/src/install/livox_ros_driver2
[0.500s] INFO:colcon.colcon_core.task.python.build:Building Python package in '/home/nyu/nav_ws/src/map2gazebo'
[0.500s] INFO:colcon.colcon_core.shell:Skip shell extension 'powershell' for command environment: Not usable outside of PowerShell
[0.500s] DEBUG:colcon.colcon_core.shell:Skip shell extension 'dsv' for command environment
[0.506s] DEBUG:colcon.colcon_core.event_handler.log_command:Invoking command in '/home/nyu/nav_ws/src/build/pcd2pgm': CMAKE_PREFIX_PATH=/opt/ros/humble /usr/bin/cmake --build /home/nyu/nav_ws/src/build/pcd2pgm -- -j16 -l16
[0.509s] DEBUG:colcon.colcon_core.event_handler.log_command:Invoking command in '/home/nyu/nav_ws/src/build/point_lio': CMAKE_PREFIX_PATH=/opt/ros/humble /usr/bin/cmake --build /home/nyu/nav_ws/src/build/point_lio -- -j16 -l16
[0.512s] DEBUG:colcon.colcon_core.event_handler.log_command:Invoking command in '/home/nyu/nav_ws/src/build/unitree_lidar_ros2': CMAKE_PREFIX_PATH=/opt/ros/humble /usr/bin/cmake --build /home/nyu/nav_ws/src/build/unitree_lidar_ros2 -- -j16 -l16
[0.516s] DEBUG:colcon.colcon_core.event_handler.log_command:Invoking command in '/home/nyu/nav_ws/src/build/unitree_lidar_sdk': /usr/bin/cmake --build /home/nyu/nav_ws/src/build/unitree_lidar_sdk -- -j16 -l16
[0.597s] DEBUG:colcon.colcon_core.event_handler.log_command:Invoked command in '/home/nyu/nav_ws/src/build/unitree_lidar_sdk' returned '0': /usr/bin/cmake --build /home/nyu/nav_ws/src/build/unitree_lidar_sdk -- -j16 -l16
[0.597s] WARNING:colcon.colcon_cmake.task.cmake.build:Could not run installation step for package 'unitree_lidar_sdk' because it has no 'install' target
[0.598s] Level 1:colcon.colcon_core.environment:create_environment_scripts_only(unitree_lidar_sdk)
[0.601s] Level 1:colcon.colcon_core.environment:checking '/home/nyu/nav_ws/src/install/unitree_lidar_sdk' for CMake module files
[0.602s] Level 1:colcon.colcon_core.environment:checking '/home/nyu/nav_ws/src/install/unitree_lidar_sdk' for CMake config files
[0.603s] Level 1:colcon.colcon_core.environment:checking '/home/nyu/nav_ws/src/install/unitree_lidar_sdk/bin'
[0.603s] Level 1:colcon.colcon_core.environment:checking '/home/nyu/nav_ws/src/install/unitree_lidar_sdk/lib/pkgconfig/unitree_lidar_sdk.pc'
[0.603s] Level 1:colcon.colcon_core.environment:checking '/home/nyu/nav_ws/src/install/unitree_lidar_sdk/lib/python3.10/site-packages'
[0.603s] Level 1:colcon.colcon_core.environment:checking '/home/nyu/nav_ws/src/install/unitree_lidar_sdk/bin'
[0.603s] INFO:colcon.colcon_core.shell:Creating package script '/home/nyu/nav_ws/src/install/unitree_lidar_sdk/share/unitree_lidar_sdk/package.ps1'
[0.604s] INFO:colcon.colcon_core.shell:Creating package descriptor '/home/nyu/nav_ws/src/install/unitree_lidar_sdk/share/unitree_lidar_sdk/package.dsv'
[0.604s] INFO:colcon.colcon_core.shell:Creating package script '/home/nyu/nav_ws/src/install/unitree_lidar_sdk/share/unitree_lidar_sdk/package.sh'
[0.605s] INFO:colcon.colcon_core.shell:Creating package script '/home/nyu/nav_ws/src/install/unitree_lidar_sdk/share/unitree_lidar_sdk/package.bash'
[0.606s] INFO:colcon.colcon_core.shell:Creating package script '/home/nyu/nav_ws/src/install/unitree_lidar_sdk/share/unitree_lidar_sdk/package.zsh'
[0.607s] Level 1:colcon.colcon_core.environment:create_file_with_runtime_dependencies(/home/nyu/nav_ws/src/install/unitree_lidar_sdk/share/colcon-core/packages/unitree_lidar_sdk)
[0.610s] DEBUG:colcon.colcon_core.event_handler.log_command:Invoked command in '/home/nyu/nav_ws/src/build/pcd2pgm' returned '0': CMAKE_PREFIX_PATH=/opt/ros/humble /usr/bin/cmake --build /home/nyu/nav_ws/src/build/pcd2pgm -- -j16 -l16
[0.618s] DEBUG:colcon.colcon_core.event_handler.log_command:Invoking command in '/home/nyu/nav_ws/src/build/pcd2pgm': CMAKE_PREFIX_PATH=/opt/ros/humble /usr/bin/cmake --install /home/nyu/nav_ws/src/build/pcd2pgm
[0.620s] DEBUG:colcon.colcon_core.event_handler.log_command:Invoked command in '/home/nyu/nav_ws/src/build/unitree_lidar_ros2' returned '0': CMAKE_PREFIX_PATH=/opt/ros/humble /usr/bin/cmake --build /home/nyu/nav_ws/src/build/unitree_lidar_ros2 -- -j16 -l16
[0.622s] DEBUG:colcon.colcon_core.event_handler.log_command:Invoking command in '/home/nyu/nav_ws/src/build/unitree_lidar_ros2': CMAKE_PREFIX_PATH=/opt/ros/humble /usr/bin/cmake --install /home/nyu/nav_ws/src/build/unitree_lidar_ros2
[0.639s] Level 1:colcon.colcon_core.environment:create_environment_scripts_only(pcd2pgm)
[0.640s] Level 1:colcon.colcon_core.environment:checking '/home/nyu/nav_ws/src/install/pcd2pgm' for CMake module files
[0.640s] DEBUG:colcon.colcon_core.event_handler.log_command:Invoked command in '/home/nyu/nav_ws/src/build/pcd2pgm' returned '0': CMAKE_PREFIX_PATH=/opt/ros/humble /usr/bin/cmake --install /home/nyu/nav_ws/src/build/pcd2pgm
[0.641s] Level 1:colcon.colcon_core.environment:checking '/home/nyu/nav_ws/src/install/pcd2pgm' for CMake config files
[0.642s] Level 1:colcon.colcon_core.shell:create_environment_hook('pcd2pgm', 'cmake_prefix_path')
[0.642s] INFO:colcon.colcon_core.shell:Creating environment hook '/home/nyu/nav_ws/src/install/pcd2pgm/share/pcd2pgm/hook/cmake_prefix_path.ps1'
[0.643s] INFO:colcon.colcon_core.shell:Creating environment descriptor '/home/nyu/nav_ws/src/install/pcd2pgm/share/pcd2pgm/hook/cmake_prefix_path.dsv'
[0.643s] INFO:colcon.colcon_core.shell:Creating environment hook '/home/nyu/nav_ws/src/install/pcd2pgm/share/pcd2pgm/hook/cmake_prefix_path.sh'
[0.644s] Level 1:colcon.colcon_core.environment:checking '/home/nyu/nav_ws/src/install/pcd2pgm/lib'
[0.644s] Level 1:colcon.colcon_core.shell:create_environment_hook('pcd2pgm', 'ld_library_path_lib')
[0.644s] INFO:colcon.colcon_core.shell:Creating environment hook '/home/nyu/nav_ws/src/install/pcd2pgm/share/pcd2pgm/hook/ld_library_path_lib.ps1'
[0.644s] INFO:colcon.colcon_core.shell:Creating environment descriptor '/home/nyu/nav_ws/src/install/pcd2pgm/share/pcd2pgm/hook/ld_library_path_lib.dsv'
[0.645s] INFO:colcon.colcon_core.shell:Creating environment hook '/home/nyu/nav_ws/src/install/pcd2pgm/share/pcd2pgm/hook/ld_library_path_lib.sh'
[0.645s] Level 1:colcon.colcon_core.environment:checking '/home/nyu/nav_ws/src/install/pcd2pgm/bin'
[0.645s] Level 1:colcon.colcon_core.environment:checking '/home/nyu/nav_ws/src/install/pcd2pgm/lib/pkgconfig/pcd2pgm.pc'
[0.645s] Level 1:colcon.colcon_core.environment:checking '/home/nyu/nav_ws/src/install/pcd2pgm/lib/python3.10/site-packages'
[0.646s] Level 1:colcon.colcon_core.environment:checking '/home/nyu/nav_ws/src/install/pcd2pgm/bin'
[0.646s] INFO:colcon.colcon_core.shell:Creating package script '/home/nyu/nav_ws/src/install/pcd2pgm/share/pcd2pgm/package.ps1'
[0.646s] INFO:colcon.colcon_core.shell:Creating package descriptor '/home/nyu/nav_ws/src/install/pcd2pgm/share/pcd2pgm/package.dsv'
[0.647s] INFO:colcon.colcon_core.shell:Creating package script '/home/nyu/nav_ws/src/install/pcd2pgm/share/pcd2pgm/package.sh'
[0.647s] INFO:colcon.colcon_core.shell:Creating package script '/home/nyu/nav_ws/src/install/pcd2pgm/share/pcd2pgm/package.bash'
[0.648s] INFO:colcon.colcon_core.shell:Creating package script '/home/nyu/nav_ws/src/install/pcd2pgm/share/pcd2pgm/package.zsh'
[0.648s] Level 1:colcon.colcon_core.environment:create_file_with_runtime_dependencies(/home/nyu/nav_ws/src/install/pcd2pgm/share/colcon-core/packages/pcd2pgm)
[0.649s] Level 1:colcon.colcon_core.environment:create_environment_scripts_only(pcd2pgm)
[0.649s] Level 1:colcon.colcon_core.environment:checking '/home/nyu/nav_ws/src/install/pcd2pgm' for CMake module files
[0.650s] Level 1:colcon.colcon_core.environment:checking '/home/nyu/nav_ws/src/install/pcd2pgm' for CMake config files
[0.650s] Level 1:colcon.colcon_core.shell:create_environment_hook('pcd2pgm', 'cmake_prefix_path')
[0.651s] INFO:colcon.colcon_core.shell:Creating environment hook '/home/nyu/nav_ws/src/install/pcd2pgm/share/pcd2pgm/hook/cmake_prefix_path.ps1'
[0.651s] INFO:colcon.colcon_core.shell:Creating environment descriptor '/home/nyu/nav_ws/src/install/pcd2pgm/share/pcd2pgm/hook/cmake_prefix_path.dsv'
[0.651s] INFO:colcon.colcon_core.shell:Creating environment hook '/home/nyu/nav_ws/src/install/pcd2pgm/share/pcd2pgm/hook/cmake_prefix_path.sh'
[0.652s] Level 1:colcon.colcon_core.environment:checking '/home/nyu/nav_ws/src/install/pcd2pgm/lib'
[0.652s] Level 1:colcon.colcon_core.shell:create_environment_hook('pcd2pgm', 'ld_library_path_lib')
[0.652s] INFO:colcon.colcon_core.shell:Creating environment hook '/home/nyu/nav_ws/src/install/pcd2pgm/share/pcd2pgm/hook/ld_library_path_lib.ps1'
[0.653s] INFO:colcon.colcon_core.shell:Creating environment descriptor '/home/nyu/nav_ws/src/install/pcd2pgm/share/pcd2pgm/hook/ld_library_path_lib.dsv'
[0.653s] INFO:colcon.colcon_core.shell:Creating environment hook '/home/nyu/nav_ws/src/install/pcd2pgm/share/pcd2pgm/hook/ld_library_path_lib.sh'
[0.653s] Level 1:colcon.colcon_core.environment:checking '/home/nyu/nav_ws/src/install/pcd2pgm/bin'
[0.654s] Level 1:colcon.colcon_core.environment:checking '/home/nyu/nav_ws/src/install/pcd2pgm/lib/pkgconfig/pcd2pgm.pc'
[0.654s] Level 1:colcon.colcon_core.environment:checking '/home/nyu/nav_ws/src/install/pcd2pgm/lib/python3.10/site-packages'
[0.654s] Level 1:colcon.colcon_core.environment:checking '/home/nyu/nav_ws/src/install/pcd2pgm/bin'
[0.655s] INFO:colcon.colcon_core.shell:Creating package script '/home/nyu/nav_ws/src/install/pcd2pgm/share/pcd2pgm/package.ps1'
[0.656s] INFO:colcon.colcon_core.shell:Creating package descriptor '/home/nyu/nav_ws/src/install/pcd2pgm/share/pcd2pgm/package.dsv'
[0.657s] INFO:colcon.colcon_core.shell:Creating package script '/home/nyu/nav_ws/src/install/pcd2pgm/share/pcd2pgm/package.sh'
[0.658s] INFO:colcon.colcon_core.shell:Creating package script '/home/nyu/nav_ws/src/install/pcd2pgm/share/pcd2pgm/package.bash'
[0.658s] INFO:colcon.colcon_core.shell:Creating package script '/home/nyu/nav_ws/src/install/pcd2pgm/share/pcd2pgm/package.zsh'
[0.659s] Level 1:colcon.colcon_core.environment:create_file_with_runtime_dependencies(/home/nyu/nav_ws/src/install/pcd2pgm/share/colcon-core/packages/pcd2pgm)
[0.660s] Level 1:colcon.colcon_core.environment:create_environment_scripts_only(unitree_lidar_ros2)
[0.661s] Level 1:colcon.colcon_core.environment:checking '/home/nyu/nav_ws/src/install/unitree_lidar_ros2' for CMake module files
[0.661s] DEBUG:colcon.colcon_core.event_handler.log_command:Invoked command in '/home/nyu/nav_ws/src/build/unitree_lidar_ros2' returned '0': CMAKE_PREFIX_PATH=/opt/ros/humble /usr/bin/cmake --install /home/nyu/nav_ws/src/build/unitree_lidar_ros2
[0.662s] Level 1:colcon.colcon_core.environment:checking '/home/nyu/nav_ws/src/install/unitree_lidar_ros2' for CMake config files
[0.662s] Level 1:colcon.colcon_core.shell:create_environment_hook('unitree_lidar_ros2', 'cmake_prefix_path')
[0.663s] INFO:colcon.colcon_core.shell:Creating environment hook '/home/nyu/nav_ws/src/install/unitree_lidar_ros2/share/unitree_lidar_ros2/hook/cmake_prefix_path.ps1'
[0.664s] INFO:colcon.colcon_core.shell:Creating environment descriptor '/home/nyu/nav_ws/src/install/unitree_lidar_ros2/share/unitree_lidar_ros2/hook/cmake_prefix_path.dsv'
[0.664s] INFO:colcon.colcon_core.shell:Creating environment hook '/home/nyu/nav_ws/src/install/unitree_lidar_ros2/share/unitree_lidar_ros2/hook/cmake_prefix_path.sh'
[0.665s] Level 1:colcon.colcon_core.environment:checking '/home/nyu/nav_ws/src/install/unitree_lidar_ros2/lib'
[0.665s] Level 1:colcon.colcon_core.environment:checking '/home/nyu/nav_ws/src/install/unitree_lidar_ros2/bin'
[0.665s] Level 1:colcon.colcon_core.environment:checking '/home/nyu/nav_ws/src/install/unitree_lidar_ros2/lib/pkgconfig/unitree_lidar_ros2.pc'
[0.665s] Level 1:colcon.colcon_core.environment:checking '/home/nyu/nav_ws/src/install/unitree_lidar_ros2/lib/python3.10/site-packages'
[0.666s] Level 1:colcon.colcon_core.environment:checking '/home/nyu/nav_ws/src/install/unitree_lidar_ros2/bin'
[0.667s] INFO:colcon.colcon_core.shell:Creating package script '/home/nyu/nav_ws/src/install/unitree_lidar_ros2/share/unitree_lidar_ros2/package.ps1'
[0.667s] INFO:colcon.colcon_core.shell:Creating package descriptor '/home/nyu/nav_ws/src/install/unitree_lidar_ros2/share/unitree_lidar_ros2/package.dsv'
[0.668s] INFO:colcon.colcon_core.shell:Creating package script '/home/nyu/nav_ws/src/install/unitree_lidar_ros2/share/unitree_lidar_ros2/package.sh'
[0.668s] INFO:colcon.colcon_core.shell:Creating package script '/home/nyu/nav_ws/src/install/unitree_lidar_ros2/share/unitree_lidar_ros2/package.bash'
[0.668s] INFO:colcon.colcon_core.shell:Creating package script '/home/nyu/nav_ws/src/install/unitree_lidar_ros2/share/unitree_lidar_ros2/package.zsh'
[0.669s] Level 1:colcon.colcon_core.environment:create_file_with_runtime_dependencies(/home/nyu/nav_ws/src/install/unitree_lidar_ros2/share/colcon-core/packages/unitree_lidar_ros2)
[0.669s] Level 1:colcon.colcon_core.environment:create_environment_scripts_only(unitree_lidar_ros2)
[0.670s] Level 1:colcon.colcon_core.environment:checking '/home/nyu/nav_ws/src/install/unitree_lidar_ros2' for CMake module files
[0.670s] Level 1:colcon.colcon_core.environment:checking '/home/nyu/nav_ws/src/install/unitree_lidar_ros2' for CMake config files
[0.671s] Level 1:colcon.colcon_core.shell:create_environment_hook('unitree_lidar_ros2', 'cmake_prefix_path')
[0.671s] INFO:colcon.colcon_core.shell:Creating environment hook '/home/nyu/nav_ws/src/install/unitree_lidar_ros2/share/unitree_lidar_ros2/hook/cmake_prefix_path.ps1'
[0.672s] INFO:colcon.colcon_core.shell:Creating environment descriptor '/home/nyu/nav_ws/src/install/unitree_lidar_ros2/share/unitree_lidar_ros2/hook/cmake_prefix_path.dsv'
[0.672s] INFO:colcon.colcon_core.shell:Creating environment hook '/home/nyu/nav_ws/src/install/unitree_lidar_ros2/share/unitree_lidar_ros2/hook/cmake_prefix_path.sh'
[0.673s] Level 1:colcon.colcon_core.environment:checking '/home/nyu/nav_ws/src/install/unitree_lidar_ros2/lib'
[0.673s] Level 1:colcon.colcon_core.environment:checking '/home/nyu/nav_ws/src/install/unitree_lidar_ros2/bin'
[0.674s] Level 1:colcon.colcon_core.environment:checking '/home/nyu/nav_ws/src/install/unitree_lidar_ros2/lib/pkgconfig/unitree_lidar_ros2.pc'
[0.674s] Level 1:colcon.colcon_core.environment:checking '/home/nyu/nav_ws/src/install/unitree_lidar_ros2/lib/python3.10/site-packages'
[0.675s] Level 1:colcon.colcon_core.environment:checking '/home/nyu/nav_ws/src/install/unitree_lidar_ros2/bin'
[0.675s] INFO:colcon.colcon_core.shell:Creating package script '/home/nyu/nav_ws/src/install/unitree_lidar_ros2/share/unitree_lidar_ros2/package.ps1'
[0.676s] INFO:colcon.colcon_core.shell:Creating package descriptor '/home/nyu/nav_ws/src/install/unitree_lidar_ros2/share/unitree_lidar_ros2/package.dsv'
[0.676s] INFO:colcon.colcon_core.shell:Creating package script '/home/nyu/nav_ws/src/install/unitree_lidar_ros2/share/unitree_lidar_ros2/package.sh'
[0.677s] INFO:colcon.colcon_core.shell:Creating package script '/home/nyu/nav_ws/src/install/unitree_lidar_ros2/share/unitree_lidar_ros2/package.bash'
[0.677s] INFO:colcon.colcon_core.shell:Creating package script '/home/nyu/nav_ws/src/install/unitree_lidar_ros2/share/unitree_lidar_ros2/package.zsh'
[0.677s] Level 1:colcon.colcon_core.environment:create_file_with_runtime_dependencies(/home/nyu/nav_ws/src/install/unitree_lidar_ros2/share/colcon-core/packages/unitree_lidar_ros2)
[0.836s] DEBUG:colcon.colcon_core.event_handler.log_command:Invoking command in '/home/nyu/nav_ws/src/map2gazebo': PYTHONPATH=/home/nyu/nav_ws/src/build/map2gazebo/prefix_override:/usr/lib/python3/dist-packages/colcon_core/task/python/colcon_distutils_commands:/home/nyu/nav_ws/src/install/map2gazebo/lib/python3.10/site-packages:${PYTHONPATH} /usr/bin/python3 -W ignore:setup.py install is deprecated -W ignore:easy_install command is deprecated setup.py egg_info --egg-base ../build/map2gazebo build --build-base /home/nyu/nav_ws/src/build/map2gazebo/build install --record /home/nyu/nav_ws/src/build/map2gazebo/install.log --install-scripts $base/lib/map2gazebo --single-version-externally-managed install_data
[1.073s] Level 1:colcon.colcon_core.environment:checking '/home/nyu/nav_ws/src/install/map2gazebo' for CMake module files
[1.074s] DEBUG:colcon.colcon_core.event_handler.log_command:Invoked command in '/home/nyu/nav_ws/src/map2gazebo' returned '0': PYTHONPATH=/home/nyu/nav_ws/src/build/map2gazebo/prefix_override:/usr/lib/python3/dist-packages/colcon_core/task/python/colcon_distutils_commands:/home/nyu/nav_ws/src/install/map2gazebo/lib/python3.10/site-packages:${PYTHONPATH} /usr/bin/python3 -W ignore:setup.py install is deprecated -W ignore:easy_install command is deprecated setup.py egg_info --egg-base ../build/map2gazebo build --build-base /home/nyu/nav_ws/src/build/map2gazebo/build install --record /home/nyu/nav_ws/src/build/map2gazebo/install.log --install-scripts $base/lib/map2gazebo --single-version-externally-managed install_data
[1.074s] Level 1:colcon.colcon_core.environment:checking '/home/nyu/nav_ws/src/install/map2gazebo' for CMake config files
[1.075s] Level 1:colcon.colcon_core.environment:checking '/home/nyu/nav_ws/src/install/map2gazebo/lib'
[1.076s] Level 1:colcon.colcon_core.environment:checking '/home/nyu/nav_ws/src/install/map2gazebo/bin'
[1.076s] Level 1:colcon.colcon_core.environment:checking '/home/nyu/nav_ws/src/install/map2gazebo/lib/pkgconfig/map2gazebo.pc'
[1.076s] Level 1:colcon.colcon_core.environment:checking '/home/nyu/nav_ws/src/install/map2gazebo/lib/python3.10/site-packages'
[1.076s] Level 1:colcon.colcon_core.shell:create_environment_hook('map2gazebo', 'pythonpath')
[1.076s] INFO:colcon.colcon_core.shell:Creating environment hook '/home/nyu/nav_ws/src/install/map2gazebo/share/map2gazebo/hook/pythonpath.ps1'
[1.077s] INFO:colcon.colcon_core.shell:Creating environment descriptor '/home/nyu/nav_ws/src/install/map2gazebo/share/map2gazebo/hook/pythonpath.dsv'
[1.078s] INFO:colcon.colcon_core.shell:Creating environment hook '/home/nyu/nav_ws/src/install/map2gazebo/share/map2gazebo/hook/pythonpath.sh'
[1.079s] Level 1:colcon.colcon_core.environment:checking '/home/nyu/nav_ws/src/install/map2gazebo/bin'
[1.079s] Level 1:colcon.colcon_core.environment:create_environment_scripts_only(map2gazebo)
[1.079s] INFO:colcon.colcon_core.shell:Creating package script '/home/nyu/nav_ws/src/install/map2gazebo/share/map2gazebo/package.ps1'
[1.080s] INFO:colcon.colcon_core.shell:Creating package descriptor '/home/nyu/nav_ws/src/install/map2gazebo/share/map2gazebo/package.dsv'
[1.081s] INFO:colcon.colcon_core.shell:Creating package script '/home/nyu/nav_ws/src/install/map2gazebo/share/map2gazebo/package.sh'
[1.081s] INFO:colcon.colcon_core.shell:Creating package script '/home/nyu/nav_ws/src/install/map2gazebo/share/map2gazebo/package.bash'
[1.081s] INFO:colcon.colcon_core.shell:Creating package script '/home/nyu/nav_ws/src/install/map2gazebo/share/map2gazebo/package.zsh'
[1.082s] Level 1:colcon.colcon_core.environment:create_file_with_runtime_dependencies(/home/nyu/nav_ws/src/install/map2gazebo/share/colcon-core/packages/map2gazebo)
[2.554s] DEBUG:colcon.colcon_core.event_handler.log_command:Invoked command in '/home/nyu/nav_ws/src/build/livox_ros_driver2' returned '1': CMAKE_PREFIX_PATH=/opt/ros/humble /usr/bin/cmake /home/nyu/nav_ws/src/livox_ros_driver2 -DCMAKE_INSTALL_PREFIX=/home/nyu/nav_ws/src/install/livox_ros_driver2
[2.566s] Level 1:colcon.colcon_core.environment:create_environment_scripts_only(livox_ros_driver2)
[2.567s] Level 1:colcon.colcon_core.environment:checking '/home/nyu/nav_ws/src/install/livox_ros_driver2' for CMake module files
[2.567s] Level 1:colcon.colcon_core.environment:checking '/home/nyu/nav_ws/src/install/livox_ros_driver2' for CMake config files
[2.568s] Level 1:colcon.colcon_core.environment:checking '/home/nyu/nav_ws/src/install/livox_ros_driver2/bin'
[2.568s] Level 1:colcon.colcon_core.environment:checking '/home/nyu/nav_ws/src/install/livox_ros_driver2/lib/pkgconfig/livox_ros_driver2.pc'
[2.568s] Level 1:colcon.colcon_core.environment:checking '/home/nyu/nav_ws/src/install/livox_ros_driver2/lib/python3.10/site-packages'
[2.568s] Level 1:colcon.colcon_core.environment:checking '/home/nyu/nav_ws/src/install/livox_ros_driver2/bin'
[2.569s] INFO:colcon.colcon_core.shell:Creating package script '/home/nyu/nav_ws/src/install/livox_ros_driver2/share/livox_ros_driver2/package.ps1'
[2.569s] INFO:colcon.colcon_core.shell:Creating package descriptor '/home/nyu/nav_ws/src/install/livox_ros_driver2/share/livox_ros_driver2/package.dsv'
[2.569s] INFO:colcon.colcon_core.shell:Creating package script '/home/nyu/nav_ws/src/install/livox_ros_driver2/share/livox_ros_driver2/package.sh'
[2.570s] INFO:colcon.colcon_core.shell:Creating package script '/home/nyu/nav_ws/src/install/livox_ros_driver2/share/livox_ros_driver2/package.bash'
[2.570s] INFO:colcon.colcon_core.shell:Creating package script '/home/nyu/nav_ws/src/install/livox_ros_driver2/share/livox_ros_driver2/package.zsh'
[2.571s] Level 1:colcon.colcon_core.environment:create_file_with_runtime_dependencies(/home/nyu/nav_ws/src/install/livox_ros_driver2/share/colcon-core/packages/livox_ros_driver2)
[42.370s] DEBUG:colcon.colcon_parallel_executor.executor.parallel:closing loop
[42.370s] DEBUG:colcon.colcon_parallel_executor.executor.parallel:loop closed
[42.370s] DEBUG:colcon.colcon_parallel_executor.executor.parallel:run_until_complete finished with '1'
[42.370s] DEBUG:colcon.colcon_core.event_reactor:joining thread
[42.374s] INFO:colcon.colcon_core.plugin_system:Skipping extension 'colcon_notification.desktop_notification.terminal_notifier': Not used on non-Darwin systems
[42.374s] INFO:colcon.colcon_core.plugin_system:Skipping extension 'colcon_notification.desktop_notification.win32': Not used on non-Windows systems
[42.374s] INFO:colcon.colcon_notification.desktop_notification:Sending desktop notification using 'notify2'
[42.386s] DEBUG:colcon.colcon_core.event_reactor:joined thread
[42.386s] INFO:colcon.colcon_core.shell:Creating prefix script '/home/nyu/nav_ws/src/install/local_setup.ps1'
[42.387s] INFO:colcon.colcon_core.shell:Creating prefix util module '/home/nyu/nav_ws/src/install/_local_setup_util_ps1.py'
[42.388s] INFO:colcon.colcon_core.shell:Creating prefix chain script '/home/nyu/nav_ws/src/install/setup.ps1'
[42.389s] INFO:colcon.colcon_core.shell:Creating prefix script '/home/nyu/nav_ws/src/install/local_setup.sh'
[42.389s] INFO:colcon.colcon_core.shell:Creating prefix util module '/home/nyu/nav_ws/src/install/_local_setup_util_sh.py'
[42.389s] INFO:colcon.colcon_core.shell:Creating prefix chain script '/home/nyu/nav_ws/src/install/setup.sh'
[42.390s] INFO:colcon.colcon_core.shell:Creating prefix script '/home/nyu/nav_ws/src/install/local_setup.bash'
[42.390s] INFO:colcon.colcon_core.shell:Creating prefix chain script '/home/nyu/nav_ws/src/install/setup.bash'
[42.391s] INFO:colcon.colcon_core.shell:Creating prefix script '/home/nyu/nav_ws/src/install/local_setup.zsh'
[42.391s] INFO:colcon.colcon_core.shell:Creating prefix chain script '/home/nyu/nav_ws/src/install/setup.zsh'
