[0.206s] Invoking command in '/home/nyu/nav_ws/build/unitree_lidar_ros2': CMAKE_PREFIX_PATH=/opt/ros/humble /usr/bin/cmake /home/nyu/nav_ws/src/unilidar_sdk2/unitree_lidar_ros2/src/unitree_lidar_ros2 -DCMAKE_INSTALL_PREFIX=/home/nyu/nav_ws/install/unitree_lidar_ros2
[0.263s] -- The C compiler identification is GNU 11.4.0
[0.318s] -- The CXX compiler identification is GNU 11.4.0
[0.325s] -- Detecting C compiler ABI info
[0.397s] -- Detecting C compiler ABI info - done
[0.408s] -- Check for working C compiler: /usr/bin/cc - skipped
[0.408s] -- Detecting C compile features
[0.408s] -- Detecting C compile features - done
[0.411s] -- Detecting CXX compiler ABI info
[0.493s] -- Detecting CXX compiler ABI info - done
[0.499s] -- Check for working CXX compiler: /usr/bin/c++ - skipped
[0.500s] -- Detecting CXX compile features
[0.500s] -- Detecting CXX compile features - done
[0.502s] -- Found ament_cmake: 1.3.12 (/opt/ros/humble/share/ament_cmake/cmake)
[0.627s] -- Found Python3: /usr/bin/python3 (found version "3.10.12") found components: Interpreter 
[0.698s] -- Found rclcpp: 16.0.16 (/opt/ros/humble/share/rclcpp/cmake)
[0.739s] -- Found rosidl_generator_c: 3.1.7 (/opt/ros/humble/share/rosidl_generator_c/cmake)
[0.745s] -- Found rosidl_adapter: 3.1.7 (/opt/ros/humble/share/rosidl_adapter/cmake)
[0.755s] -- Found rosidl_generator_cpp: 3.1.7 (/opt/ros/humble/share/rosidl_generator_cpp/cmake)
[0.770s] -- Using all available rosidl_typesupport_c: rosidl_typesupport_fastrtps_c;rosidl_typesupport_introspection_c
[0.790s] -- Using all available rosidl_typesupport_cpp: rosidl_typesupport_fastrtps_cpp;rosidl_typesupport_introspection_cpp
[0.847s] -- Found rmw_implementation_cmake: 6.1.2 (/opt/ros/humble/share/rmw_implementation_cmake/cmake)
[0.848s] -- Found rmw_fastrtps_cpp: 6.2.9 (/opt/ros/humble/share/rmw_fastrtps_cpp/cmake)
[0.954s] -- Found OpenSSL: /usr/lib/x86_64-linux-gnu/libcrypto.so (found version "3.0.2")  
[0.990s] -- Found FastRTPS: /opt/ros/humble/include  
[1.050s] -- Using RMW implementation 'rmw_fastrtps_cpp' as default
[1.058s] -- Looking for pthread.h
[1.142s] -- Looking for pthread.h - found
[1.142s] -- Performing Test CMAKE_HAVE_LIBC_PTHREAD
[1.227s] -- Performing Test CMAKE_HAVE_LIBC_PTHREAD - Success
[1.229s] -- Found Threads: TRUE  
[1.293s] -- Found geometry_msgs: 4.9.0 (/opt/ros/humble/share/geometry_msgs/cmake)
[1.304s] -- Found pcl_conversions: 2.4.5 (/opt/ros/humble/share/pcl_conversions/cmake)
[1.375s] -- Checking for module 'eigen3'
[1.386s] --   Found eigen3, version 3.4.0
[1.417s] -- Found Eigen: /usr/include/eigen3 (Required is at least version "3.1") 
[1.417s] -- Eigen found (include: /usr/include/eigen3, version: 3.4.0)
[1.448s] -- Checking for module 'flann'
[1.462s] --   Found flann, version 1.9.1
[1.505s] -- Found FLANN: /usr/lib/x86_64-linux-gnu/libflann_cpp.so  
[1.505s] -- FLANN found (include: /usr/include, lib: /usr/lib/x86_64-linux-gnu/libflann_cpp.so)
[2.583s] -- Checking for module 'libusb-1.0'
[2.596s] --   Found libusb-1.0, version 1.0.25
[2.635s] -- Found libusb: /usr/lib/x86_64-linux-gnu/libusb-1.0.so  
[2.636s] -- OpenNI found (version: 1.5.4.0, include: /usr/include/ni, lib: /usr/lib/libOpenNI.so;libusb::libusb)
[2.701s] -- OpenNI2 found (version: 2.2.0.33, include: /usr/include/openni2, lib: /usr/lib/x86_64-linux-gnu/libOpenNI2.so;libusb::libusb)
[2.889s] -- Eigen found (include: /usr/include/eigen3, version: 3.4.0)
[2.897s] -- OpenNI found (version: 1.5.4.0, include: /usr/include/ni, lib: /usr/lib/libOpenNI.so;libusb::libusb)
[2.904s] -- OpenNI2 found (version: 2.2.0.33, include: /usr/include/openni2, lib: /usr/lib/x86_64-linux-gnu/libOpenNI2.so;libusb::libusb)
[3.080s] -- Found Qhull version 8.0.2
[3.261s] -- OpenNI found (version: 1.5.4.0, include: /usr/include/ni, lib: /usr/lib/libOpenNI.so;libusb::libusb)
[3.440s] -- Found PCL_COMMON: /usr/lib/x86_64-linux-gnu/libpcl_common.so  
[3.441s] -- Found PCL_KDTREE: /usr/lib/x86_64-linux-gnu/libpcl_kdtree.so  
[3.442s] -- Found PCL_OCTREE: /usr/lib/x86_64-linux-gnu/libpcl_octree.so  
[3.443s] -- Found PCL_SEARCH: /usr/lib/x86_64-linux-gnu/libpcl_search.so  
[3.444s] -- Found PCL_SAMPLE_CONSENSUS: /usr/lib/x86_64-linux-gnu/libpcl_sample_consensus.so  
[3.445s] -- Found PCL_FILTERS: /usr/lib/x86_64-linux-gnu/libpcl_filters.so  
[3.446s] -- Found PCL_2D: /usr/include/pcl-1.12  
[3.446s] -- Found PCL_GEOMETRY: /usr/include/pcl-1.12  
[3.447s] -- Found PCL_IO: /usr/lib/x86_64-linux-gnu/libpcl_io.so  
[3.449s] -- Found PCL_FEATURES: /usr/lib/x86_64-linux-gnu/libpcl_features.so  
[3.450s] -- Found PCL_ML: /usr/lib/x86_64-linux-gnu/libpcl_ml.so  
[3.451s] -- Found PCL_SEGMENTATION: /usr/lib/x86_64-linux-gnu/libpcl_segmentation.so  
[3.452s] -- Found PCL_VISUALIZATION: /usr/lib/x86_64-linux-gnu/libpcl_visualization.so  
[3.453s] -- Found PCL_SURFACE: /usr/lib/x86_64-linux-gnu/libpcl_surface.so  
[3.454s] -- Found PCL_REGISTRATION: /usr/lib/x86_64-linux-gnu/libpcl_registration.so  
[3.456s] -- Found PCL_KEYPOINTS: /usr/lib/x86_64-linux-gnu/libpcl_keypoints.so  
[3.457s] -- Found PCL_TRACKING: /usr/lib/x86_64-linux-gnu/libpcl_tracking.so  
[3.458s] -- Found PCL_RECOGNITION: /usr/lib/x86_64-linux-gnu/libpcl_recognition.so  
[3.459s] -- Found PCL_STEREO: /usr/lib/x86_64-linux-gnu/libpcl_stereo.so  
[3.460s] -- Found PCL_APPS: /usr/lib/x86_64-linux-gnu/libpcl_apps.so  
[3.461s] -- Found PCL_IN_HAND_SCANNER: /usr/include/pcl-1.12  
[3.461s] -- Found PCL_MODELER: /usr/include/pcl-1.12  
[3.462s] -- Found PCL_POINT_CLOUD_EDITOR: /usr/include/pcl-1.12  
[3.463s] -- Found PCL_OUTOFCORE: /usr/lib/x86_64-linux-gnu/libpcl_outofcore.so  
[3.464s] -- Found PCL_PEOPLE: /usr/lib/x86_64-linux-gnu/libpcl_people.so  
[3.466s] [33mCMake Warning (dev) at CMakeLists.txt:23 (find_package):
[3.466s]   Policy CMP0074 is not set: find_package uses <PackageName>_ROOT variables.
[3.466s]   Run "cmake --help-policy CMP0074" for policy details.  Use the cmake_policy
[3.466s]   command to set the policy and suppress this warning.
[3.466s] 
[3.466s]   CMake variable PCL_ROOT is set to:
[3.467s] 
[3.467s]     /usr
[3.467s] 
[3.467s]   For compatibility, CMake is ignoring the variable.
[3.467s] This warning is for project developers.  Use -Wno-dev to suppress it.
[3.467s] [0m
[3.477s] -- Found tf2_ros: 0.25.17 (/opt/ros/humble/share/tf2_ros/cmake)
[3.702s] -- Configuring done
[3.750s] -- Generating done
[3.762s] -- Build files have been written to: /home/nyu/nav_ws/build/unitree_lidar_ros2
[3.791s] Invoked command in '/home/nyu/nav_ws/build/unitree_lidar_ros2' returned '0': CMAKE_PREFIX_PATH=/opt/ros/humble /usr/bin/cmake /home/nyu/nav_ws/src/unilidar_sdk2/unitree_lidar_ros2/src/unitree_lidar_ros2 -DCMAKE_INSTALL_PREFIX=/home/nyu/nav_ws/install/unitree_lidar_ros2
[3.794s] Invoking command in '/home/nyu/nav_ws/build/unitree_lidar_ros2': CMAKE_PREFIX_PATH=/opt/ros/humble /usr/bin/cmake --build /home/nyu/nav_ws/build/unitree_lidar_ros2 -- -j16 -l16
[3.859s] [ 50%] [32mBuilding CXX object CMakeFiles/unitree_lidar_ros2_node.dir/src/unitree_lidar_ros2_node.cpp.o[0m
[20.482s] [100%] [32m[1mLinking CXX executable unitree_lidar_ros2_node[0m
[21.255s] [100%] Built target unitree_lidar_ros2_node
[21.268s] Invoked command in '/home/nyu/nav_ws/build/unitree_lidar_ros2' returned '0': CMAKE_PREFIX_PATH=/opt/ros/humble /usr/bin/cmake --build /home/nyu/nav_ws/build/unitree_lidar_ros2 -- -j16 -l16
[21.270s] Invoking command in '/home/nyu/nav_ws/build/unitree_lidar_ros2': CMAKE_PREFIX_PATH=/opt/ros/humble /usr/bin/cmake --install /home/nyu/nav_ws/build/unitree_lidar_ros2
[21.276s] -- Install configuration: ""
[21.276s] -- Installing: /home/nyu/nav_ws/install/unitree_lidar_ros2/lib/unitree_lidar_ros2/unitree_lidar_ros2_node
[21.278s] -- Set runtime path of "/home/nyu/nav_ws/install/unitree_lidar_ros2/lib/unitree_lidar_ros2/unitree_lidar_ros2_node" to ""
[21.278s] -- Installing: /home/nyu/nav_ws/install/unitree_lidar_ros2/share/unitree_lidar_ros2/view.rviz
[21.278s] -- Installing: /home/nyu/nav_ws/install/unitree_lidar_ros2/share/unitree_lidar_ros2/launch.py
[21.278s] -- Installing: /home/nyu/nav_ws/install/unitree_lidar_ros2/share/ament_index/resource_index/package_run_dependencies/unitree_lidar_ros2
[21.278s] -- Installing: /home/nyu/nav_ws/install/unitree_lidar_ros2/share/ament_index/resource_index/parent_prefix_path/unitree_lidar_ros2
[21.278s] -- Installing: /home/nyu/nav_ws/install/unitree_lidar_ros2/share/unitree_lidar_ros2/environment/ament_prefix_path.sh
[21.279s] -- Installing: /home/nyu/nav_ws/install/unitree_lidar_ros2/share/unitree_lidar_ros2/environment/ament_prefix_path.dsv
[21.279s] -- Installing: /home/nyu/nav_ws/install/unitree_lidar_ros2/share/unitree_lidar_ros2/environment/path.sh
[21.279s] -- Installing: /home/nyu/nav_ws/install/unitree_lidar_ros2/share/unitree_lidar_ros2/environment/path.dsv
[21.279s] -- Installing: /home/nyu/nav_ws/install/unitree_lidar_ros2/share/unitree_lidar_ros2/local_setup.bash
[21.279s] -- Installing: /home/nyu/nav_ws/install/unitree_lidar_ros2/share/unitree_lidar_ros2/local_setup.sh
[21.279s] -- Installing: /home/nyu/nav_ws/install/unitree_lidar_ros2/share/unitree_lidar_ros2/local_setup.zsh
[21.280s] -- Installing: /home/nyu/nav_ws/install/unitree_lidar_ros2/share/unitree_lidar_ros2/local_setup.dsv
[21.280s] -- Installing: /home/nyu/nav_ws/install/unitree_lidar_ros2/share/unitree_lidar_ros2/package.dsv
[21.280s] -- Installing: /home/nyu/nav_ws/install/unitree_lidar_ros2/share/ament_index/resource_index/packages/unitree_lidar_ros2
[21.280s] -- Installing: /home/nyu/nav_ws/install/unitree_lidar_ros2/share/unitree_lidar_ros2/cmake/unitree_lidar_ros2Config.cmake
[21.280s] -- Installing: /home/nyu/nav_ws/install/unitree_lidar_ros2/share/unitree_lidar_ros2/cmake/unitree_lidar_ros2Config-version.cmake
[21.280s] -- Installing: /home/nyu/nav_ws/install/unitree_lidar_ros2/share/unitree_lidar_ros2/package.xml
[21.283s] Invoked command in '/home/nyu/nav_ws/build/unitree_lidar_ros2' returned '0': CMAKE_PREFIX_PATH=/opt/ros/humble /usr/bin/cmake --install /home/nyu/nav_ws/build/unitree_lidar_ros2
