[0.504s] Invoking command in '/home/nyu/nav_ws/src/map2gazebo': PYTHONPATH=/home/nyu/nav_ws/build/map2gazebo/prefix_override:/usr/lib/python3/dist-packages/colcon_core/task/python/colcon_distutils_commands:/home/nyu/nav_ws/install/map2gazebo/lib/python3.10/site-packages:${PYTHONPATH} /usr/bin/python3 -W ignore:setup.py install is deprecated -W ignore:easy_install command is deprecated setup.py egg_info --egg-base ../../build/map2gazebo build --build-base /home/nyu/nav_ws/build/map2gazebo/build install --record /home/nyu/nav_ws/build/map2gazebo/install.log --install-scripts $base/lib/map2gazebo --single-version-externally-managed install_data
[0.690s] /usr/lib/python3/dist-packages/setuptools/dist.py:723: UserWarning: Usage of dash-separated 'script-dir' will not be supported in future versions. Please use the underscore name 'script_dir' instead
[0.690s]   warnings.warn(
[0.696s] running egg_info
[0.696s] writing ../../build/map2gazebo/map2gazebo.egg-info/PKG-INFO
[0.696s] writing dependency_links to ../../build/map2gazebo/map2gazebo.egg-info/dependency_links.txt
[0.696s] writing entry points to ../../build/map2gazebo/map2gazebo.egg-info/entry_points.txt
[0.696s] writing requirements to ../../build/map2gazebo/map2gazebo.egg-info/requires.txt
[0.696s] writing top-level names to ../../build/map2gazebo/map2gazebo.egg-info/top_level.txt
[0.697s] reading manifest file '../../build/map2gazebo/map2gazebo.egg-info/SOURCES.txt'
[0.698s] writing manifest file '../../build/map2gazebo/map2gazebo.egg-info/SOURCES.txt'
[0.698s] running build
[0.698s] running build_py
[0.698s] running install
[0.698s] running install_lib
[0.699s] running install_data
[0.699s] running install_egg_info
[0.700s] removing '/home/nyu/nav_ws/install/map2gazebo/lib/python3.10/site-packages/map2gazebo-0.0.0-py3.10.egg-info' (and everything under it)
[0.700s] Copying ../../build/map2gazebo/map2gazebo.egg-info to /home/nyu/nav_ws/install/map2gazebo/lib/python3.10/site-packages/map2gazebo-0.0.0-py3.10.egg-info
[0.701s] running install_scripts
[0.715s] Installing map2gazebo script to /home/nyu/nav_ws/install/map2gazebo/lib/map2gazebo
[0.715s] writing list of installed files to '/home/nyu/nav_ws/build/map2gazebo/install.log'
[0.732s] Invoked command in '/home/nyu/nav_ws/src/map2gazebo' returned '0': PYTHONPATH=/home/nyu/nav_ws/build/map2gazebo/prefix_override:/usr/lib/python3/dist-packages/colcon_core/task/python/colcon_distutils_commands:/home/nyu/nav_ws/install/map2gazebo/lib/python3.10/site-packages:${PYTHONPATH} /usr/bin/python3 -W ignore:setup.py install is deprecated -W ignore:easy_install command is deprecated setup.py egg_info --egg-base ../../build/map2gazebo build --build-base /home/nyu/nav_ws/build/map2gazebo/build install --record /home/nyu/nav_ws/build/map2gazebo/install.log --install-scripts $base/lib/map2gazebo --single-version-externally-managed install_data
