[0.218s] Invoking command in '/home/nyu/nav_ws/build/rm_navigation': CMAKE_PREFIX_PATH=${CMAKE_PREFIX_PATH}:/home/nyu/nav_ws/install/map2gazebo:/opt/ros/humble /usr/bin/cmake --build /home/nyu/nav_ws/build/rm_navigation -- -j16 -l16
[0.277s] Invoked command in '/home/nyu/nav_ws/build/rm_navigation' returned '0': CMAKE_PREFIX_PATH=${CMAKE_PREFIX_PATH}:/home/nyu/nav_ws/install/map2gazebo:/opt/ros/humble /usr/bin/cmake --build /home/nyu/nav_ws/build/rm_navigation -- -j16 -l16
[0.279s] Invoking command in '/home/nyu/nav_ws/build/rm_navigation': CMAKE_PREFIX_PATH=${CMAKE_PREFIX_PATH}:/home/nyu/nav_ws/install/map2gazebo:/opt/ros/humble /usr/bin/cmake --install /home/nyu/nav_ws/build/rm_navigation
[0.289s] -- Install configuration: ""
[0.291s] -- Execute custom install script
[0.291s] -- Up-to-date symlink: /home/nyu/nav_ws/install/rm_navigation/share/rm_navigation/params/mapper_params_online_async.yaml
[0.291s] -- Up-to-date symlink: /home/nyu/nav_ws/install/rm_navigation/share/rm_navigation/params/nav2_params.yaml
[0.291s] -- Up-to-date symlink: /home/nyu/nav_ws/install/rm_navigation/share/rm_navigation/rviz/nav2.rviz
[0.291s] -- Up-to-date symlink: /home/nyu/nav_ws/install/rm_navigation/share/rm_navigation/launch/bringup_rm_navigation.py
[0.291s] -- Up-to-date symlink: /home/nyu/nav_ws/install/rm_navigation/share/rm_navigation/launch/localization_amcl_launch.py
[0.291s] -- Up-to-date symlink: /home/nyu/nav_ws/install/rm_navigation/share/rm_navigation/launch/map_server_launch.py
[0.291s] -- Up-to-date symlink: /home/nyu/nav_ws/install/rm_navigation/share/rm_navigation/launch/navigation_launch.py
[0.291s] -- Up-to-date symlink: /home/nyu/nav_ws/install/rm_navigation/share/rm_navigation/launch/rviz_launch.py
[0.291s] -- Up-to-date symlink: /home/nyu/nav_ws/install/rm_navigation/share/ament_index/resource_index/package_run_dependencies/rm_navigation
[0.291s] -- Up-to-date symlink: /home/nyu/nav_ws/install/rm_navigation/share/ament_index/resource_index/parent_prefix_path/rm_navigation
[0.291s] -- Up-to-date symlink: /home/nyu/nav_ws/install/rm_navigation/share/rm_navigation/environment/ament_prefix_path.sh
[0.291s] -- Up-to-date symlink: /home/nyu/nav_ws/install/rm_navigation/share/rm_navigation/environment/ament_prefix_path.dsv
[0.291s] -- Up-to-date symlink: /home/nyu/nav_ws/install/rm_navigation/share/rm_navigation/environment/path.sh
[0.292s] -- Up-to-date symlink: /home/nyu/nav_ws/install/rm_navigation/share/rm_navigation/environment/path.dsv
[0.292s] -- Up-to-date symlink: /home/nyu/nav_ws/install/rm_navigation/share/rm_navigation/local_setup.bash
[0.292s] -- Up-to-date symlink: /home/nyu/nav_ws/install/rm_navigation/share/rm_navigation/local_setup.sh
[0.292s] -- Up-to-date symlink: /home/nyu/nav_ws/install/rm_navigation/share/rm_navigation/local_setup.zsh
[0.292s] -- Up-to-date symlink: /home/nyu/nav_ws/install/rm_navigation/share/rm_navigation/local_setup.dsv
[0.292s] -- Symlinking: /home/nyu/nav_ws/install/rm_navigation/share/rm_navigation/package.dsv
[0.293s] -- Up-to-date symlink: /home/nyu/nav_ws/install/rm_navigation/share/ament_index/resource_index/packages/rm_navigation
[0.293s] -- Up-to-date symlink: /home/nyu/nav_ws/install/rm_navigation/share/rm_navigation/cmake/rm_navigationConfig.cmake
[0.293s] -- Up-to-date symlink: /home/nyu/nav_ws/install/rm_navigation/share/rm_navigation/cmake/rm_navigationConfig-version.cmake
[0.293s] -- Up-to-date symlink: /home/nyu/nav_ws/install/rm_navigation/share/rm_navigation/package.xml
[0.361s] Invoked command in '/home/nyu/nav_ws/build/rm_navigation' returned '0': CMAKE_PREFIX_PATH=${CMAKE_PREFIX_PATH}:/home/nyu/nav_ws/install/map2gazebo:/opt/ros/humble /usr/bin/cmake --install /home/nyu/nav_ws/build/rm_navigation
