[0.043s] Invoking command in '/home/nyu/nav_ws/build/linefit_ground_segmentation_ros': AMENT_PREFIX_PATH=/home/nyu/nav_ws/install/linefit_ground_segmentation:${AMENT_PREFIX_PATH} CMAKE_PREFIX_PATH=/home/nyu/nav_ws/install/linefit_ground_segmentation:/opt/ros/humble LD_LIBRARY_PATH=/home/nyu/nav_ws/install/linefit_ground_segmentation/lib:/usr/lib/x86_64-linux-gnu/gazebo-11/plugins:/opt/ros/humble/opt/rviz_ogre_vendor/lib:/opt/ros/humble/lib/x86_64-linux-gnu:/opt/ros/humble/opt/openvdb_vendor/lib:/opt/ros/humble/lib:/opt/MVS/lib/64:/opt/MVS/lib/32:/opt/MVS/lib/64:/opt/MVS/lib/32 /usr/bin/cmake --build /home/nyu/nav_ws/build/linefit_ground_segmentation_ros -- -j16 -l16
[0.102s] [ 50%] Built target ground_segmentation_test_node
[0.105s] [100%] Built target ground_segmentation_node
[0.113s] Invoked command in '/home/nyu/nav_ws/build/linefit_ground_segmentation_ros' returned '0': AMENT_PREFIX_PATH=/home/nyu/nav_ws/install/linefit_ground_segmentation:${AMENT_PREFIX_PATH} CMAKE_PREFIX_PATH=/home/nyu/nav_ws/install/linefit_ground_segmentation:/opt/ros/humble LD_LIBRARY_PATH=/home/nyu/nav_ws/install/linefit_ground_segmentation/lib:/usr/lib/x86_64-linux-gnu/gazebo-11/plugins:/opt/ros/humble/opt/rviz_ogre_vendor/lib:/opt/ros/humble/lib/x86_64-linux-gnu:/opt/ros/humble/opt/openvdb_vendor/lib:/opt/ros/humble/lib:/opt/MVS/lib/64:/opt/MVS/lib/32:/opt/MVS/lib/64:/opt/MVS/lib/32 /usr/bin/cmake --build /home/nyu/nav_ws/build/linefit_ground_segmentation_ros -- -j16 -l16
[0.115s] Invoking command in '/home/nyu/nav_ws/build/linefit_ground_segmentation_ros': AMENT_PREFIX_PATH=/home/nyu/nav_ws/install/linefit_ground_segmentation:${AMENT_PREFIX_PATH} CMAKE_PREFIX_PATH=/home/nyu/nav_ws/install/linefit_ground_segmentation:/opt/ros/humble LD_LIBRARY_PATH=/home/nyu/nav_ws/install/linefit_ground_segmentation/lib:/usr/lib/x86_64-linux-gnu/gazebo-11/plugins:/opt/ros/humble/opt/rviz_ogre_vendor/lib:/opt/ros/humble/lib/x86_64-linux-gnu:/opt/ros/humble/opt/openvdb_vendor/lib:/opt/ros/humble/lib:/opt/MVS/lib/64:/opt/MVS/lib/32:/opt/MVS/lib/64:/opt/MVS/lib/32 /usr/bin/cmake --install /home/nyu/nav_ws/build/linefit_ground_segmentation_ros
[0.118s] -- Install configuration: ""
[0.119s] -- Execute custom install script
[0.119s] -- Up-to-date symlink: /home/nyu/nav_ws/install/linefit_ground_segmentation_ros/lib/linefit_ground_segmentation_ros/ground_segmentation_node
[0.120s] -- Up-to-date symlink: /home/nyu/nav_ws/install/linefit_ground_segmentation_ros/lib/linefit_ground_segmentation_ros/ground_segmentation_test_node
[0.120s] -- Up-to-date symlink: /home/nyu/nav_ws/install/linefit_ground_segmentation_ros/share/linefit_ground_segmentation_ros/launch/segmentation.launch.py
[0.120s] -- Up-to-date symlink: /home/nyu/nav_ws/install/linefit_ground_segmentation_ros/share/linefit_ground_segmentation_ros/launch/segmentation_params.yaml
[0.120s] -- Up-to-date symlink: /home/nyu/nav_ws/install/linefit_ground_segmentation_ros/share/linefit_ground_segmentation_ros/launch/test.launch.py
[0.120s] -- Up-to-date symlink: /home/nyu/nav_ws/install/linefit_ground_segmentation_ros/share/ament_index/resource_index/package_run_dependencies/linefit_ground_segmentation_ros
[0.121s] -- Up-to-date symlink: /home/nyu/nav_ws/install/linefit_ground_segmentation_ros/share/ament_index/resource_index/parent_prefix_path/linefit_ground_segmentation_ros
[0.121s] -- Up-to-date symlink: /home/nyu/nav_ws/install/linefit_ground_segmentation_ros/share/linefit_ground_segmentation_ros/environment/ament_prefix_path.sh
[0.121s] -- Up-to-date symlink: /home/nyu/nav_ws/install/linefit_ground_segmentation_ros/share/linefit_ground_segmentation_ros/environment/ament_prefix_path.dsv
[0.121s] -- Up-to-date symlink: /home/nyu/nav_ws/install/linefit_ground_segmentation_ros/share/linefit_ground_segmentation_ros/environment/path.sh
[0.121s] -- Up-to-date symlink: /home/nyu/nav_ws/install/linefit_ground_segmentation_ros/share/linefit_ground_segmentation_ros/environment/path.dsv
[0.121s] -- Up-to-date symlink: /home/nyu/nav_ws/install/linefit_ground_segmentation_ros/share/linefit_ground_segmentation_ros/local_setup.bash
[0.121s] -- Up-to-date symlink: /home/nyu/nav_ws/install/linefit_ground_segmentation_ros/share/linefit_ground_segmentation_ros/local_setup.sh
[0.122s] -- Up-to-date symlink: /home/nyu/nav_ws/install/linefit_ground_segmentation_ros/share/linefit_ground_segmentation_ros/local_setup.zsh
[0.122s] -- Up-to-date symlink: /home/nyu/nav_ws/install/linefit_ground_segmentation_ros/share/linefit_ground_segmentation_ros/local_setup.dsv
[0.122s] -- Symlinking: /home/nyu/nav_ws/install/linefit_ground_segmentation_ros/share/linefit_ground_segmentation_ros/package.dsv
[0.127s] -- Up-to-date symlink: /home/nyu/nav_ws/install/linefit_ground_segmentation_ros/share/ament_index/resource_index/packages/linefit_ground_segmentation_ros
[0.128s] -- Up-to-date symlink: /home/nyu/nav_ws/install/linefit_ground_segmentation_ros/share/linefit_ground_segmentation_ros/cmake/ament_cmake_export_dependencies-extras.cmake
[0.128s] -- Up-to-date symlink: /home/nyu/nav_ws/install/linefit_ground_segmentation_ros/share/linefit_ground_segmentation_ros/cmake/linefit_ground_segmentation_rosConfig.cmake
[0.128s] -- Up-to-date symlink: /home/nyu/nav_ws/install/linefit_ground_segmentation_ros/share/linefit_ground_segmentation_ros/cmake/linefit_ground_segmentation_rosConfig-version.cmake
[0.128s] -- Up-to-date symlink: /home/nyu/nav_ws/install/linefit_ground_segmentation_ros/share/linefit_ground_segmentation_ros/package.xml
[0.130s] Invoked command in '/home/nyu/nav_ws/build/linefit_ground_segmentation_ros' returned '0': AMENT_PREFIX_PATH=/home/nyu/nav_ws/install/linefit_ground_segmentation:${AMENT_PREFIX_PATH} CMAKE_PREFIX_PATH=/home/nyu/nav_ws/install/linefit_ground_segmentation:/opt/ros/humble LD_LIBRARY_PATH=/home/nyu/nav_ws/install/linefit_ground_segmentation/lib:/usr/lib/x86_64-linux-gnu/gazebo-11/plugins:/opt/ros/humble/opt/rviz_ogre_vendor/lib:/opt/ros/humble/lib/x86_64-linux-gnu:/opt/ros/humble/opt/openvdb_vendor/lib:/opt/ros/humble/lib:/opt/MVS/lib/64:/opt/MVS/lib/32:/opt/MVS/lib/64:/opt/MVS/lib/32 /usr/bin/cmake --install /home/nyu/nav_ws/build/linefit_ground_segmentation_ros
