[0.188s] Invoking command in '/home/nyu/nav_ws/build/pcd2pgm': CMAKE_PREFIX_PATH=/opt/ros/humble /usr/bin/cmake /home/nyu/nav_ws/src/pcd2pgm -DCMAKE_INSTALL_PREFIX=/home/nyu/nav_ws/install/pcd2pgm
[0.240s] -- The C compiler identification is GNU 11.4.0
[0.295s] -- The CXX compiler identification is GNU 11.4.0
[0.301s] -- Detecting C compiler ABI info
[0.380s] -- Detecting C compiler ABI info - done
[0.390s] -- Check for working C compiler: /usr/bin/cc - skipped
[0.390s] -- Detecting C compile features
[0.391s] -- Detecting C compile features - done
[0.395s] -- Detecting CXX compiler ABI info
[0.494s] -- Detecting CXX compiler ABI info - done
[0.504s] -- Check for working CXX compiler: /usr/bin/c++ - skipped
[0.504s] -- Detecting CXX compile features
[0.505s] -- Detecting CXX compile features - done
[0.508s] -- Found ament_cmake_auto: 1.3.12 (/opt/ros/humble/share/ament_cmake_auto/cmake)
[0.666s] -- Found Python3: /usr/bin/python3 (found version "3.10.12") found components: Interpreter 
[0.862s] -- Found rosidl_generator_c: 3.1.7 (/opt/ros/humble/share/rosidl_generator_c/cmake)
[0.868s] -- Found rosidl_adapter: 3.1.7 (/opt/ros/humble/share/rosidl_adapter/cmake)
[0.882s] -- Found rosidl_generator_cpp: 3.1.7 (/opt/ros/humble/share/rosidl_generator_cpp/cmake)
[0.894s] -- Using all available rosidl_typesupport_c: rosidl_typesupport_fastrtps_c;rosidl_typesupport_introspection_c
[0.916s] -- Using all available rosidl_typesupport_cpp: rosidl_typesupport_fastrtps_cpp;rosidl_typesupport_introspection_cpp
[0.965s] -- Found rmw_implementation_cmake: 6.1.2 (/opt/ros/humble/share/rmw_implementation_cmake/cmake)
[0.967s] -- Found rmw_fastrtps_cpp: 6.2.9 (/opt/ros/humble/share/rmw_fastrtps_cpp/cmake)
[1.073s] -- Found OpenSSL: /usr/lib/x86_64-linux-gnu/libcrypto.so (found version "3.0.2")  
[1.119s] -- Found FastRTPS: /opt/ros/humble/include  
[1.173s] -- Using RMW implementation 'rmw_fastrtps_cpp' as default
[1.185s] -- Looking for pthread.h
[1.262s] -- Looking for pthread.h - found
[1.262s] -- Performing Test CMAKE_HAVE_LIBC_PTHREAD
[1.321s] -- Performing Test CMAKE_HAVE_LIBC_PTHREAD - Success
[1.321s] -- Found Threads: TRUE  
[1.463s] -- Checking for module 'eigen3'
[1.476s] --   Found eigen3, version 3.4.0
[1.513s] -- Found Eigen: /usr/include/eigen3 (Required is at least version "3.1") 
[1.513s] -- Eigen found (include: /usr/include/eigen3, version: 3.4.0)
[1.552s] -- Checking for module 'flann'
[1.567s] --   Found flann, version 1.9.1
[1.609s] -- Found FLANN: /usr/lib/x86_64-linux-gnu/libflann_cpp.so  
[1.609s] -- FLANN found (include: /usr/include, lib: /usr/lib/x86_64-linux-gnu/libflann_cpp.so)
[2.655s] -- Checking for module 'libusb-1.0'
[2.672s] --   Found libusb-1.0, version 1.0.25
[2.717s] -- Found libusb: /usr/lib/x86_64-linux-gnu/libusb-1.0.so  
[2.718s] -- OpenNI found (version: 1.5.4.0, include: /usr/include/ni, lib: /usr/lib/libOpenNI.so;libusb::libusb)
[2.787s] -- OpenNI2 found (version: 2.2.0.33, include: /usr/include/openni2, lib: /usr/lib/x86_64-linux-gnu/libOpenNI2.so;libusb::libusb)
[2.913s] -- Eigen found (include: /usr/include/eigen3, version: 3.4.0)
[2.921s] -- OpenNI found (version: 1.5.4.0, include: /usr/include/ni, lib: /usr/lib/libOpenNI.so;libusb::libusb)
[2.930s] -- OpenNI2 found (version: 2.2.0.33, include: /usr/include/openni2, lib: /usr/lib/x86_64-linux-gnu/libOpenNI2.so;libusb::libusb)
[3.105s] -- Found Qhull version 8.0.2
[3.287s] -- OpenNI found (version: 1.5.4.0, include: /usr/include/ni, lib: /usr/lib/libOpenNI.so;libusb::libusb)
[3.471s] -- Found PCL_COMMON: /usr/lib/x86_64-linux-gnu/libpcl_common.so  
[3.472s] -- Found PCL_KDTREE: /usr/lib/x86_64-linux-gnu/libpcl_kdtree.so  
[3.474s] -- Found PCL_OCTREE: /usr/lib/x86_64-linux-gnu/libpcl_octree.so  
[3.475s] -- Found PCL_SEARCH: /usr/lib/x86_64-linux-gnu/libpcl_search.so  
[3.476s] -- Found PCL_SAMPLE_CONSENSUS: /usr/lib/x86_64-linux-gnu/libpcl_sample_consensus.so  
[3.477s] -- Found PCL_FILTERS: /usr/lib/x86_64-linux-gnu/libpcl_filters.so  
[3.478s] -- Found PCL_2D: /usr/include/pcl-1.12  
[3.478s] -- Found PCL_GEOMETRY: /usr/include/pcl-1.12  
[3.479s] -- Found PCL_IO: /usr/lib/x86_64-linux-gnu/libpcl_io.so  
[3.481s] -- Found PCL_FEATURES: /usr/lib/x86_64-linux-gnu/libpcl_features.so  
[3.482s] -- Found PCL_ML: /usr/lib/x86_64-linux-gnu/libpcl_ml.so  
[3.483s] -- Found PCL_SEGMENTATION: /usr/lib/x86_64-linux-gnu/libpcl_segmentation.so  
[3.485s] -- Found PCL_VISUALIZATION: /usr/lib/x86_64-linux-gnu/libpcl_visualization.so  
[3.486s] -- Found PCL_SURFACE: /usr/lib/x86_64-linux-gnu/libpcl_surface.so  
[3.488s] -- Found PCL_REGISTRATION: /usr/lib/x86_64-linux-gnu/libpcl_registration.so  
[3.489s] -- Found PCL_KEYPOINTS: /usr/lib/x86_64-linux-gnu/libpcl_keypoints.so  
[3.490s] -- Found PCL_TRACKING: /usr/lib/x86_64-linux-gnu/libpcl_tracking.so  
[3.492s] -- Found PCL_RECOGNITION: /usr/lib/x86_64-linux-gnu/libpcl_recognition.so  
[3.493s] -- Found PCL_STEREO: /usr/lib/x86_64-linux-gnu/libpcl_stereo.so  
[3.494s] -- Found PCL_APPS: /usr/lib/x86_64-linux-gnu/libpcl_apps.so  
[3.495s] -- Found PCL_IN_HAND_SCANNER: /usr/include/pcl-1.12  
[3.496s] -- Found PCL_MODELER: /usr/include/pcl-1.12  
[3.496s] -- Found PCL_POINT_CLOUD_EDITOR: /usr/include/pcl-1.12  
[3.497s] -- Found PCL_OUTOFCORE: /usr/lib/x86_64-linux-gnu/libpcl_outofcore.so  
[3.499s] -- Found PCL_PEOPLE: /usr/lib/x86_64-linux-gnu/libpcl_people.so  
[3.535s] -- Found eigen3_cmake_module: 0.1.1 (/opt/ros/humble/share/eigen3_cmake_module/cmake)
[3.537s] -- Found Eigen3: TRUE (found version "3.4.0") 
[3.537s] -- Ensuring Eigen3 include directory is part of orocos-kdl CMake target
[3.646s] -- Found ament_lint_auto: 0.12.14 (/opt/ros/humble/share/ament_lint_auto/cmake)
[3.669s] -- Added test 'clang_format' to check C / C++ code style
[3.674s] -- Added test 'clang_tidy' to check C / C++ code style
[3.675s] -- Added test 'black' to check Python code style
[3.676s] -- Added test 'xmllint' to check XML markup files
[3.677s] -- Added test 'copyright' to check source files copyright and LICENSE
[3.680s] -- Configuring done
[3.740s] -- Generating done
[3.755s] -- Build files have been written to: /home/nyu/nav_ws/build/pcd2pgm
[3.782s] Invoked command in '/home/nyu/nav_ws/build/pcd2pgm' returned '0': CMAKE_PREFIX_PATH=/opt/ros/humble /usr/bin/cmake /home/nyu/nav_ws/src/pcd2pgm -DCMAKE_INSTALL_PREFIX=/home/nyu/nav_ws/install/pcd2pgm
[3.784s] Invoking command in '/home/nyu/nav_ws/build/pcd2pgm': CMAKE_PREFIX_PATH=/opt/ros/humble /usr/bin/cmake --build /home/nyu/nav_ws/build/pcd2pgm -- -j16 -l16
[3.854s] [ 25%] [32mBuilding CXX object CMakeFiles/pcd2pgm_node.dir/rclcpp_components/node_main_pcd2pgm_node.cpp.o[0m
[3.857s] [ 50%] [32mBuilding CXX object CMakeFiles/pcd2pgm.dir/src/pcd2pgm.cpp.o[0m
[9.363s] [ 75%] [32m[1mLinking CXX executable pcd2pgm_node[0m
[9.674s] [ 75%] Built target pcd2pgm_node
[19.208s] [100%] [32m[1mLinking CXX shared library libpcd2pgm.so[0m
[20.179s] [100%] Built target pcd2pgm
[20.188s] Invoked command in '/home/nyu/nav_ws/build/pcd2pgm' returned '0': CMAKE_PREFIX_PATH=/opt/ros/humble /usr/bin/cmake --build /home/nyu/nav_ws/build/pcd2pgm -- -j16 -l16
[20.189s] Invoking command in '/home/nyu/nav_ws/build/pcd2pgm': CMAKE_PREFIX_PATH=/opt/ros/humble /usr/bin/cmake --install /home/nyu/nav_ws/build/pcd2pgm
[20.195s] -- Install configuration: ""
[20.195s] -- Installing: /home/nyu/nav_ws/install/pcd2pgm/lib/pcd2pgm/pcd2pgm_node
[20.195s] -- Set runtime path of "/home/nyu/nav_ws/install/pcd2pgm/lib/pcd2pgm/pcd2pgm_node" to ""
[20.195s] -- Installing: /home/nyu/nav_ws/install/pcd2pgm/include/pcd2pgm
[20.195s] -- Installing: /home/nyu/nav_ws/install/pcd2pgm/include/pcd2pgm/pcd2pgm
[20.196s] -- Installing: /home/nyu/nav_ws/install/pcd2pgm/include/pcd2pgm/pcd2pgm/pcd2pgm.hpp
[20.196s] -- Installing: /home/nyu/nav_ws/install/pcd2pgm/share/pcd2pgm/environment/library_path.sh
[20.196s] -- Installing: /home/nyu/nav_ws/install/pcd2pgm/share/pcd2pgm/environment/library_path.dsv
[20.196s] -- Installing: /home/nyu/nav_ws/install/pcd2pgm/lib/libpcd2pgm.so
[20.198s] -- Set runtime path of "/home/nyu/nav_ws/install/pcd2pgm/lib/libpcd2pgm.so" to ""
[20.198s] -- Installing: /home/nyu/nav_ws/install/pcd2pgm/share/pcd2pgm/config
[20.198s] -- Installing: /home/nyu/nav_ws/install/pcd2pgm/share/pcd2pgm/config/pcd2pgm.yaml.backup_before_angle_adjust
[20.198s] -- Installing: /home/nyu/nav_ws/install/pcd2pgm/share/pcd2pgm/config/pcd2pgm.yaml.backup
[20.198s] -- Installing: /home/nyu/nav_ws/install/pcd2pgm/share/pcd2pgm/config/pcd2pgm.yaml
[20.198s] -- Installing: /home/nyu/nav_ws/install/pcd2pgm/share/pcd2pgm/launch
[20.198s] -- Installing: /home/nyu/nav_ws/install/pcd2pgm/share/pcd2pgm/launch/pcd2pgm_launch.py
[20.199s] -- Installing: /home/nyu/nav_ws/install/pcd2pgm/share/pcd2pgm/rviz
[20.199s] -- Installing: /home/nyu/nav_ws/install/pcd2pgm/share/pcd2pgm/rviz/pcd2pgm.rviz
[20.199s] -- Installing: /home/nyu/nav_ws/install/pcd2pgm/share/ament_index/resource_index/package_run_dependencies/pcd2pgm
[20.199s] -- Installing: /home/nyu/nav_ws/install/pcd2pgm/share/ament_index/resource_index/parent_prefix_path/pcd2pgm
[20.199s] -- Installing: /home/nyu/nav_ws/install/pcd2pgm/share/pcd2pgm/environment/ament_prefix_path.sh
[20.199s] -- Installing: /home/nyu/nav_ws/install/pcd2pgm/share/pcd2pgm/environment/ament_prefix_path.dsv
[20.199s] -- Installing: /home/nyu/nav_ws/install/pcd2pgm/share/pcd2pgm/environment/path.sh
[20.199s] -- Installing: /home/nyu/nav_ws/install/pcd2pgm/share/pcd2pgm/environment/path.dsv
[20.199s] -- Installing: /home/nyu/nav_ws/install/pcd2pgm/share/pcd2pgm/local_setup.bash
[20.199s] -- Installing: /home/nyu/nav_ws/install/pcd2pgm/share/pcd2pgm/local_setup.sh
[20.200s] -- Installing: /home/nyu/nav_ws/install/pcd2pgm/share/pcd2pgm/local_setup.zsh
[20.200s] -- Installing: /home/nyu/nav_ws/install/pcd2pgm/share/pcd2pgm/local_setup.dsv
[20.200s] -- Installing: /home/nyu/nav_ws/install/pcd2pgm/share/pcd2pgm/package.dsv
[20.200s] -- Installing: /home/nyu/nav_ws/install/pcd2pgm/share/ament_index/resource_index/packages/pcd2pgm
[20.200s] -- Installing: /home/nyu/nav_ws/install/pcd2pgm/share/ament_index/resource_index/rclcpp_components/pcd2pgm
[20.200s] -- Installing: /home/nyu/nav_ws/install/pcd2pgm/share/pcd2pgm/cmake/ament_cmake_export_dependencies-extras.cmake
[20.200s] -- Installing: /home/nyu/nav_ws/install/pcd2pgm/share/pcd2pgm/cmake/ament_cmake_export_include_directories-extras.cmake
[20.200s] -- Installing: /home/nyu/nav_ws/install/pcd2pgm/share/pcd2pgm/cmake/ament_cmake_export_libraries-extras.cmake
[20.200s] -- Installing: /home/nyu/nav_ws/install/pcd2pgm/share/pcd2pgm/cmake/pcd2pgmConfig.cmake
[20.200s] -- Installing: /home/nyu/nav_ws/install/pcd2pgm/share/pcd2pgm/cmake/pcd2pgmConfig-version.cmake
[20.200s] -- Installing: /home/nyu/nav_ws/install/pcd2pgm/share/pcd2pgm/package.xml
[20.202s] Invoked command in '/home/nyu/nav_ws/build/pcd2pgm' returned '0': CMAKE_PREFIX_PATH=/opt/ros/humble /usr/bin/cmake --install /home/nyu/nav_ws/build/pcd2pgm
