[0.182s] Invoking command in '/home/nyu/nav_ws/build/pcd2pgm': CMAKE_PREFIX_PATH=/opt/ros/humble /usr/bin/cmake /home/nyu/nav_ws/src/pcd2pgm -DCMAKE_INSTALL_PREFIX=/home/nyu/nav_ws/install/pcd2pgm
[0.199s] -- Found ament_cmake_auto: 1.3.12 (/opt/ros/humble/share/ament_cmake_auto/cmake)
[0.338s] -- Override CMake install command with custom implementation using symlinks instead of copying resources
[0.448s] -- Found rosidl_generator_c: 3.1.7 (/opt/ros/humble/share/rosidl_generator_c/cmake)
[0.451s] -- Found rosidl_adapter: 3.1.7 (/opt/ros/humble/share/rosidl_adapter/cmake)
[0.457s] -- Found rosidl_generator_cpp: 3.1.7 (/opt/ros/humble/share/rosidl_generator_cpp/cmake)
[0.467s] -- Using all available rosidl_typesupport_c: rosidl_typesupport_fastrtps_c;rosidl_typesupport_introspection_c
[0.480s] -- Using all available rosidl_typesupport_cpp: rosidl_typesupport_fastrtps_cpp;rosidl_typesupport_introspection_cpp
[0.514s] -- Found rmw_implementation_cmake: 6.1.2 (/opt/ros/humble/share/rmw_implementation_cmake/cmake)
[0.515s] -- Found rmw_fastrtps_cpp: 6.2.9 (/opt/ros/humble/share/rmw_fastrtps_cpp/cmake)
[0.604s] -- Using RMW implementation 'rmw_fastrtps_cpp' as default
[0.709s] -- Eigen found (include: /usr/include/eigen3, version: 3.4.0)
[0.730s] -- FLANN found (include: /usr/include, lib: /usr/lib/x86_64-linux-gnu/libflann_cpp.so)
[0.962s] -- OpenNI found (version: 1.5.4.0, include: /usr/include/ni, lib: /usr/lib/libOpenNI.so;libusb::libusb)
[0.967s] -- OpenNI2 found (version: 2.2.0.33, include: /usr/include/openni2, lib: /usr/lib/x86_64-linux-gnu/libOpenNI2.so;libusb::libusb)
[1.080s] -- Eigen found (include: /usr/include/eigen3, version: 3.4.0)
[1.085s] -- OpenNI found (version: 1.5.4.0, include: /usr/include/ni, lib: /usr/lib/libOpenNI.so;libusb::libusb)
[1.090s] -- OpenNI2 found (version: 2.2.0.33, include: /usr/include/openni2, lib: /usr/lib/x86_64-linux-gnu/libOpenNI2.so;libusb::libusb)
[1.191s] -- Found Qhull version 8.0.2
[1.298s] -- OpenNI found (version: 1.5.4.0, include: /usr/include/ni, lib: /usr/lib/libOpenNI.so;libusb::libusb)
[1.412s] -- Found eigen3_cmake_module: 0.1.1 (/opt/ros/humble/share/eigen3_cmake_module/cmake)
[1.413s] -- Ensuring Eigen3 include directory is part of orocos-kdl CMake target
[1.460s] -- Found ament_lint_auto: 0.12.14 (/opt/ros/humble/share/ament_lint_auto/cmake)
[1.467s] -- Added test 'clang_format' to check C / C++ code style
[1.468s] -- Added test 'clang_tidy' to check C / C++ code style
[1.469s] -- Added test 'black' to check Python code style
[1.469s] -- Added test 'xmllint' to check XML markup files
[1.469s] -- Added test 'copyright' to check source files copyright and LICENSE
[1.470s] -- Configuring done
[1.497s] -- Generating done
[1.504s] -- Build files have been written to: /home/nyu/nav_ws/build/pcd2pgm
[1.515s] Invoked command in '/home/nyu/nav_ws/build/pcd2pgm' returned '0': CMAKE_PREFIX_PATH=/opt/ros/humble /usr/bin/cmake /home/nyu/nav_ws/src/pcd2pgm -DCMAKE_INSTALL_PREFIX=/home/nyu/nav_ws/install/pcd2pgm
[1.516s] Invoking command in '/home/nyu/nav_ws/build/pcd2pgm': CMAKE_PREFIX_PATH=/opt/ros/humble /usr/bin/cmake --build /home/nyu/nav_ws/build/pcd2pgm -- -j16 -l16
[1.553s] [35m[1mConsolidate compiler generated dependencies of target pcd2pgm_node[0m
[1.554s] [35m[1mConsolidate compiler generated dependencies of target pcd2pgm[0m
[1.565s] [ 50%] Built target pcd2pgm_node
[1.570s] [100%] Built target pcd2pgm
[1.580s] Invoked command in '/home/nyu/nav_ws/build/pcd2pgm' returned '0': CMAKE_PREFIX_PATH=/opt/ros/humble /usr/bin/cmake --build /home/nyu/nav_ws/build/pcd2pgm -- -j16 -l16
[1.582s] Invoking command in '/home/nyu/nav_ws/build/pcd2pgm': CMAKE_PREFIX_PATH=/opt/ros/humble /usr/bin/cmake --install /home/nyu/nav_ws/build/pcd2pgm
[1.588s] -- Install configuration: ""
[1.589s] -- Execute custom install script
[1.589s] -- Up-to-date symlink: /home/nyu/nav_ws/install/pcd2pgm/lib/pcd2pgm/pcd2pgm_node
[1.589s] -- Up-to-date symlink: /home/nyu/nav_ws/install/pcd2pgm/include/pcd2pgm/pcd2pgm/pcd2pgm.hpp
[1.589s] -- Up-to-date symlink: /home/nyu/nav_ws/install/pcd2pgm/share/pcd2pgm/environment/library_path.sh
[1.589s] -- Up-to-date symlink: /home/nyu/nav_ws/install/pcd2pgm/share/pcd2pgm/environment/library_path.dsv
[1.589s] -- Up-to-date symlink: /home/nyu/nav_ws/install/pcd2pgm/lib/libpcd2pgm.so
[1.589s] -- Up-to-date symlink: /home/nyu/nav_ws/install/pcd2pgm/share/pcd2pgm/config/pcd2pgm.yaml
[1.589s] -- Up-to-date symlink: /home/nyu/nav_ws/install/pcd2pgm/share/pcd2pgm/config/pcd2pgm.yaml.backup
[1.590s] -- Up-to-date symlink: /home/nyu/nav_ws/install/pcd2pgm/share/pcd2pgm/config/pcd2pgm.yaml.backup_before_angle_adjust
[1.590s] -- Up-to-date symlink: /home/nyu/nav_ws/install/pcd2pgm/share/pcd2pgm/launch/pcd2pgm_launch.py
[1.590s] -- Up-to-date symlink: /home/nyu/nav_ws/install/pcd2pgm/share/pcd2pgm/rviz/pcd2pgm.rviz
[1.590s] -- Up-to-date symlink: /home/nyu/nav_ws/install/pcd2pgm/share/ament_index/resource_index/package_run_dependencies/pcd2pgm
[1.590s] -- Up-to-date symlink: /home/nyu/nav_ws/install/pcd2pgm/share/ament_index/resource_index/parent_prefix_path/pcd2pgm
[1.590s] -- Up-to-date symlink: /home/nyu/nav_ws/install/pcd2pgm/share/pcd2pgm/environment/ament_prefix_path.sh
[1.590s] -- Up-to-date symlink: /home/nyu/nav_ws/install/pcd2pgm/share/pcd2pgm/environment/ament_prefix_path.dsv
[1.590s] -- Up-to-date symlink: /home/nyu/nav_ws/install/pcd2pgm/share/pcd2pgm/environment/path.sh
[1.590s] -- Up-to-date symlink: /home/nyu/nav_ws/install/pcd2pgm/share/pcd2pgm/environment/path.dsv
[1.590s] -- Up-to-date symlink: /home/nyu/nav_ws/install/pcd2pgm/share/pcd2pgm/local_setup.bash
[1.590s] -- Up-to-date symlink: /home/nyu/nav_ws/install/pcd2pgm/share/pcd2pgm/local_setup.sh
[1.591s] -- Up-to-date symlink: /home/nyu/nav_ws/install/pcd2pgm/share/pcd2pgm/local_setup.zsh
[1.591s] -- Up-to-date symlink: /home/nyu/nav_ws/install/pcd2pgm/share/pcd2pgm/local_setup.dsv
[1.591s] -- Symlinking: /home/nyu/nav_ws/install/pcd2pgm/share/pcd2pgm/package.dsv
[1.598s] -- Up-to-date symlink: /home/nyu/nav_ws/install/pcd2pgm/share/ament_index/resource_index/packages/pcd2pgm
[1.598s] -- Up-to-date symlink: /home/nyu/nav_ws/install/pcd2pgm/share/ament_index/resource_index/rclcpp_components/pcd2pgm
[1.598s] -- Up-to-date symlink: /home/nyu/nav_ws/install/pcd2pgm/share/pcd2pgm/cmake/ament_cmake_export_dependencies-extras.cmake
[1.598s] -- Up-to-date symlink: /home/nyu/nav_ws/install/pcd2pgm/share/pcd2pgm/cmake/ament_cmake_export_include_directories-extras.cmake
[1.598s] -- Up-to-date symlink: /home/nyu/nav_ws/install/pcd2pgm/share/pcd2pgm/cmake/ament_cmake_export_libraries-extras.cmake
[1.598s] -- Up-to-date symlink: /home/nyu/nav_ws/install/pcd2pgm/share/pcd2pgm/cmake/pcd2pgmConfig.cmake
[1.599s] -- Up-to-date symlink: /home/nyu/nav_ws/install/pcd2pgm/share/pcd2pgm/cmake/pcd2pgmConfig-version.cmake
[1.599s] -- Up-to-date symlink: /home/nyu/nav_ws/install/pcd2pgm/share/pcd2pgm/package.xml
[1.600s] Invoked command in '/home/nyu/nav_ws/build/pcd2pgm' returned '0': CMAKE_PREFIX_PATH=/opt/ros/humble /usr/bin/cmake --install /home/nyu/nav_ws/build/pcd2pgm
