[0.479s] Invoking command in '/home/nyu/nav_ws/build/map2gazebo': PYTHONPATH=/home/nyu/nav_ws/build/map2gazebo/prefix_override:/usr/lib/python3/dist-packages/colcon_core/task/python/colcon_distutils_commands:/home/nyu/nav_ws/install/map2gazebo/lib/python3.10/site-packages:${PYTHONPATH} /usr/bin/python3 -W ignore:setup.py install is deprecated -W ignore:easy_install command is deprecated setup.py develop --uninstall --editable --build-directory /home/nyu/nav_ws/build/map2gazebo/build
[0.638s] /usr/lib/python3/dist-packages/setuptools/dist.py:723: UserWarning: Usage of dash-separated 'script-dir' will not be supported in future versions. Please use the underscore name 'script_dir' instead
[0.639s]   warnings.warn(
[0.669s] running develop
[0.805s] Removing /home/nyu/nav_ws/install/map2gazebo/lib/python3.10/site-packages/map2gazebo.egg-link (link to .)
[0.833s] Invoked command in '/home/nyu/nav_ws/build/map2gazebo' returned '0': PYTHONPATH=/home/nyu/nav_ws/build/map2gazebo/prefix_override:/usr/lib/python3/dist-packages/colcon_core/task/python/colcon_distutils_commands:/home/nyu/nav_ws/install/map2gazebo/lib/python3.10/site-packages:${PYTHONPATH} /usr/bin/python3 -W ignore:setup.py install is deprecated -W ignore:easy_install command is deprecated setup.py develop --uninstall --editable --build-directory /home/nyu/nav_ws/build/map2gazebo/build
[0.833s] Invoking command in '/home/nyu/nav_ws/src/map2gazebo': PYTHONPATH=/home/nyu/nav_ws/build/map2gazebo/prefix_override:/usr/lib/python3/dist-packages/colcon_core/task/python/colcon_distutils_commands:/home/nyu/nav_ws/install/map2gazebo/lib/python3.10/site-packages:${PYTHONPATH} /usr/bin/python3 -W ignore:setup.py install is deprecated -W ignore:easy_install command is deprecated setup.py egg_info --egg-base ../../build/map2gazebo build --build-base /home/nyu/nav_ws/build/map2gazebo/build install --record /home/nyu/nav_ws/build/map2gazebo/install.log --install-scripts $base/lib/map2gazebo --single-version-externally-managed install_data --force
[1.017s] /usr/lib/python3/dist-packages/setuptools/dist.py:723: UserWarning: Usage of dash-separated 'script-dir' will not be supported in future versions. Please use the underscore name 'script_dir' instead
[1.017s]   warnings.warn(
[1.022s] running egg_info
[1.023s] writing ../../build/map2gazebo/map2gazebo.egg-info/PKG-INFO
[1.023s] writing dependency_links to ../../build/map2gazebo/map2gazebo.egg-info/dependency_links.txt
[1.023s] writing entry points to ../../build/map2gazebo/map2gazebo.egg-info/entry_points.txt
[1.023s] writing requirements to ../../build/map2gazebo/map2gazebo.egg-info/requires.txt
[1.023s] writing top-level names to ../../build/map2gazebo/map2gazebo.egg-info/top_level.txt
[1.025s] reading manifest file '../../build/map2gazebo/map2gazebo.egg-info/SOURCES.txt'
[1.025s] writing manifest file '../../build/map2gazebo/map2gazebo.egg-info/SOURCES.txt'
[1.025s] running build
[1.025s] running build_py
[1.026s] creating /home/nyu/nav_ws/build/map2gazebo/build
[1.026s] creating /home/nyu/nav_ws/build/map2gazebo/build/lib
[1.026s] creating /home/nyu/nav_ws/build/map2gazebo/build/lib/map2gazebo
[1.026s] copying map2gazebo/map2gazebo.py -> /home/nyu/nav_ws/build/map2gazebo/build/lib/map2gazebo
[1.026s] copying map2gazebo/__init__.py -> /home/nyu/nav_ws/build/map2gazebo/build/lib/map2gazebo
[1.026s] copying map2gazebo/map2gazebo_offline.py -> /home/nyu/nav_ws/build/map2gazebo/build/lib/map2gazebo
[1.026s] running install
[1.026s] running install_lib
[1.027s] creating /home/nyu/nav_ws/install/map2gazebo/lib/python3.10/site-packages/map2gazebo
[1.027s] copying /home/nyu/nav_ws/build/map2gazebo/build/lib/map2gazebo/map2gazebo.py -> /home/nyu/nav_ws/install/map2gazebo/lib/python3.10/site-packages/map2gazebo
[1.027s] copying /home/nyu/nav_ws/build/map2gazebo/build/lib/map2gazebo/__init__.py -> /home/nyu/nav_ws/install/map2gazebo/lib/python3.10/site-packages/map2gazebo
[1.027s] copying /home/nyu/nav_ws/build/map2gazebo/build/lib/map2gazebo/map2gazebo_offline.py -> /home/nyu/nav_ws/install/map2gazebo/lib/python3.10/site-packages/map2gazebo
[1.027s] byte-compiling /home/nyu/nav_ws/install/map2gazebo/lib/python3.10/site-packages/map2gazebo/map2gazebo.py to map2gazebo.cpython-310.pyc
[1.028s] byte-compiling /home/nyu/nav_ws/install/map2gazebo/lib/python3.10/site-packages/map2gazebo/__init__.py to __init__.cpython-310.pyc
[1.028s] byte-compiling /home/nyu/nav_ws/install/map2gazebo/lib/python3.10/site-packages/map2gazebo/map2gazebo_offline.py to map2gazebo_offline.cpython-310.pyc
[1.029s] running install_data
[1.029s] copying resource/map2gazebo -> /home/nyu/nav_ws/install/map2gazebo/share/ament_index/resource_index/packages
[1.029s] copying package.xml -> /home/nyu/nav_ws/install/map2gazebo/share/map2gazebo
[1.029s] copying launch/map2gazebo.launch.py -> /home/nyu/nav_ws/install/map2gazebo/share/map2gazebo
[1.029s] copying config/default.yaml -> /home/nyu/nav_ws/install/map2gazebo/share/map2gazebo
[1.029s] running install_egg_info
[1.031s] Copying ../../build/map2gazebo/map2gazebo.egg-info to /home/nyu/nav_ws/install/map2gazebo/lib/python3.10/site-packages/map2gazebo-0.0.0-py3.10.egg-info
[1.032s] running install_scripts
[1.052s] Installing map2gazebo script to /home/nyu/nav_ws/install/map2gazebo/lib/map2gazebo
[1.052s] writing list of installed files to '/home/nyu/nav_ws/build/map2gazebo/install.log'
[1.074s] Invoked command in '/home/nyu/nav_ws/src/map2gazebo' returned '0': PYTHONPATH=/home/nyu/nav_ws/build/map2gazebo/prefix_override:/usr/lib/python3/dist-packages/colcon_core/task/python/colcon_distutils_commands:/home/nyu/nav_ws/install/map2gazebo/lib/python3.10/site-packages:${PYTHONPATH} /usr/bin/python3 -W ignore:setup.py install is deprecated -W ignore:easy_install command is deprecated setup.py egg_info --egg-base ../../build/map2gazebo build --build-base /home/nyu/nav_ws/build/map2gazebo/build install --record /home/nyu/nav_ws/build/map2gazebo/install.log --install-scripts $base/lib/map2gazebo --single-version-externally-managed install_data --force
