[0.030s] Invoking command in '/home/nyu/nav_ws/build/livox_ros_driver2': CMAKE_PREFIX_PATH=/opt/ros/humble /usr/bin/cmake --build /home/nyu/nav_ws/build/livox_ros_driver2 -- -j16 -l16
[0.255s] [  0%] Built target ament_cmake_python_symlink_livox_ros_driver2
[0.255s] [  1%] Built target livox_interfaces2__cpp
[0.255s] [  8%] Built target livox_interfaces2__rosidl_generator_c
[0.255s] [ 12%] Built target livox_ros_driver2_node
[0.255s] [ 19%] Built target livox_interfaces2__rosidl_typesupport_c
[0.256s] [ 26%] Built target livox_interfaces2__rosidl_typesupport_fastrtps_c
[0.256s] [ 33%] Built target livox_interfaces2__rosidl_typesupport_cpp
[0.256s] [ 40%] Built target livox_interfaces2__rosidl_typesupport_introspection_c
[0.257s] [ 54%] Built target livox_interfaces2__rosidl_typesupport_introspection_cpp
[0.257s] [ 54%] Built target livox_interfaces2__rosidl_typesupport_fastrtps_cpp
[0.257s] [ 54%] Built target livox_interfaces2
[0.257s] [ 56%] Built target livox_interfaces2__py
[0.258s] [ 61%] Built target livox_interfaces2__rosidl_generator_py
[0.258s] [ 89%] Built target livox_ros_driver2
[0.258s] [ 92%] Built target livox_ros_driver2__rosidl_typesupport_c__pyext
[0.258s] [ 96%] Built target livox_ros_driver2__rosidl_typesupport_fastrtps_c__pyext
[0.258s] [100%] Built target livox_ros_driver2__rosidl_typesupport_introspection_c__pyext
[0.258s] running egg_info
[0.258s] writing livox_ros_driver2.egg-info/PKG-INFO
[0.258s] writing dependency_links to livox_ros_driver2.egg-info/dependency_links.txt
[0.258s] writing top-level names to livox_ros_driver2.egg-info/top_level.txt
[0.259s] reading manifest file 'livox_ros_driver2.egg-info/SOURCES.txt'
[0.259s] writing manifest file 'livox_ros_driver2.egg-info/SOURCES.txt'
[0.295s] [100%] Built target ament_cmake_python_build_livox_ros_driver2_egg
[0.359s] Invoked command in '/home/nyu/nav_ws/build/livox_ros_driver2' returned '0': CMAKE_PREFIX_PATH=/opt/ros/humble /usr/bin/cmake --build /home/nyu/nav_ws/build/livox_ros_driver2 -- -j16 -l16
[0.360s] Invoking command in '/home/nyu/nav_ws/build/livox_ros_driver2': CMAKE_PREFIX_PATH=/opt/ros/humble /usr/bin/cmake --install /home/nyu/nav_ws/build/livox_ros_driver2
[0.374s] -- Install configuration: ""
[0.374s] -- Execute custom install script
[0.374s] -- Up-to-date symlink: /home/nyu/nav_ws/install/livox_ros_driver2/share/ament_index/resource_index/rosidl_interfaces/livox_ros_driver2
[0.374s] -- Up-to-date symlink: /home/nyu/nav_ws/install/livox_ros_driver2/include/livox_ros_driver2/livox_ros_driver2/msg/custom_msg.h
[0.374s] -- Up-to-date symlink: /home/nyu/nav_ws/install/livox_ros_driver2/include/livox_ros_driver2/livox_ros_driver2/msg/custom_point.h
[0.374s] -- Up-to-date symlink: /home/nyu/nav_ws/install/livox_ros_driver2/include/livox_ros_driver2/livox_ros_driver2/msg/detail/custom_msg__functions.h
[0.374s] -- Up-to-date symlink: /home/nyu/nav_ws/install/livox_ros_driver2/include/livox_ros_driver2/livox_ros_driver2/msg/detail/custom_msg__struct.h
[0.374s] -- Up-to-date symlink: /home/nyu/nav_ws/install/livox_ros_driver2/include/livox_ros_driver2/livox_ros_driver2/msg/detail/custom_msg__type_support.h
[0.374s] -- Up-to-date symlink: /home/nyu/nav_ws/install/livox_ros_driver2/include/livox_ros_driver2/livox_ros_driver2/msg/detail/custom_point__functions.h
[0.375s] -- Up-to-date symlink: /home/nyu/nav_ws/install/livox_ros_driver2/include/livox_ros_driver2/livox_ros_driver2/msg/detail/custom_point__struct.h
[0.375s] -- Up-to-date symlink: /home/nyu/nav_ws/install/livox_ros_driver2/include/livox_ros_driver2/livox_ros_driver2/msg/detail/custom_point__type_support.h
[0.375s] -- Up-to-date symlink: /home/nyu/nav_ws/install/livox_ros_driver2/include/livox_ros_driver2/livox_ros_driver2/msg/rosidl_generator_c__visibility_control.h
[0.375s] -- Up-to-date symlink: /home/nyu/nav_ws/install/livox_ros_driver2/share/livox_ros_driver2/environment/library_path.sh
[0.375s] -- Up-to-date symlink: /home/nyu/nav_ws/install/livox_ros_driver2/share/livox_ros_driver2/environment/library_path.dsv
[0.375s] -- Up-to-date symlink: /home/nyu/nav_ws/install/livox_ros_driver2/include/livox_ros_driver2/livox_ros_driver2/msg/detail/custom_msg__rosidl_typesupport_fastrtps_c.h
[0.375s] -- Up-to-date symlink: /home/nyu/nav_ws/install/livox_ros_driver2/include/livox_ros_driver2/livox_ros_driver2/msg/detail/custom_point__rosidl_typesupport_fastrtps_c.h
[0.375s] -- Up-to-date symlink: /home/nyu/nav_ws/install/livox_ros_driver2/include/livox_ros_driver2/livox_ros_driver2/msg/rosidl_typesupport_fastrtps_c__visibility_control.h
[0.375s] -- Up-to-date symlink: /home/nyu/nav_ws/install/livox_ros_driver2/include/livox_ros_driver2/livox_ros_driver2/msg/detail/custom_msg__rosidl_typesupport_introspection_c.h
[0.375s] -- Up-to-date symlink: /home/nyu/nav_ws/install/livox_ros_driver2/include/livox_ros_driver2/livox_ros_driver2/msg/detail/custom_point__rosidl_typesupport_introspection_c.h
[0.375s] -- Up-to-date symlink: /home/nyu/nav_ws/install/livox_ros_driver2/include/livox_ros_driver2/livox_ros_driver2/msg/rosidl_typesupport_introspection_c__visibility_control.h
[0.375s] -- Up-to-date symlink: /home/nyu/nav_ws/install/livox_ros_driver2/include/livox_ros_driver2/livox_ros_driver2/msg/custom_msg.hpp
[0.375s] -- Up-to-date symlink: /home/nyu/nav_ws/install/livox_ros_driver2/include/livox_ros_driver2/livox_ros_driver2/msg/custom_point.hpp
[0.375s] -- Up-to-date symlink: /home/nyu/nav_ws/install/livox_ros_driver2/include/livox_ros_driver2/livox_ros_driver2/msg/detail/custom_msg__builder.hpp
[0.376s] -- Up-to-date symlink: /home/nyu/nav_ws/install/livox_ros_driver2/include/livox_ros_driver2/livox_ros_driver2/msg/detail/custom_msg__struct.hpp
[0.376s] -- Up-to-date symlink: /home/nyu/nav_ws/install/livox_ros_driver2/include/livox_ros_driver2/livox_ros_driver2/msg/detail/custom_msg__traits.hpp
[0.376s] -- Up-to-date symlink: /home/nyu/nav_ws/install/livox_ros_driver2/include/livox_ros_driver2/livox_ros_driver2/msg/detail/custom_msg__type_support.hpp
[0.376s] -- Up-to-date symlink: /home/nyu/nav_ws/install/livox_ros_driver2/include/livox_ros_driver2/livox_ros_driver2/msg/detail/custom_point__builder.hpp
[0.376s] -- Up-to-date symlink: /home/nyu/nav_ws/install/livox_ros_driver2/include/livox_ros_driver2/livox_ros_driver2/msg/detail/custom_point__struct.hpp
[0.376s] -- Up-to-date symlink: /home/nyu/nav_ws/install/livox_ros_driver2/include/livox_ros_driver2/livox_ros_driver2/msg/detail/custom_point__traits.hpp
[0.376s] [33mCMake Warning (dev) at ament_cmake_symlink_install/ament_cmake_symlink_install.cmake:62 (file):
[0.376s]   Policy CMP0009 is not set: FILE GLOB_RECURSE calls should not follow
[0.376s]   symlinks by default.  Run "cmake --help-policy CMP0009" for policy details.
[0.376s]   Use the cmake_policy command to set the policy and suppress this warning.
[0.376s] Call Stack (most recent call first):
[0.376s]   ament_cmake_symlink_install/ament_cmake_symlink_install.cmake:383 (ament_cmake_symlink_install_directory)
[0.376s]   cmake_install.cmake:46 (include)
[0.376s] This warning is for project developers.  Use -Wno-dev to suppress it.
[0.376s] [0m
[0.377s] -- Up-to-date symlink: /home/nyu/nav_ws/install/livox_ros_driver2/include/livox_ros_driver2/livox_ros_driver2/msg/detail/custom_point__type_support.hpp
[0.377s] -- Up-to-date symlink: /home/nyu/nav_ws/install/livox_ros_driver2/include/livox_ros_driver2/livox_ros_driver2/msg/rosidl_generator_cpp__visibility_control.hpp
[0.377s] -- Up-to-date symlink: /home/nyu/nav_ws/install/livox_ros_driver2/include/livox_ros_driver2/livox_ros_driver2/msg/detail/custom_msg__rosidl_typesupport_fastrtps_cpp.hpp
[0.377s] -- Up-to-date symlink: /home/nyu/nav_ws/install/livox_ros_driver2/include/livox_ros_driver2/livox_ros_driver2/msg/detail/custom_point__rosidl_typesupport_fastrtps_cpp.hpp
[0.377s] -- Up-to-date symlink: /home/nyu/nav_ws/install/livox_ros_driver2/include/livox_ros_driver2/livox_ros_driver2/msg/rosidl_typesupport_fastrtps_cpp__visibility_control.h
[0.377s] -- Up-to-date symlink: /home/nyu/nav_ws/install/livox_ros_driver2/include/livox_ros_driver2/livox_ros_driver2/msg/detail/custom_msg__rosidl_typesupport_introspection_cpp.hpp
[0.377s] -- Up-to-date symlink: /home/nyu/nav_ws/install/livox_ros_driver2/include/livox_ros_driver2/livox_ros_driver2/msg/detail/custom_point__rosidl_typesupport_introspection_cpp.hpp
[0.377s] -- Up-to-date symlink: /home/nyu/nav_ws/install/livox_ros_driver2/share/livox_ros_driver2/environment/pythonpath.sh
[0.377s] -- Up-to-date symlink: /home/nyu/nav_ws/install/livox_ros_driver2/share/livox_ros_driver2/environment/pythonpath.dsv
[0.377s] -- Up-to-date symlink: /home/nyu/nav_ws/install/livox_ros_driver2/local/lib/python3.10/dist-packages/livox_ros_driver2-1.0.0-py3.10.egg-info/PKG-INFO
[0.377s] -- Up-to-date symlink: /home/nyu/nav_ws/install/livox_ros_driver2/local/lib/python3.10/dist-packages/livox_ros_driver2-1.0.0-py3.10.egg-info/SOURCES.txt
[0.377s] -- Up-to-date symlink: /home/nyu/nav_ws/install/livox_ros_driver2/local/lib/python3.10/dist-packages/livox_ros_driver2-1.0.0-py3.10.egg-info/dependency_links.txt
[0.377s] -- Up-to-date symlink: /home/nyu/nav_ws/install/livox_ros_driver2/local/lib/python3.10/dist-packages/livox_ros_driver2-1.0.0-py3.10.egg-info/top_level.txt
[0.377s] -- Up-to-date symlink: /home/nyu/nav_ws/install/livox_ros_driver2/local/lib/python3.10/dist-packages/livox_ros_driver2/__init__.py
[0.378s] -- Up-to-date symlink: /home/nyu/nav_ws/install/livox_ros_driver2/local/lib/python3.10/dist-packages/livox_ros_driver2/_livox_ros_driver2_s.ep.rosidl_typesupport_c.c
[0.378s] -- Up-to-date symlink: /home/nyu/nav_ws/install/livox_ros_driver2/local/lib/python3.10/dist-packages/livox_ros_driver2/_livox_ros_driver2_s.ep.rosidl_typesupport_fastrtps_c.c
[0.378s] -- Up-to-date symlink: /home/nyu/nav_ws/install/livox_ros_driver2/local/lib/python3.10/dist-packages/livox_ros_driver2/_livox_ros_driver2_s.ep.rosidl_typesupport_introspection_c.c
[0.378s] -- Up-to-date symlink: /home/nyu/nav_ws/install/livox_ros_driver2/local/lib/python3.10/dist-packages/livox_ros_driver2/liblivox_interfaces2__rosidl_generator_py.so
[0.378s] -- Up-to-date symlink: /home/nyu/nav_ws/install/livox_ros_driver2/local/lib/python3.10/dist-packages/livox_ros_driver2/livox_ros_driver2_s__rosidl_typesupport_c.cpython-310-x86_64-linux-gnu.so
[0.378s] -- Up-to-date symlink: /home/nyu/nav_ws/install/livox_ros_driver2/local/lib/python3.10/dist-packages/livox_ros_driver2/livox_ros_driver2_s__rosidl_typesupport_fastrtps_c.cpython-310-x86_64-linux-gnu.so
[0.378s] -- Up-to-date symlink: /home/nyu/nav_ws/install/livox_ros_driver2/local/lib/python3.10/dist-packages/livox_ros_driver2/livox_ros_driver2_s__rosidl_typesupport_introspection_c.cpython-310-x86_64-linux-gnu.so
[0.378s] -- Up-to-date symlink: /home/nyu/nav_ws/install/livox_ros_driver2/local/lib/python3.10/dist-packages/livox_ros_driver2/msg/__init__.py
[0.378s] -- Up-to-date symlink: /home/nyu/nav_ws/install/livox_ros_driver2/local/lib/python3.10/dist-packages/livox_ros_driver2/msg/_custom_msg.py
[0.378s] -- Up-to-date symlink: /home/nyu/nav_ws/install/livox_ros_driver2/local/lib/python3.10/dist-packages/livox_ros_driver2/msg/_custom_msg_s.c
[0.378s] -- Up-to-date symlink: /home/nyu/nav_ws/install/livox_ros_driver2/local/lib/python3.10/dist-packages/livox_ros_driver2/msg/_custom_point.py
[0.378s] -- Up-to-date symlink: /home/nyu/nav_ws/install/livox_ros_driver2/local/lib/python3.10/dist-packages/livox_ros_driver2/msg/_custom_point_s.c
[0.378s] -- Up-to-date symlink: /home/nyu/nav_ws/install/livox_ros_driver2/local/lib/python3.10/dist-packages/livox_ros_driver2/livox_ros_driver2_s__rosidl_typesupport_fastrtps_c.cpython-310-x86_64-linux-gnu.so
[0.378s] -- Up-to-date symlink: /home/nyu/nav_ws/install/livox_ros_driver2/local/lib/python3.10/dist-packages/livox_ros_driver2/livox_ros_driver2_s__rosidl_typesupport_introspection_c.cpython-310-x86_64-linux-gnu.so
[0.379s] -- Up-to-date symlink: /home/nyu/nav_ws/install/livox_ros_driver2/local/lib/python3.10/dist-packages/livox_ros_driver2/livox_ros_driver2_s__rosidl_typesupport_c.cpython-310-x86_64-linux-gnu.so
[0.379s] -- Up-to-date symlink: /home/nyu/nav_ws/install/livox_ros_driver2/share/livox_ros_driver2/msg/CustomPoint.idl
[0.379s] -- Up-to-date symlink: /home/nyu/nav_ws/install/livox_ros_driver2/share/livox_ros_driver2/msg/CustomMsg.idl
[0.379s] -- Up-to-date symlink: /home/nyu/nav_ws/install/livox_ros_driver2/share/livox_ros_driver2/msg/CustomPoint.msg
[0.379s] -- Up-to-date symlink: /home/nyu/nav_ws/install/livox_ros_driver2/share/livox_ros_driver2/msg/CustomMsg.msg
[0.379s] -- Up-to-date symlink: /home/nyu/nav_ws/install/livox_ros_driver2/lib/livox_ros_driver2/livox_ros_driver2_node
[0.379s] -- Up-to-date symlink: /home/nyu/nav_ws/install/livox_ros_driver2/lib/liblivox_ros_driver2.so
[0.379s] -- Up-to-date symlink: /home/nyu/nav_ws/install/livox_ros_driver2/share/livox_ros_driver2/config/HAP_config.json
[0.379s] -- Up-to-date symlink: /home/nyu/nav_ws/install/livox_ros_driver2/share/livox_ros_driver2/config/MID360_config.json
[0.379s] -- Up-to-date symlink: /home/nyu/nav_ws/install/livox_ros_driver2/share/livox_ros_driver2/config/build/.built_by
[0.379s] -- Up-to-date symlink: /home/nyu/nav_ws/install/livox_ros_driver2/share/livox_ros_driver2/config/build/COLCON_IGNORE
[0.379s] -- Up-to-date symlink: /home/nyu/nav_ws/install/livox_ros_driver2/share/livox_ros_driver2/config/display_point_cloud_ROS1.rviz
[0.379s] -- Up-to-date symlink: /home/nyu/nav_ws/install/livox_ros_driver2/share/livox_ros_driver2/config/display_point_cloud_ROS2.rviz
[0.379s] -- Up-to-date symlink: /home/nyu/nav_ws/install/livox_ros_driver2/share/livox_ros_driver2/config/install/.colcon_install_layout
[0.380s] -- Up-to-date symlink: /home/nyu/nav_ws/install/livox_ros_driver2/share/livox_ros_driver2/config/install/COLCON_IGNORE
[0.380s] -- Up-to-date symlink: /home/nyu/nav_ws/install/livox_ros_driver2/share/livox_ros_driver2/config/install/_local_setup_util_ps1.py
[0.380s] -- Up-to-date symlink: /home/nyu/nav_ws/install/livox_ros_driver2/share/livox_ros_driver2/config/install/_local_setup_util_sh.py
[0.380s] -- Up-to-date symlink: /home/nyu/nav_ws/install/livox_ros_driver2/share/livox_ros_driver2/config/install/local_setup.bash
[0.380s] -- Up-to-date symlink: /home/nyu/nav_ws/install/livox_ros_driver2/share/livox_ros_driver2/config/install/local_setup.ps1
[0.380s] -- Up-to-date symlink: /home/nyu/nav_ws/install/livox_ros_driver2/share/livox_ros_driver2/config/install/local_setup.sh
[0.380s] -- Up-to-date symlink: /home/nyu/nav_ws/install/livox_ros_driver2/share/livox_ros_driver2/config/install/local_setup.zsh
[0.380s] -- Up-to-date symlink: /home/nyu/nav_ws/install/livox_ros_driver2/share/livox_ros_driver2/config/install/setup.bash
[0.380s] -- Up-to-date symlink: /home/nyu/nav_ws/install/livox_ros_driver2/share/livox_ros_driver2/config/install/setup.ps1
[0.380s] -- Up-to-date symlink: /home/nyu/nav_ws/install/livox_ros_driver2/share/livox_ros_driver2/config/install/setup.sh
[0.380s] -- Up-to-date symlink: /home/nyu/nav_ws/install/livox_ros_driver2/share/livox_ros_driver2/config/install/setup.zsh
[0.380s] -- Up-to-date symlink: /home/nyu/nav_ws/install/livox_ros_driver2/share/livox_ros_driver2/config/log/COLCON_IGNORE
[0.381s] -- Up-to-date symlink: /home/nyu/nav_ws/install/livox_ros_driver2/share/livox_ros_driver2/config/log/build_2026-01-22_11-51-21/events.log
[0.381s] -- Up-to-date symlink: /home/nyu/nav_ws/install/livox_ros_driver2/share/livox_ros_driver2/config/log/build_2026-01-22_11-51-21/logger_all.log
[0.381s] -- Symlinking: /home/nyu/nav_ws/install/livox_ros_driver2/share/livox_ros_driver2/config/log/build_2026-01-22_12-14-31/events.log
[0.381s] -- Symlinking: /home/nyu/nav_ws/install/livox_ros_driver2/share/livox_ros_driver2/config/log/build_2026-01-22_12-14-31/logger_all.log
[0.387s] -- Up-to-date symlink: /home/nyu/nav_ws/install/livox_ros_driver2/share/livox_ros_driver2/config/log/latest/events.log
[0.387s] -- Up-to-date symlink: /home/nyu/nav_ws/install/livox_ros_driver2/share/livox_ros_driver2/config/log/latest/logger_all.log
[0.387s] -- Up-to-date symlink: /home/nyu/nav_ws/install/livox_ros_driver2/share/livox_ros_driver2/config/log/latest_build/events.log
[0.387s] -- Up-to-date symlink: /home/nyu/nav_ws/install/livox_ros_driver2/share/livox_ros_driver2/config/log/latest_build/logger_all.log
[0.387s] -- Up-to-date symlink: /home/nyu/nav_ws/install/livox_ros_driver2/share/livox_ros_driver2/config/mixed_HAP_MID360_config.json
[0.387s] -- Up-to-date symlink: /home/nyu/nav_ws/install/livox_ros_driver2/share/livox_ros_driver2/launch_ROS2/msg_HAP_launch.py
[0.387s] -- Up-to-date symlink: /home/nyu/nav_ws/install/livox_ros_driver2/share/livox_ros_driver2/launch_ROS2/msg_MID360_launch.py
[0.388s] -- Up-to-date symlink: /home/nyu/nav_ws/install/livox_ros_driver2/share/livox_ros_driver2/launch_ROS2/rviz_HAP_launch.py
[0.388s] -- Up-to-date symlink: /home/nyu/nav_ws/install/livox_ros_driver2/share/livox_ros_driver2/launch_ROS2/rviz_MID360_launch.py
[0.388s] -- Up-to-date symlink: /home/nyu/nav_ws/install/livox_ros_driver2/share/livox_ros_driver2/launch_ROS2/rviz_mixed.py
[0.388s] -- Up-to-date symlink: /home/nyu/nav_ws/install/livox_ros_driver2/share/ament_index/resource_index/package_run_dependencies/livox_ros_driver2
[0.388s] -- Up-to-date symlink: /home/nyu/nav_ws/install/livox_ros_driver2/share/ament_index/resource_index/parent_prefix_path/livox_ros_driver2
[0.388s] -- Up-to-date symlink: /home/nyu/nav_ws/install/livox_ros_driver2/share/livox_ros_driver2/environment/ament_prefix_path.sh
[0.388s] -- Up-to-date symlink: /home/nyu/nav_ws/install/livox_ros_driver2/share/livox_ros_driver2/environment/ament_prefix_path.dsv
[0.388s] -- Up-to-date symlink: /home/nyu/nav_ws/install/livox_ros_driver2/share/livox_ros_driver2/environment/path.sh
[0.388s] -- Up-to-date symlink: /home/nyu/nav_ws/install/livox_ros_driver2/share/livox_ros_driver2/environment/path.dsv
[0.388s] -- Up-to-date symlink: /home/nyu/nav_ws/install/livox_ros_driver2/share/livox_ros_driver2/local_setup.bash
[0.388s] -- Up-to-date symlink: /home/nyu/nav_ws/install/livox_ros_driver2/share/livox_ros_driver2/local_setup.sh
[0.388s] -- Up-to-date symlink: /home/nyu/nav_ws/install/livox_ros_driver2/share/livox_ros_driver2/local_setup.zsh
[0.388s] -- Up-to-date symlink: /home/nyu/nav_ws/install/livox_ros_driver2/share/livox_ros_driver2/local_setup.dsv
[0.389s] -- Symlinking: /home/nyu/nav_ws/install/livox_ros_driver2/share/livox_ros_driver2/package.dsv
[0.396s] -- Up-to-date symlink: /home/nyu/nav_ws/install/livox_ros_driver2/share/ament_index/resource_index/packages/livox_ros_driver2
[0.396s] -- Up-to-date symlink: /home/nyu/nav_ws/install/livox_ros_driver2/share/ament_index/resource_index/rclcpp_components/livox_ros_driver2
[0.396s] -- Up-to-date symlink: /home/nyu/nav_ws/install/livox_ros_driver2/share/livox_ros_driver2/cmake/rosidl_cmake-extras.cmake
[0.396s] -- Up-to-date symlink: /home/nyu/nav_ws/install/livox_ros_driver2/share/livox_ros_driver2/cmake/ament_cmake_export_dependencies-extras.cmake
[0.396s] -- Up-to-date symlink: /home/nyu/nav_ws/install/livox_ros_driver2/share/livox_ros_driver2/cmake/ament_cmake_export_include_directories-extras.cmake
[0.396s] -- Up-to-date symlink: /home/nyu/nav_ws/install/livox_ros_driver2/share/livox_ros_driver2/cmake/ament_cmake_export_libraries-extras.cmake
[0.396s] -- Up-to-date symlink: /home/nyu/nav_ws/install/livox_ros_driver2/share/livox_ros_driver2/cmake/ament_cmake_export_targets-extras.cmake
[0.396s] -- Up-to-date symlink: /home/nyu/nav_ws/install/livox_ros_driver2/share/livox_ros_driver2/cmake/rosidl_cmake_export_typesupport_targets-extras.cmake
[0.396s] -- Up-to-date symlink: /home/nyu/nav_ws/install/livox_ros_driver2/share/livox_ros_driver2/cmake/rosidl_cmake_export_typesupport_libraries-extras.cmake
[0.396s] -- Up-to-date symlink: /home/nyu/nav_ws/install/livox_ros_driver2/share/livox_ros_driver2/cmake/livox_ros_driver2Config.cmake
[0.397s] -- Up-to-date symlink: /home/nyu/nav_ws/install/livox_ros_driver2/share/livox_ros_driver2/cmake/livox_ros_driver2Config-version.cmake
[0.397s] -- Up-to-date symlink: /home/nyu/nav_ws/install/livox_ros_driver2/share/livox_ros_driver2/package.xml
[0.397s] -- Up-to-date: /home/nyu/nav_ws/install/livox_ros_driver2/lib/liblivox_ros_driver2__rosidl_generator_c.so
[0.397s] -- Up-to-date: /home/nyu/nav_ws/install/livox_ros_driver2/lib/liblivox_ros_driver2__rosidl_typesupport_fastrtps_c.so
[0.397s] -- Up-to-date: /home/nyu/nav_ws/install/livox_ros_driver2/lib/liblivox_ros_driver2__rosidl_typesupport_introspection_c.so
[0.397s] -- Up-to-date: /home/nyu/nav_ws/install/livox_ros_driver2/lib/liblivox_ros_driver2__rosidl_typesupport_c.so
[0.397s] -- Up-to-date: /home/nyu/nav_ws/install/livox_ros_driver2/lib/liblivox_ros_driver2__rosidl_typesupport_fastrtps_cpp.so
[0.397s] -- Up-to-date: /home/nyu/nav_ws/install/livox_ros_driver2/lib/liblivox_ros_driver2__rosidl_typesupport_introspection_cpp.so
[0.397s] -- Up-to-date: /home/nyu/nav_ws/install/livox_ros_driver2/lib/liblivox_ros_driver2__rosidl_typesupport_cpp.so
[0.418s] Listing '/home/nyu/nav_ws/install/livox_ros_driver2/local/lib/python3.10/dist-packages/livox_ros_driver2'...
[0.418s] Listing '/home/nyu/nav_ws/install/livox_ros_driver2/local/lib/python3.10/dist-packages/livox_ros_driver2/msg'...
[0.421s] -- Up-to-date: /home/nyu/nav_ws/install/livox_ros_driver2/lib/liblivox_interfaces2__rosidl_generator_py.so
[0.422s] -- Up-to-date: /home/nyu/nav_ws/install/livox_ros_driver2/share/livox_ros_driver2/cmake/export_livox_interfaces2__rosidl_generator_cExport.cmake
[0.422s] -- Up-to-date: /home/nyu/nav_ws/install/livox_ros_driver2/share/livox_ros_driver2/cmake/export_livox_interfaces2__rosidl_generator_cExport-noconfig.cmake
[0.422s] -- Up-to-date: /home/nyu/nav_ws/install/livox_ros_driver2/share/livox_ros_driver2/cmake/export_livox_interfaces2__rosidl_typesupport_fastrtps_cExport.cmake
[0.423s] -- Up-to-date: /home/nyu/nav_ws/install/livox_ros_driver2/share/livox_ros_driver2/cmake/export_livox_interfaces2__rosidl_typesupport_fastrtps_cExport-noconfig.cmake
[0.423s] -- Up-to-date: /home/nyu/nav_ws/install/livox_ros_driver2/share/livox_ros_driver2/cmake/livox_interfaces2__rosidl_typesupport_introspection_cExport.cmake
[0.423s] -- Up-to-date: /home/nyu/nav_ws/install/livox_ros_driver2/share/livox_ros_driver2/cmake/livox_interfaces2__rosidl_typesupport_introspection_cExport-noconfig.cmake
[0.423s] -- Up-to-date: /home/nyu/nav_ws/install/livox_ros_driver2/share/livox_ros_driver2/cmake/livox_interfaces2__rosidl_typesupport_cExport.cmake
[0.423s] -- Up-to-date: /home/nyu/nav_ws/install/livox_ros_driver2/share/livox_ros_driver2/cmake/livox_interfaces2__rosidl_typesupport_cExport-noconfig.cmake
[0.423s] -- Up-to-date: /home/nyu/nav_ws/install/livox_ros_driver2/share/livox_ros_driver2/cmake/export_livox_interfaces2__rosidl_generator_cppExport.cmake
[0.423s] -- Up-to-date: /home/nyu/nav_ws/install/livox_ros_driver2/share/livox_ros_driver2/cmake/export_livox_interfaces2__rosidl_typesupport_fastrtps_cppExport.cmake
[0.423s] -- Up-to-date: /home/nyu/nav_ws/install/livox_ros_driver2/share/livox_ros_driver2/cmake/export_livox_interfaces2__rosidl_typesupport_fastrtps_cppExport-noconfig.cmake
[0.423s] -- Up-to-date: /home/nyu/nav_ws/install/livox_ros_driver2/share/livox_ros_driver2/cmake/livox_interfaces2__rosidl_typesupport_introspection_cppExport.cmake
[0.423s] -- Up-to-date: /home/nyu/nav_ws/install/livox_ros_driver2/share/livox_ros_driver2/cmake/livox_interfaces2__rosidl_typesupport_introspection_cppExport-noconfig.cmake
[0.423s] -- Up-to-date: /home/nyu/nav_ws/install/livox_ros_driver2/share/livox_ros_driver2/cmake/livox_interfaces2__rosidl_typesupport_cppExport.cmake
[0.423s] -- Up-to-date: /home/nyu/nav_ws/install/livox_ros_driver2/share/livox_ros_driver2/cmake/livox_interfaces2__rosidl_typesupport_cppExport-noconfig.cmake
[0.423s] -- Up-to-date: /home/nyu/nav_ws/install/livox_ros_driver2/share/livox_ros_driver2/cmake/export_livox_interfaces2__rosidl_generator_pyExport.cmake
[0.423s] -- Up-to-date: /home/nyu/nav_ws/install/livox_ros_driver2/share/livox_ros_driver2/cmake/export_livox_interfaces2__rosidl_generator_pyExport-noconfig.cmake
[0.429s] Invoked command in '/home/nyu/nav_ws/build/livox_ros_driver2' returned '0': CMAKE_PREFIX_PATH=/opt/ros/humble /usr/bin/cmake --install /home/nyu/nav_ws/build/livox_ros_driver2
