[0.189s] Invoking command in '/home/nyu/nav_ws/build/rm_nav_bringup': CMAKE_PREFIX_PATH=${CMAKE_PREFIX_PATH}:/home/nyu/nav_ws/install/map2gazebo:/opt/ros/humble /usr/bin/cmake /home/nyu/nav_ws/src/pb_rm_simulation/src/rm_nav_bringup -DAMENT_CMAKE_SYMLINK_INSTALL=1 -DCMAKE_INSTALL_PREFIX=/home/nyu/nav_ws/install/rm_nav_bringup
[0.244s] -- The C compiler identification is GNU 11.4.0
[0.309s] -- The CXX compiler identification is GNU 11.4.0
[0.317s] -- Detecting C compiler ABI info
[0.390s] -- Detecting C compiler ABI info - done
[0.398s] -- Check for working C compiler: /usr/bin/cc - skipped
[0.399s] -- Detecting C compile features
[0.400s] -- Detecting C compile features - done
[0.402s] -- Detecting CXX compiler ABI info
[0.493s] -- Detecting CXX compiler ABI info - done
[0.499s] -- Check for working CXX compiler: /usr/bin/c++ - skipped
[0.499s] -- Detecting CXX compile features
[0.499s] -- Detecting CXX compile features - done
[0.501s] -- Found ament_cmake_auto: 1.3.12 (/opt/ros/humble/share/ament_cmake_auto/cmake)
[0.647s] -- Found Python3: /usr/bin/python3 (found version "3.10.12") found components: Interpreter 
[0.705s] -- Override CMake install command with custom implementation using symlinks instead of copying resources
[0.739s] -- Found ament_lint_auto: 0.12.14 (/opt/ros/humble/share/ament_lint_auto/cmake)
[0.810s] -- Configuring done
[0.811s] -- Generating done
[0.812s] -- Build files have been written to: /home/nyu/nav_ws/build/rm_nav_bringup
[0.815s] Invoked command in '/home/nyu/nav_ws/build/rm_nav_bringup' returned '0': CMAKE_PREFIX_PATH=${CMAKE_PREFIX_PATH}:/home/nyu/nav_ws/install/map2gazebo:/opt/ros/humble /usr/bin/cmake /home/nyu/nav_ws/src/pb_rm_simulation/src/rm_nav_bringup -DAMENT_CMAKE_SYMLINK_INSTALL=1 -DCMAKE_INSTALL_PREFIX=/home/nyu/nav_ws/install/rm_nav_bringup
[0.816s] Invoking command in '/home/nyu/nav_ws/build/rm_nav_bringup': CMAKE_PREFIX_PATH=${CMAKE_PREFIX_PATH}:/home/nyu/nav_ws/install/map2gazebo:/opt/ros/humble /usr/bin/cmake --build /home/nyu/nav_ws/build/rm_nav_bringup -- -j16 -l16
[0.868s] Invoked command in '/home/nyu/nav_ws/build/rm_nav_bringup' returned '0': CMAKE_PREFIX_PATH=${CMAKE_PREFIX_PATH}:/home/nyu/nav_ws/install/map2gazebo:/opt/ros/humble /usr/bin/cmake --build /home/nyu/nav_ws/build/rm_nav_bringup -- -j16 -l16
[0.869s] Invoking command in '/home/nyu/nav_ws/build/rm_nav_bringup': CMAKE_PREFIX_PATH=${CMAKE_PREFIX_PATH}:/home/nyu/nav_ws/install/map2gazebo:/opt/ros/humble /usr/bin/cmake --install /home/nyu/nav_ws/build/rm_nav_bringup
[1.232s] -- Install configuration: ""
[1.232s] -- Execute custom install script
[1.232s] -- Symlinking: /home/nyu/nav_ws/install/rm_nav_bringup/share/rm_nav_bringup/launch/bringup_real.launch.py
[1.232s] -- Symlinking: /home/nyu/nav_ws/install/rm_nav_bringup/share/rm_nav_bringup/launch/bringup_sim.launch.py
[1.232s] -- Symlinking: /home/nyu/nav_ws/install/rm_nav_bringup/share/rm_nav_bringup/config/reality/MID360_config.json
[1.232s] -- Symlinking: /home/nyu/nav_ws/install/rm_nav_bringup/share/rm_nav_bringup/config/reality/fastlio_mid360_real.yaml
[1.232s] -- Symlinking: /home/nyu/nav_ws/install/rm_nav_bringup/share/rm_nav_bringup/config/reality/icp_registration_real.yaml
[1.232s] -- Symlinking: /home/nyu/nav_ws/install/rm_nav_bringup/share/rm_nav_bringup/config/reality/mapper_params_localization_real.yaml
[1.232s] -- Symlinking: /home/nyu/nav_ws/install/rm_nav_bringup/share/rm_nav_bringup/config/reality/mapper_params_online_async_real.yaml
[1.232s] -- Symlinking: /home/nyu/nav_ws/install/rm_nav_bringup/share/rm_nav_bringup/config/reality/measurement_params_real.yaml
[1.232s] -- Symlinking: /home/nyu/nav_ws/install/rm_nav_bringup/share/rm_nav_bringup/config/reality/nav2_params_real.yaml
[1.233s] -- Symlinking: /home/nyu/nav_ws/install/rm_nav_bringup/share/rm_nav_bringup/config/reality/pointlio_mid360_real.yaml
[1.233s] -- Symlinking: /home/nyu/nav_ws/install/rm_nav_bringup/share/rm_nav_bringup/config/reality/segmentation_real.yaml
[1.233s] -- Symlinking: /home/nyu/nav_ws/install/rm_nav_bringup/share/rm_nav_bringup/config/simulation/fastlio_mid360_sim.yaml
[1.233s] -- Symlinking: /home/nyu/nav_ws/install/rm_nav_bringup/share/rm_nav_bringup/config/simulation/icp_registration_sim.yaml
[1.233s] -- Symlinking: /home/nyu/nav_ws/install/rm_nav_bringup/share/rm_nav_bringup/config/simulation/mapper_params_localization_sim.yaml
[1.233s] -- Symlinking: /home/nyu/nav_ws/install/rm_nav_bringup/share/rm_nav_bringup/config/simulation/mapper_params_online_async_sim.yaml
[1.233s] -- Symlinking: /home/nyu/nav_ws/install/rm_nav_bringup/share/rm_nav_bringup/config/simulation/measurement_params_sim.yaml
[1.233s] -- Symlinking: /home/nyu/nav_ws/install/rm_nav_bringup/share/rm_nav_bringup/config/simulation/nav2_params_sim.yaml
[1.233s] -- Symlinking: /home/nyu/nav_ws/install/rm_nav_bringup/share/rm_nav_bringup/config/simulation/pointlio_mid360_sim.yaml
[1.233s] -- Symlinking: /home/nyu/nav_ws/install/rm_nav_bringup/share/rm_nav_bringup/config/simulation/segmentation_sim.yaml
[1.233s] -- Symlinking: /home/nyu/nav_ws/install/rm_nav_bringup/share/rm_nav_bringup/map/RMUC.data
[1.233s] -- Symlinking: /home/nyu/nav_ws/install/rm_nav_bringup/share/rm_nav_bringup/map/RMUC.pgm
[1.233s] -- Symlinking: /home/nyu/nav_ws/install/rm_nav_bringup/share/rm_nav_bringup/map/RMUC.posegraph
[1.233s] -- Symlinking: /home/nyu/nav_ws/install/rm_nav_bringup/share/rm_nav_bringup/map/RMUC.yaml
[1.233s] -- Symlinking: /home/nyu/nav_ws/install/rm_nav_bringup/share/rm_nav_bringup/map/RMUL.data
[1.234s] -- Symlinking: /home/nyu/nav_ws/install/rm_nav_bringup/share/rm_nav_bringup/map/RMUL.pgm
[1.234s] -- Symlinking: /home/nyu/nav_ws/install/rm_nav_bringup/share/rm_nav_bringup/map/RMUL.posegraph
[1.241s] -- Symlinking: /home/nyu/nav_ws/install/rm_nav_bringup/share/rm_nav_bringup/map/RMUL.yaml
[1.259s] -- Symlinking: /home/nyu/nav_ws/install/rm_nav_bringup/share/rm_nav_bringup/PCD/RMUC.pcd
[1.272s] -- Symlinking: /home/nyu/nav_ws/install/rm_nav_bringup/share/rm_nav_bringup/PCD/RMUL.pcd
[1.284s] -- Symlinking: /home/nyu/nav_ws/install/rm_nav_bringup/share/rm_nav_bringup/rviz/fastlio.rviz
[1.298s] -- Symlinking: /home/nyu/nav_ws/install/rm_nav_bringup/share/rm_nav_bringup/rviz/pointlio.rviz
[1.316s] -- Symlinking: /home/nyu/nav_ws/install/rm_nav_bringup/share/rm_nav_bringup/urdf/sentry_robot_real.xacro
[1.336s] -- Symlinking: /home/nyu/nav_ws/install/rm_nav_bringup/share/rm_nav_bringup/urdf/sentry_robot_sim.xacro
[1.342s] -- Symlinking: /home/nyu/nav_ws/install/rm_nav_bringup/share/ament_index/resource_index/package_run_dependencies/rm_nav_bringup
[1.352s] -- Symlinking: /home/nyu/nav_ws/install/rm_nav_bringup/share/ament_index/resource_index/parent_prefix_path/rm_nav_bringup
[1.364s] -- Symlinking: /home/nyu/nav_ws/install/rm_nav_bringup/share/rm_nav_bringup/environment/ament_prefix_path.sh
[1.377s] -- Symlinking: /home/nyu/nav_ws/install/rm_nav_bringup/share/rm_nav_bringup/environment/ament_prefix_path.dsv
[1.388s] -- Symlinking: /home/nyu/nav_ws/install/rm_nav_bringup/share/rm_nav_bringup/environment/path.sh
[1.400s] -- Symlinking: /home/nyu/nav_ws/install/rm_nav_bringup/share/rm_nav_bringup/environment/path.dsv
[1.412s] -- Symlinking: /home/nyu/nav_ws/install/rm_nav_bringup/share/rm_nav_bringup/local_setup.bash
[1.426s] -- Symlinking: /home/nyu/nav_ws/install/rm_nav_bringup/share/rm_nav_bringup/local_setup.sh
[1.439s] -- Symlinking: /home/nyu/nav_ws/install/rm_nav_bringup/share/rm_nav_bringup/local_setup.zsh
[1.449s] -- Symlinking: /home/nyu/nav_ws/install/rm_nav_bringup/share/rm_nav_bringup/local_setup.dsv
[1.470s] -- Symlinking: /home/nyu/nav_ws/install/rm_nav_bringup/share/rm_nav_bringup/package.dsv
[1.472s] -- Symlinking: /home/nyu/nav_ws/install/rm_nav_bringup/share/ament_index/resource_index/packages/rm_nav_bringup
[1.481s] -- Symlinking: /home/nyu/nav_ws/install/rm_nav_bringup/share/rm_nav_bringup/cmake/rm_nav_bringupConfig.cmake
[1.492s] -- Symlinking: /home/nyu/nav_ws/install/rm_nav_bringup/share/rm_nav_bringup/cmake/rm_nav_bringupConfig-version.cmake
[1.507s] -- Symlinking: /home/nyu/nav_ws/install/rm_nav_bringup/share/rm_nav_bringup/package.xml
[1.522s] Invoked command in '/home/nyu/nav_ws/build/rm_nav_bringup' returned '0': CMAKE_PREFIX_PATH=${CMAKE_PREFIX_PATH}:/home/nyu/nav_ws/install/map2gazebo:/opt/ros/humble /usr/bin/cmake --install /home/nyu/nav_ws/build/rm_nav_bringup
