[0.685s] Invoking command in '/home/nyu/nav_ws/build/map2gazebo': PYTHONPATH=/home/nyu/nav_ws/build/map2gazebo/prefix_override:/usr/lib/python3/dist-packages/colcon_core/task/python/colcon_distutils_commands:/home/nyu/nav_ws/install/map2gazebo/lib/python3.10/site-packages:${PYTHONPATH} /usr/bin/python3 -W ignore:setup.py install is deprecated -W ignore:easy_install command is deprecated setup.py develop --editable --build-directory /home/nyu/nav_ws/build/map2gazebo/build --no-deps symlink_data
[0.970s] /usr/lib/python3/dist-packages/setuptools/dist.py:723: UserWarning: Usage of dash-separated 'script-dir' will not be supported in future versions. Please use the underscore name 'script_dir' instead
[0.970s]   warnings.warn(
[1.014s] running develop
[1.249s] running egg_info
[1.249s] creating map2gazebo.egg-info
[1.249s] writing map2gazebo.egg-info/PKG-INFO
[1.249s] writing dependency_links to map2gazebo.egg-info/dependency_links.txt
[1.249s] writing entry points to map2gazebo.egg-info/entry_points.txt
[1.250s] writing requirements to map2gazebo.egg-info/requires.txt
[1.253s] writing top-level names to map2gazebo.egg-info/top_level.txt
[1.253s] writing manifest file 'map2gazebo.egg-info/SOURCES.txt'
[1.253s] reading manifest file 'map2gazebo.egg-info/SOURCES.txt'
[1.254s] writing manifest file 'map2gazebo.egg-info/SOURCES.txt'
[1.256s] running build_ext
[1.257s] Creating /home/nyu/nav_ws/install/map2gazebo/lib/python3.10/site-packages/map2gazebo.egg-link (link to .)
[1.258s] Installing map2gazebo script to /home/nyu/nav_ws/install/map2gazebo/lib/map2gazebo
[1.258s] 
[1.258s] Installed /home/nyu/nav_ws/build/map2gazebo
[1.258s] running symlink_data
[1.258s] creating /home/nyu/nav_ws/install/map2gazebo/share/ament_index
[1.258s] creating /home/nyu/nav_ws/install/map2gazebo/share/ament_index/resource_index
[1.258s] creating /home/nyu/nav_ws/install/map2gazebo/share/ament_index/resource_index/packages
[1.258s] symbolically linking /home/nyu/nav_ws/build/map2gazebo/resource/map2gazebo -> /home/nyu/nav_ws/install/map2gazebo/share/ament_index/resource_index/packages
[1.259s] symbolically linking /home/nyu/nav_ws/build/map2gazebo/package.xml -> /home/nyu/nav_ws/install/map2gazebo/share/map2gazebo
[1.259s] symbolically linking /home/nyu/nav_ws/build/map2gazebo/launch/map2gazebo.launch.py -> /home/nyu/nav_ws/install/map2gazebo/share/map2gazebo
[1.259s] symbolically linking /home/nyu/nav_ws/build/map2gazebo/config/default.yaml -> /home/nyu/nav_ws/install/map2gazebo/share/map2gazebo
[1.344s] Invoked command in '/home/nyu/nav_ws/build/map2gazebo' returned '0': PYTHONPATH=/home/nyu/nav_ws/build/map2gazebo/prefix_override:/usr/lib/python3/dist-packages/colcon_core/task/python/colcon_distutils_commands:/home/nyu/nav_ws/install/map2gazebo/lib/python3.10/site-packages:${PYTHONPATH} /usr/bin/python3 -W ignore:setup.py install is deprecated -W ignore:easy_install command is deprecated setup.py develop --editable --build-directory /home/nyu/nav_ws/build/map2gazebo/build --no-deps symlink_data
