[0.027s] Invoking command in '/home/nyu/nav_ws/build/livox_ros_driver2': CMAKE_PREFIX_PATH=/opt/ros/humble /usr/bin/cmake /home/nyu/nav_ws/src/livox_ros_driver2 -DCMAKE_INSTALL_PREFIX=/home/nyu/nav_ws/install/livox_ros_driver2
[0.228s] -- The C compiler identification is GNU 11.4.0
[0.229s] -- The CXX compiler identification is GNU 11.4.0
[0.229s] -- Detecting C compiler ABI info
[0.229s] -- Detecting C compiler ABI info - done
[0.229s] -- Check for working C compiler: /usr/bin/cc - skipped
[0.229s] -- Detecting C compile features
[0.230s] -- Detecting C compile features - done
[0.230s] -- Detecting CXX compiler ABI info
[0.264s] -- Detecting CXX compiler ABI info - done
[0.274s] -- Check for working CXX compiler: /usr/bin/c++ - skipped
[0.274s] -- Detecting CXX compile features
[0.274s] -- Detecting CXX compile features - done
[0.276s] -- livox_ros_driver2 version: 1.2.4
[0.278s] -- Found ament_cmake_auto: 1.3.12 (/opt/ros/humble/share/ament_cmake_auto/cmake)
[0.456s] -- Found Python3: /usr/bin/python3 (found version "3.10.12") found components: Interpreter 
[0.664s] -- Using all available rosidl_typesupport_c: rosidl_typesupport_fastrtps_c;rosidl_typesupport_introspection_c
[0.673s] -- Found rosidl_adapter: 3.1.7 (/opt/ros/humble/share/rosidl_adapter/cmake)
[0.727s] -- Using all available rosidl_typesupport_cpp: rosidl_typesupport_fastrtps_cpp;rosidl_typesupport_introspection_cpp
[0.830s] -- Found rmw_implementation_cmake: 6.1.2 (/opt/ros/humble/share/rmw_implementation_cmake/cmake)
[0.834s] -- Found rmw_fastrtps_cpp: 6.2.9 (/opt/ros/humble/share/rmw_fastrtps_cpp/cmake)
[0.943s] -- Found OpenSSL: /usr/lib/x86_64-linux-gnu/libcrypto.so (found version "3.0.2")  
[0.975s] -- Found FastRTPS: /opt/ros/humble/include  
[1.030s] -- Using RMW implementation 'rmw_fastrtps_cpp' as default
[1.043s] -- Looking for pthread.h
[1.140s] -- Looking for pthread.h - found
[1.141s] -- Performing Test CMAKE_HAVE_LIBC_PTHREAD
[1.238s] -- Performing Test CMAKE_HAVE_LIBC_PTHREAD - Success
[1.239s] -- Found Threads: TRUE  
[1.428s] -- Checking for module 'eigen3'
[1.446s] --   Found eigen3, version 3.4.0
[1.482s] -- Found Eigen: /usr/include/eigen3 (Required is at least version "3.1") 
[1.482s] -- Eigen found (include: /usr/include/eigen3, version: 3.4.0)
[1.515s] -- Checking for module 'flann'
[1.528s] --   Found flann, version 1.9.1
[1.566s] -- Found FLANN: /usr/lib/x86_64-linux-gnu/libflann_cpp.so  
[1.566s] -- FLANN found (include: /usr/include, lib: /usr/lib/x86_64-linux-gnu/libflann_cpp.so)
[2.646s] -- Checking for module 'libusb-1.0'
[2.660s] --   Found libusb-1.0, version 1.0.25
[2.704s] -- Found libusb: /usr/lib/x86_64-linux-gnu/libusb-1.0.so  
[2.706s] -- OpenNI found (version: 1.5.4.0, include: /usr/include/ni, lib: /usr/lib/libOpenNI.so;libusb::libusb)
[2.778s] -- OpenNI2 found (version: 2.2.0.33, include: /usr/include/openni2, lib: /usr/lib/x86_64-linux-gnu/libOpenNI2.so;libusb::libusb)
[2.953s] -- Eigen found (include: /usr/include/eigen3, version: 3.4.0)
[2.959s] -- OpenNI found (version: 1.5.4.0, include: /usr/include/ni, lib: /usr/lib/libOpenNI.so;libusb::libusb)
[2.965s] -- OpenNI2 found (version: 2.2.0.33, include: /usr/include/openni2, lib: /usr/lib/x86_64-linux-gnu/libOpenNI2.so;libusb::libusb)
[3.083s] -- Found Qhull version 8.0.2
[3.204s] -- OpenNI found (version: 1.5.4.0, include: /usr/include/ni, lib: /usr/lib/libOpenNI.so;libusb::libusb)
[3.323s] -- Found PCL_COMMON: /usr/lib/x86_64-linux-gnu/libpcl_common.so  
[3.324s] -- Found PCL_KDTREE: /usr/lib/x86_64-linux-gnu/libpcl_kdtree.so  
[3.325s] -- Found PCL_OCTREE: /usr/lib/x86_64-linux-gnu/libpcl_octree.so  
[3.325s] -- Found PCL_SEARCH: /usr/lib/x86_64-linux-gnu/libpcl_search.so  
[3.326s] -- Found PCL_SAMPLE_CONSENSUS: /usr/lib/x86_64-linux-gnu/libpcl_sample_consensus.so  
[3.326s] -- Found PCL_FILTERS: /usr/lib/x86_64-linux-gnu/libpcl_filters.so  
[3.327s] -- Found PCL_2D: /usr/include/pcl-1.12  
[3.327s] -- Found PCL_GEOMETRY: /usr/include/pcl-1.12  
[3.328s] -- Found PCL_IO: /usr/lib/x86_64-linux-gnu/libpcl_io.so  
[3.328s] -- Found PCL_FEATURES: /usr/lib/x86_64-linux-gnu/libpcl_features.so  
[3.329s] -- Found PCL_ML: /usr/lib/x86_64-linux-gnu/libpcl_ml.so  
[3.330s] -- Found PCL_SEGMENTATION: /usr/lib/x86_64-linux-gnu/libpcl_segmentation.so  
[3.331s] -- Found PCL_VISUALIZATION: /usr/lib/x86_64-linux-gnu/libpcl_visualization.so  
[3.331s] -- Found PCL_SURFACE: /usr/lib/x86_64-linux-gnu/libpcl_surface.so  
[3.332s] -- Found PCL_REGISTRATION: /usr/lib/x86_64-linux-gnu/libpcl_registration.so  
[3.333s] -- Found PCL_KEYPOINTS: /usr/lib/x86_64-linux-gnu/libpcl_keypoints.so  
[3.333s] -- Found PCL_TRACKING: /usr/lib/x86_64-linux-gnu/libpcl_tracking.so  
[3.334s] -- Found PCL_RECOGNITION: /usr/lib/x86_64-linux-gnu/libpcl_recognition.so  
[3.335s] -- Found PCL_STEREO: /usr/lib/x86_64-linux-gnu/libpcl_stereo.so  
[3.336s] -- Found PCL_APPS: /usr/lib/x86_64-linux-gnu/libpcl_apps.so  
[3.336s] -- Found PCL_IN_HAND_SCANNER: /usr/include/pcl-1.12  
[3.337s] -- Found PCL_MODELER: /usr/include/pcl-1.12  
[3.337s] -- Found PCL_POINT_CLOUD_EDITOR: /usr/include/pcl-1.12  
[3.338s] -- Found PCL_OUTOFCORE: /usr/lib/x86_64-linux-gnu/libpcl_outofcore.so  
[3.338s] -- Found PCL_PEOPLE: /usr/lib/x86_64-linux-gnu/libpcl_people.so  
[3.373s] -- Found PkgConfig: /usr/bin/pkg-config (found version "0.29.2") 
[3.374s] -- Checking for module 'apr-1'
[3.390s] --   Found apr-1, version 1.7.0
[3.423s] [0m/usr/include/apr-1.0[0m
[3.424s] [0mapr-1[0m
[3.601s] -- Found ament_cmake_ros: 0.10.0 (/opt/ros/humble/share/ament_cmake_ros/cmake)
[3.844s] -- Using all available rosidl_typesupport_c: rosidl_typesupport_fastrtps_c;rosidl_typesupport_introspection_c
[4.227s] -- Using all available rosidl_typesupport_cpp: rosidl_typesupport_fastrtps_cpp;rosidl_typesupport_introspection_cpp
[4.259s] -- Found PythonInterp: /usr/bin/python3 (found suitable version "3.10.12", minimum required is "3.6") 
[4.262s] -- Found python_cmake_module: 0.10.0 (/opt/ros/humble/share/python_cmake_module/cmake)
[4.297s] -- Found PythonLibs: /usr/lib/x86_64-linux-gnu/libpython3.10.so (found suitable version "3.10.12", minimum required is "3.5") 
[4.297s] -- Using PYTHON_EXECUTABLE: /usr/bin/python3
[4.297s] -- Using PYTHON_INCLUDE_DIRS: /usr/include/python3.10
[4.297s] -- Using PYTHON_LIBRARIES: /usr/lib/x86_64-linux-gnu/libpython3.10.so
[4.329s] -- Found PythonExtra: .so  
[4.411s] -- Found ament_lint_auto: 0.12.14 (/opt/ros/humble/share/ament_lint_auto/cmake)
[4.442s] -- Added test 'copyright' to check source files copyright and LICENSE
[4.449s] -- Added test 'cppcheck' to perform static code analysis on C / C++ code
[4.451s] -- Configured cppcheck include dirs: /home/nyu/nav_ws/src/livox_ros_driver2/3rdparty;/home/nyu/nav_ws/src/livox_ros_driver2/src
[4.451s] -- Configured cppcheck exclude dirs and/or files: 
[4.458s] -- Added test 'cpplint' to check C / C++ code against the Google style
[4.459s] -- Configured cpplint exclude dirs and/or files: 
[4.460s] -- Added test 'flake8' to check Python code syntax and style conventions
[4.463s] -- Added test 'lint_cmake' to check CMake code style
[4.464s] -- Added test 'pep257' to check Python code against some of the docstring style conventions in PEP 257
[4.472s] -- Added test 'uncrustify' to check C / C++ code style
[4.472s] -- Configured uncrustify additional arguments: 
[4.473s] -- Added test 'xmllint' to check XML markup files
[4.477s] -- Configuring done
[4.570s] -- Generating done
[4.601s] -- Build files have been written to: /home/nyu/nav_ws/build/livox_ros_driver2
[4.644s] Invoked command in '/home/nyu/nav_ws/build/livox_ros_driver2' returned '0': CMAKE_PREFIX_PATH=/opt/ros/humble /usr/bin/cmake /home/nyu/nav_ws/src/livox_ros_driver2 -DCMAKE_INSTALL_PREFIX=/home/nyu/nav_ws/install/livox_ros_driver2
[4.646s] Invoking command in '/home/nyu/nav_ws/build/livox_ros_driver2': CMAKE_PREFIX_PATH=/opt/ros/humble /usr/bin/cmake --build /home/nyu/nav_ws/build/livox_ros_driver2 -- -j16 -l16
[4.708s] [  1%] [34m[1mGenerating C code for ROS interfaces[0m
[4.721s] [  3%] [32mBuilding CXX object CMakeFiles/livox_ros_driver2_node.dir/rclcpp_components/node_main_livox_ros_driver2_node.cpp.o[0m
[4.730s] [  5%] [34m[1mGenerating C++ code for ROS interfaces[0m
[4.732s] [  5%] Built target ament_cmake_python_copy_livox_ros_driver2
[5.045s] running egg_info
[5.048s] creating livox_ros_driver2.egg-info
[5.048s] writing livox_ros_driver2.egg-info/PKG-INFO
[5.048s] writing dependency_links to livox_ros_driver2.egg-info/dependency_links.txt
[5.049s] writing top-level names to livox_ros_driver2.egg-info/top_level.txt
[5.049s] writing manifest file 'livox_ros_driver2.egg-info/SOURCES.txt'
[5.053s] reading manifest file 'livox_ros_driver2.egg-info/SOURCES.txt'
[5.054s] writing manifest file 'livox_ros_driver2.egg-info/SOURCES.txt'
[5.118s] [  5%] Built target ament_cmake_python_build_livox_ros_driver2_egg
[5.419s] [  8%] [32mBuilding C object CMakeFiles/livox_interfaces2__rosidl_generator_c.dir/rosidl_generator_c/livox_ros_driver2/msg/detail/custom_msg__functions.c.o[0m
[5.419s] [  8%] [32mBuilding C object CMakeFiles/livox_interfaces2__rosidl_generator_c.dir/rosidl_generator_c/livox_ros_driver2/msg/detail/custom_point__functions.c.o[0m
[5.419s] [  8%] Built target livox_interfaces2__cpp
[5.433s] [ 10%] [34m[1mGenerating C++ introspection for ROS interfaces[0m
[5.438s] [ 12%] [34m[1mGenerating C++ type support dispatch for ROS interfaces[0m
[5.439s] [ 14%] [34m[1mGenerating C++ type support for eProsima Fast-RTPS[0m
[5.503s] [ 15%] [32m[1mLinking C shared library liblivox_ros_driver2__rosidl_generator_c.so[0m
[5.557s] [ 15%] Built target livox_interfaces2__rosidl_generator_c
[5.578s] [ 17%] [34m[1mGenerating C type support dispatch for ROS interfaces[0m
[5.592s] [ 19%] [34m[1mGenerating C type support for eProsima Fast-RTPS[0m
[5.596s] [ 21%] [34m[1mGenerating C introspection for ROS interfaces[0m
[6.026s] [ 22%] [32mBuilding CXX object CMakeFiles/livox_interfaces2__rosidl_typesupport_introspection_cpp.dir/rosidl_typesupport_introspection_cpp/livox_ros_driver2/msg/detail/custom_msg__type_support.cpp.o[0m
[6.031s] [ 24%] [32mBuilding CXX object CMakeFiles/livox_interfaces2__rosidl_typesupport_introspection_cpp.dir/rosidl_typesupport_introspection_cpp/livox_ros_driver2/msg/detail/custom_point__type_support.cpp.o[0m
[6.068s] [ 26%] [32mBuilding CXX object CMakeFiles/livox_interfaces2__rosidl_typesupport_cpp.dir/rosidl_typesupport_cpp/livox_ros_driver2/msg/custom_point__type_support.cpp.o[0m
[6.073s] [ 28%] [32mBuilding CXX object CMakeFiles/livox_interfaces2__rosidl_typesupport_cpp.dir/rosidl_typesupport_cpp/livox_ros_driver2/msg/custom_msg__type_support.cpp.o[0m
[6.134s] [ 29%] [32mBuilding CXX object CMakeFiles/livox_interfaces2__rosidl_typesupport_fastrtps_cpp.dir/rosidl_typesupport_fastrtps_cpp/livox_ros_driver2/msg/detail/dds_fastrtps/custom_msg__type_support.cpp.o[0m
[6.134s] [ 31%] [32mBuilding CXX object CMakeFiles/livox_interfaces2__rosidl_typesupport_fastrtps_cpp.dir/rosidl_typesupport_fastrtps_cpp/livox_ros_driver2/msg/detail/dds_fastrtps/custom_point__type_support.cpp.o[0m
[6.295s] [ 33%] [32mBuilding C object CMakeFiles/livox_interfaces2__rosidl_typesupport_introspection_c.dir/rosidl_typesupport_introspection_c/livox_ros_driver2/msg/detail/custom_point__type_support.c.o[0m
[6.298s] [ 35%] [32mBuilding C object CMakeFiles/livox_interfaces2__rosidl_typesupport_introspection_c.dir/rosidl_typesupport_introspection_c/livox_ros_driver2/msg/detail/custom_msg__type_support.c.o[0m
[6.320s] [ 36%] [32mBuilding CXX object CMakeFiles/livox_interfaces2__rosidl_typesupport_c.dir/rosidl_typesupport_c/livox_ros_driver2/msg/custom_point__type_support.cpp.o[0m
[6.321s] [ 38%] [32mBuilding CXX object CMakeFiles/livox_interfaces2__rosidl_typesupport_c.dir/rosidl_typesupport_c/livox_ros_driver2/msg/custom_msg__type_support.cpp.o[0m
[6.414s] [ 40%] [32m[1mLinking C shared library liblivox_ros_driver2__rosidl_typesupport_introspection_c.so[0m
[6.421s] [ 42%] [32m[1mLinking CXX shared library liblivox_ros_driver2__rosidl_typesupport_c.so[0m
[6.457s] [ 43%] [32mBuilding CXX object CMakeFiles/livox_interfaces2__rosidl_typesupport_fastrtps_c.dir/rosidl_typesupport_fastrtps_c/livox_ros_driver2/msg/detail/custom_msg__type_support_c.cpp.o[0m
[6.457s] [ 45%] [32mBuilding CXX object CMakeFiles/livox_interfaces2__rosidl_typesupport_fastrtps_c.dir/rosidl_typesupport_fastrtps_c/livox_ros_driver2/msg/detail/custom_point__type_support_c.cpp.o[0m
[6.516s] [ 45%] Built target livox_interfaces2__rosidl_typesupport_introspection_c
[6.558s] [ 45%] Built target livox_interfaces2__rosidl_typesupport_c
[6.610s] [ 47%] [32m[1mLinking CXX shared library liblivox_ros_driver2__rosidl_typesupport_cpp.so[0m
[6.731s] [ 49%] [32m[1mLinking CXX shared library liblivox_ros_driver2__rosidl_typesupport_introspection_cpp.so[0m
[6.734s] [ 49%] Built target livox_interfaces2__rosidl_typesupport_cpp
[6.903s] [ 49%] Built target livox_interfaces2__rosidl_typesupport_introspection_cpp
[6.974s] [ 50%] [32m[1mLinking CXX shared library liblivox_ros_driver2__rosidl_typesupport_fastrtps_cpp.so[0m
[6.977s] [ 52%] [32m[1mLinking CXX shared library liblivox_ros_driver2__rosidl_typesupport_fastrtps_c.so[0m
[7.146s] [ 52%] Built target livox_interfaces2__rosidl_typesupport_fastrtps_c
[7.154s] [ 52%] Built target livox_interfaces2__rosidl_typesupport_fastrtps_cpp
[7.175s] [ 52%] Built target livox_interfaces2
[7.199s] [ 54%] [34m[1mGenerating Python code for ROS interfaces[0m
[7.208s] [ 57%] [32mBuilding CXX object CMakeFiles/livox_ros_driver2.dir/src/lds.cpp.o[0m
[7.209s] [ 57%] [32mBuilding CXX object CMakeFiles/livox_ros_driver2.dir/src/driver_node.cpp.o[0m
[7.214s] [ 59%] [32mBuilding CXX object CMakeFiles/livox_ros_driver2.dir/src/lddc.cpp.o[0m
[7.215s] [ 61%] [32mBuilding CXX object CMakeFiles/livox_ros_driver2.dir/src/lds_lidar.cpp.o[0m
[7.216s] [ 63%] [32mBuilding CXX object CMakeFiles/livox_ros_driver2.dir/src/livox_ros_driver2.cpp.o[0m
[7.219s] [ 64%] [32mBuilding CXX object CMakeFiles/livox_ros_driver2.dir/src/comm/lidar_imu_data_queue.cpp.o[0m
[7.221s] [ 66%] [32mBuilding CXX object CMakeFiles/livox_ros_driver2.dir/src/comm/ldq.cpp.o[0m
[7.221s] [ 68%] [32mBuilding CXX object CMakeFiles/livox_ros_driver2.dir/src/comm/comm.cpp.o[0m
[7.226s] [ 70%] [32mBuilding CXX object CMakeFiles/livox_ros_driver2.dir/src/comm/semaphore.cpp.o[0m
[7.268s] [ 71%] [32mBuilding CXX object CMakeFiles/livox_ros_driver2.dir/src/comm/cache_index.cpp.o[0m
[7.279s] [ 73%] [32mBuilding CXX object CMakeFiles/livox_ros_driver2.dir/src/comm/pub_handler.cpp.o[0m
[7.279s] [ 75%] [32mBuilding CXX object CMakeFiles/livox_ros_driver2.dir/src/call_back/lidar_common_callback.cpp.o[0m
[7.279s] [ 77%] [32mBuilding CXX object CMakeFiles/livox_ros_driver2.dir/src/parse_cfg_file/parse_cfg_file.cpp.o[0m
[7.279s] [ 78%] [32mBuilding CXX object CMakeFiles/livox_ros_driver2.dir/src/parse_cfg_file/parse_livox_lidar_cfg.cpp.o[0m
[7.938s] [ 80%] [32mBuilding CXX object CMakeFiles/livox_ros_driver2.dir/src/call_back/livox_lidar_callback.cpp.o[0m
[8.777s] [ 80%] Built target livox_interfaces2__py
[8.844s] [ 82%] [32mBuilding C object CMakeFiles/livox_interfaces2__rosidl_generator_py.dir/rosidl_generator_py/livox_ros_driver2/msg/_custom_point_s.c.o[0m
[8.847s] [ 84%] [32mBuilding C object CMakeFiles/livox_interfaces2__rosidl_generator_py.dir/rosidl_generator_py/livox_ros_driver2/msg/_custom_msg_s.c.o[0m
[9.139s] [ 85%] [32m[1mLinking C shared library rosidl_generator_py/livox_ros_driver2/liblivox_interfaces2__rosidl_generator_py.so[0m
[9.292s] [ 85%] Built target livox_interfaces2__rosidl_generator_py
[9.334s] [ 87%] [32mBuilding C object CMakeFiles/livox_ros_driver2__rosidl_typesupport_c__pyext.dir/rosidl_generator_py/livox_ros_driver2/_livox_ros_driver2_s.ep.rosidl_typesupport_c.c.o[0m
[9.351s] [ 89%] [32mBuilding C object CMakeFiles/livox_ros_driver2__rosidl_typesupport_introspection_c__pyext.dir/rosidl_generator_py/livox_ros_driver2/_livox_ros_driver2_s.ep.rosidl_typesupport_introspection_c.c.o[0m
[9.355s] [ 91%] [32mBuilding C object CMakeFiles/livox_ros_driver2__rosidl_typesupport_fastrtps_c__pyext.dir/rosidl_generator_py/livox_ros_driver2/_livox_ros_driver2_s.ep.rosidl_typesupport_fastrtps_c.c.o[0m
[9.504s] [ 92%] [32m[1mLinking C shared library rosidl_generator_py/livox_ros_driver2/livox_ros_driver2_s__rosidl_typesupport_c.cpython-310-x86_64-linux-gnu.so[0m
[9.524s] [ 94%] [32m[1mLinking C shared library rosidl_generator_py/livox_ros_driver2/livox_ros_driver2_s__rosidl_typesupport_introspection_c.cpython-310-x86_64-linux-gnu.so[0m
[9.544s] [ 96%] [32m[1mLinking C shared library rosidl_generator_py/livox_ros_driver2/livox_ros_driver2_s__rosidl_typesupport_fastrtps_c.cpython-310-x86_64-linux-gnu.so[0m
[9.596s] [ 96%] Built target livox_ros_driver2__rosidl_typesupport_c__pyext
[9.606s] [ 96%] Built target livox_ros_driver2__rosidl_typesupport_introspection_c__pyext
[9.616s] [ 96%] Built target livox_ros_driver2__rosidl_typesupport_fastrtps_c__pyext
[10.755s] [ 98%] [32m[1mLinking CXX executable livox_ros_driver2_node[0m
[10.963s] [ 98%] Built target livox_ros_driver2_node
[16.774s] [100%] [32m[1mLinking CXX shared library liblivox_ros_driver2.so[0m
[17.358s] [100%] Built target livox_ros_driver2
[17.371s] Invoked command in '/home/nyu/nav_ws/build/livox_ros_driver2' returned '0': CMAKE_PREFIX_PATH=/opt/ros/humble /usr/bin/cmake --build /home/nyu/nav_ws/build/livox_ros_driver2 -- -j16 -l16
[17.373s] Invoking command in '/home/nyu/nav_ws/build/livox_ros_driver2': CMAKE_PREFIX_PATH=/opt/ros/humble /usr/bin/cmake --install /home/nyu/nav_ws/build/livox_ros_driver2
[17.379s] -- Install configuration: ""
[17.379s] -- Installing: /home/nyu/nav_ws/install/livox_ros_driver2/share/ament_index/resource_index/rosidl_interfaces/livox_ros_driver2
[17.379s] -- Installing: /home/nyu/nav_ws/install/livox_ros_driver2/include/livox_ros_driver2/livox_ros_driver2
[17.379s] -- Installing: /home/nyu/nav_ws/install/livox_ros_driver2/include/livox_ros_driver2/livox_ros_driver2/msg
[17.379s] -- Installing: /home/nyu/nav_ws/install/livox_ros_driver2/include/livox_ros_driver2/livox_ros_driver2/msg/custom_point.h
[17.379s] -- Installing: /home/nyu/nav_ws/install/livox_ros_driver2/include/livox_ros_driver2/livox_ros_driver2/msg/detail
[17.379s] -- Installing: /home/nyu/nav_ws/install/livox_ros_driver2/include/livox_ros_driver2/livox_ros_driver2/msg/detail/custom_msg__functions.h
[17.379s] -- Installing: /home/nyu/nav_ws/install/livox_ros_driver2/include/livox_ros_driver2/livox_ros_driver2/msg/detail/custom_point__functions.h
[17.379s] -- Installing: /home/nyu/nav_ws/install/livox_ros_driver2/include/livox_ros_driver2/livox_ros_driver2/msg/detail/custom_msg__type_support.h
[17.380s] -- Installing: /home/nyu/nav_ws/install/livox_ros_driver2/include/livox_ros_driver2/livox_ros_driver2/msg/detail/custom_msg__struct.h
[17.380s] -- Installing: /home/nyu/nav_ws/install/livox_ros_driver2/include/livox_ros_driver2/livox_ros_driver2/msg/detail/custom_msg__functions.c
[17.380s] -- Installing: /home/nyu/nav_ws/install/livox_ros_driver2/include/livox_ros_driver2/livox_ros_driver2/msg/detail/custom_point__functions.c
[17.380s] -- Installing: /home/nyu/nav_ws/install/livox_ros_driver2/include/livox_ros_driver2/livox_ros_driver2/msg/detail/custom_point__struct.h
[17.380s] -- Installing: /home/nyu/nav_ws/install/livox_ros_driver2/include/livox_ros_driver2/livox_ros_driver2/msg/detail/custom_point__type_support.h
[17.380s] -- Installing: /home/nyu/nav_ws/install/livox_ros_driver2/include/livox_ros_driver2/livox_ros_driver2/msg/rosidl_generator_c__visibility_control.h
[17.380s] -- Installing: /home/nyu/nav_ws/install/livox_ros_driver2/include/livox_ros_driver2/livox_ros_driver2/msg/custom_msg.h
[17.380s] -- Installing: /home/nyu/nav_ws/install/livox_ros_driver2/share/livox_ros_driver2/environment/library_path.sh
[17.380s] -- Installing: /home/nyu/nav_ws/install/livox_ros_driver2/share/livox_ros_driver2/environment/library_path.dsv
[17.380s] -- Installing: /home/nyu/nav_ws/install/livox_ros_driver2/lib/liblivox_ros_driver2__rosidl_generator_c.so
[17.380s] -- Set runtime path of "/home/nyu/nav_ws/install/livox_ros_driver2/lib/liblivox_ros_driver2__rosidl_generator_c.so" to ""
[17.380s] -- Up-to-date: /home/nyu/nav_ws/install/livox_ros_driver2/include/livox_ros_driver2/livox_ros_driver2
[17.381s] -- Up-to-date: /home/nyu/nav_ws/install/livox_ros_driver2/include/livox_ros_driver2/livox_ros_driver2/msg
[17.381s] -- Up-to-date: /home/nyu/nav_ws/install/livox_ros_driver2/include/livox_ros_driver2/livox_ros_driver2/msg/detail
[17.381s] -- Installing: /home/nyu/nav_ws/install/livox_ros_driver2/include/livox_ros_driver2/livox_ros_driver2/msg/detail/custom_point__rosidl_typesupport_fastrtps_c.h
[17.381s] -- Installing: /home/nyu/nav_ws/install/livox_ros_driver2/include/livox_ros_driver2/livox_ros_driver2/msg/detail/custom_msg__rosidl_typesupport_fastrtps_c.h
[17.381s] -- Installing: /home/nyu/nav_ws/install/livox_ros_driver2/include/livox_ros_driver2/livox_ros_driver2/msg/rosidl_typesupport_fastrtps_c__visibility_control.h
[17.381s] -- Installing: /home/nyu/nav_ws/install/livox_ros_driver2/lib/liblivox_ros_driver2__rosidl_typesupport_fastrtps_c.so
[17.381s] -- Set runtime path of "/home/nyu/nav_ws/install/livox_ros_driver2/lib/liblivox_ros_driver2__rosidl_typesupport_fastrtps_c.so" to ""
[17.381s] -- Up-to-date: /home/nyu/nav_ws/install/livox_ros_driver2/include/livox_ros_driver2/livox_ros_driver2
[17.381s] -- Up-to-date: /home/nyu/nav_ws/install/livox_ros_driver2/include/livox_ros_driver2/livox_ros_driver2/msg
[17.381s] -- Up-to-date: /home/nyu/nav_ws/install/livox_ros_driver2/include/livox_ros_driver2/livox_ros_driver2/msg/detail
[17.381s] -- Installing: /home/nyu/nav_ws/install/livox_ros_driver2/include/livox_ros_driver2/livox_ros_driver2/msg/detail/custom_point__type_support.c
[17.381s] -- Installing: /home/nyu/nav_ws/install/livox_ros_driver2/include/livox_ros_driver2/livox_ros_driver2/msg/detail/custom_msg__type_support.c
[17.381s] -- Installing: /home/nyu/nav_ws/install/livox_ros_driver2/include/livox_ros_driver2/livox_ros_driver2/msg/detail/custom_point__rosidl_typesupport_introspection_c.h
[17.382s] -- Installing: /home/nyu/nav_ws/install/livox_ros_driver2/include/livox_ros_driver2/livox_ros_driver2/msg/detail/custom_msg__rosidl_typesupport_introspection_c.h
[17.382s] -- Installing: /home/nyu/nav_ws/install/livox_ros_driver2/include/livox_ros_driver2/livox_ros_driver2/msg/rosidl_typesupport_introspection_c__visibility_control.h
[17.382s] -- Installing: /home/nyu/nav_ws/install/livox_ros_driver2/lib/liblivox_ros_driver2__rosidl_typesupport_introspection_c.so
[17.382s] -- Set runtime path of "/home/nyu/nav_ws/install/livox_ros_driver2/lib/liblivox_ros_driver2__rosidl_typesupport_introspection_c.so" to ""
[17.382s] -- Installing: /home/nyu/nav_ws/install/livox_ros_driver2/lib/liblivox_ros_driver2__rosidl_typesupport_c.so
[17.382s] -- Set runtime path of "/home/nyu/nav_ws/install/livox_ros_driver2/lib/liblivox_ros_driver2__rosidl_typesupport_c.so" to ""
[17.382s] -- Up-to-date: /home/nyu/nav_ws/install/livox_ros_driver2/include/livox_ros_driver2/livox_ros_driver2
[17.382s] -- Up-to-date: /home/nyu/nav_ws/install/livox_ros_driver2/include/livox_ros_driver2/livox_ros_driver2/msg
[17.382s] -- Installing: /home/nyu/nav_ws/install/livox_ros_driver2/include/livox_ros_driver2/livox_ros_driver2/msg/rosidl_generator_cpp__visibility_control.hpp
[17.382s] -- Up-to-date: /home/nyu/nav_ws/install/livox_ros_driver2/include/livox_ros_driver2/livox_ros_driver2/msg/detail
[17.382s] -- Installing: /home/nyu/nav_ws/install/livox_ros_driver2/include/livox_ros_driver2/livox_ros_driver2/msg/detail/custom_point__traits.hpp
[17.382s] -- Installing: /home/nyu/nav_ws/install/livox_ros_driver2/include/livox_ros_driver2/livox_ros_driver2/msg/detail/custom_point__builder.hpp
[17.382s] -- Installing: /home/nyu/nav_ws/install/livox_ros_driver2/include/livox_ros_driver2/livox_ros_driver2/msg/detail/custom_point__type_support.hpp
[17.383s] -- Installing: /home/nyu/nav_ws/install/livox_ros_driver2/include/livox_ros_driver2/livox_ros_driver2/msg/detail/custom_msg__builder.hpp
[17.383s] -- Installing: /home/nyu/nav_ws/install/livox_ros_driver2/include/livox_ros_driver2/livox_ros_driver2/msg/detail/custom_msg__struct.hpp
[17.383s] -- Installing: /home/nyu/nav_ws/install/livox_ros_driver2/include/livox_ros_driver2/livox_ros_driver2/msg/detail/custom_point__struct.hpp
[17.383s] -- Installing: /home/nyu/nav_ws/install/livox_ros_driver2/include/livox_ros_driver2/livox_ros_driver2/msg/detail/custom_msg__type_support.hpp
[17.383s] -- Installing: /home/nyu/nav_ws/install/livox_ros_driver2/include/livox_ros_driver2/livox_ros_driver2/msg/detail/custom_msg__traits.hpp
[17.383s] -- Installing: /home/nyu/nav_ws/install/livox_ros_driver2/include/livox_ros_driver2/livox_ros_driver2/msg/custom_msg.hpp
[17.383s] -- Installing: /home/nyu/nav_ws/install/livox_ros_driver2/include/livox_ros_driver2/livox_ros_driver2/msg/custom_point.hpp
[17.383s] -- Up-to-date: /home/nyu/nav_ws/install/livox_ros_driver2/include/livox_ros_driver2/livox_ros_driver2
[17.383s] -- Up-to-date: /home/nyu/nav_ws/install/livox_ros_driver2/include/livox_ros_driver2/livox_ros_driver2/msg
[17.383s] -- Installing: /home/nyu/nav_ws/install/livox_ros_driver2/include/livox_ros_driver2/livox_ros_driver2/msg/rosidl_typesupport_fastrtps_cpp__visibility_control.h
[17.383s] -- Up-to-date: /home/nyu/nav_ws/install/livox_ros_driver2/include/livox_ros_driver2/livox_ros_driver2/msg/detail
[17.383s] -- Installing: /home/nyu/nav_ws/install/livox_ros_driver2/include/livox_ros_driver2/livox_ros_driver2/msg/detail/custom_msg__rosidl_typesupport_fastrtps_cpp.hpp
[17.384s] -- Installing: /home/nyu/nav_ws/install/livox_ros_driver2/include/livox_ros_driver2/livox_ros_driver2/msg/detail/dds_fastrtps
[17.384s] -- Installing: /home/nyu/nav_ws/install/livox_ros_driver2/include/livox_ros_driver2/livox_ros_driver2/msg/detail/custom_point__rosidl_typesupport_fastrtps_cpp.hpp
[17.384s] -- Installing: /home/nyu/nav_ws/install/livox_ros_driver2/lib/liblivox_ros_driver2__rosidl_typesupport_fastrtps_cpp.so
[17.384s] -- Set runtime path of "/home/nyu/nav_ws/install/livox_ros_driver2/lib/liblivox_ros_driver2__rosidl_typesupport_fastrtps_cpp.so" to ""
[17.384s] -- Up-to-date: /home/nyu/nav_ws/install/livox_ros_driver2/include/livox_ros_driver2/livox_ros_driver2
[17.384s] -- Up-to-date: /home/nyu/nav_ws/install/livox_ros_driver2/include/livox_ros_driver2/livox_ros_driver2/msg
[17.384s] -- Up-to-date: /home/nyu/nav_ws/install/livox_ros_driver2/include/livox_ros_driver2/livox_ros_driver2/msg/detail
[17.384s] -- Installing: /home/nyu/nav_ws/install/livox_ros_driver2/include/livox_ros_driver2/livox_ros_driver2/msg/detail/custom_msg__type_support.cpp
[17.384s] -- Installing: /home/nyu/nav_ws/install/livox_ros_driver2/include/livox_ros_driver2/livox_ros_driver2/msg/detail/custom_point__type_support.cpp
[17.384s] -- Installing: /home/nyu/nav_ws/install/livox_ros_driver2/include/livox_ros_driver2/livox_ros_driver2/msg/detail/custom_msg__rosidl_typesupport_introspection_cpp.hpp
[17.384s] -- Installing: /home/nyu/nav_ws/install/livox_ros_driver2/include/livox_ros_driver2/livox_ros_driver2/msg/detail/custom_point__rosidl_typesupport_introspection_cpp.hpp
[17.384s] -- Installing: /home/nyu/nav_ws/install/livox_ros_driver2/lib/liblivox_ros_driver2__rosidl_typesupport_introspection_cpp.so
[17.384s] -- Set runtime path of "/home/nyu/nav_ws/install/livox_ros_driver2/lib/liblivox_ros_driver2__rosidl_typesupport_introspection_cpp.so" to ""
[17.384s] -- Installing: /home/nyu/nav_ws/install/livox_ros_driver2/lib/liblivox_ros_driver2__rosidl_typesupport_cpp.so
[17.385s] -- Set runtime path of "/home/nyu/nav_ws/install/livox_ros_driver2/lib/liblivox_ros_driver2__rosidl_typesupport_cpp.so" to ""
[17.385s] -- Installing: /home/nyu/nav_ws/install/livox_ros_driver2/share/livox_ros_driver2/environment/pythonpath.sh
[17.385s] -- Installing: /home/nyu/nav_ws/install/livox_ros_driver2/share/livox_ros_driver2/environment/pythonpath.dsv
[17.385s] -- Installing: /home/nyu/nav_ws/install/livox_ros_driver2/local/lib/python3.10/dist-packages/livox_ros_driver2-1.0.0-py3.10.egg-info
[17.385s] -- Installing: /home/nyu/nav_ws/install/livox_ros_driver2/local/lib/python3.10/dist-packages/livox_ros_driver2-1.0.0-py3.10.egg-info/SOURCES.txt
[17.385s] -- Installing: /home/nyu/nav_ws/install/livox_ros_driver2/local/lib/python3.10/dist-packages/livox_ros_driver2-1.0.0-py3.10.egg-info/top_level.txt
[17.385s] -- Installing: /home/nyu/nav_ws/install/livox_ros_driver2/local/lib/python3.10/dist-packages/livox_ros_driver2-1.0.0-py3.10.egg-info/dependency_links.txt
[17.385s] -- Installing: /home/nyu/nav_ws/install/livox_ros_driver2/local/lib/python3.10/dist-packages/livox_ros_driver2-1.0.0-py3.10.egg-info/PKG-INFO
[17.385s] -- Installing: /home/nyu/nav_ws/install/livox_ros_driver2/local/lib/python3.10/dist-packages/livox_ros_driver2
[17.385s] -- Installing: /home/nyu/nav_ws/install/livox_ros_driver2/local/lib/python3.10/dist-packages/livox_ros_driver2/livox_ros_driver2_s__rosidl_typesupport_c.cpython-310-x86_64-linux-gnu.so
[17.385s] -- Installing: /home/nyu/nav_ws/install/livox_ros_driver2/local/lib/python3.10/dist-packages/livox_ros_driver2/_livox_ros_driver2_s.ep.rosidl_typesupport_introspection_c.c
[17.385s] -- Installing: /home/nyu/nav_ws/install/livox_ros_driver2/local/lib/python3.10/dist-packages/livox_ros_driver2/__init__.py
[17.385s] -- Installing: /home/nyu/nav_ws/install/livox_ros_driver2/local/lib/python3.10/dist-packages/livox_ros_driver2/liblivox_interfaces2__rosidl_generator_py.so
[17.385s] -- Installing: /home/nyu/nav_ws/install/livox_ros_driver2/local/lib/python3.10/dist-packages/livox_ros_driver2/livox_ros_driver2_s__rosidl_typesupport_fastrtps_c.cpython-310-x86_64-linux-gnu.so
[17.385s] -- Installing: /home/nyu/nav_ws/install/livox_ros_driver2/local/lib/python3.10/dist-packages/livox_ros_driver2/msg
[17.386s] -- Installing: /home/nyu/nav_ws/install/livox_ros_driver2/local/lib/python3.10/dist-packages/livox_ros_driver2/msg/_custom_msg.py
[17.386s] -- Installing: /home/nyu/nav_ws/install/livox_ros_driver2/local/lib/python3.10/dist-packages/livox_ros_driver2/msg/_custom_point_s.c
[17.386s] -- Installing: /home/nyu/nav_ws/install/livox_ros_driver2/local/lib/python3.10/dist-packages/livox_ros_driver2/msg/__init__.py
[17.386s] -- Installing: /home/nyu/nav_ws/install/livox_ros_driver2/local/lib/python3.10/dist-packages/livox_ros_driver2/msg/_custom_point.py
[17.386s] -- Installing: /home/nyu/nav_ws/install/livox_ros_driver2/local/lib/python3.10/dist-packages/livox_ros_driver2/msg/_custom_msg_s.c
[17.386s] -- Installing: /home/nyu/nav_ws/install/livox_ros_driver2/local/lib/python3.10/dist-packages/livox_ros_driver2/livox_ros_driver2_s__rosidl_typesupport_introspection_c.cpython-310-x86_64-linux-gnu.so
[17.386s] -- Installing: /home/nyu/nav_ws/install/livox_ros_driver2/local/lib/python3.10/dist-packages/livox_ros_driver2/_livox_ros_driver2_s.ep.rosidl_typesupport_c.c
[17.386s] -- Installing: /home/nyu/nav_ws/install/livox_ros_driver2/local/lib/python3.10/dist-packages/livox_ros_driver2/_livox_ros_driver2_s.ep.rosidl_typesupport_fastrtps_c.c
[17.408s] Listing '/home/nyu/nav_ws/install/livox_ros_driver2/local/lib/python3.10/dist-packages/livox_ros_driver2'...
[17.408s] Compiling '/home/nyu/nav_ws/install/livox_ros_driver2/local/lib/python3.10/dist-packages/livox_ros_driver2/__init__.py'...
[17.408s] Listing '/home/nyu/nav_ws/install/livox_ros_driver2/local/lib/python3.10/dist-packages/livox_ros_driver2/msg'...
[17.408s] Compiling '/home/nyu/nav_ws/install/livox_ros_driver2/local/lib/python3.10/dist-packages/livox_ros_driver2/msg/__init__.py'...
[17.408s] Compiling '/home/nyu/nav_ws/install/livox_ros_driver2/local/lib/python3.10/dist-packages/livox_ros_driver2/msg/_custom_msg.py'...
[17.408s] Compiling '/home/nyu/nav_ws/install/livox_ros_driver2/local/lib/python3.10/dist-packages/livox_ros_driver2/msg/_custom_point.py'...
[17.412s] -- Installing: /home/nyu/nav_ws/install/livox_ros_driver2/local/lib/python3.10/dist-packages/livox_ros_driver2/livox_ros_driver2_s__rosidl_typesupport_fastrtps_c.cpython-310-x86_64-linux-gnu.so
[17.413s] -- Set runtime path of "/home/nyu/nav_ws/install/livox_ros_driver2/local/lib/python3.10/dist-packages/livox_ros_driver2/livox_ros_driver2_s__rosidl_typesupport_fastrtps_c.cpython-310-x86_64-linux-gnu.so" to ""
[17.413s] -- Installing: /home/nyu/nav_ws/install/livox_ros_driver2/local/lib/python3.10/dist-packages/livox_ros_driver2/livox_ros_driver2_s__rosidl_typesupport_introspection_c.cpython-310-x86_64-linux-gnu.so
[17.413s] -- Set runtime path of "/home/nyu/nav_ws/install/livox_ros_driver2/local/lib/python3.10/dist-packages/livox_ros_driver2/livox_ros_driver2_s__rosidl_typesupport_introspection_c.cpython-310-x86_64-linux-gnu.so" to ""
[17.413s] -- Installing: /home/nyu/nav_ws/install/livox_ros_driver2/local/lib/python3.10/dist-packages/livox_ros_driver2/livox_ros_driver2_s__rosidl_typesupport_c.cpython-310-x86_64-linux-gnu.so
[17.413s] -- Set runtime path of "/home/nyu/nav_ws/install/livox_ros_driver2/local/lib/python3.10/dist-packages/livox_ros_driver2/livox_ros_driver2_s__rosidl_typesupport_c.cpython-310-x86_64-linux-gnu.so" to ""
[17.413s] -- Installing: /home/nyu/nav_ws/install/livox_ros_driver2/lib/liblivox_interfaces2__rosidl_generator_py.so
[17.413s] -- Set runtime path of "/home/nyu/nav_ws/install/livox_ros_driver2/lib/liblivox_interfaces2__rosidl_generator_py.so" to ""
[17.413s] -- Installing: /home/nyu/nav_ws/install/livox_ros_driver2/share/livox_ros_driver2/msg/CustomPoint.idl
[17.413s] -- Installing: /home/nyu/nav_ws/install/livox_ros_driver2/share/livox_ros_driver2/msg/CustomMsg.idl
[17.413s] -- Installing: /home/nyu/nav_ws/install/livox_ros_driver2/share/livox_ros_driver2/msg/CustomPoint.msg
[17.413s] -- Installing: /home/nyu/nav_ws/install/livox_ros_driver2/share/livox_ros_driver2/msg/CustomMsg.msg
[17.413s] -- Installing: /home/nyu/nav_ws/install/livox_ros_driver2/lib/livox_ros_driver2/livox_ros_driver2_node
[17.414s] -- Set runtime path of "/home/nyu/nav_ws/install/livox_ros_driver2/lib/livox_ros_driver2/livox_ros_driver2_node" to ""
[17.414s] -- Installing: /home/nyu/nav_ws/install/livox_ros_driver2/lib/liblivox_ros_driver2.so
[17.415s] -- Set runtime path of "/home/nyu/nav_ws/install/livox_ros_driver2/lib/liblivox_ros_driver2.so" to ""
[17.415s] -- Installing: /home/nyu/nav_ws/install/livox_ros_driver2/share/livox_ros_driver2/config
[17.416s] -- Installing: /home/nyu/nav_ws/install/livox_ros_driver2/share/livox_ros_driver2/config/install
[17.416s] -- Installing: /home/nyu/nav_ws/install/livox_ros_driver2/share/livox_ros_driver2/config/install/local_setup.bash
[17.416s] -- Installing: /home/nyu/nav_ws/install/livox_ros_driver2/share/livox_ros_driver2/config/install/_local_setup_util_sh.py
[17.417s] -- Installing: /home/nyu/nav_ws/install/livox_ros_driver2/share/livox_ros_driver2/config/install/COLCON_IGNORE
[17.417s] -- Installing: /home/nyu/nav_ws/install/livox_ros_driver2/share/livox_ros_driver2/config/install/local_setup.zsh
[17.417s] -- Installing: /home/nyu/nav_ws/install/livox_ros_driver2/share/livox_ros_driver2/config/install/.colcon_install_layout
[17.417s] -- Installing: /home/nyu/nav_ws/install/livox_ros_driver2/share/livox_ros_driver2/config/install/setup.sh
[17.417s] -- Installing: /home/nyu/nav_ws/install/livox_ros_driver2/share/livox_ros_driver2/config/install/setup.bash
[17.417s] -- Installing: /home/nyu/nav_ws/install/livox_ros_driver2/share/livox_ros_driver2/config/install/setup.zsh
[17.417s] -- Installing: /home/nyu/nav_ws/install/livox_ros_driver2/share/livox_ros_driver2/config/install/_local_setup_util_ps1.py
[17.417s] -- Installing: /home/nyu/nav_ws/install/livox_ros_driver2/share/livox_ros_driver2/config/install/local_setup.sh
[17.417s] -- Installing: /home/nyu/nav_ws/install/livox_ros_driver2/share/livox_ros_driver2/config/install/local_setup.ps1
[17.418s] -- Installing: /home/nyu/nav_ws/install/livox_ros_driver2/share/livox_ros_driver2/config/install/setup.ps1
[17.418s] -- Installing: /home/nyu/nav_ws/install/livox_ros_driver2/share/livox_ros_driver2/config/display_point_cloud_ROS2.rviz
[17.418s] -- Installing: /home/nyu/nav_ws/install/livox_ros_driver2/share/livox_ros_driver2/config/build
[17.418s] -- Installing: /home/nyu/nav_ws/install/livox_ros_driver2/share/livox_ros_driver2/config/build/.built_by
[17.418s] -- Installing: /home/nyu/nav_ws/install/livox_ros_driver2/share/livox_ros_driver2/config/build/COLCON_IGNORE
[17.418s] -- Installing: /home/nyu/nav_ws/install/livox_ros_driver2/share/livox_ros_driver2/config/log
[17.418s] -- Installing: /home/nyu/nav_ws/install/livox_ros_driver2/share/livox_ros_driver2/config/log/latest_build
[17.418s] -- Installing: /home/nyu/nav_ws/install/livox_ros_driver2/share/livox_ros_driver2/config/log/build_2026-01-22_11-51-21
[17.418s] -- Installing: /home/nyu/nav_ws/install/livox_ros_driver2/share/livox_ros_driver2/config/log/build_2026-01-22_11-51-21/events.log
[17.418s] -- Installing: /home/nyu/nav_ws/install/livox_ros_driver2/share/livox_ros_driver2/config/log/build_2026-01-22_11-51-21/logger_all.log
[17.419s] -- Installing: /home/nyu/nav_ws/install/livox_ros_driver2/share/livox_ros_driver2/config/log/COLCON_IGNORE
[17.419s] -- Installing: /home/nyu/nav_ws/install/livox_ros_driver2/share/livox_ros_driver2/config/log/latest
[17.419s] -- Installing: /home/nyu/nav_ws/install/livox_ros_driver2/share/livox_ros_driver2/config/log/build_2026-01-22_12-14-31
[17.419s] -- Installing: /home/nyu/nav_ws/install/livox_ros_driver2/share/livox_ros_driver2/config/log/build_2026-01-22_12-14-31/events.log
[17.419s] -- Installing: /home/nyu/nav_ws/install/livox_ros_driver2/share/livox_ros_driver2/config/log/build_2026-01-22_12-14-31/logger_all.log
[17.419s] -- Installing: /home/nyu/nav_ws/install/livox_ros_driver2/share/livox_ros_driver2/config/display_point_cloud_ROS1.rviz
[17.419s] -- Installing: /home/nyu/nav_ws/install/livox_ros_driver2/share/livox_ros_driver2/config/HAP_config.json
[17.419s] -- Installing: /home/nyu/nav_ws/install/livox_ros_driver2/share/livox_ros_driver2/config/MID360_config.json
[17.419s] -- Installing: /home/nyu/nav_ws/install/livox_ros_driver2/share/livox_ros_driver2/config/mixed_HAP_MID360_config.json
[17.419s] -- Installing: /home/nyu/nav_ws/install/livox_ros_driver2/share/livox_ros_driver2/launch_ROS2
[17.419s] -- Installing: /home/nyu/nav_ws/install/livox_ros_driver2/share/livox_ros_driver2/launch_ROS2/msg_HAP_launch.py
[17.419s] -- Installing: /home/nyu/nav_ws/install/livox_ros_driver2/share/livox_ros_driver2/launch_ROS2/rviz_mixed.py
[17.419s] -- Installing: /home/nyu/nav_ws/install/livox_ros_driver2/share/livox_ros_driver2/launch_ROS2/rviz_HAP_launch.py
[17.420s] -- Installing: /home/nyu/nav_ws/install/livox_ros_driver2/share/livox_ros_driver2/launch_ROS2/msg_MID360_launch.py
[17.420s] -- Installing: /home/nyu/nav_ws/install/livox_ros_driver2/share/livox_ros_driver2/launch_ROS2/rviz_MID360_launch.py
[17.420s] -- Installing: /home/nyu/nav_ws/install/livox_ros_driver2/share/ament_index/resource_index/package_run_dependencies/livox_ros_driver2
[17.420s] -- Installing: /home/nyu/nav_ws/install/livox_ros_driver2/share/ament_index/resource_index/parent_prefix_path/livox_ros_driver2
[17.420s] -- Installing: /home/nyu/nav_ws/install/livox_ros_driver2/share/livox_ros_driver2/environment/ament_prefix_path.sh
[17.420s] -- Installing: /home/nyu/nav_ws/install/livox_ros_driver2/share/livox_ros_driver2/environment/ament_prefix_path.dsv
[17.420s] -- Installing: /home/nyu/nav_ws/install/livox_ros_driver2/share/livox_ros_driver2/environment/path.sh
[17.420s] -- Installing: /home/nyu/nav_ws/install/livox_ros_driver2/share/livox_ros_driver2/environment/path.dsv
[17.420s] -- Installing: /home/nyu/nav_ws/install/livox_ros_driver2/share/livox_ros_driver2/local_setup.bash
[17.420s] -- Installing: /home/nyu/nav_ws/install/livox_ros_driver2/share/livox_ros_driver2/local_setup.sh
[17.420s] -- Installing: /home/nyu/nav_ws/install/livox_ros_driver2/share/livox_ros_driver2/local_setup.zsh
[17.420s] -- Installing: /home/nyu/nav_ws/install/livox_ros_driver2/share/livox_ros_driver2/local_setup.dsv
[17.420s] -- Installing: /home/nyu/nav_ws/install/livox_ros_driver2/share/livox_ros_driver2/package.dsv
[17.421s] -- Installing: /home/nyu/nav_ws/install/livox_ros_driver2/share/ament_index/resource_index/packages/livox_ros_driver2
[17.421s] -- Installing: /home/nyu/nav_ws/install/livox_ros_driver2/share/livox_ros_driver2/cmake/export_livox_interfaces2__rosidl_generator_cExport.cmake
[17.421s] -- Installing: /home/nyu/nav_ws/install/livox_ros_driver2/share/livox_ros_driver2/cmake/export_livox_interfaces2__rosidl_generator_cExport-noconfig.cmake
[17.421s] -- Installing: /home/nyu/nav_ws/install/livox_ros_driver2/share/livox_ros_driver2/cmake/export_livox_interfaces2__rosidl_typesupport_fastrtps_cExport.cmake
[17.421s] -- Installing: /home/nyu/nav_ws/install/livox_ros_driver2/share/livox_ros_driver2/cmake/export_livox_interfaces2__rosidl_typesupport_fastrtps_cExport-noconfig.cmake
[17.421s] -- Installing: /home/nyu/nav_ws/install/livox_ros_driver2/share/livox_ros_driver2/cmake/livox_interfaces2__rosidl_typesupport_introspection_cExport.cmake
[17.421s] -- Installing: /home/nyu/nav_ws/install/livox_ros_driver2/share/livox_ros_driver2/cmake/livox_interfaces2__rosidl_typesupport_introspection_cExport-noconfig.cmake
[17.421s] -- Installing: /home/nyu/nav_ws/install/livox_ros_driver2/share/livox_ros_driver2/cmake/livox_interfaces2__rosidl_typesupport_cExport.cmake
[17.421s] -- Installing: /home/nyu/nav_ws/install/livox_ros_driver2/share/livox_ros_driver2/cmake/livox_interfaces2__rosidl_typesupport_cExport-noconfig.cmake
[17.421s] -- Installing: /home/nyu/nav_ws/install/livox_ros_driver2/share/livox_ros_driver2/cmake/export_livox_interfaces2__rosidl_generator_cppExport.cmake
[17.421s] -- Installing: /home/nyu/nav_ws/install/livox_ros_driver2/share/livox_ros_driver2/cmake/export_livox_interfaces2__rosidl_typesupport_fastrtps_cppExport.cmake
[17.421s] -- Installing: /home/nyu/nav_ws/install/livox_ros_driver2/share/livox_ros_driver2/cmake/export_livox_interfaces2__rosidl_typesupport_fastrtps_cppExport-noconfig.cmake
[17.422s] -- Installing: /home/nyu/nav_ws/install/livox_ros_driver2/share/livox_ros_driver2/cmake/livox_interfaces2__rosidl_typesupport_introspection_cppExport.cmake
[17.422s] -- Installing: /home/nyu/nav_ws/install/livox_ros_driver2/share/livox_ros_driver2/cmake/livox_interfaces2__rosidl_typesupport_introspection_cppExport-noconfig.cmake
[17.422s] -- Installing: /home/nyu/nav_ws/install/livox_ros_driver2/share/livox_ros_driver2/cmake/livox_interfaces2__rosidl_typesupport_cppExport.cmake
[17.422s] -- Installing: /home/nyu/nav_ws/install/livox_ros_driver2/share/livox_ros_driver2/cmake/livox_interfaces2__rosidl_typesupport_cppExport-noconfig.cmake
[17.422s] -- Installing: /home/nyu/nav_ws/install/livox_ros_driver2/share/livox_ros_driver2/cmake/export_livox_interfaces2__rosidl_generator_pyExport.cmake
[17.422s] -- Installing: /home/nyu/nav_ws/install/livox_ros_driver2/share/livox_ros_driver2/cmake/export_livox_interfaces2__rosidl_generator_pyExport-noconfig.cmake
[17.422s] -- Installing: /home/nyu/nav_ws/install/livox_ros_driver2/share/ament_index/resource_index/rclcpp_components/livox_ros_driver2
[17.422s] -- Installing: /home/nyu/nav_ws/install/livox_ros_driver2/share/livox_ros_driver2/cmake/rosidl_cmake-extras.cmake
[17.422s] -- Installing: /home/nyu/nav_ws/install/livox_ros_driver2/share/livox_ros_driver2/cmake/ament_cmake_export_dependencies-extras.cmake
[17.422s] -- Installing: /home/nyu/nav_ws/install/livox_ros_driver2/share/livox_ros_driver2/cmake/ament_cmake_export_include_directories-extras.cmake
[17.422s] -- Installing: /home/nyu/nav_ws/install/livox_ros_driver2/share/livox_ros_driver2/cmake/ament_cmake_export_libraries-extras.cmake
[17.422s] -- Installing: /home/nyu/nav_ws/install/livox_ros_driver2/share/livox_ros_driver2/cmake/ament_cmake_export_targets-extras.cmake
[17.422s] -- Installing: /home/nyu/nav_ws/install/livox_ros_driver2/share/livox_ros_driver2/cmake/rosidl_cmake_export_typesupport_targets-extras.cmake
[17.423s] -- Installing: /home/nyu/nav_ws/install/livox_ros_driver2/share/livox_ros_driver2/cmake/rosidl_cmake_export_typesupport_libraries-extras.cmake
[17.423s] -- Installing: /home/nyu/nav_ws/install/livox_ros_driver2/share/livox_ros_driver2/cmake/livox_ros_driver2Config.cmake
[17.423s] -- Installing: /home/nyu/nav_ws/install/livox_ros_driver2/share/livox_ros_driver2/cmake/livox_ros_driver2Config-version.cmake
[17.423s] -- Installing: /home/nyu/nav_ws/install/livox_ros_driver2/share/livox_ros_driver2/package.xml
[17.424s] Invoked command in '/home/nyu/nav_ws/build/livox_ros_driver2' returned '0': CMAKE_PREFIX_PATH=/opt/ros/humble /usr/bin/cmake --install /home/nyu/nav_ws/build/livox_ros_driver2
