[0.028s] Invoking command in '/home/nyu/nav_ws/build/linefit_ground_segmentation': CMAKE_PREFIX_PATH=/opt/ros/humble /usr/bin/cmake --build /home/nyu/nav_ws/build/linefit_ground_segmentation -- -j16 -l16
[0.210s] [100%] Built target linefit_ground_segmentation
[0.226s] Invoked command in '/home/nyu/nav_ws/build/linefit_ground_segmentation' returned '0': CMAKE_PREFIX_PATH=/opt/ros/humble /usr/bin/cmake --build /home/nyu/nav_ws/build/linefit_ground_segmentation -- -j16 -l16
[0.229s] Invoking command in '/home/nyu/nav_ws/build/linefit_ground_segmentation': CMAKE_PREFIX_PATH=/opt/ros/humble /usr/bin/cmake --install /home/nyu/nav_ws/build/linefit_ground_segmentation
[0.242s] -- Install configuration: ""
[0.243s] -- Execute custom install script
[0.243s] -- Up-to-date symlink: /home/nyu/nav_ws/install/linefit_ground_segmentation/include/ground_segmentation/bin.h
[0.243s] -- Up-to-date symlink: /home/nyu/nav_ws/install/linefit_ground_segmentation/include/ground_segmentation/ground_segmentation.h
[0.244s] -- Up-to-date symlink: /home/nyu/nav_ws/install/linefit_ground_segmentation/include/ground_segmentation/segment.h
[0.244s] -- Up-to-date symlink: /home/nyu/nav_ws/install/linefit_ground_segmentation/include/ground_segmentation/typedefs.h
[0.244s] -- Up-to-date symlink: /home/nyu/nav_ws/install/linefit_ground_segmentation/include/ground_segmentation/viewer.h
[0.245s] -- Up-to-date symlink: /home/nyu/nav_ws/install/linefit_ground_segmentation/share/linefit_ground_segmentation/environment/library_path.sh
[0.245s] -- Up-to-date symlink: /home/nyu/nav_ws/install/linefit_ground_segmentation/share/linefit_ground_segmentation/environment/library_path.dsv
[0.245s] -- Up-to-date symlink: /home/nyu/nav_ws/install/linefit_ground_segmentation/lib/liblinefit_ground_segmentation.so
[0.245s] -- Up-to-date symlink: /home/nyu/nav_ws/install/linefit_ground_segmentation/share/ament_index/resource_index/package_run_dependencies/linefit_ground_segmentation
[0.245s] -- Up-to-date symlink: /home/nyu/nav_ws/install/linefit_ground_segmentation/share/ament_index/resource_index/parent_prefix_path/linefit_ground_segmentation
[0.246s] -- Up-to-date symlink: /home/nyu/nav_ws/install/linefit_ground_segmentation/share/linefit_ground_segmentation/environment/ament_prefix_path.sh
[0.246s] -- Up-to-date symlink: /home/nyu/nav_ws/install/linefit_ground_segmentation/share/linefit_ground_segmentation/environment/ament_prefix_path.dsv
[0.246s] -- Up-to-date symlink: /home/nyu/nav_ws/install/linefit_ground_segmentation/share/linefit_ground_segmentation/environment/path.sh
[0.246s] -- Up-to-date symlink: /home/nyu/nav_ws/install/linefit_ground_segmentation/share/linefit_ground_segmentation/environment/path.dsv
[0.246s] -- Up-to-date symlink: /home/nyu/nav_ws/install/linefit_ground_segmentation/share/linefit_ground_segmentation/local_setup.bash
[0.246s] -- Up-to-date symlink: /home/nyu/nav_ws/install/linefit_ground_segmentation/share/linefit_ground_segmentation/local_setup.sh
[0.246s] -- Up-to-date symlink: /home/nyu/nav_ws/install/linefit_ground_segmentation/share/linefit_ground_segmentation/local_setup.zsh
[0.246s] -- Up-to-date symlink: /home/nyu/nav_ws/install/linefit_ground_segmentation/share/linefit_ground_segmentation/local_setup.dsv
[0.246s] -- Symlinking: /home/nyu/nav_ws/install/linefit_ground_segmentation/share/linefit_ground_segmentation/package.dsv
[0.254s] -- Up-to-date symlink: /home/nyu/nav_ws/install/linefit_ground_segmentation/share/ament_index/resource_index/packages/linefit_ground_segmentation
[0.254s] -- Up-to-date symlink: /home/nyu/nav_ws/install/linefit_ground_segmentation/share/linefit_ground_segmentation/cmake/ament_cmake_export_dependencies-extras.cmake
[0.256s] -- Up-to-date symlink: /home/nyu/nav_ws/install/linefit_ground_segmentation/share/linefit_ground_segmentation/cmake/ament_cmake_export_include_directories-extras.cmake
[0.257s] -- Up-to-date symlink: /home/nyu/nav_ws/install/linefit_ground_segmentation/share/linefit_ground_segmentation/cmake/ament_cmake_export_libraries-extras.cmake
[0.257s] -- Up-to-date symlink: /home/nyu/nav_ws/install/linefit_ground_segmentation/share/linefit_ground_segmentation/cmake/linefit_ground_segmentationConfig.cmake
[0.258s] -- Up-to-date symlink: /home/nyu/nav_ws/install/linefit_ground_segmentation/share/linefit_ground_segmentation/cmake/linefit_ground_segmentationConfig-version.cmake
[0.258s] -- Up-to-date symlink: /home/nyu/nav_ws/install/linefit_ground_segmentation/share/linefit_ground_segmentation/package.xml
[0.292s] Invoked command in '/home/nyu/nav_ws/build/linefit_ground_segmentation' returned '0': CMAKE_PREFIX_PATH=/opt/ros/humble /usr/bin/cmake --install /home/nyu/nav_ws/build/linefit_ground_segmentation
