[35m[1mConsolidate compiler generated dependencies of target pcd2pgm[0m
[35m[1mConsolidate compiler generated dependencies of target pcd2pgm_node[0m
[ 50%] Built target pcd2pgm_node
[100%] Built target pcd2pgm
-- Install configuration: ""
-- Installing: /home/nyu/nav_ws/src/install/pcd2pgm/lib/pcd2pgm/pcd2pgm_node
-- Set runtime path of "/home/nyu/nav_ws/src/install/pcd2pgm/lib/pcd2pgm/pcd2pgm_node" to ""
-- Installing: /home/nyu/nav_ws/src/install/pcd2pgm/include/pcd2pgm
-- Installing: /home/nyu/nav_ws/src/install/pcd2pgm/include/pcd2pgm/pcd2pgm
-- Installing: /home/nyu/nav_ws/src/install/pcd2pgm/include/pcd2pgm/pcd2pgm/pcd2pgm.hpp
-- Installing: /home/nyu/nav_ws/src/install/pcd2pgm/share/pcd2pgm/environment/library_path.sh
-- Installing: /home/nyu/nav_ws/src/install/pcd2pgm/share/pcd2pgm/environment/library_path.dsv
-- Installing: /home/nyu/nav_ws/src/install/pcd2pgm/lib/libpcd2pgm.so
-- Set runtime path of "/home/nyu/nav_ws/src/install/pcd2pgm/lib/libpcd2pgm.so" to ""
-- Installing: /home/nyu/nav_ws/src/install/pcd2pgm/share/pcd2pgm/config
-- Installing: /home/nyu/nav_ws/src/install/pcd2pgm/share/pcd2pgm/config/pcd2pgm.yaml
-- Installing: /home/nyu/nav_ws/src/install/pcd2pgm/share/pcd2pgm/launch
-- Installing: /home/nyu/nav_ws/src/install/pcd2pgm/share/pcd2pgm/launch/pcd2pgm_launch.py
-- Installing: /home/nyu/nav_ws/src/install/pcd2pgm/share/pcd2pgm/rviz
-- Installing: /home/nyu/nav_ws/src/install/pcd2pgm/share/pcd2pgm/rviz/pcd2pgm.rviz
-- Installing: /home/nyu/nav_ws/src/install/pcd2pgm/share/ament_index/resource_index/package_run_dependencies/pcd2pgm
-- Installing: /home/nyu/nav_ws/src/install/pcd2pgm/share/ament_index/resource_index/parent_prefix_path/pcd2pgm
-- Installing: /home/nyu/nav_ws/src/install/pcd2pgm/share/pcd2pgm/environment/ament_prefix_path.sh
-- Installing: /home/nyu/nav_ws/src/install/pcd2pgm/share/pcd2pgm/environment/ament_prefix_path.dsv
-- Installing: /home/nyu/nav_ws/src/install/pcd2pgm/share/pcd2pgm/environment/path.sh
-- Installing: /home/nyu/nav_ws/src/install/pcd2pgm/share/pcd2pgm/environment/path.dsv
-- Installing: /home/nyu/nav_ws/src/install/pcd2pgm/share/pcd2pgm/local_setup.bash
-- Installing: /home/nyu/nav_ws/src/install/pcd2pgm/share/pcd2pgm/local_setup.sh
-- Installing: /home/nyu/nav_ws/src/install/pcd2pgm/share/pcd2pgm/local_setup.zsh
-- Installing: /home/nyu/nav_ws/src/install/pcd2pgm/share/pcd2pgm/local_setup.dsv
-- Installing: /home/nyu/nav_ws/src/install/pcd2pgm/share/pcd2pgm/package.dsv
-- Installing: /home/nyu/nav_ws/src/install/pcd2pgm/share/ament_index/resource_index/packages/pcd2pgm
-- Installing: /home/nyu/nav_ws/src/install/pcd2pgm/share/ament_index/resource_index/rclcpp_components/pcd2pgm
-- Installing: /home/nyu/nav_ws/src/install/pcd2pgm/share/pcd2pgm/cmake/ament_cmake_export_dependencies-extras.cmake
-- Installing: /home/nyu/nav_ws/src/install/pcd2pgm/share/pcd2pgm/cmake/ament_cmake_export_include_directories-extras.cmake
-- Installing: /home/nyu/nav_ws/src/install/pcd2pgm/share/pcd2pgm/cmake/ament_cmake_export_libraries-extras.cmake
-- Installing: /home/nyu/nav_ws/src/install/pcd2pgm/share/pcd2pgm/cmake/pcd2pgmConfig.cmake
-- Installing: /home/nyu/nav_ws/src/install/pcd2pgm/share/pcd2pgm/cmake/pcd2pgmConfig-version.cmake
-- Installing: /home/nyu/nav_ws/src/install/pcd2pgm/share/pcd2pgm/package.xml
