[0.016s] Invoking command in '/home/nyu/nav_ws/src/build/unitree_lidar_ros2': CMAKE_PREFIX_PATH=/opt/ros/humble /usr/bin/cmake /home/nyu/nav_ws/src/unilidar_sdk2/unitree_lidar_ros2/src/unitree_lidar_ros2 -DCMAKE_INSTALL_PREFIX=/home/nyu/nav_ws/src/install/unitree_lidar_ros2
[0.093s] -- The C compiler identification is GNU 11.4.0
[0.181s] -- The CXX compiler identification is GNU 11.4.0
[0.189s] -- Detecting C compiler ABI info
[0.262s] -- Detecting C compiler ABI info - done
[0.270s] -- Check for working C compiler: /usr/bin/cc - skipped
[0.270s] -- Detecting C compile features
[0.271s] -- Detecting C compile features - done
[0.273s] -- Detecting CXX compiler ABI info
[0.365s] -- Detecting CXX compiler ABI info - done
[0.372s] -- Check for working CXX compiler: /usr/bin/c++ - skipped
[0.372s] -- Detecting CXX compile features
[0.373s] -- Detecting CXX compile features - done
[0.374s] -- Found ament_cmake: 1.3.12 (/opt/ros/humble/share/ament_cmake/cmake)
[0.556s] -- Found Python3: /usr/bin/python3 (found version "3.10.12") found components: Interpreter 
[0.699s] -- Found rclcpp: 16.0.16 (/opt/ros/humble/share/rclcpp/cmake)
[0.756s] -- Found rosidl_generator_c: 3.1.7 (/opt/ros/humble/share/rosidl_generator_c/cmake)
[0.763s] -- Found rosidl_adapter: 3.1.7 (/opt/ros/humble/share/rosidl_adapter/cmake)
[0.775s] -- Found rosidl_generator_cpp: 3.1.7 (/opt/ros/humble/share/rosidl_generator_cpp/cmake)
[0.796s] -- Using all available rosidl_typesupport_c: rosidl_typesupport_fastrtps_c;rosidl_typesupport_introspection_c
[0.820s] -- Using all available rosidl_typesupport_cpp: rosidl_typesupport_fastrtps_cpp;rosidl_typesupport_introspection_cpp
[0.880s] -- Found rmw_implementation_cmake: 6.1.2 (/opt/ros/humble/share/rmw_implementation_cmake/cmake)
[0.884s] -- Found rmw_fastrtps_cpp: 6.2.9 (/opt/ros/humble/share/rmw_fastrtps_cpp/cmake)
[1.018s] -- Found OpenSSL: /usr/lib/x86_64-linux-gnu/libcrypto.so (found version "3.0.2")  
[1.053s] -- Found FastRTPS: /opt/ros/humble/include  
[1.108s] -- Using RMW implementation 'rmw_fastrtps_cpp' as default
[1.119s] -- Looking for pthread.h
[1.221s] -- Looking for pthread.h - found
[1.221s] -- Performing Test CMAKE_HAVE_LIBC_PTHREAD
[1.321s] -- Performing Test CMAKE_HAVE_LIBC_PTHREAD - Success
[1.323s] -- Found Threads: TRUE  
[1.418s] -- Found geometry_msgs: 4.9.0 (/opt/ros/humble/share/geometry_msgs/cmake)
[1.440s] -- Found pcl_conversions: 2.4.5 (/opt/ros/humble/share/pcl_conversions/cmake)
[1.535s] -- Checking for module 'eigen3'
[1.559s] --   Found eigen3, version 3.4.0
[1.632s] -- Found Eigen: /usr/include/eigen3 (Required is at least version "3.1") 
[1.632s] -- Eigen found (include: /usr/include/eigen3, version: 3.4.0)
[1.692s] -- Checking for module 'flann'
[1.712s] --   Found flann, version 1.9.1
[1.766s] -- Found FLANN: /usr/lib/x86_64-linux-gnu/libflann_cpp.so  
[1.766s] -- FLANN found (include: /usr/include, lib: /usr/lib/x86_64-linux-gnu/libflann_cpp.so)
[2.769s] -- Checking for module 'libusb-1.0'
[2.780s] --   Found libusb-1.0, version 1.0.25
[2.814s] -- Found libusb: /usr/lib/x86_64-linux-gnu/libusb-1.0.so  
[2.816s] -- OpenNI found (version: 1.5.4.0, include: /usr/include/ni, lib: /usr/lib/libOpenNI.so;libusb::libusb)
[2.874s] -- OpenNI2 found (version: 2.2.0.33, include: /usr/include/openni2, lib: /usr/lib/x86_64-linux-gnu/libOpenNI2.so;libusb::libusb)
[3.047s] -- Eigen found (include: /usr/include/eigen3, version: 3.4.0)
[3.057s] -- OpenNI found (version: 1.5.4.0, include: /usr/include/ni, lib: /usr/lib/libOpenNI.so;libusb::libusb)
[3.064s] -- OpenNI2 found (version: 2.2.0.33, include: /usr/include/openni2, lib: /usr/lib/x86_64-linux-gnu/libOpenNI2.so;libusb::libusb)
[3.216s] -- Found Qhull version 8.0.2
[3.356s] -- OpenNI found (version: 1.5.4.0, include: /usr/include/ni, lib: /usr/lib/libOpenNI.so;libusb::libusb)
[3.511s] -- Found PCL_COMMON: /usr/lib/x86_64-linux-gnu/libpcl_common.so  
[3.512s] -- Found PCL_KDTREE: /usr/lib/x86_64-linux-gnu/libpcl_kdtree.so  
[3.513s] -- Found PCL_OCTREE: /usr/lib/x86_64-linux-gnu/libpcl_octree.so  
[3.514s] -- Found PCL_SEARCH: /usr/lib/x86_64-linux-gnu/libpcl_search.so  
[3.515s] -- Found PCL_SAMPLE_CONSENSUS: /usr/lib/x86_64-linux-gnu/libpcl_sample_consensus.so  
[3.516s] -- Found PCL_FILTERS: /usr/lib/x86_64-linux-gnu/libpcl_filters.so  
[3.517s] -- Found PCL_2D: /usr/include/pcl-1.12  
[3.517s] -- Found PCL_GEOMETRY: /usr/include/pcl-1.12  
[3.518s] -- Found PCL_IO: /usr/lib/x86_64-linux-gnu/libpcl_io.so  
[3.519s] -- Found PCL_FEATURES: /usr/lib/x86_64-linux-gnu/libpcl_features.so  
[3.520s] -- Found PCL_ML: /usr/lib/x86_64-linux-gnu/libpcl_ml.so  
[3.521s] -- Found PCL_SEGMENTATION: /usr/lib/x86_64-linux-gnu/libpcl_segmentation.so  
[3.522s] -- Found PCL_VISUALIZATION: /usr/lib/x86_64-linux-gnu/libpcl_visualization.so  
[3.523s] -- Found PCL_SURFACE: /usr/lib/x86_64-linux-gnu/libpcl_surface.so  
[3.524s] -- Found PCL_REGISTRATION: /usr/lib/x86_64-linux-gnu/libpcl_registration.so  
[3.525s] -- Found PCL_KEYPOINTS: /usr/lib/x86_64-linux-gnu/libpcl_keypoints.so  
[3.526s] -- Found PCL_TRACKING: /usr/lib/x86_64-linux-gnu/libpcl_tracking.so  
[3.527s] -- Found PCL_RECOGNITION: /usr/lib/x86_64-linux-gnu/libpcl_recognition.so  
[3.528s] -- Found PCL_STEREO: /usr/lib/x86_64-linux-gnu/libpcl_stereo.so  
[3.529s] -- Found PCL_APPS: /usr/lib/x86_64-linux-gnu/libpcl_apps.so  
[3.531s] -- Found PCL_IN_HAND_SCANNER: /usr/include/pcl-1.12  
[3.531s] -- Found PCL_MODELER: /usr/include/pcl-1.12  
[3.531s] -- Found PCL_POINT_CLOUD_EDITOR: /usr/include/pcl-1.12  
[3.534s] -- Found PCL_OUTOFCORE: /usr/lib/x86_64-linux-gnu/libpcl_outofcore.so  
[3.536s] -- Found PCL_PEOPLE: /usr/lib/x86_64-linux-gnu/libpcl_people.so  
[3.538s] [33mCMake Warning (dev) at CMakeLists.txt:23 (find_package):
[3.538s]   Policy CMP0074 is not set: find_package uses <PackageName>_ROOT variables.
[3.538s]   Run "cmake --help-policy CMP0074" for policy details.  Use the cmake_policy
[3.538s]   command to set the policy and suppress this warning.
[3.538s] 
[3.538s]   CMake variable PCL_ROOT is set to:
[3.538s] 
[3.538s]     /usr
[3.538s] 
[3.538s]   For compatibility, CMake is ignoring the variable.
[3.538s] This warning is for project developers.  Use -Wno-dev to suppress it.
[3.538s] [0m
[3.548s] -- Found tf2_ros: 0.25.17 (/opt/ros/humble/share/tf2_ros/cmake)
[3.733s] -- Configuring done
[3.769s] -- Generating done
[3.776s] -- Build files have been written to: /home/nyu/nav_ws/src/build/unitree_lidar_ros2
[3.804s] Invoked command in '/home/nyu/nav_ws/src/build/unitree_lidar_ros2' returned '0': CMAKE_PREFIX_PATH=/opt/ros/humble /usr/bin/cmake /home/nyu/nav_ws/src/unilidar_sdk2/unitree_lidar_ros2/src/unitree_lidar_ros2 -DCMAKE_INSTALL_PREFIX=/home/nyu/nav_ws/src/install/unitree_lidar_ros2
[3.806s] Invoking command in '/home/nyu/nav_ws/src/build/unitree_lidar_ros2': CMAKE_PREFIX_PATH=/opt/ros/humble /usr/bin/cmake --build /home/nyu/nav_ws/src/build/unitree_lidar_ros2 -- -j16 -l16
[3.868s] [ 50%] [32mBuilding CXX object CMakeFiles/unitree_lidar_ros2_node.dir/src/unitree_lidar_ros2_node.cpp.o[0m
[22.094s] [100%] [32m[1mLinking CXX executable unitree_lidar_ros2_node[0m
[22.675s] [100%] Built target unitree_lidar_ros2_node
