[0.551s] Invoking command in '/home/nyu/nav_ws/src/map2gazebo': PYTHONPATH=/home/nyu/nav_ws/build/map2gazebo/prefix_override:/usr/lib/python3/dist-packages/colcon_core/task/python/colcon_distutils_commands:/home/nyu/nav_ws/install/map2gazebo/lib/python3.10/site-packages:${PYTHONPATH} /usr/bin/python3 -W ignore:setup.py install is deprecated -W ignore:easy_install command is deprecated setup.py egg_info --egg-base ../../build/map2gazebo build --build-base /home/nyu/nav_ws/build/map2gazebo/build install --record /home/nyu/nav_ws/build/map2gazebo/install.log --install-scripts $base/lib/map2gazebo --single-version-externally-managed install_data
[0.711s] /usr/lib/python3/dist-packages/setuptools/dist.py:723: UserWarning: Usage of dash-separated 'script-dir' will not be supported in future versions. Please use the underscore name 'script_dir' instead
[0.711s]   warnings.warn(
[0.717s] running egg_info
[0.717s] writing ../../build/map2gazebo/map2gazebo.egg-info/PKG-INFO
[0.717s] writing dependency_links to ../../build/map2gazebo/map2gazebo.egg-info/dependency_links.txt
[0.718s] writing entry points to ../../build/map2gazebo/map2gazebo.egg-info/entry_points.txt
[0.718s] writing requirements to ../../build/map2gazebo/map2gazebo.egg-info/requires.txt
[0.718s] writing top-level names to ../../build/map2gazebo/map2gazebo.egg-info/top_level.txt
[0.718s] reading manifest file '../../build/map2gazebo/map2gazebo.egg-info/SOURCES.txt'
[0.719s] writing manifest file '../../build/map2gazebo/map2gazebo.egg-info/SOURCES.txt'
[0.719s] running build
[0.719s] running build_py
[0.719s] running install
[0.719s] running install_lib
[0.720s] running install_data
[0.720s] running install_egg_info
[0.721s] removing '/home/nyu/nav_ws/install/map2gazebo/lib/python3.10/site-packages/map2gazebo-0.0.0-py3.10.egg-info' (and everything under it)
[0.721s] Copying ../../build/map2gazebo/map2gazebo.egg-info to /home/nyu/nav_ws/install/map2gazebo/lib/python3.10/site-packages/map2gazebo-0.0.0-py3.10.egg-info
[0.722s] running install_scripts
[0.735s] Installing map2gazebo script to /home/nyu/nav_ws/install/map2gazebo/lib/map2gazebo
[0.735s] writing list of installed files to '/home/nyu/nav_ws/build/map2gazebo/install.log'
[0.752s] Invoked command in '/home/nyu/nav_ws/src/map2gazebo' returned '0': PYTHONPATH=/home/nyu/nav_ws/build/map2gazebo/prefix_override:/usr/lib/python3/dist-packages/colcon_core/task/python/colcon_distutils_commands:/home/nyu/nav_ws/install/map2gazebo/lib/python3.10/site-packages:${PYTHONPATH} /usr/bin/python3 -W ignore:setup.py install is deprecated -W ignore:easy_install command is deprecated setup.py egg_info --egg-base ../../build/map2gazebo build --build-base /home/nyu/nav_ws/build/map2gazebo/build install --record /home/nyu/nav_ws/build/map2gazebo/install.log --install-scripts $base/lib/map2gazebo --single-version-externally-managed install_data
