[0.730s] Invoking command in '/home/nyu/nav_ws/src/map2gazebo': PYTHONPATH=/home/nyu/nav_ws/build/map2gazebo/prefix_override:/usr/lib/python3/dist-packages/colcon_core/task/python/colcon_distutils_commands:/home/nyu/nav_ws/install/map2gazebo/lib/python3.10/site-packages:${PYTHONPATH} /usr/bin/python3 -W ignore:setup.py install is deprecated -W ignore:easy_install command is deprecated setup.py egg_info --egg-base ../../build/map2gazebo build --build-base /home/nyu/nav_ws/build/map2gazebo/build install --record /home/nyu/nav_ws/build/map2gazebo/install.log --install-scripts $base/lib/map2gazebo --single-version-externally-managed install_data
[0.929s] /usr/lib/python3/dist-packages/setuptools/dist.py:723: UserWarning: Usage of dash-separated 'script-dir' will not be supported in future versions. Please use the underscore name 'script_dir' instead
[0.930s]   warnings.warn(
[0.940s] running egg_info
[0.941s] creating ../../build/map2gazebo/map2gazebo.egg-info
[0.941s] writing ../../build/map2gazebo/map2gazebo.egg-info/PKG-INFO
[0.941s] writing dependency_links to ../../build/map2gazebo/map2gazebo.egg-info/dependency_links.txt
[0.941s] writing entry points to ../../build/map2gazebo/map2gazebo.egg-info/entry_points.txt
[0.941s] writing requirements to ../../build/map2gazebo/map2gazebo.egg-info/requires.txt
[0.941s] writing top-level names to ../../build/map2gazebo/map2gazebo.egg-info/top_level.txt
[0.942s] writing manifest file '../../build/map2gazebo/map2gazebo.egg-info/SOURCES.txt'
[0.944s] reading manifest file '../../build/map2gazebo/map2gazebo.egg-info/SOURCES.txt'
[0.945s] writing manifest file '../../build/map2gazebo/map2gazebo.egg-info/SOURCES.txt'
[0.946s] running build
[0.946s] running build_py
[0.946s] creating /home/nyu/nav_ws/build/map2gazebo/build
[0.946s] creating /home/nyu/nav_ws/build/map2gazebo/build/lib
[0.946s] creating /home/nyu/nav_ws/build/map2gazebo/build/lib/map2gazebo
[0.946s] copying map2gazebo/map2gazebo.py -> /home/nyu/nav_ws/build/map2gazebo/build/lib/map2gazebo
[0.947s] copying map2gazebo/__init__.py -> /home/nyu/nav_ws/build/map2gazebo/build/lib/map2gazebo
[0.947s] copying map2gazebo/map2gazebo_offline.py -> /home/nyu/nav_ws/build/map2gazebo/build/lib/map2gazebo
[0.947s] running install
[0.947s] running install_lib
[0.948s] creating /home/nyu/nav_ws/install/map2gazebo/lib/python3.10/site-packages/map2gazebo
[0.948s] copying /home/nyu/nav_ws/build/map2gazebo/build/lib/map2gazebo/map2gazebo.py -> /home/nyu/nav_ws/install/map2gazebo/lib/python3.10/site-packages/map2gazebo
[0.948s] copying /home/nyu/nav_ws/build/map2gazebo/build/lib/map2gazebo/__init__.py -> /home/nyu/nav_ws/install/map2gazebo/lib/python3.10/site-packages/map2gazebo
[0.948s] copying /home/nyu/nav_ws/build/map2gazebo/build/lib/map2gazebo/map2gazebo_offline.py -> /home/nyu/nav_ws/install/map2gazebo/lib/python3.10/site-packages/map2gazebo
[0.949s] byte-compiling /home/nyu/nav_ws/install/map2gazebo/lib/python3.10/site-packages/map2gazebo/map2gazebo.py to map2gazebo.cpython-310.pyc
[0.950s] byte-compiling /home/nyu/nav_ws/install/map2gazebo/lib/python3.10/site-packages/map2gazebo/__init__.py to __init__.cpython-310.pyc
[0.950s] byte-compiling /home/nyu/nav_ws/install/map2gazebo/lib/python3.10/site-packages/map2gazebo/map2gazebo_offline.py to map2gazebo_offline.cpython-310.pyc
[0.951s] running install_data
[0.952s] creating /home/nyu/nav_ws/install/map2gazebo/share/ament_index
[0.952s] creating /home/nyu/nav_ws/install/map2gazebo/share/ament_index/resource_index
[0.952s] creating /home/nyu/nav_ws/install/map2gazebo/share/ament_index/resource_index/packages
[0.952s] copying resource/map2gazebo -> /home/nyu/nav_ws/install/map2gazebo/share/ament_index/resource_index/packages
[0.952s] copying package.xml -> /home/nyu/nav_ws/install/map2gazebo/share/map2gazebo
[0.952s] copying launch/map2gazebo.launch.py -> /home/nyu/nav_ws/install/map2gazebo/share/map2gazebo
[0.952s] copying config/default.yaml -> /home/nyu/nav_ws/install/map2gazebo/share/map2gazebo
[0.952s] running install_egg_info
[0.955s] Copying ../../build/map2gazebo/map2gazebo.egg-info to /home/nyu/nav_ws/install/map2gazebo/lib/python3.10/site-packages/map2gazebo-0.0.0-py3.10.egg-info
[0.956s] running install_scripts
[0.978s] Installing map2gazebo script to /home/nyu/nav_ws/install/map2gazebo/lib/map2gazebo
[0.978s] writing list of installed files to '/home/nyu/nav_ws/build/map2gazebo/install.log'
[1.034s] Invoked command in '/home/nyu/nav_ws/src/map2gazebo' returned '0': PYTHONPATH=/home/nyu/nav_ws/build/map2gazebo/prefix_override:/usr/lib/python3/dist-packages/colcon_core/task/python/colcon_distutils_commands:/home/nyu/nav_ws/install/map2gazebo/lib/python3.10/site-packages:${PYTHONPATH} /usr/bin/python3 -W ignore:setup.py install is deprecated -W ignore:easy_install command is deprecated setup.py egg_info --egg-base ../../build/map2gazebo build --build-base /home/nyu/nav_ws/build/map2gazebo/build install --record /home/nyu/nav_ws/build/map2gazebo/install.log --install-scripts $base/lib/map2gazebo --single-version-externally-managed install_data
