[0.015s] Invoking command in '/home/nyu/nav_ws/build/ros2_livox_simulation': AMENT_PREFIX_PATH=/home/nyu/nav_ws/install/livox_ros_driver2:${AMENT_PREFIX_PATH} CMAKE_PREFIX_PATH=/home/nyu/nav_ws/install/livox_ros_driver2:/opt/ros/humble LD_LIBRARY_PATH=/home/nyu/nav_ws/install/livox_ros_driver2/lib:/usr/lib/x86_64-linux-gnu/gazebo-11/plugins:/opt/ros/humble/opt/rviz_ogre_vendor/lib:/opt/ros/humble/lib/x86_64-linux-gnu:/opt/ros/humble/opt/openvdb_vendor/lib:/opt/ros/humble/lib:/opt/MVS/lib/64:/opt/MVS/lib/32:/opt/MVS/lib/64:/opt/MVS/lib/32 PYTHONPATH=/home/nyu/nav_ws/install/livox_ros_driver2/local/lib/python3.10/dist-packages:${PYTHONPATH} /usr/bin/cmake /home/nyu/nav_ws/src/pb_rm_simulation/src/rm_simulation/livox_laser_simulation_RO2 -DCMAKE_INSTALL_PREFIX=/home/nyu/nav_ws/install/ros2_livox_simulation
[0.025s] -- Found ament_cmake_auto: 1.3.12 (/opt/ros/humble/share/ament_cmake_auto/cmake)
[0.122s] -- Override CMake install command with custom implementation using symlinks instead of copying resources
[0.127s] -- Found rclcpp: 16.0.16 (/opt/ros/humble/share/rclcpp/cmake)
[0.146s] -- Found rosidl_generator_c: 3.1.7 (/opt/ros/humble/share/rosidl_generator_c/cmake)
[0.148s] -- Found rosidl_adapter: 3.1.7 (/opt/ros/humble/share/rosidl_adapter/cmake)
[0.152s] -- Found rosidl_generator_cpp: 3.1.7 (/opt/ros/humble/share/rosidl_generator_cpp/cmake)
[0.158s] -- Using all available rosidl_typesupport_c: rosidl_typesupport_fastrtps_c;rosidl_typesupport_introspection_c
[0.166s] -- Using all available rosidl_typesupport_cpp: rosidl_typesupport_fastrtps_cpp;rosidl_typesupport_introspection_cpp
[0.187s] -- Found rmw_implementation_cmake: 6.1.2 (/opt/ros/humble/share/rmw_implementation_cmake/cmake)
[0.188s] -- Found rmw_fastrtps_cpp: 6.2.9 (/opt/ros/humble/share/rmw_fastrtps_cpp/cmake)
[0.269s] -- Using RMW implementation 'rmw_fastrtps_cpp' as default
[0.302s] -- Found gazebo_dev: 3.9.0 (/opt/ros/humble/share/gazebo_dev/cmake)
[0.328s] -- Found DART: /usr/include (Required is at least version "6.6") found components: dart 
[0.343s] -- Found Boost: /usr/lib/x86_64-linux-gnu/cmake/Boost-1.74.0/BoostConfig.cmake (found suitable version "1.74.0", minimum required is "1.40.0") found components: thread system filesystem program_options regex iostreams date_time 
[0.350s] -- Found Protobuf: /usr/lib/x86_64-linux-gnu/libprotobuf.so (found version "3.12.4") 
[0.352s] -- Looking for ignition-math6 -- found version 6.15.1
[0.355s] -- Searching for dependencies of ignition-math6
[0.356s] -- Looking for OGRE...
[0.361s] -- Found Ogre Ghadamon (1.9.0)
[0.361s] -- Found OGRE: optimized;/usr/lib/x86_64-linux-gnu/libOgreMain.so;debug;/usr/lib/x86_64-linux-gnu/libOgreMain.so
[0.371s] -- Looking for OGRE_Paging...
[0.371s] -- Found OGRE_Paging: optimized;/usr/lib/x86_64-linux-gnu/libOgrePaging.so;debug;/usr/lib/x86_64-linux-gnu/libOgrePaging.so
[0.371s] -- Looking for OGRE_Terrain...
[0.371s] -- Found OGRE_Terrain: optimized;/usr/lib/x86_64-linux-gnu/libOgreTerrain.so;debug;/usr/lib/x86_64-linux-gnu/libOgreTerrain.so
[0.371s] -- Looking for OGRE_Property...
[0.371s] -- Found OGRE_Property: optimized;/usr/lib/x86_64-linux-gnu/libOgreProperty.so;debug;/usr/lib/x86_64-linux-gnu/libOgreProperty.so
[0.371s] -- Looking for OGRE_RTShaderSystem...
[0.371s] -- Found OGRE_RTShaderSystem: optimized;/usr/lib/x86_64-linux-gnu/libOgreRTShaderSystem.so;debug;/usr/lib/x86_64-linux-gnu/libOgreRTShaderSystem.so
[0.371s] -- Looking for OGRE_Volume...
[0.371s] -- Found OGRE_Volume: optimized;/usr/lib/x86_64-linux-gnu/libOgreVolume.so;debug;/usr/lib/x86_64-linux-gnu/libOgreVolume.so
[0.371s] -- Looking for OGRE_Overlay...
[0.371s] -- Found OGRE_Overlay: optimized;/usr/lib/x86_64-linux-gnu/libOgreOverlay.so;debug;/usr/lib/x86_64-linux-gnu/libOgreOverlay.so
[0.435s] -- Looking for ignition-math6 -- found version 6.15.1
[0.435s] -- Looking for ignition-transport8 -- found version 8.2.1
[0.436s] -- Searching for dependencies of ignition-transport8
[0.447s] -- Found Protobuf: /usr/lib/x86_64-linux-gnu/libprotobuf.so (found suitable version "3.12.4", minimum required is "3") 
[0.458s] -- Config-file not installed for ZeroMQ -- checking for pkg-config
[0.463s] -- Checking for module 'libzmq >= 4'
[0.473s] --   Found libzmq , version 4.3.4
[0.504s] -- Checking for module 'uuid'
[0.514s] --   Found uuid, version 2.37.2
[0.544s] -- Looking for ignition-msgs5 -- found version 5.8.1
[0.545s] -- Searching for dependencies of ignition-msgs5
[0.559s] -- Looking for ignition-math6 -- found version 6.15.1
[0.564s] -- Checking for module 'tinyxml2'
[0.575s] --   Found tinyxml2, version 9.0.0
[0.600s] -- Looking for ignition-msgs5 -- found version 5.8.1
[0.600s] -- Looking for ignition-common3 -- found version 3.14.0
[0.600s] -- Searching for dependencies of ignition-common3
[0.600s] -- Looking for dlfcn.h - found
[0.600s] -- Looking for libdl - found
[0.610s] -- Searching for <ignition-common3> component [graphics]
[0.610s] -- Looking for ignition-common3-graphics -- found version 3.14.0
[0.610s] -- Searching for dependencies of ignition-common3-graphics
[0.611s] -- Looking for ignition-math6 -- found version 6.15.1
[0.611s] -- Looking for ignition-fuel_tools4 -- found version 4.4.0
[0.612s] -- Searching for dependencies of ignition-fuel_tools4
[0.645s] -- Checking for module 'jsoncpp'
[0.655s] --   Found jsoncpp, version 1.9.5
[0.685s] -- Checking for module 'libzip'
[0.696s] --   Found libzip, version 1.7.3
[0.720s] -- Looking for ignition-common3 -- found version 3.14.0
[0.720s] -- Looking for ignition-math6 -- found version 6.15.1
[0.720s] -- Looking for ignition-msgs5 -- found version 5.8.1
[0.721s] -- Gazebo version: 11.10
[0.722s] -- Found gazebo_ros: 3.9.0 (/opt/ros/humble/share/gazebo_ros/cmake)
[0.724s] -- Found sensor_msgs: 4.9.0 (/opt/ros/humble/share/sensor_msgs/cmake)
[0.742s] -- Found tf2_ros: 0.25.17 (/opt/ros/humble/share/tf2_ros/cmake)
[0.794s] -- Found livox_ros_driver2: 1.0.0 (/home/nyu/nav_ws/install/livox_ros_driver2/share/livox_ros_driver2/cmake)
[0.821s] -- Eigen found (include: /usr/include/eigen3, version: 3.4.0)
[0.841s] -- FLANN found (include: /usr/include, lib: /usr/lib/x86_64-linux-gnu/libflann_cpp.so)
[1.077s] -- OpenNI found (version: 1.5.4.0, include: /usr/include/ni, lib: /usr/lib/libOpenNI.so;libusb::libusb)
[1.083s] -- OpenNI2 found (version: 2.2.0.33, include: /usr/include/openni2, lib: /usr/lib/x86_64-linux-gnu/libOpenNI2.so;libusb::libusb)
[1.211s] -- Eigen found (include: /usr/include/eigen3, version: 3.4.0)
[1.216s] -- OpenNI found (version: 1.5.4.0, include: /usr/include/ni, lib: /usr/lib/libOpenNI.so;libusb::libusb)
[1.222s] -- OpenNI2 found (version: 2.2.0.33, include: /usr/include/openni2, lib: /usr/lib/x86_64-linux-gnu/libOpenNI2.so;libusb::libusb)
[1.334s] -- Found Qhull version 8.0.2
[1.439s] -- OpenNI found (version: 1.5.4.0, include: /usr/include/ni, lib: /usr/lib/libOpenNI.so;libusb::libusb)
[1.555s] -- Found Boost: /usr/lib/x86_64-linux-gnu/cmake/Boost-1.74.0/BoostConfig.cmake (found version "1.74.0") found components: chrono 
[1.601s] [0mIn this package, headers install destination is set to `include` by ament_auto_package. It is recommended to install `include/ros2_livox_simulation` instead and will be the default behavior of ament_auto_package from ROS 2 Kilted Kaiju. On distributions before Kilted, ament_auto_package behaves the same way when you use USE_SCOPED_HEADER_INSTALL_DIR option.[0m
[1.604s] -- Configuring done
[1.618s] -- Generating done
[1.622s] -- Build files have been written to: /home/nyu/nav_ws/build/ros2_livox_simulation
[1.636s] Invoked command in '/home/nyu/nav_ws/build/ros2_livox_simulation' returned '0': AMENT_PREFIX_PATH=/home/nyu/nav_ws/install/livox_ros_driver2:${AMENT_PREFIX_PATH} CMAKE_PREFIX_PATH=/home/nyu/nav_ws/install/livox_ros_driver2:/opt/ros/humble LD_LIBRARY_PATH=/home/nyu/nav_ws/install/livox_ros_driver2/lib:/usr/lib/x86_64-linux-gnu/gazebo-11/plugins:/opt/ros/humble/opt/rviz_ogre_vendor/lib:/opt/ros/humble/lib/x86_64-linux-gnu:/opt/ros/humble/opt/openvdb_vendor/lib:/opt/ros/humble/lib:/opt/MVS/lib/64:/opt/MVS/lib/32:/opt/MVS/lib/64:/opt/MVS/lib/32 PYTHONPATH=/home/nyu/nav_ws/install/livox_ros_driver2/local/lib/python3.10/dist-packages:${PYTHONPATH} /usr/bin/cmake /home/nyu/nav_ws/src/pb_rm_simulation/src/rm_simulation/livox_laser_simulation_RO2 -DCMAKE_INSTALL_PREFIX=/home/nyu/nav_ws/install/ros2_livox_simulation
[1.637s] Invoking command in '/home/nyu/nav_ws/build/ros2_livox_simulation': AMENT_PREFIX_PATH=/home/nyu/nav_ws/install/livox_ros_driver2:${AMENT_PREFIX_PATH} CMAKE_PREFIX_PATH=/home/nyu/nav_ws/install/livox_ros_driver2:/opt/ros/humble LD_LIBRARY_PATH=/home/nyu/nav_ws/install/livox_ros_driver2/lib:/usr/lib/x86_64-linux-gnu/gazebo-11/plugins:/opt/ros/humble/opt/rviz_ogre_vendor/lib:/opt/ros/humble/lib/x86_64-linux-gnu:/opt/ros/humble/opt/openvdb_vendor/lib:/opt/ros/humble/lib:/opt/MVS/lib/64:/opt/MVS/lib/32:/opt/MVS/lib/64:/opt/MVS/lib/32 PYTHONPATH=/home/nyu/nav_ws/install/livox_ros_driver2/local/lib/python3.10/dist-packages:${PYTHONPATH} /usr/bin/cmake --build /home/nyu/nav_ws/build/ros2_livox_simulation -- -j16 -l16
[1.672s] [35m[1mConsolidate compiler generated dependencies of target ros2_livox[0m
[1.696s] [100%] Built target ros2_livox
[1.704s] Invoked command in '/home/nyu/nav_ws/build/ros2_livox_simulation' returned '0': AMENT_PREFIX_PATH=/home/nyu/nav_ws/install/livox_ros_driver2:${AMENT_PREFIX_PATH} CMAKE_PREFIX_PATH=/home/nyu/nav_ws/install/livox_ros_driver2:/opt/ros/humble LD_LIBRARY_PATH=/home/nyu/nav_ws/install/livox_ros_driver2/lib:/usr/lib/x86_64-linux-gnu/gazebo-11/plugins:/opt/ros/humble/opt/rviz_ogre_vendor/lib:/opt/ros/humble/lib/x86_64-linux-gnu:/opt/ros/humble/opt/openvdb_vendor/lib:/opt/ros/humble/lib:/opt/MVS/lib/64:/opt/MVS/lib/32:/opt/MVS/lib/64:/opt/MVS/lib/32 PYTHONPATH=/home/nyu/nav_ws/install/livox_ros_driver2/local/lib/python3.10/dist-packages:${PYTHONPATH} /usr/bin/cmake --build /home/nyu/nav_ws/build/ros2_livox_simulation -- -j16 -l16
[1.705s] Invoking command in '/home/nyu/nav_ws/build/ros2_livox_simulation': AMENT_PREFIX_PATH=/home/nyu/nav_ws/install/livox_ros_driver2:${AMENT_PREFIX_PATH} CMAKE_PREFIX_PATH=/home/nyu/nav_ws/install/livox_ros_driver2:/opt/ros/humble LD_LIBRARY_PATH=/home/nyu/nav_ws/install/livox_ros_driver2/lib:/usr/lib/x86_64-linux-gnu/gazebo-11/plugins:/opt/ros/humble/opt/rviz_ogre_vendor/lib:/opt/ros/humble/lib/x86_64-linux-gnu:/opt/ros/humble/opt/openvdb_vendor/lib:/opt/ros/humble/lib:/opt/MVS/lib/64:/opt/MVS/lib/32:/opt/MVS/lib/64:/opt/MVS/lib/32 PYTHONPATH=/home/nyu/nav_ws/install/livox_ros_driver2/local/lib/python3.10/dist-packages:${PYTHONPATH} /usr/bin/cmake --install /home/nyu/nav_ws/build/ros2_livox_simulation
[1.710s] -- Install configuration: ""
[1.710s] -- Execute custom install script
[1.710s] -- Up-to-date symlink: /home/nyu/nav_ws/install/ros2_livox_simulation/include/ros2_livox/csv_reader.hpp
[1.710s] -- Up-to-date symlink: /home/nyu/nav_ws/install/ros2_livox_simulation/include/ros2_livox/livox_ode_multiray_shape.h
[1.710s] -- Up-to-date symlink: /home/nyu/nav_ws/install/ros2_livox_simulation/include/ros2_livox/livox_points_plugin.h
[1.710s] -- Up-to-date symlink: /home/nyu/nav_ws/install/ros2_livox_simulation/share/ros2_livox_simulation/environment/library_path.sh
[1.710s] -- Up-to-date symlink: /home/nyu/nav_ws/install/ros2_livox_simulation/share/ros2_livox_simulation/environment/library_path.dsv
[1.711s] -- Up-to-date symlink: /home/nyu/nav_ws/install/ros2_livox_simulation/lib/libros2_livox.so
[1.711s] -- Up-to-date symlink: /home/nyu/nav_ws/install/ros2_livox_simulation/share/ros2_livox_simulation/scan_mode/mid360.csv
[1.711s] -- Up-to-date symlink: /home/nyu/nav_ws/install/ros2_livox_simulation/share/ros2_livox_simulation/urdf/mid360.xacro
[1.711s] -- Up-to-date symlink: /home/nyu/nav_ws/install/ros2_livox_simulation/share/ament_index/resource_index/package_run_dependencies/ros2_livox_simulation
[1.711s] -- Up-to-date symlink: /home/nyu/nav_ws/install/ros2_livox_simulation/share/ament_index/resource_index/parent_prefix_path/ros2_livox_simulation
[1.711s] -- Up-to-date symlink: /home/nyu/nav_ws/install/ros2_livox_simulation/share/ros2_livox_simulation/environment/ament_prefix_path.sh
[1.711s] -- Up-to-date symlink: /home/nyu/nav_ws/install/ros2_livox_simulation/share/ros2_livox_simulation/environment/ament_prefix_path.dsv
[1.711s] -- Up-to-date symlink: /home/nyu/nav_ws/install/ros2_livox_simulation/share/ros2_livox_simulation/environment/path.sh
[1.711s] -- Up-to-date symlink: /home/nyu/nav_ws/install/ros2_livox_simulation/share/ros2_livox_simulation/environment/path.dsv
[1.711s] -- Up-to-date symlink: /home/nyu/nav_ws/install/ros2_livox_simulation/share/ros2_livox_simulation/local_setup.bash
[1.712s] -- Up-to-date symlink: /home/nyu/nav_ws/install/ros2_livox_simulation/share/ros2_livox_simulation/local_setup.sh
[1.712s] -- Up-to-date symlink: /home/nyu/nav_ws/install/ros2_livox_simulation/share/ros2_livox_simulation/local_setup.zsh
[1.712s] -- Up-to-date symlink: /home/nyu/nav_ws/install/ros2_livox_simulation/share/ros2_livox_simulation/local_setup.dsv
[1.712s] -- Symlinking: /home/nyu/nav_ws/install/ros2_livox_simulation/share/ros2_livox_simulation/package.dsv
[1.717s] -- Up-to-date symlink: /home/nyu/nav_ws/install/ros2_livox_simulation/share/ament_index/resource_index/packages/ros2_livox_simulation
[1.718s] -- Up-to-date symlink: /home/nyu/nav_ws/install/ros2_livox_simulation/share/ros2_livox_simulation/cmake/ament_cmake_export_dependencies-extras.cmake
[1.718s] -- Up-to-date symlink: /home/nyu/nav_ws/install/ros2_livox_simulation/share/ros2_livox_simulation/cmake/ament_cmake_export_include_directories-extras.cmake
[1.718s] -- Up-to-date symlink: /home/nyu/nav_ws/install/ros2_livox_simulation/share/ros2_livox_simulation/cmake/ament_cmake_export_libraries-extras.cmake
[1.718s] -- Up-to-date symlink: /home/nyu/nav_ws/install/ros2_livox_simulation/share/ros2_livox_simulation/cmake/ros2_livox_simulationConfig.cmake
[1.718s] -- Up-to-date symlink: /home/nyu/nav_ws/install/ros2_livox_simulation/share/ros2_livox_simulation/cmake/ros2_livox_simulationConfig-version.cmake
[1.718s] -- Up-to-date symlink: /home/nyu/nav_ws/install/ros2_livox_simulation/share/ros2_livox_simulation/package.xml
[1.720s] Invoked command in '/home/nyu/nav_ws/build/ros2_livox_simulation' returned '0': AMENT_PREFIX_PATH=/home/nyu/nav_ws/install/livox_ros_driver2:${AMENT_PREFIX_PATH} CMAKE_PREFIX_PATH=/home/nyu/nav_ws/install/livox_ros_driver2:/opt/ros/humble LD_LIBRARY_PATH=/home/nyu/nav_ws/install/livox_ros_driver2/lib:/usr/lib/x86_64-linux-gnu/gazebo-11/plugins:/opt/ros/humble/opt/rviz_ogre_vendor/lib:/opt/ros/humble/lib/x86_64-linux-gnu:/opt/ros/humble/opt/openvdb_vendor/lib:/opt/ros/humble/lib:/opt/MVS/lib/64:/opt/MVS/lib/32:/opt/MVS/lib/64:/opt/MVS/lib/32 PYTHONPATH=/home/nyu/nav_ws/install/livox_ros_driver2/local/lib/python3.10/dist-packages:${PYTHONPATH} /usr/bin/cmake --install /home/nyu/nav_ws/build/ros2_livox_simulation
