[0.021s] Invoking command in '/home/nyu/nav_ws/src/build/unitree_lidar_sdk': /usr/bin/cmake /home/nyu/nav_ws/src/unilidar_sdk2/unitree_lidar_sdk -DCMAKE_INSTALL_PREFIX=/home/nyu/nav_ws/src/install/unitree_lidar_sdk
[0.098s] -- The C compiler identification is GNU 11.4.0
[0.168s] -- The CXX compiler identification is GNU 11.4.0
[0.182s] -- Detecting C compiler ABI info
[0.257s] -- Detecting C compiler ABI info - done
[0.268s] -- Check for working C compiler: /usr/bin/cc - skipped
[0.268s] -- Detecting C compile features
[0.269s] -- Detecting C compile features - done
[0.272s] -- Detecting CXX compiler ABI info
[0.357s] -- Detecting CXX compiler ABI info - done
[0.368s] -- Check for working CXX compiler: /usr/bin/c++ - skipped
[0.368s] -- Detecting CXX compile features
[0.369s] -- Detecting CXX compile features - done
[0.370s] -- Configuring done
[0.374s] -- Generating done
[0.377s] -- Build files have been written to: /home/nyu/nav_ws/src/build/unitree_lidar_sdk
[0.380s] Invoked command in '/home/nyu/nav_ws/src/build/unitree_lidar_sdk' returned '0': /usr/bin/cmake /home/nyu/nav_ws/src/unilidar_sdk2/unitree_lidar_sdk -DCMAKE_INSTALL_PREFIX=/home/nyu/nav_ws/src/install/unitree_lidar_sdk
[0.382s] Invoking command in '/home/nyu/nav_ws/src/build/unitree_lidar_sdk': /usr/bin/cmake --build /home/nyu/nav_ws/src/build/unitree_lidar_sdk -- -j16 -l16
[0.437s] [ 20%] [32mBuilding CXX object CMakeFiles/example_lidar_serial.dir/examples/example_lidar_serial.cpp.o[0m
[0.437s] [ 20%] [32mBuilding CXX object CMakeFiles/example_lidar_udp.dir/examples/example_lidar_udp.cpp.o[0m
[0.437s] [ 30%] [32mBuilding CXX object CMakeFiles/set_ip_address.dir/examples/set_ip_address.cpp.o[0m
[0.440s] [ 40%] [32mBuilding CXX object CMakeFiles/set_to_udp_mode.dir/examples/set_to_udp_mode.cpp.o[0m
[0.441s] [ 50%] [32mBuilding CXX object CMakeFiles/set_to_serial_mode.dir/examples/set_to_serial_mode.cpp.o[0m
[1.272s] [ 60%] [32m[1mLinking CXX executable /home/nyu/nav_ws/src/unilidar_sdk2/unitree_lidar_sdk/bin/set_ip_address[0m
[1.274s] [ 70%] [32m[1mLinking CXX executable /home/nyu/nav_ws/src/unilidar_sdk2/unitree_lidar_sdk/bin/set_to_udp_mode[0m
[1.453s] [ 70%] Built target set_ip_address
[1.457s] [ 70%] Built target set_to_udp_mode
[1.472s] [ 80%] [32m[1mLinking CXX executable /home/nyu/nav_ws/src/unilidar_sdk2/unitree_lidar_sdk/bin/example_lidar_serial[0m
[1.490s] [ 90%] [32m[1mLinking CXX executable /home/nyu/nav_ws/src/unilidar_sdk2/unitree_lidar_sdk/bin/set_to_serial_mode[0m
[1.498s] [100%] [32m[1mLinking CXX executable /home/nyu/nav_ws/src/unilidar_sdk2/unitree_lidar_sdk/bin/example_lidar_udp[0m
[1.668s] [100%] Built target example_lidar_serial
[1.732s] [100%] Built target set_to_serial_mode
[1.743s] [100%] Built target example_lidar_udp
[1.757s] Invoked command in '/home/nyu/nav_ws/src/build/unitree_lidar_sdk' returned '0': /usr/bin/cmake --build /home/nyu/nav_ws/src/build/unitree_lidar_sdk -- -j16 -l16
