[0.216s] Invoking command in '/home/nyu/nav_ws/build/unitree_lidar_sdk': /usr/bin/cmake /home/nyu/nav_ws/src/unilidar_sdk2/unitree_lidar_sdk -DCMAKE_INSTALL_PREFIX=/home/nyu/nav_ws/install/unitree_lidar_sdk
[0.782s] -- The C compiler identification is GNU 11.4.0
[0.783s] -- The CXX compiler identification is GNU 11.4.0
[0.783s] -- Detecting C compiler ABI info
[0.783s] -- Detecting C compiler ABI info - done
[0.783s] -- Check for working C compiler: /usr/bin/cc - skipped
[0.783s] -- Detecting C compile features
[0.783s] -- Detecting C compile features - done
[0.783s] -- Detecting CXX compiler ABI info
[0.785s] -- Detecting CXX compiler ABI info - done
[0.785s] -- Check for working CXX compiler: /usr/bin/c++ - skipped
[0.785s] -- Detecting CXX compile features
[0.785s] -- Detecting CXX compile features - done
[0.785s] -- Configuring done
[0.786s] -- Generating done
[0.786s] -- Build files have been written to: /home/nyu/nav_ws/build/unitree_lidar_sdk
[0.787s] Invoked command in '/home/nyu/nav_ws/build/unitree_lidar_sdk' returned '0': /usr/bin/cmake /home/nyu/nav_ws/src/unilidar_sdk2/unitree_lidar_sdk -DCMAKE_INSTALL_PREFIX=/home/nyu/nav_ws/install/unitree_lidar_sdk
[0.788s] Invoking command in '/home/nyu/nav_ws/build/unitree_lidar_sdk': /usr/bin/cmake --build /home/nyu/nav_ws/build/unitree_lidar_sdk -- -j16 -l16
[0.855s] [ 10%] [32mBuilding CXX object CMakeFiles/example_lidar_serial.dir/examples/example_lidar_serial.cpp.o[0m
[0.855s] [ 20%] [32mBuilding CXX object CMakeFiles/set_to_udp_mode.dir/examples/set_to_udp_mode.cpp.o[0m
[0.855s] [ 30%] [32mBuilding CXX object CMakeFiles/set_to_serial_mode.dir/examples/set_to_serial_mode.cpp.o[0m
[0.855s] [ 40%] [32mBuilding CXX object CMakeFiles/set_ip_address.dir/examples/set_ip_address.cpp.o[0m
[0.855s] [ 50%] [32mBuilding CXX object CMakeFiles/example_lidar_udp.dir/examples/example_lidar_udp.cpp.o[0m
[1.382s] [ 60%] [32m[1mLinking CXX executable /home/nyu/nav_ws/src/unilidar_sdk2/unitree_lidar_sdk/bin/set_ip_address[0m
[1.503s] [ 60%] Built target set_ip_address
[1.633s] [ 70%] [32m[1mLinking CXX executable /home/nyu/nav_ws/src/unilidar_sdk2/unitree_lidar_sdk/bin/set_to_serial_mode[0m
[1.647s] [ 80%] [32m[1mLinking CXX executable /home/nyu/nav_ws/src/unilidar_sdk2/unitree_lidar_sdk/bin/set_to_udp_mode[0m
[1.647s] [ 90%] [32m[1mLinking CXX executable /home/nyu/nav_ws/src/unilidar_sdk2/unitree_lidar_sdk/bin/example_lidar_serial[0m
[1.699s] [100%] [32m[1mLinking CXX executable /home/nyu/nav_ws/src/unilidar_sdk2/unitree_lidar_sdk/bin/example_lidar_udp[0m
[1.803s] [100%] Built target set_to_serial_mode
[1.803s] [100%] Built target example_lidar_serial
[1.822s] [100%] Built target set_to_udp_mode
[1.861s] [100%] Built target example_lidar_udp
[1.872s] Invoked command in '/home/nyu/nav_ws/build/unitree_lidar_sdk' returned '0': /usr/bin/cmake --build /home/nyu/nav_ws/build/unitree_lidar_sdk -- -j16 -l16
