[0.205s] Invoking command in '/home/nyu/nav_ws/build/rm_navigation': CMAKE_PREFIX_PATH=/opt/ros/humble /usr/bin/cmake /home/nyu/nav_ws/src/pb_rm_simulation/src/rm_navigation/rm_navigation -DCMAKE_INSTALL_PREFIX=/home/nyu/nav_ws/install/rm_navigation
[0.262s] -- The C compiler identification is GNU 11.4.0
[0.321s] -- The CXX compiler identification is GNU 11.4.0
[0.329s] -- Detecting C compiler ABI info
[0.392s] -- Detecting C compiler ABI info - done
[0.401s] -- Check for working C compiler: /usr/bin/cc - skipped
[0.402s] -- Detecting C compile features
[0.402s] -- Detecting C compile features - done
[0.404s] -- Detecting CXX compiler ABI info
[0.476s] -- Detecting CXX compiler ABI info - done
[0.482s] -- Check for working CXX compiler: /usr/bin/c++ - skipped
[0.482s] -- Detecting CXX compile features
[0.483s] -- Detecting CXX compile features - done
[0.486s] -- Found ament_cmake_auto: 1.3.12 (/opt/ros/humble/share/ament_cmake_auto/cmake)
[0.635s] -- Found Python3: /usr/bin/python3 (found version "3.10.12") found components: Interpreter 
[0.746s] -- Found ament_lint_auto: 0.12.14 (/opt/ros/humble/share/ament_lint_auto/cmake)
[0.842s] -- Added test 'flake8' to check Python code syntax and style conventions
[0.842s] -- Added test 'lint_cmake' to check CMake code style
[0.843s] -- Added test 'pep257' to check Python code against some of the docstring style conventions in PEP 257
[0.844s] -- Added test 'xmllint' to check XML markup files
[0.849s] -- Configuring done
[0.849s] -- Generating done
[0.851s] -- Build files have been written to: /home/nyu/nav_ws/build/rm_navigation
[0.875s] Invoked command in '/home/nyu/nav_ws/build/rm_navigation' returned '0': CMAKE_PREFIX_PATH=/opt/ros/humble /usr/bin/cmake /home/nyu/nav_ws/src/pb_rm_simulation/src/rm_navigation/rm_navigation -DCMAKE_INSTALL_PREFIX=/home/nyu/nav_ws/install/rm_navigation
[0.876s] Invoking command in '/home/nyu/nav_ws/build/rm_navigation': CMAKE_PREFIX_PATH=/opt/ros/humble /usr/bin/cmake --build /home/nyu/nav_ws/build/rm_navigation -- -j16 -l16
[1.019s] Invoked command in '/home/nyu/nav_ws/build/rm_navigation' returned '0': CMAKE_PREFIX_PATH=/opt/ros/humble /usr/bin/cmake --build /home/nyu/nav_ws/build/rm_navigation -- -j16 -l16
[1.021s] Invoking command in '/home/nyu/nav_ws/build/rm_navigation': CMAKE_PREFIX_PATH=/opt/ros/humble /usr/bin/cmake --install /home/nyu/nav_ws/build/rm_navigation
[1.035s] -- Install configuration: ""
[1.043s] -- Installing: /home/nyu/nav_ws/install/rm_navigation/share/rm_navigation/params
[1.044s] -- Installing: /home/nyu/nav_ws/install/rm_navigation/share/rm_navigation/params/mapper_params_online_async.yaml
[1.044s] -- Installing: /home/nyu/nav_ws/install/rm_navigation/share/rm_navigation/params/nav2_params.yaml
[1.045s] -- Installing: /home/nyu/nav_ws/install/rm_navigation/share/rm_navigation/rviz
[1.045s] -- Installing: /home/nyu/nav_ws/install/rm_navigation/share/rm_navigation/rviz/nav2.rviz
[1.045s] -- Installing: /home/nyu/nav_ws/install/rm_navigation/share/rm_navigation/launch
[1.045s] -- Installing: /home/nyu/nav_ws/install/rm_navigation/share/rm_navigation/launch/localization_amcl_launch.py
[1.045s] -- Installing: /home/nyu/nav_ws/install/rm_navigation/share/rm_navigation/launch/rviz_launch.py
[1.045s] -- Installing: /home/nyu/nav_ws/install/rm_navigation/share/rm_navigation/launch/map_server_launch.py
[1.045s] -- Installing: /home/nyu/nav_ws/install/rm_navigation/share/rm_navigation/launch/bringup_rm_navigation.py
[1.045s] -- Installing: /home/nyu/nav_ws/install/rm_navigation/share/rm_navigation/launch/navigation_launch.py
[1.046s] -- Installing: /home/nyu/nav_ws/install/rm_navigation/share/ament_index/resource_index/package_run_dependencies/rm_navigation
[1.046s] -- Installing: /home/nyu/nav_ws/install/rm_navigation/share/ament_index/resource_index/parent_prefix_path/rm_navigation
[1.046s] -- Installing: /home/nyu/nav_ws/install/rm_navigation/share/rm_navigation/environment/ament_prefix_path.sh
[1.046s] -- Installing: /home/nyu/nav_ws/install/rm_navigation/share/rm_navigation/environment/ament_prefix_path.dsv
[1.046s] -- Installing: /home/nyu/nav_ws/install/rm_navigation/share/rm_navigation/environment/path.sh
[1.046s] -- Installing: /home/nyu/nav_ws/install/rm_navigation/share/rm_navigation/environment/path.dsv
[1.046s] -- Installing: /home/nyu/nav_ws/install/rm_navigation/share/rm_navigation/local_setup.bash
[1.046s] -- Installing: /home/nyu/nav_ws/install/rm_navigation/share/rm_navigation/local_setup.sh
[1.046s] -- Installing: /home/nyu/nav_ws/install/rm_navigation/share/rm_navigation/local_setup.zsh
[1.047s] -- Installing: /home/nyu/nav_ws/install/rm_navigation/share/rm_navigation/local_setup.dsv
[1.047s] -- Installing: /home/nyu/nav_ws/install/rm_navigation/share/rm_navigation/package.dsv
[1.047s] -- Installing: /home/nyu/nav_ws/install/rm_navigation/share/ament_index/resource_index/packages/rm_navigation
[1.047s] -- Installing: /home/nyu/nav_ws/install/rm_navigation/share/rm_navigation/cmake/rm_navigationConfig.cmake
[1.047s] -- Installing: /home/nyu/nav_ws/install/rm_navigation/share/rm_navigation/cmake/rm_navigationConfig-version.cmake
[1.047s] -- Installing: /home/nyu/nav_ws/install/rm_navigation/share/rm_navigation/package.xml
[1.050s] Invoked command in '/home/nyu/nav_ws/build/rm_navigation' returned '0': CMAKE_PREFIX_PATH=/opt/ros/humble /usr/bin/cmake --install /home/nyu/nav_ws/build/rm_navigation
