[0.027s] Invoking command in '/home/nyu/nav_ws/build/fake_vel_transform': CMAKE_PREFIX_PATH=/opt/ros/humble /usr/bin/cmake --build /home/nyu/nav_ws/build/fake_vel_transform -- -j16 -l16
[0.214s] [ 50%] Built target fake_vel_transform_node
[0.214s] [100%] Built target fake_vel_transform
[0.229s] Invoked command in '/home/nyu/nav_ws/build/fake_vel_transform' returned '0': CMAKE_PREFIX_PATH=/opt/ros/humble /usr/bin/cmake --build /home/nyu/nav_ws/build/fake_vel_transform -- -j16 -l16
[0.231s] Invoking command in '/home/nyu/nav_ws/build/fake_vel_transform': CMAKE_PREFIX_PATH=/opt/ros/humble /usr/bin/cmake --install /home/nyu/nav_ws/build/fake_vel_transform
[0.240s] -- Install configuration: ""
[0.240s] -- Execute custom install script
[0.243s] -- Up-to-date symlink: /home/nyu/nav_ws/install/fake_vel_transform/lib/fake_vel_transform/fake_vel_transform_node
[0.243s] -- Up-to-date symlink: /home/nyu/nav_ws/install/fake_vel_transform/include/fake_vel_transform/fake_vel_transform.hpp
[0.244s] -- Up-to-date symlink: /home/nyu/nav_ws/install/fake_vel_transform/share/fake_vel_transform/environment/library_path.sh
[0.245s] -- Up-to-date symlink: /home/nyu/nav_ws/install/fake_vel_transform/share/fake_vel_transform/environment/library_path.dsv
[0.245s] -- Up-to-date symlink: /home/nyu/nav_ws/install/fake_vel_transform/lib/libfake_vel_transform.so
[0.247s] -- Up-to-date symlink: /home/nyu/nav_ws/install/fake_vel_transform/share/fake_vel_transform/launch/fake_vel_transform.launch.py
[0.247s] -- Up-to-date symlink: /home/nyu/nav_ws/install/fake_vel_transform/share/ament_index/resource_index/package_run_dependencies/fake_vel_transform
[0.247s] -- Up-to-date symlink: /home/nyu/nav_ws/install/fake_vel_transform/share/ament_index/resource_index/parent_prefix_path/fake_vel_transform
[0.247s] -- Up-to-date symlink: /home/nyu/nav_ws/install/fake_vel_transform/share/fake_vel_transform/environment/ament_prefix_path.sh
[0.247s] -- Up-to-date symlink: /home/nyu/nav_ws/install/fake_vel_transform/share/fake_vel_transform/environment/ament_prefix_path.dsv
[0.248s] -- Up-to-date symlink: /home/nyu/nav_ws/install/fake_vel_transform/share/fake_vel_transform/environment/path.sh
[0.248s] -- Up-to-date symlink: /home/nyu/nav_ws/install/fake_vel_transform/share/fake_vel_transform/environment/path.dsv
[0.249s] -- Up-to-date symlink: /home/nyu/nav_ws/install/fake_vel_transform/share/fake_vel_transform/local_setup.bash
[0.249s] -- Up-to-date symlink: /home/nyu/nav_ws/install/fake_vel_transform/share/fake_vel_transform/local_setup.sh
[0.249s] -- Up-to-date symlink: /home/nyu/nav_ws/install/fake_vel_transform/share/fake_vel_transform/local_setup.zsh
[0.249s] -- Up-to-date symlink: /home/nyu/nav_ws/install/fake_vel_transform/share/fake_vel_transform/local_setup.dsv
[0.249s] -- Symlinking: /home/nyu/nav_ws/install/fake_vel_transform/share/fake_vel_transform/package.dsv
[0.259s] -- Up-to-date symlink: /home/nyu/nav_ws/install/fake_vel_transform/share/ament_index/resource_index/packages/fake_vel_transform
[0.259s] -- Up-to-date symlink: /home/nyu/nav_ws/install/fake_vel_transform/share/ament_index/resource_index/rclcpp_components/fake_vel_transform
[0.259s] -- Up-to-date symlink: /home/nyu/nav_ws/install/fake_vel_transform/share/fake_vel_transform/cmake/ament_cmake_export_dependencies-extras.cmake
[0.259s] -- Up-to-date symlink: /home/nyu/nav_ws/install/fake_vel_transform/share/fake_vel_transform/cmake/ament_cmake_export_include_directories-extras.cmake
[0.259s] -- Up-to-date symlink: /home/nyu/nav_ws/install/fake_vel_transform/share/fake_vel_transform/cmake/ament_cmake_export_libraries-extras.cmake
[0.260s] -- Up-to-date symlink: /home/nyu/nav_ws/install/fake_vel_transform/share/fake_vel_transform/cmake/fake_vel_transformConfig.cmake
[0.261s] -- Up-to-date symlink: /home/nyu/nav_ws/install/fake_vel_transform/share/fake_vel_transform/cmake/fake_vel_transformConfig-version.cmake
[0.262s] -- Up-to-date symlink: /home/nyu/nav_ws/install/fake_vel_transform/share/fake_vel_transform/package.xml
[0.269s] Invoked command in '/home/nyu/nav_ws/build/fake_vel_transform' returned '0': CMAKE_PREFIX_PATH=/opt/ros/humble /usr/bin/cmake --install /home/nyu/nav_ws/build/fake_vel_transform
